#
# There is insufficient memory for the Java Runtime Environment to continue.
# Native memory allocation (mmap) failed to map 243269632 bytes for G1 virtual space
# Possible reasons:
#   The system is out of physical RAM or swap space
#   The process is running with CompressedOops enabled, and the Java Heap may be blocking the growth of the native heap
# Possible solutions:
#   Reduce memory load on the system
#   Increase physical memory or swap space
#   Check if swap backing store is full
#   Decrease Java heap size (-Xmx/-Xms)
#   Decrease number of Java threads
#   Decrease Java thread stack sizes (-Xss)
#   Set larger code cache with -XX:ReservedCodeCacheSize=
#   JVM is running with Unscaled Compressed Oops mode in which the Java heap is
#     placed in the first 4GB address space. The Java Heap base address is the
#     maximum limit for the native heap growth. Please use -XX:HeapBaseMinAddress
#     to set the Java Heap base and to place the Java Heap above 4GB virtual address.
# This output file may be truncated or incomplete.
#
#  Out of Memory Error (./open/src/hotspot/os/windows/os_windows.cpp:3472), pid=12212, tid=14132
#
# JRE version: Java(TM) SE Runtime Environment (15.0.1+9) (build 15.0.1+9-18)
# Java VM: Java HotSpot(TM) 64-Bit Server VM (15.0.1+9-18, mixed mode, sharing, tiered, compressed oops, g1 gc, windows-amd64)
# No core dump will be written. Minidumps are not enabled by default on client versions of Windows
#

---------------  S U M M A R Y ------------

Command Line: --add-opens=java.base/java.util=ALL-UNNAMED --add-opens=java.base/java.lang=ALL-UNNAMED --add-opens=java.base/java.lang.invoke=ALL-UNNAMED --add-opens=java.base/java.util=ALL-UNNAMED --add-opens=java.prefs/java.util.prefs=ALL-UNNAMED --add-opens=java.prefs/java.util.prefs=ALL-UNNAMED --add-opens=java.base/java.nio.charset=ALL-UNNAMED --add-opens=java.base/java.net=ALL-UNNAMED --add-opens=java.base/java.util.concurrent.atomic=ALL-UNNAMED -Xmx2048m -Dfile.encoding=UTF-8 -Duser.country=US -Duser.language=en -Duser.variant org.gradle.launcher.daemon.bootstrap.GradleDaemon 7.2

Host: Intel(R) Core(TM) i7-6600U CPU @ 2.60GHz, 4 cores, 3G,  Windows 10 , 64 bit Build 19041 (10.0.19041.1645)
Time: Thu May  5 11:59:33 2022 Pakistan Standard Time elapsed time: 74.828135 seconds (0d 0h 1m 14s)

---------------  T H R E A D  ---------------

Current thread (0x0000029dff810c60):  VMThread "VM Thread" [stack: 0x000000c81f500000,0x000000c81f600000] [id=14132]

Stack: [0x000000c81f500000,0x000000c81f600000]
[error occurred during error reporting (printing stack bounds), id 0xc0000005, EXCEPTION_ACCESS_VIOLATION (0xc0000005) at pc=0x0000029d800010ad]

Native frames: (J=compiled Java code, j=interpreted, Vv=VM code, C=native code)
V  [jvm.dll+0x62ae9a]
V  [jvm.dll+0x781389]
V  [jvm.dll+0x782ae3]
V  [jvm.dll+0x7830a5]
V  [jvm.dll+0x78305b]
V  [jvm.dll+0x62a2b9]
V  [jvm.dll+0x62aa88]
C  [ntdll.dll+0xa20cf]
C  [ntdll.dll+0x51454]
C  [ntdll.dll+0xa0bfe]
C  0x0000029d800010ad

VM_Operation (0x000000c822ef8ee0): G1CollectForAllocation, mode: safepoint, requested by thread 0x0000029d96fd1410


---------------  P R O C E S S  ---------------

Threads class SMR info:
_java_thread_list=0x0000029da25db8b0, length=89, elements={
0x0000029df6553ac0, 0x0000029dff814800, 0x0000029dff8152e0, 0x0000029dff82e7e0,
0x0000029dff82f0a0, 0x0000029dff82f960, 0x0000029dff830550, 0x0000029dff833ca0,
0x0000029dff858b30, 0x0000029dffa77250, 0x0000029dffab3d50, 0x0000029d967026c0,
0x0000029d978d0200, 0x0000029d96b896a0, 0x0000029d97c91b00, 0x0000029d9792afb0,
0x0000029d97bd5490, 0x0000029d97bd7b10, 0x0000029d97bd6300, 0x0000029d97bd84b0,
0x0000029d97bd8980, 0x0000029d97bd7170, 0x0000029d97bd7640, 0x0000029d982d7c50,
0x0000029d982d6440, 0x0000029d982d5aa0, 0x0000029d982d5100, 0x0000029d982db610,
0x0000029d982d55d0, 0x0000029d982d5f70, 0x0000029d982d9460, 0x0000029d982d6910,
0x0000029d982d72b0, 0x0000029d982d8ac0, 0x0000029d982dbae0, 0x0000029d982d4c30,
0x0000029d982d4290, 0x0000029d96fd4430, 0x0000029d96fd6ab0, 0x0000029d96fd35c0,
0x0000029d96fd4dd0, 0x0000029d96fd2750, 0x0000029d96fd65e0, 0x0000029d96fd1db0,
0x0000029d96fd0a70, 0x0000029d96fd00d0, 0x0000029d96fd2c20, 0x0000029d96fd3f60,
0x0000029d96fd4900, 0x0000029d96fd2280, 0x0000029d96fd3a90, 0x0000029d96fd1410,
0x0000029d96fd52a0, 0x0000029d96fd18e0, 0x0000029d96fd30f0, 0x0000029d96fd5770,
0x0000029d96fd5c40, 0x0000029d96fd6110, 0x0000029d96fd6f80, 0x0000029d96fd7450,
0x0000029d96fd7920, 0x0000029d96fd05a0, 0x0000029d96fd0f40, 0x0000029d975ba550,
0x0000029d975b8d40, 0x0000029d975b7a00, 0x0000029d975bd0a0, 0x0000029d975bb3c0,
0x0000029d975b96e0, 0x0000029d975be8b0, 0x0000029d975bb890, 0x0000029d975bbd60,
0x0000029d975b7ed0, 0x0000029d975b9210, 0x0000029d975b9bb0, 0x0000029d975bda40,
0x0000029d975baef0, 0x0000029d975bcbd0, 0x0000029d97b22d60, 0x0000029d97b223c0,
0x0000029d97b240a0, 0x0000029d97b21080, 0x0000029d97b21ef0, 0x0000029d97b23230,
0x0000029d97b23700, 0x0000029d9624d500, 0x0000029d962509f0, 0x0000029d96250ec0,
0x0000029d9624e840
}

Java Threads: ( => current thread )
  0x0000029df6553ac0 JavaThread "main" [_thread_blocked, id=1500, stack(0x000000c81ef00000,0x000000c81f000000)]
  0x0000029dff814800 JavaThread "Reference Handler" daemon [_thread_blocked, id=11980, stack(0x000000c81f600000,0x000000c81f700000)]
  0x0000029dff8152e0 JavaThread "Finalizer" daemon [_thread_blocked, id=2208, stack(0x000000c81f700000,0x000000c81f800000)]
  0x0000029dff82e7e0 JavaThread "Signal Dispatcher" daemon [_thread_blocked, id=10044, stack(0x000000c81f800000,0x000000c81f900000)]
  0x0000029dff82f0a0 JavaThread "Attach Listener" daemon [_thread_blocked, id=11812, stack(0x000000c81f900000,0x000000c81fa00000)]
  0x0000029dff82f960 JavaThread "Service Thread" daemon [_thread_blocked, id=7980, stack(0x000000c81fa00000,0x000000c81fb00000)]
  0x0000029dff830550 JavaThread "C2 CompilerThread0" daemon [_thread_blocked, id=8204, stack(0x000000c81fb00000,0x000000c81fc00000)]
  0x0000029dff833ca0 JavaThread "C1 CompilerThread0" daemon [_thread_blocked, id=2556, stack(0x000000c81fc00000,0x000000c81fd00000)]
  0x0000029dff858b30 JavaThread "Sweeper thread" daemon [_thread_blocked, id=13036, stack(0x000000c81fd00000,0x000000c81fe00000)]
  0x0000029dffa77250 JavaThread "Common-Cleaner" daemon [_thread_blocked, id=9392, stack(0x000000c81fe00000,0x000000c81ff00000)]
  0x0000029dffab3d50 JavaThread "Notification Thread" daemon [_thread_blocked, id=240, stack(0x000000c81ff00000,0x000000c820000000)]
  0x0000029d967026c0 JavaThread "Daemon health stats" [_thread_blocked, id=1748, stack(0x000000c820300000,0x000000c820400000)]
  0x0000029d978d0200 JavaThread "Incoming local TCP Connector on port 57317" [_thread_in_native, id=13356, stack(0x000000c820100000,0x000000c820200000)]
  0x0000029d96b896a0 JavaThread "Daemon periodic checks" [_thread_blocked, id=2392, stack(0x000000c820400000,0x000000c820500000)]
  0x0000029d97c91b00 JavaThread "Daemon" [_thread_blocked, id=10476, stack(0x000000c820500000,0x000000c820600000)]
  0x0000029d9792afb0 JavaThread "Handler for socket connection from /127.0.0.1:57317 to /127.0.0.1:57318" [_thread_in_native, id=9108, stack(0x000000c820600000,0x000000c820700000)]
  0x0000029d97bd5490 JavaThread "Cancel handler" [_thread_blocked, id=6812, stack(0x000000c820700000,0x000000c820800000)]
  0x0000029d97bd7b10 JavaThread "Daemon worker" [_thread_blocked, id=4908, stack(0x000000c820800000,0x000000c820900000)]
  0x0000029d97bd6300 JavaThread "Asynchronous log dispatcher for DefaultDaemonConnection: socket connection from /127.0.0.1:57317 to /127.0.0.1:57318" [_thread_blocked, id=13696, stack(0x000000c820900000,0x000000c820a00000)]
  0x0000029d97bd84b0 JavaThread "Daemon client event forwarder" [_thread_blocked, id=15068, stack(0x000000c820b00000,0x000000c820c00000)]
  0x0000029d97bd8980 JavaThread "Cache worker for journal cache (C:\Users\aqibn\.gradle\caches\journal-1)" [_thread_blocked, id=7220, stack(0x000000c820e00000,0x000000c820f00000)]
  0x0000029d97bd7170 JavaThread "File lock request listener" [_thread_in_native, id=8140, stack(0x000000c820f00000,0x000000c821000000)]
  0x0000029d97bd7640 JavaThread "Cache worker for file hash cache (C:\Users\aqibn\.gradle\caches\7.2\fileHashes)" [_thread_blocked, id=3648, stack(0x000000c821000000,0x000000c821100000)]
  0x0000029d982d7c50 JavaThread "Cache worker for file hash cache (C:\Users\aqibn\AndroidStudioProjects\AwaCam\.gradle\7.2\fileHashes)" [_thread_blocked, id=10452, stack(0x000000c821200000,0x000000c821300000)]
  0x0000029d982d6440 JavaThread "File watcher server" daemon [_thread_blocked, id=8876, stack(0x000000c821300000,0x000000c821400000)]
  0x0000029d982d5aa0 JavaThread "File watcher consumer" daemon [_thread_blocked, id=14544, stack(0x000000c821400000,0x000000c821500000)]
  0x0000029d982d5100 JavaThread "Cache worker for checksums cache (C:\Users\aqibn\AndroidStudioProjects\AwaCam\.gradle\checksums)" [_thread_blocked, id=8932, stack(0x000000c821500000,0x000000c821600000)]
  0x0000029d982db610 JavaThread "Cache worker for cache directory md-supplier (C:\Users\aqibn\.gradle\caches\7.2\md-supplier)" [_thread_blocked, id=5840, stack(0x000000c821600000,0x000000c821700000)]
  0x0000029d982d55d0 JavaThread "Cache worker for cache directory md-rule (C:\Users\aqibn\.gradle\caches\7.2\md-rule)" [_thread_blocked, id=5268, stack(0x000000c821700000,0x000000c821800000)]
  0x0000029d982d5f70 JavaThread "Cache worker for execution history cache (C:\Users\aqibn\.gradle\caches\7.2\executionHistory)" [_thread_blocked, id=13400, stack(0x000000c821800000,0x000000c821900000)]
  0x0000029d982d9460 JavaThread "jar transforms" [_thread_blocked, id=2824, stack(0x000000c821900000,0x000000c821a00000)]
  0x0000029d982d6910 JavaThread "Cache worker for file content cache (C:\Users\aqibn\.gradle\caches\7.2\fileContent)" [_thread_blocked, id=11256, stack(0x000000c821a00000,0x000000c821b00000)]
  0x0000029d982d72b0 JavaThread "jar transforms Thread 2" [_thread_blocked, id=8512, stack(0x000000c821b00000,0x000000c821c00000)]
  0x0000029d982d8ac0 JavaThread "Cache worker for dependencies-accessors (C:\Users\aqibn\AndroidStudioProjects\AwaCam\.gradle\7.2\dependencies-accessors)" [_thread_blocked, id=11220, stack(0x000000c821c00000,0x000000c821d00000)]
  0x0000029d982dbae0 JavaThread "jar transforms Thread 3" [_thread_blocked, id=7424, stack(0x000000c821d00000,0x000000c821e00000)]
  0x0000029d982d4c30 JavaThread "Cache worker for Build Output Cleanup Cache (C:\Users\aqibn\AndroidStudioProjects\AwaCam\.gradle\buildOutputCleanup)" [_thread_blocked, id=14152, stack(0x000000c821100000,0x000000c821200000)]
  0x0000029d982d4290 JavaThread "Unconstrained build operations" [_thread_blocked, id=1456, stack(0x000000c821f00000,0x000000c822000000)]
  0x0000029d96fd4430 JavaThread "Unconstrained build operations Thread 2" [_thread_blocked, id=7096, stack(0x000000c822000000,0x000000c822100000)]
  0x0000029d96fd6ab0 JavaThread "Unconstrained build operations Thread 3" [_thread_blocked, id=6888, stack(0x000000c822100000,0x000000c822200000)]
  0x0000029d96fd35c0 JavaThread "Unconstrained build operations Thread 4" [_thread_blocked, id=8500, stack(0x000000c822200000,0x000000c822300000)]
  0x0000029d96fd4dd0 JavaThread "Unconstrained build operations Thread 5" [_thread_blocked, id=1056, stack(0x000000c822300000,0x000000c822400000)]
  0x0000029d96fd2750 JavaThread "Unconstrained build operations Thread 6" [_thread_blocked, id=14524, stack(0x000000c822400000,0x000000c822500000)]
  0x0000029d96fd65e0 JavaThread "Unconstrained build operations Thread 7" [_thread_blocked, id=9272, stack(0x000000c822500000,0x000000c822600000)]
  0x0000029d96fd1db0 JavaThread "Unconstrained build operations Thread 8" [_thread_blocked, id=14364, stack(0x000000c822600000,0x000000c822700000)]
  0x0000029d96fd0a70 JavaThread "Unconstrained build operations Thread 9" [_thread_blocked, id=7164, stack(0x000000c822700000,0x000000c822800000)]
  0x0000029d96fd00d0 JavaThread "Unconstrained build operations Thread 10" [_thread_blocked, id=1868, stack(0x000000c822800000,0x000000c822900000)]
  0x0000029d96fd2c20 JavaThread "Unconstrained build operations Thread 11" [_thread_blocked, id=14696, stack(0x000000c822900000,0x000000c822a00000)]
  0x0000029d96fd3f60 JavaThread "Unconstrained build operations Thread 12" [_thread_blocked, id=2052, stack(0x000000c822a00000,0x000000c822b00000)]
  0x0000029d96fd4900 JavaThread "Unconstrained build operations Thread 13" [_thread_blocked, id=13192, stack(0x000000c822b00000,0x000000c822c00000)]
  0x0000029d96fd2280 JavaThread "Unconstrained build operations Thread 14" [_thread_blocked, id=4560, stack(0x000000c822c00000,0x000000c822d00000)]
  0x0000029d96fd3a90 JavaThread "Unconstrained build operations Thread 15" [_thread_blocked, id=9412, stack(0x000000c822d00000,0x000000c822e00000)]
  0x0000029d96fd1410 JavaThread "Unconstrained build operations Thread 16" [_thread_blocked, id=8604, stack(0x000000c822e00000,0x000000c822f00000)]
  0x0000029d96fd52a0 JavaThread "Unconstrained build operations Thread 17" [_thread_blocked, id=14764, stack(0x000000c822f00000,0x000000c823000000)]
  0x0000029d96fd18e0 JavaThread "Unconstrained build operations Thread 18" [_thread_blocked, id=4192, stack(0x000000c823000000,0x000000c823100000)]
  0x0000029d96fd30f0 JavaThread "Unconstrained build operations Thread 19" [_thread_blocked, id=7600, stack(0x000000c823100000,0x000000c823200000)]
  0x0000029d96fd5770 JavaThread "Unconstrained build operations Thread 20" [_thread_blocked, id=12436, stack(0x000000c823200000,0x000000c823300000)]
  0x0000029d96fd5c40 JavaThread "Unconstrained build operations Thread 21" [_thread_blocked, id=8996, stack(0x000000c823300000,0x000000c823400000)]
  0x0000029d96fd6110 JavaThread "Unconstrained build operations Thread 22" [_thread_blocked, id=9756, stack(0x000000c823400000,0x000000c823500000)]
  0x0000029d96fd6f80 JavaThread "Unconstrained build operations Thread 23" [_thread_blocked, id=3920, stack(0x000000c823500000,0x000000c823600000)]
  0x0000029d96fd7450 JavaThread "Unconstrained build operations Thread 24" [_thread_blocked, id=7284, stack(0x000000c823600000,0x000000c823700000)]
  0x0000029d96fd7920 JavaThread "Unconstrained build operations Thread 25" [_thread_blocked, id=4616, stack(0x000000c823700000,0x000000c823800000)]
  0x0000029d96fd05a0 JavaThread "Unconstrained build operations Thread 26" [_thread_blocked, id=5784, stack(0x000000c823800000,0x000000c823900000)]
  0x0000029d96fd0f40 JavaThread "Unconstrained build operations Thread 27" [_thread_blocked, id=12476, stack(0x000000c823900000,0x000000c823a00000)]
  0x0000029d975ba550 JavaThread "Unconstrained build operations Thread 28" [_thread_blocked, id=15288, stack(0x000000c823a00000,0x000000c823b00000)]
  0x0000029d975b8d40 JavaThread "Unconstrained build operations Thread 29" [_thread_blocked, id=8368, stack(0x000000c823b00000,0x000000c823c00000)]
  0x0000029d975b7a00 JavaThread "Unconstrained build operations Thread 30" [_thread_blocked, id=2376, stack(0x000000c823c00000,0x000000c823d00000)]
  0x0000029d975bd0a0 JavaThread "Unconstrained build operations Thread 31" [_thread_blocked, id=3368, stack(0x000000c823d00000,0x000000c823e00000)]
  0x0000029d975bb3c0 JavaThread "Unconstrained build operations Thread 32" [_thread_blocked, id=14792, stack(0x000000c823e00000,0x000000c823f00000)]
  0x0000029d975b96e0 JavaThread "Unconstrained build operations Thread 33" [_thread_blocked, id=9400, stack(0x000000c823f00000,0x000000c824000000)]
  0x0000029d975be8b0 JavaThread "Unconstrained build operations Thread 34" [_thread_blocked, id=6320, stack(0x000000c824000000,0x000000c824100000)]
  0x0000029d975bb890 JavaThread "Unconstrained build operations Thread 35" [_thread_blocked, id=7404, stack(0x000000c824100000,0x000000c824200000)]
  0x0000029d975bbd60 JavaThread "Unconstrained build operations Thread 36" [_thread_blocked, id=11580, stack(0x000000c824200000,0x000000c824300000)]
  0x0000029d975b7ed0 JavaThread "Unconstrained build operations Thread 37" [_thread_blocked, id=5700, stack(0x000000c824300000,0x000000c824400000)]
  0x0000029d975b9210 JavaThread "Unconstrained build operations Thread 38" [_thread_blocked, id=12176, stack(0x000000c824400000,0x000000c824500000)]
  0x0000029d975b9bb0 JavaThread "Unconstrained build operations Thread 39" [_thread_blocked, id=3564, stack(0x000000c824500000,0x000000c824600000)]
  0x0000029d975bda40 JavaThread "Unconstrained build operations Thread 40" [_thread_blocked, id=12016, stack(0x000000c824600000,0x000000c824700000)]
  0x0000029d975baef0 JavaThread "jar transforms Thread 4" [_thread_blocked, id=2512, stack(0x000000c824700000,0x000000c824800000)]
  0x0000029d975bcbd0 JavaThread "Memory manager" [_thread_blocked, id=4284, stack(0x000000c824800000,0x000000c824900000)]
  0x0000029d97b22d60 JavaThread "build event listener" [_thread_blocked, id=5980, stack(0x000000c824b00000,0x000000c824c00000)]
  0x0000029d97b223c0 JavaThread "pool-3-thread-1" [_thread_blocked, id=12852, stack(0x000000c824c00000,0x000000c824d00000)]
  0x0000029d97b240a0 JavaThread "build event listener" [_thread_blocked, id=120, stack(0x000000c824d00000,0x000000c824e00000)]
  0x0000029d97b21080 JavaThread "Execution worker for ':'" [_thread_blocked, id=2792, stack(0x000000c824e00000,0x000000c824f00000)]
  0x0000029d97b21ef0 JavaThread "Execution worker for ':' Thread 2" [_thread_blocked, id=7824, stack(0x000000c824f00000,0x000000c825000000)]
  0x0000029d97b23230 JavaThread "Execution worker for ':' Thread 3" [_thread_blocked, id=2224, stack(0x000000c825000000,0x000000c825100000)]
  0x0000029d97b23700 JavaThread "Cache worker for execution history cache (C:\Users\aqibn\AndroidStudioProjects\AwaCam\.gradle\7.2\executionHistory)" [_thread_blocked, id=14484, stack(0x000000c825100000,0x000000c825200000)]
  0x0000029d9624d500 JavaThread "WorkerExecutor Queue" [_thread_blocked, id=14116, stack(0x000000c825200000,0x000000c825300000)]
  0x0000029d962509f0 JavaThread "pool-4-thread-1" [_thread_blocked, id=3404, stack(0x000000c81ec00000,0x000000c81ed00000)]
  0x0000029d96250ec0 JavaThread "stderr" [_thread_in_native, id=6352, stack(0x000000c81ed00000,0x000000c81ee00000)]
  0x0000029d9624e840 JavaThread "stdout" [_thread_in_native, id=8552, stack(0x000000c81ee00000,0x000000c81ef00000)]

Other Threads:
=>0x0000029dff810c60 VMThread "VM Thread" [stack: 0x000000c81f500000,0x000000c81f600000] [id=14132]
  0x0000029dffab46e0 WatcherThread [stack: 0x000000c820000000,0x000000c820100000] [id=8952]
  0x0000029df6592880 GCTaskThread "GC Thread#0" [stack: 0x000000c81f000000,0x000000c81f100000] [id=4440]
  0x0000029d95f18b40 GCTaskThread "GC Thread#1" [stack: 0x000000c820200000,0x000000c820300000] [id=7472]
  0x0000029d95f191a0 GCTaskThread "GC Thread#2" [stack: 0x000000c820c00000,0x000000c820d00000] [id=4068]
  0x0000029d95f19b30 GCTaskThread "GC Thread#3" [stack: 0x000000c820d00000,0x000000c820e00000] [id=6856]
  0x0000029df65a46b0 ConcurrentGCThread "G1 Main Marker" [stack: 0x000000c81f100000,0x000000c81f200000] [id=4244]
  0x0000029df65a5690 ConcurrentGCThread "G1 Conc#0" [stack: 0x000000c81f200000,0x000000c81f300000] [id=13432]
  0x0000029df65f4d80 ConcurrentGCThread "G1 Refine#0" [stack: 0x000000c81f300000,0x000000c81f400000] [id=12408]
  0x0000029d9a9f0e30 ConcurrentGCThread "G1 Refine#1" [stack: 0x000000c825300000,0x000000c825400000] [id=9800]
  0x0000029df65f55d0 ConcurrentGCThread "G1 Young RemSet Sampling" [stack: 0x000000c81f400000,0x000000c81f500000] [id=14820]

Threads with active compile tasks:
C2 CompilerThread0    75003 12295       4       com.android.tools.r8.graph.n2::a (2441 bytes)

VM state: at safepoint (normal execution)

VM Mutex/Monitor currently owned by a thread:  ([mutex/lock_event])
[0x0000029df6550940] Threads_lock - owner thread: 0x0000029dff810c60
[0x0000029df654f860] Heap_lock - owner thread: 0x0000029d96fd1410

Heap address: 0x0000000080000000, size: 2048 MB, Compressed Oops mode: 32-bit
CDS archive(s) mapped at: [0x0000000800000000-0x0000000800b50000-0x0000000800b50000), size 11862016, SharedBaseAddress: 0x0000000800000000, ArchiveRelocationMode: 0.
Compressed class space mapped at: 0x0000000800b50000-0x0000000840b50000, size: 1073741824
Narrow klass base: 0x0000000800000000, Narrow klass shift: 3, Narrow klass range: 0x100000000

GC Precious Log:
 CPUs: 4 total, 4 available
 Memory: 3976M
 Large Page Support: Disabled
 NUMA Support: Disabled
 Compressed Oops: Enabled (32-bit)
 Heap Region Size: 1M
 Heap Min Capacity: 8M
 Heap Initial Capacity: 64M
 Heap Max Capacity: 2G
 Pre-touch: Disabled
 Parallel Workers: 4
 Concurrent Workers: 1
 Concurrent Refinement Workers: 4
 Periodic GC: Disabled

Heap:
 garbage-first heap   total 466944K, used 150308K [0x0000000080000000, 0x0000000100000000)
  region size 1024K, 5 young (5120K), 5 survivors (5120K)
 Metaspace       used 93512K, capacity 94730K, committed 94876K, reserved 1132544K
  class space    used 12215K, capacity 12584K, committed 12620K, reserved 1048576K

Heap Regions: E=young(eden), S=young(survivor), O=old, HS=humongous(starts), HC=humongous(continues), CS=collection set, F=free, OA=open archive, CA=closed archive, TAMS=top-at-mark-start (previous, next)
|   0|0x0000000080000000, 0x0000000080100000, 0x0000000080100000|100%|HS|  |TAMS 0x0000000080100000, 0x0000000080100000| Complete 
|   1|0x0000000080100000, 0x0000000080200000, 0x0000000080200000|100%|HC|  |TAMS 0x0000000080200000, 0x0000000080200000| Complete 
|   2|0x0000000080200000, 0x0000000080300000, 0x0000000080300000|100%|HC|  |TAMS 0x0000000080300000, 0x0000000080300000| Complete 
|   3|0x0000000080300000, 0x0000000080400000, 0x0000000080400000|100%| O|  |TAMS 0x0000000080400000, 0x0000000080400000| Untracked 
|   4|0x0000000080400000, 0x0000000080500000, 0x0000000080500000|100%| O|  |TAMS 0x0000000080500000, 0x0000000080500000| Untracked 
|   5|0x0000000080500000, 0x0000000080600000, 0x0000000080600000|100%| O|  |TAMS 0x0000000080600000, 0x0000000080600000| Untracked 
|   6|0x0000000080600000, 0x0000000080700000, 0x0000000080700000|100%| O|  |TAMS 0x0000000080700000, 0x0000000080700000| Untracked 
|   7|0x0000000080700000, 0x0000000080800000, 0x0000000080800000|100%| O|  |TAMS 0x0000000080800000, 0x0000000080800000| Untracked 
|   8|0x0000000080800000, 0x0000000080900000, 0x0000000080900000|100%| O|  |TAMS 0x0000000080900000, 0x0000000080900000| Untracked 
|   9|0x0000000080900000, 0x0000000080a00000, 0x0000000080a00000|100%| O|  |TAMS 0x0000000080a00000, 0x0000000080a00000| Untracked 
|  10|0x0000000080a00000, 0x0000000080b00000, 0x0000000080b00000|100%| O|  |TAMS 0x0000000080b00000, 0x0000000080b00000| Untracked 
|  11|0x0000000080b00000, 0x0000000080c00000, 0x0000000080c00000|100%| O|  |TAMS 0x0000000080c00000, 0x0000000080c00000| Untracked 
|  12|0x0000000080c00000, 0x0000000080d00000, 0x0000000080d00000|100%| O|  |TAMS 0x0000000080d00000, 0x0000000080d00000| Untracked 
|  13|0x0000000080d00000, 0x0000000080e00000, 0x0000000080e00000|100%| O|  |TAMS 0x0000000080e00000, 0x0000000080e00000| Untracked 
|  14|0x0000000080e00000, 0x0000000080f00000, 0x0000000080f00000|100%| O|  |TAMS 0x0000000080f00000, 0x0000000080f00000| Untracked 
|  15|0x0000000080f00000, 0x0000000081000000, 0x0000000081000000|100%| O|  |TAMS 0x0000000081000000, 0x0000000081000000| Untracked 
|  16|0x0000000081000000, 0x0000000081100000, 0x0000000081100000|100%| O|  |TAMS 0x0000000081100000, 0x0000000081100000| Untracked 
|  17|0x0000000081100000, 0x0000000081200000, 0x0000000081200000|100%| O|  |TAMS 0x0000000081200000, 0x0000000081200000| Untracked 
|  18|0x0000000081200000, 0x0000000081300000, 0x0000000081300000|100%| O|  |TAMS 0x0000000081300000, 0x0000000081300000| Untracked 
|  19|0x0000000081300000, 0x0000000081400000, 0x0000000081400000|100%| O|  |TAMS 0x0000000081400000, 0x0000000081400000| Untracked 
|  20|0x0000000081400000, 0x0000000081500000, 0x0000000081500000|100%| O|  |TAMS 0x0000000081500000, 0x0000000081500000| Untracked 
|  21|0x0000000081500000, 0x0000000081600000, 0x0000000081600000|100%| O|  |TAMS 0x0000000081600000, 0x0000000081600000| Untracked 
|  22|0x0000000081600000, 0x0000000081700000, 0x0000000081700000|100%| O|  |TAMS 0x0000000081700000, 0x0000000081700000| Untracked 
|  23|0x0000000081700000, 0x0000000081800000, 0x0000000081800000|100%| O|  |TAMS 0x0000000081800000, 0x0000000081800000| Untracked 
|  24|0x0000000081800000, 0x0000000081900000, 0x0000000081900000|100%| O|  |TAMS 0x0000000081900000, 0x0000000081900000| Untracked 
|  25|0x0000000081900000, 0x0000000081a00000, 0x0000000081a00000|100%| O|  |TAMS 0x0000000081a00000, 0x0000000081a00000| Untracked 
|  26|0x0000000081a00000, 0x0000000081b00000, 0x0000000081b00000|100%| O|  |TAMS 0x0000000081b00000, 0x0000000081b00000| Untracked 
|  27|0x0000000081b00000, 0x0000000081c00000, 0x0000000081c00000|100%| O|  |TAMS 0x0000000081c00000, 0x0000000081c00000| Untracked 
|  28|0x0000000081c00000, 0x0000000081d00000, 0x0000000081d00000|100%| O|  |TAMS 0x0000000081d00000, 0x0000000081d00000| Untracked 
|  29|0x0000000081d00000, 0x0000000081e00000, 0x0000000081e00000|100%| O|  |TAMS 0x0000000081e00000, 0x0000000081e00000| Untracked 
|  30|0x0000000081e00000, 0x0000000081f00000, 0x0000000081f00000|100%| O|  |TAMS 0x0000000081f00000, 0x0000000081f00000| Untracked 
|  31|0x0000000081f00000, 0x0000000082000000, 0x0000000082000000|100%| O|  |TAMS 0x0000000082000000, 0x0000000082000000| Untracked 
|  32|0x0000000082000000, 0x0000000082100000, 0x0000000082100000|100%| O|  |TAMS 0x0000000082100000, 0x0000000082100000| Untracked 
|  33|0x0000000082100000, 0x0000000082200000, 0x0000000082200000|100%| O|  |TAMS 0x0000000082200000, 0x0000000082200000| Untracked 
|  34|0x0000000082200000, 0x0000000082300000, 0x0000000082300000|100%|HS|  |TAMS 0x0000000082300000, 0x0000000082300000| Complete 
|  35|0x0000000082300000, 0x0000000082400000, 0x0000000082400000|100%| O|  |TAMS 0x0000000082400000, 0x0000000082400000| Untracked 
|  36|0x0000000082400000, 0x0000000082500000, 0x0000000082500000|100%| O|  |TAMS 0x0000000082500000, 0x0000000082500000| Untracked 
|  37|0x0000000082500000, 0x0000000082600000, 0x0000000082600000|100%| O|  |TAMS 0x0000000082600000, 0x0000000082600000| Untracked 
|  38|0x0000000082600000, 0x0000000082700000, 0x0000000082700000|100%| O|  |TAMS 0x0000000082700000, 0x0000000082700000| Untracked 
|  39|0x0000000082700000, 0x0000000082800000, 0x0000000082800000|100%|HS|  |TAMS 0x0000000082800000, 0x0000000082800000| Complete 
|  40|0x0000000082800000, 0x0000000082900000, 0x0000000082900000|100%|HS|  |TAMS 0x0000000082900000, 0x0000000082900000| Complete 
|  41|0x0000000082900000, 0x0000000082a00000, 0x0000000082a00000|100%| O|  |TAMS 0x0000000082a00000, 0x0000000082a00000| Untracked 
|  42|0x0000000082a00000, 0x0000000082b00000, 0x0000000082b00000|100%| O|  |TAMS 0x0000000082b00000, 0x0000000082b00000| Untracked 
|  43|0x0000000082b00000, 0x0000000082c00000, 0x0000000082c00000|100%|HS|  |TAMS 0x0000000082c00000, 0x0000000082c00000| Complete 
|  44|0x0000000082c00000, 0x0000000082d00000, 0x0000000082d00000|100%|HC|  |TAMS 0x0000000082d00000, 0x0000000082d00000| Complete 
|  45|0x0000000082d00000, 0x0000000082e00000, 0x0000000082e00000|100%| O|  |TAMS 0x0000000082e00000, 0x0000000082e00000| Untracked 
|  46|0x0000000082e00000, 0x0000000082f00000, 0x0000000082f00000|100%| O|  |TAMS 0x0000000082f00000, 0x0000000082f00000| Untracked 
|  47|0x0000000082f00000, 0x0000000083000000, 0x0000000083000000|100%| O|  |TAMS 0x0000000083000000, 0x0000000083000000| Untracked 
|  48|0x0000000083000000, 0x0000000083100000, 0x0000000083100000|100%| O|  |TAMS 0x0000000083100000, 0x0000000083100000| Untracked 
|  49|0x0000000083100000, 0x0000000083200000, 0x0000000083200000|100%| O|  |TAMS 0x0000000083200000, 0x0000000083200000| Untracked 
|  50|0x0000000083200000, 0x0000000083300000, 0x0000000083300000|100%| O|  |TAMS 0x0000000083300000, 0x0000000083300000| Untracked 
|  51|0x0000000083300000, 0x0000000083400000, 0x0000000083400000|100%| O|  |TAMS 0x0000000083400000, 0x0000000083400000| Untracked 
|  52|0x0000000083400000, 0x0000000083500000, 0x0000000083500000|100%| O|  |TAMS 0x0000000083500000, 0x0000000083500000| Untracked 
|  53|0x0000000083500000, 0x0000000083600000, 0x0000000083600000|100%| O|  |TAMS 0x0000000083600000, 0x0000000083600000| Untracked 
|  54|0x0000000083600000, 0x0000000083700000, 0x0000000083700000|100%| O|  |TAMS 0x0000000083700000, 0x0000000083700000| Untracked 
|  55|0x0000000083700000, 0x0000000083800000, 0x0000000083800000|100%| O|  |TAMS 0x0000000083800000, 0x0000000083800000| Untracked 
|  56|0x0000000083800000, 0x0000000083900000, 0x0000000083900000|100%| O|  |TAMS 0x0000000083900000, 0x0000000083900000| Untracked 
|  57|0x0000000083900000, 0x0000000083a00000, 0x0000000083a00000|100%| O|  |TAMS 0x0000000083a00000, 0x0000000083a00000| Untracked 
|  58|0x0000000083a00000, 0x0000000083b00000, 0x0000000083b00000|100%| O|  |TAMS 0x0000000083b00000, 0x0000000083b00000| Untracked 
|  59|0x0000000083b00000, 0x0000000083c00000, 0x0000000083c00000|100%| O|  |TAMS 0x0000000083c00000, 0x0000000083c00000| Untracked 
|  60|0x0000000083c00000, 0x0000000083d00000, 0x0000000083d00000|100%| O|  |TAMS 0x0000000083d00000, 0x0000000083d00000| Untracked 
|  61|0x0000000083d00000, 0x0000000083e00000, 0x0000000083e00000|100%| O|  |TAMS 0x0000000083e00000, 0x0000000083e00000| Untracked 
|  62|0x0000000083e00000, 0x0000000083f00000, 0x0000000083f00000|100%| O|  |TAMS 0x0000000083f00000, 0x0000000083f00000| Untracked 
|  63|0x0000000083f00000, 0x0000000084000000, 0x0000000084000000|100%| O|  |TAMS 0x0000000084000000, 0x0000000084000000| Untracked 
|  64|0x0000000084000000, 0x0000000084100000, 0x0000000084100000|100%| O|  |TAMS 0x0000000084100000, 0x0000000084100000| Untracked 
|  65|0x0000000084100000, 0x0000000084200000, 0x0000000084200000|100%| O|  |TAMS 0x0000000084200000, 0x0000000084200000| Untracked 
|  66|0x0000000084200000, 0x0000000084300000, 0x0000000084300000|100%| O|  |TAMS 0x0000000084300000, 0x0000000084300000| Untracked 
|  67|0x0000000084300000, 0x0000000084400000, 0x0000000084400000|100%| O|  |TAMS 0x0000000084400000, 0x0000000084400000| Untracked 
|  68|0x0000000084400000, 0x0000000084500000, 0x0000000084500000|100%| O|  |TAMS 0x0000000084500000, 0x0000000084500000| Untracked 
|  69|0x0000000084500000, 0x0000000084600000, 0x0000000084600000|100%| O|  |TAMS 0x0000000084600000, 0x0000000084600000| Untracked 
|  70|0x0000000084600000, 0x0000000084700000, 0x0000000084700000|100%| O|  |TAMS 0x0000000084700000, 0x0000000084700000| Untracked 
|  71|0x0000000084700000, 0x0000000084800000, 0x0000000084800000|100%| O|  |TAMS 0x0000000084800000, 0x0000000084800000| Untracked 
|  72|0x0000000084800000, 0x0000000084900000, 0x0000000084900000|100%| O|  |TAMS 0x0000000084900000, 0x0000000084900000| Untracked 
|  73|0x0000000084900000, 0x0000000084a00000, 0x0000000084a00000|100%| O|  |TAMS 0x0000000084a00000, 0x0000000084a00000| Untracked 
|  74|0x0000000084a00000, 0x0000000084b00000, 0x0000000084b00000|100%| O|  |TAMS 0x0000000084b00000, 0x0000000084b00000| Untracked 
|  75|0x0000000084b00000, 0x0000000084c00000, 0x0000000084c00000|100%| O|  |TAMS 0x0000000084c00000, 0x0000000084c00000| Untracked 
|  76|0x0000000084c00000, 0x0000000084d00000, 0x0000000084d00000|100%| O|  |TAMS 0x0000000084d00000, 0x0000000084d00000| Untracked 
|  77|0x0000000084d00000, 0x0000000084e00000, 0x0000000084e00000|100%| O|  |TAMS 0x0000000084e00000, 0x0000000084e00000| Untracked 
|  78|0x0000000084e00000, 0x0000000084f00000, 0x0000000084f00000|100%| O|  |TAMS 0x0000000084f00000, 0x0000000084f00000| Untracked 
|  79|0x0000000084f00000, 0x0000000085000000, 0x0000000085000000|100%| O|  |TAMS 0x0000000085000000, 0x0000000085000000| Untracked 
|  80|0x0000000085000000, 0x0000000085100000, 0x0000000085100000|100%| O|  |TAMS 0x0000000085100000, 0x0000000085100000| Untracked 
|  81|0x0000000085100000, 0x0000000085200000, 0x0000000085200000|100%| O|  |TAMS 0x0000000085200000, 0x0000000085200000| Untracked 
|  82|0x0000000085200000, 0x0000000085300000, 0x0000000085300000|100%| O|  |TAMS 0x0000000085300000, 0x0000000085300000| Untracked 
|  83|0x0000000085300000, 0x0000000085400000, 0x0000000085400000|100%| O|  |TAMS 0x0000000085400000, 0x0000000085400000| Untracked 
|  84|0x0000000085400000, 0x0000000085500000, 0x0000000085500000|100%| O|  |TAMS 0x0000000085500000, 0x0000000085500000| Untracked 
|  85|0x0000000085500000, 0x0000000085600000, 0x0000000085600000|100%| O|  |TAMS 0x0000000085600000, 0x0000000085600000| Untracked 
|  86|0x0000000085600000, 0x0000000085700000, 0x0000000085700000|100%| O|  |TAMS 0x0000000085700000, 0x0000000085700000| Untracked 
|  87|0x0000000085700000, 0x0000000085800000, 0x0000000085800000|100%| O|  |TAMS 0x0000000085800000, 0x0000000085800000| Untracked 
|  88|0x0000000085800000, 0x0000000085900000, 0x0000000085900000|100%|HS|  |TAMS 0x0000000085900000, 0x0000000085900000| Complete 
|  89|0x0000000085900000, 0x0000000085a00000, 0x0000000085a00000|100%| O|  |TAMS 0x0000000085a00000, 0x0000000085a00000| Untracked 
|  90|0x0000000085a00000, 0x0000000085b00000, 0x0000000085b00000|100%| O|  |TAMS 0x0000000085b00000, 0x0000000085b00000| Untracked 
|  91|0x0000000085b00000, 0x0000000085c00000, 0x0000000085c00000|100%| O|  |TAMS 0x0000000085c00000, 0x0000000085c00000| Untracked 
|  92|0x0000000085c00000, 0x0000000085d00000, 0x0000000085d00000|100%| O|  |TAMS 0x0000000085d00000, 0x0000000085d00000| Untracked 
|  93|0x0000000085d00000, 0x0000000085e00000, 0x0000000085e00000|100%| O|  |TAMS 0x0000000085e00000, 0x0000000085e00000| Untracked 
|  94|0x0000000085e00000, 0x0000000085f00000, 0x0000000085f00000|100%| O|  |TAMS 0x0000000085f00000, 0x0000000085f00000| Untracked 
|  95|0x0000000085f00000, 0x0000000086000000, 0x0000000086000000|100%| O|  |TAMS 0x0000000086000000, 0x0000000086000000| Untracked 
|  96|0x0000000086000000, 0x0000000086100000, 0x0000000086100000|100%| O|  |TAMS 0x0000000086100000, 0x0000000086100000| Untracked 
|  97|0x0000000086100000, 0x0000000086200000, 0x0000000086200000|100%| O|  |TAMS 0x0000000086200000, 0x0000000086200000| Untracked 
|  98|0x0000000086200000, 0x0000000086300000, 0x0000000086300000|100%| O|  |TAMS 0x0000000086300000, 0x0000000086300000| Untracked 
|  99|0x0000000086300000, 0x0000000086400000, 0x0000000086400000|100%| O|  |TAMS 0x0000000086400000, 0x0000000086400000| Untracked 
| 100|0x0000000086400000, 0x0000000086500000, 0x0000000086500000|100%| O|  |TAMS 0x0000000086500000, 0x0000000086500000| Untracked 
| 101|0x0000000086500000, 0x0000000086600000, 0x0000000086600000|100%| O|  |TAMS 0x0000000086600000, 0x0000000086600000| Untracked 
| 102|0x0000000086600000, 0x0000000086700000, 0x0000000086700000|100%| O|  |TAMS 0x0000000086700000, 0x0000000086700000| Untracked 
| 103|0x0000000086700000, 0x0000000086800000, 0x0000000086800000|100%| O|  |TAMS 0x0000000086800000, 0x0000000086800000| Untracked 
| 104|0x0000000086800000, 0x0000000086900000, 0x0000000086900000|100%| O|  |TAMS 0x0000000086900000, 0x0000000086900000| Untracked 
| 105|0x0000000086900000, 0x0000000086a00000, 0x0000000086a00000|100%| O|  |TAMS 0x0000000086a00000, 0x0000000086a00000| Untracked 
| 106|0x0000000086a00000, 0x0000000086b00000, 0x0000000086b00000|100%| O|  |TAMS 0x0000000086b00000, 0x0000000086b00000| Untracked 
| 107|0x0000000086b00000, 0x0000000086c00000, 0x0000000086c00000|100%| O|  |TAMS 0x0000000086b30a00, 0x0000000086c00000| Untracked 
| 108|0x0000000086c00000, 0x0000000086d00000, 0x0000000086d00000|100%| O|  |TAMS 0x0000000086c00000, 0x0000000086d00000| Untracked 
| 109|0x0000000086d00000, 0x0000000086e00000, 0x0000000086e00000|100%| O|  |TAMS 0x0000000086d00000, 0x0000000086e00000| Untracked 
| 110|0x0000000086e00000, 0x0000000086f00000, 0x0000000086f00000|100%| O|  |TAMS 0x0000000086e00000, 0x0000000086f00000| Untracked 
| 111|0x0000000086f00000, 0x0000000087000000, 0x0000000087000000|100%| O|  |TAMS 0x0000000086f00000, 0x0000000087000000| Untracked 
| 112|0x0000000087000000, 0x0000000087100000, 0x0000000087100000|100%| O|  |TAMS 0x0000000087000000, 0x0000000087100000| Untracked 
| 113|0x0000000087100000, 0x0000000087200000, 0x0000000087200000|100%| O|  |TAMS 0x0000000087100000, 0x0000000087200000| Untracked 
| 114|0x0000000087200000, 0x0000000087300000, 0x0000000087300000|100%| O|  |TAMS 0x0000000087200000, 0x0000000087300000| Untracked 
| 115|0x0000000087300000, 0x0000000087400000, 0x0000000087400000|100%| O|  |TAMS 0x0000000087300000, 0x0000000087400000| Untracked 
| 116|0x0000000087400000, 0x0000000087500000, 0x0000000087500000|100%| O|  |TAMS 0x0000000087400000, 0x0000000087500000| Untracked 
| 117|0x0000000087500000, 0x0000000087600000, 0x0000000087600000|100%| O|  |TAMS 0x0000000087500000, 0x0000000087600000| Untracked 
| 118|0x0000000087600000, 0x0000000087700000, 0x0000000087700000|100%| O|  |TAMS 0x0000000087600000, 0x0000000087700000| Untracked 
| 119|0x0000000087700000, 0x0000000087800000, 0x0000000087800000|100%| O|  |TAMS 0x0000000087700000, 0x0000000087800000| Untracked 
| 120|0x0000000087800000, 0x0000000087900000, 0x0000000087900000|100%| O|  |TAMS 0x0000000087800000, 0x0000000087900000| Untracked 
| 121|0x0000000087900000, 0x0000000087a00000, 0x0000000087a00000|100%| O|  |TAMS 0x0000000087900000, 0x0000000087a00000| Untracked 
| 122|0x0000000087a00000, 0x0000000087b00000, 0x0000000087b00000|100%| O|  |TAMS 0x0000000087a00000, 0x0000000087b00000| Untracked 
| 123|0x0000000087b00000, 0x0000000087c00000, 0x0000000087c00000|100%| O|  |TAMS 0x0000000087b00000, 0x0000000087c00000| Untracked 
| 124|0x0000000087c00000, 0x0000000087d00000, 0x0000000087d00000|100%| O|  |TAMS 0x0000000087c00000, 0x0000000087d00000| Untracked 
| 125|0x0000000087d00000, 0x0000000087e00000, 0x0000000087e00000|100%| O|  |TAMS 0x0000000087d00000, 0x0000000087e00000| Untracked 
| 126|0x0000000087e00000, 0x0000000087f00000, 0x0000000087f00000|100%| O|  |TAMS 0x0000000087e00000, 0x0000000087f00000| Untracked 
| 127|0x0000000087f00000, 0x0000000088000000, 0x0000000088000000|100%| O|  |TAMS 0x0000000087f00000, 0x0000000088000000| Untracked 
| 128|0x0000000088000000, 0x0000000088100000, 0x0000000088100000|100%| O|  |TAMS 0x0000000088000000, 0x0000000088100000| Untracked 
| 129|0x0000000088100000, 0x0000000088200000, 0x0000000088200000|100%| O|  |TAMS 0x0000000088100000, 0x0000000088200000| Untracked 
| 130|0x0000000088200000, 0x0000000088300000, 0x0000000088300000|100%| O|  |TAMS 0x0000000088200000, 0x0000000088300000| Untracked 
| 131|0x0000000088300000, 0x0000000088400000, 0x0000000088400000|100%| O|  |TAMS 0x0000000088300000, 0x0000000088400000| Untracked 
| 132|0x0000000088400000, 0x0000000088500000, 0x0000000088500000|100%| O|  |TAMS 0x0000000088400000, 0x0000000088500000| Untracked 
| 133|0x0000000088500000, 0x0000000088600000, 0x0000000088600000|100%| O|  |TAMS 0x0000000088500000, 0x0000000088600000| Untracked 
| 134|0x0000000088600000, 0x0000000088700000, 0x0000000088700000|100%| O|  |TAMS 0x0000000088600000, 0x0000000088600000| Untracked 
| 135|0x0000000088700000, 0x0000000088800000, 0x0000000088800000|100%| O|  |TAMS 0x0000000088700000, 0x0000000088700000| Untracked 
| 136|0x0000000088800000, 0x0000000088900000, 0x0000000088900000|100%| O|  |TAMS 0x0000000088800000, 0x0000000088800000| Untracked 
| 137|0x0000000088900000, 0x0000000088a00000, 0x0000000088a00000|100%| O|  |TAMS 0x0000000088900000, 0x0000000088900000| Untracked 
| 138|0x0000000088a00000, 0x0000000088b00000, 0x0000000088b00000|100%| O|  |TAMS 0x0000000088a00000, 0x0000000088a00000| Untracked 
| 139|0x0000000088b00000, 0x0000000088c00000, 0x0000000088c00000|100%| O|  |TAMS 0x0000000088b00000, 0x0000000088b00000| Untracked 
| 140|0x0000000088c00000, 0x0000000088d00000, 0x0000000088d00000|100%| O|  |TAMS 0x0000000088c00000, 0x0000000088c00000| Untracked 
| 141|0x0000000088d00000, 0x0000000088dc9200, 0x0000000088e00000| 78%| O|  |TAMS 0x0000000088d00000, 0x0000000088d00000| Untracked 
| 142|0x0000000088e00000, 0x0000000088e00000, 0x0000000088f00000|  0%| F|  |TAMS 0x0000000088e00000, 0x0000000088e00000| Untracked 
| 143|0x0000000088f00000, 0x0000000088f00000, 0x0000000089000000|  0%| F|  |TAMS 0x0000000088f00000, 0x0000000088f00000| Untracked 
| 144|0x0000000089000000, 0x0000000089000000, 0x0000000089100000|  0%| F|  |TAMS 0x0000000089000000, 0x0000000089000000| Untracked 
| 145|0x0000000089100000, 0x0000000089100000, 0x0000000089200000|  0%| F|  |TAMS 0x0000000089100000, 0x0000000089100000| Untracked 
| 146|0x0000000089200000, 0x0000000089200000, 0x0000000089300000|  0%| F|  |TAMS 0x0000000089200000, 0x0000000089200000| Untracked 
| 147|0x0000000089300000, 0x0000000089300000, 0x0000000089400000|  0%| F|  |TAMS 0x0000000089300000, 0x0000000089300000| Untracked 
| 148|0x0000000089400000, 0x0000000089400000, 0x0000000089500000|  0%| F|  |TAMS 0x0000000089400000, 0x0000000089400000| Untracked 
| 149|0x0000000089500000, 0x0000000089500000, 0x0000000089600000|  0%| F|  |TAMS 0x0000000089500000, 0x0000000089500000| Untracked 
| 150|0x0000000089600000, 0x0000000089600000, 0x0000000089700000|  0%| F|  |TAMS 0x0000000089600000, 0x0000000089600000| Untracked 
| 151|0x0000000089700000, 0x0000000089700000, 0x0000000089800000|  0%| F|  |TAMS 0x0000000089700000, 0x0000000089700000| Untracked 
| 152|0x0000000089800000, 0x0000000089800000, 0x0000000089900000|  0%| F|  |TAMS 0x0000000089800000, 0x0000000089800000| Untracked 
| 153|0x0000000089900000, 0x0000000089900000, 0x0000000089a00000|  0%| F|  |TAMS 0x0000000089900000, 0x0000000089900000| Untracked 
| 154|0x0000000089a00000, 0x0000000089a00000, 0x0000000089b00000|  0%| F|  |TAMS 0x0000000089a00000, 0x0000000089a00000| Untracked 
| 155|0x0000000089b00000, 0x0000000089b00000, 0x0000000089c00000|  0%| F|  |TAMS 0x0000000089b00000, 0x0000000089b00000| Untracked 
| 156|0x0000000089c00000, 0x0000000089c00000, 0x0000000089d00000|  0%| F|  |TAMS 0x0000000089c00000, 0x0000000089c00000| Untracked 
| 157|0x0000000089d00000, 0x0000000089d00000, 0x0000000089e00000|  0%| F|  |TAMS 0x0000000089d00000, 0x0000000089d00000| Untracked 
| 158|0x0000000089e00000, 0x0000000089e00000, 0x0000000089f00000|  0%| F|  |TAMS 0x0000000089e00000, 0x0000000089e00000| Untracked 
| 159|0x0000000089f00000, 0x0000000089f00000, 0x000000008a000000|  0%| F|  |TAMS 0x0000000089f00000, 0x0000000089f00000| Untracked 
| 160|0x000000008a000000, 0x000000008a000000, 0x000000008a100000|  0%| F|  |TAMS 0x000000008a000000, 0x000000008a000000| Untracked 
| 161|0x000000008a100000, 0x000000008a100000, 0x000000008a200000|  0%| F|  |TAMS 0x000000008a100000, 0x000000008a100000| Untracked 
| 162|0x000000008a200000, 0x000000008a200000, 0x000000008a300000|  0%| F|  |TAMS 0x000000008a200000, 0x000000008a200000| Untracked 
| 163|0x000000008a300000, 0x000000008a300000, 0x000000008a400000|  0%| F|  |TAMS 0x000000008a300000, 0x000000008a300000| Untracked 
| 164|0x000000008a400000, 0x000000008a400000, 0x000000008a500000|  0%| F|  |TAMS 0x000000008a400000, 0x000000008a400000| Untracked 
| 165|0x000000008a500000, 0x000000008a500000, 0x000000008a600000|  0%| F|  |TAMS 0x000000008a500000, 0x000000008a500000| Untracked 
| 166|0x000000008a600000, 0x000000008a600000, 0x000000008a700000|  0%| F|  |TAMS 0x000000008a600000, 0x000000008a600000| Untracked 
| 167|0x000000008a700000, 0x000000008a700000, 0x000000008a800000|  0%| F|  |TAMS 0x000000008a700000, 0x000000008a700000| Untracked 
| 168|0x000000008a800000, 0x000000008a800000, 0x000000008a900000|  0%| F|  |TAMS 0x000000008a800000, 0x000000008a800000| Untracked 
| 169|0x000000008a900000, 0x000000008a900000, 0x000000008aa00000|  0%| F|  |TAMS 0x000000008a900000, 0x000000008a900000| Untracked 
| 170|0x000000008aa00000, 0x000000008aa00000, 0x000000008ab00000|  0%| F|  |TAMS 0x000000008aa00000, 0x000000008aa00000| Untracked 
| 171|0x000000008ab00000, 0x000000008ab00000, 0x000000008ac00000|  0%| F|  |TAMS 0x000000008ab00000, 0x000000008ab00000| Untracked 
| 172|0x000000008ac00000, 0x000000008ac00000, 0x000000008ad00000|  0%| F|  |TAMS 0x000000008ac00000, 0x000000008ac00000| Untracked 
| 173|0x000000008ad00000, 0x000000008ad00000, 0x000000008ae00000|  0%| F|  |TAMS 0x000000008ad00000, 0x000000008ad00000| Untracked 
| 174|0x000000008ae00000, 0x000000008ae00000, 0x000000008af00000|  0%| F|  |TAMS 0x000000008ae00000, 0x000000008ae00000| Untracked 
| 175|0x000000008af00000, 0x000000008af00000, 0x000000008b000000|  0%| F|  |TAMS 0x000000008af00000, 0x000000008af00000| Untracked 
| 176|0x000000008b000000, 0x000000008b000000, 0x000000008b100000|  0%| F|  |TAMS 0x000000008b000000, 0x000000008b000000| Untracked 
| 177|0x000000008b100000, 0x000000008b100000, 0x000000008b200000|  0%| F|  |TAMS 0x000000008b100000, 0x000000008b100000| Untracked 
| 178|0x000000008b200000, 0x000000008b200000, 0x000000008b300000|  0%| F|  |TAMS 0x000000008b200000, 0x000000008b200000| Untracked 
| 179|0x000000008b300000, 0x000000008b300000, 0x000000008b400000|  0%| F|  |TAMS 0x000000008b300000, 0x000000008b300000| Untracked 
| 180|0x000000008b400000, 0x000000008b400000, 0x000000008b500000|  0%| F|  |TAMS 0x000000008b400000, 0x000000008b400000| Untracked 
| 181|0x000000008b500000, 0x000000008b500000, 0x000000008b600000|  0%| F|  |TAMS 0x000000008b500000, 0x000000008b500000| Untracked 
| 182|0x000000008b600000, 0x000000008b600000, 0x000000008b700000|  0%| F|  |TAMS 0x000000008b600000, 0x000000008b600000| Untracked 
| 183|0x000000008b700000, 0x000000008b700000, 0x000000008b800000|  0%| F|  |TAMS 0x000000008b700000, 0x000000008b700000| Untracked 
| 184|0x000000008b800000, 0x000000008b800000, 0x000000008b900000|  0%| F|  |TAMS 0x000000008b800000, 0x000000008b800000| Untracked 
| 185|0x000000008b900000, 0x000000008b900000, 0x000000008ba00000|  0%| F|  |TAMS 0x000000008b900000, 0x000000008b900000| Untracked 
| 186|0x000000008ba00000, 0x000000008ba00000, 0x000000008bb00000|  0%| F|  |TAMS 0x000000008ba00000, 0x000000008ba00000| Untracked 
| 187|0x000000008bb00000, 0x000000008bb00000, 0x000000008bc00000|  0%| F|  |TAMS 0x000000008bb00000, 0x000000008bb00000| Untracked 
| 188|0x000000008bc00000, 0x000000008bc00000, 0x000000008bd00000|  0%| F|  |TAMS 0x000000008bc00000, 0x000000008bc00000| Untracked 
| 189|0x000000008bd00000, 0x000000008bd00000, 0x000000008be00000|  0%| F|  |TAMS 0x000000008bd00000, 0x000000008bd00000| Untracked 
| 190|0x000000008be00000, 0x000000008be00000, 0x000000008bf00000|  0%| F|  |TAMS 0x000000008be00000, 0x000000008be00000| Untracked 
| 191|0x000000008bf00000, 0x000000008c000000, 0x000000008c000000|100%| S|CS|TAMS 0x000000008bf00000, 0x000000008bf00000| Complete 
| 192|0x000000008c000000, 0x000000008c100000, 0x000000008c100000|100%| S|CS|TAMS 0x000000008c000000, 0x000000008c000000| Complete 
| 193|0x000000008c100000, 0x000000008c200000, 0x000000008c200000|100%| S|CS|TAMS 0x000000008c100000, 0x000000008c100000| Complete 
| 194|0x000000008c200000, 0x000000008c300000, 0x000000008c300000|100%| S|CS|TAMS 0x000000008c200000, 0x000000008c200000| Complete 
| 195|0x000000008c300000, 0x000000008c400000, 0x000000008c400000|100%| S|CS|TAMS 0x000000008c300000, 0x000000008c300000| Complete 
| 196|0x000000008c400000, 0x000000008c400000, 0x000000008c500000|  0%| F|  |TAMS 0x000000008c400000, 0x000000008c400000| Untracked 
| 197|0x000000008c500000, 0x000000008c500000, 0x000000008c600000|  0%| F|  |TAMS 0x000000008c500000, 0x000000008c500000| Untracked 
| 198|0x000000008c600000, 0x000000008c600000, 0x000000008c700000|  0%| F|  |TAMS 0x000000008c600000, 0x000000008c600000| Untracked 
| 199|0x000000008c700000, 0x000000008c700000, 0x000000008c800000|  0%| F|  |TAMS 0x000000008c700000, 0x000000008c700000| Untracked 
| 200|0x000000008c800000, 0x000000008c800000, 0x000000008c900000|  0%| F|  |TAMS 0x000000008c800000, 0x000000008c800000| Untracked 
| 201|0x000000008c900000, 0x000000008c900000, 0x000000008ca00000|  0%| F|  |TAMS 0x000000008c900000, 0x000000008c900000| Untracked 
| 202|0x000000008ca00000, 0x000000008ca00000, 0x000000008cb00000|  0%| F|  |TAMS 0x000000008ca00000, 0x000000008ca00000| Untracked 
| 203|0x000000008cb00000, 0x000000008cb00000, 0x000000008cc00000|  0%| F|  |TAMS 0x000000008cb00000, 0x000000008cb00000| Untracked 
| 204|0x000000008cc00000, 0x000000008cc00000, 0x000000008cd00000|  0%| F|  |TAMS 0x000000008cc00000, 0x000000008cc00000| Untracked 
| 205|0x000000008cd00000, 0x000000008cd00000, 0x000000008ce00000|  0%| F|  |TAMS 0x000000008cd00000, 0x000000008cd00000| Untracked 
| 206|0x000000008ce00000, 0x000000008ce00000, 0x000000008cf00000|  0%| F|  |TAMS 0x000000008ce00000, 0x000000008ce00000| Untracked 
| 207|0x000000008cf00000, 0x000000008cf00000, 0x000000008d000000|  0%| F|  |TAMS 0x000000008cf00000, 0x000000008cf00000| Untracked 
| 208|0x000000008d000000, 0x000000008d000000, 0x000000008d100000|  0%| F|  |TAMS 0x000000008d000000, 0x000000008d000000| Untracked 
| 209|0x000000008d100000, 0x000000008d100000, 0x000000008d200000|  0%| F|  |TAMS 0x000000008d100000, 0x000000008d100000| Untracked 
| 210|0x000000008d200000, 0x000000008d200000, 0x000000008d300000|  0%| F|  |TAMS 0x000000008d200000, 0x000000008d200000| Untracked 
| 211|0x000000008d300000, 0x000000008d300000, 0x000000008d400000|  0%| F|  |TAMS 0x000000008d300000, 0x000000008d300000| Untracked 
| 212|0x000000008d400000, 0x000000008d400000, 0x000000008d500000|  0%| F|  |TAMS 0x000000008d400000, 0x000000008d400000| Untracked 
| 213|0x000000008d500000, 0x000000008d500000, 0x000000008d600000|  0%| F|  |TAMS 0x000000008d500000, 0x000000008d500000| Untracked 
| 214|0x000000008d600000, 0x000000008d600000, 0x000000008d700000|  0%| F|  |TAMS 0x000000008d600000, 0x000000008d600000| Untracked 
| 215|0x000000008d700000, 0x000000008d700000, 0x000000008d800000|  0%| F|  |TAMS 0x000000008d700000, 0x000000008d700000| Untracked 
| 216|0x000000008d800000, 0x000000008d800000, 0x000000008d900000|  0%| F|  |TAMS 0x000000008d800000, 0x000000008d800000| Untracked 
| 217|0x000000008d900000, 0x000000008d900000, 0x000000008da00000|  0%| F|  |TAMS 0x000000008d900000, 0x000000008d900000| Untracked 
| 218|0x000000008da00000, 0x000000008da00000, 0x000000008db00000|  0%| F|  |TAMS 0x000000008da00000, 0x000000008da00000| Untracked 
| 219|0x000000008db00000, 0x000000008db00000, 0x000000008dc00000|  0%| F|  |TAMS 0x000000008db00000, 0x000000008db00000| Untracked 
| 220|0x000000008dc00000, 0x000000008dc00000, 0x000000008dd00000|  0%| F|  |TAMS 0x000000008dc00000, 0x000000008dc00000| Untracked 
| 221|0x000000008dd00000, 0x000000008dd00000, 0x000000008de00000|  0%| F|  |TAMS 0x000000008dd00000, 0x000000008dd00000| Untracked 
| 222|0x000000008de00000, 0x000000008de00000, 0x000000008df00000|  0%| F|  |TAMS 0x000000008de00000, 0x000000008de00000| Untracked 
| 223|0x000000008df00000, 0x000000008df00000, 0x000000008e000000|  0%| F|  |TAMS 0x000000008df00000, 0x000000008df00000| Untracked 

Card table byte_map: [0x0000029dfeb90000,0x0000029dfef90000] _byte_map_base: 0x0000029dfe790000

Marking Bits (Prev, Next): (CMBitMap*) 0x0000029df6592d40, (CMBitMap*) 0x0000029df6592d80
 Prev Bits: [0x0000029d8f000000, 0x0000029d91000000)
 Next Bits: [0x0000029d91000000, 0x0000029d93000000)

Polling page: 0x0000029df4510000

Metaspace:

Usage:
  Non-class:     80.22 MB capacity,    79.39 MB ( 99%) used,   719.75 KB ( <1%) free+waste,   129.38 KB ( <1%) overhead. 
      Class:     12.29 MB capacity,    11.93 MB ( 97%) used,   317.81 KB (  3%) free+waste,    50.38 KB ( <1%) overhead. 
       Both:     92.51 MB capacity,    91.32 MB ( 99%) used,     1.01 MB (  1%) free+waste,   179.75 KB ( <1%) overhead. 

Virtual space:
  Non-class space:       82.00 MB reserved,      80.33 MB ( 98%) committed 
      Class space:        1.00 GB reserved,      12.32 MB (  1%) committed 
             Both:        1.08 GB reserved,      92.65 MB (  8%) committed 

Chunk freelists:
   Non-Class:  46.00 KB
       Class:  24.00 KB
        Both:  70.00 KB

MaxMetaspaceSize: 17179869184.00 GB
CompressedClassSpaceSize: 1.00 GB

CodeHeap 'non-profiled nmethods': size=120000Kb used=5952Kb max_used=5952Kb free=114047Kb
 bounds [0x0000029d87ad0000, 0x0000029d880b0000, 0x0000029d8f000000]
CodeHeap 'profiled nmethods': size=120000Kb used=21732Kb max_used=21732Kb free=98267Kb
 bounds [0x0000029d805a0000, 0x0000029d81ae0000, 0x0000029d87ad0000]
CodeHeap 'non-nmethods': size=5760Kb used=2456Kb max_used=2558Kb free=3304Kb
 bounds [0x0000029d80000000, 0x0000029d802b0000, 0x0000029d805a0000]
 total_blobs=11468 nmethods=10515 adapters=865
 compilation: enabled
              stopped_count=0, restarted_count=0
 full_count=0

Compilation events (20 events):
Event: 74.077 Thread 0x0000029dff830550 nmethod 12279 0x0000029d8809b990 code [0x0000029d8809bb80, 0x0000029d8809c9a8]
Event: 74.077 Thread 0x0000029dff830550 12208       4       com.android.tools.r8.internal.mH0::a (38 bytes)
Event: 74.081 Thread 0x0000029dff830550 nmethod 12208 0x0000029d8809d110 code [0x0000029d8809d2a0, 0x0000029d8809d458]
Event: 74.082 Thread 0x0000029dff830550 12278       4       com.android.tools.r8.internal.CD0::<init> (32 bytes)
Event: 74.084 Thread 0x0000029dff830550 nmethod 12278 0x0000029d8809d590 code [0x0000029d8809d700, 0x0000029d8809d838]
Event: 74.084 Thread 0x0000029dff830550 12286       4       com.android.tools.r8.internal.KK0::a (57 bytes)
Event: 74.085 Thread 0x0000029dff830550 nmethod 12286 0x0000029d8809d890 code [0x0000029d8809da00, 0x0000029d8809dab8]
Event: 74.085 Thread 0x0000029dff830550 12277       4       com.android.tools.r8.internal.CD0::h (40 bytes)
Event: 74.089 Thread 0x0000029dff830550 nmethod 12277 0x0000029d8809db90 code [0x0000029d8809dd20, 0x0000029d8809df18]
Event: 74.090 Thread 0x0000029dff830550 12273       4       com.android.tools.r8.internal.Ce1::<init> (62 bytes)
Event: 74.095 Thread 0x0000029dff830550 nmethod 12273 0x0000029d8809e190 code [0x0000029d8809e300, 0x0000029d8809e658]
Event: 74.095 Thread 0x0000029dff830550 12274       4       com.android.tools.r8.graph.n2::b (48 bytes)
Event: 74.117 Thread 0x0000029dff830550 nmethod 12274 0x0000029d8809e710 code [0x0000029d8809e8e0, 0x0000029d8809f4e8]
Event: 74.117 Thread 0x0000029dff830550 12276       4       com.android.tools.r8.internal.Ce1::<init> (53 bytes)
Event: 74.123 Thread 0x0000029dff830550 nmethod 12276 0x0000029d8809fa10 code [0x0000029d8809fb80, 0x0000029d8809fed8]
Event: 74.123 Thread 0x0000029dff830550 12295       4       com.android.tools.r8.graph.n2::a (2441 bytes)
Event: 74.287 Thread 0x0000029dff833ca0 12331       2       com.android.tools.r8.internal.iF0::<init> (91 bytes)
Event: 74.287 Thread 0x0000029dff833ca0 nmethod 12331 0x0000029d80a58e10 code [0x0000029d80a58fc0, 0x0000029d80a59238]
Event: 74.538 Thread 0x0000029dff833ca0 12340       2       java.util.ArrayDeque::add (7 bytes)
Event: 74.538 Thread 0x0000029dff833ca0 nmethod 12340 0x0000029d80a58a90 code [0x0000029d80a58c20, 0x0000029d80a58d48]

GC Heap History (20 events):
Event: 52.460 GC heap after
{Heap after GC invocations=43 (full 0):
 garbage-first heap   total 161792K, used 79970K [0x0000000080000000, 0x0000000100000000)
  region size 1024K, 3 young (3072K), 3 survivors (3072K)
 Metaspace       used 80904K, capacity 81990K, committed 82076K, reserved 1120256K
  class space    used 10477K, capacity 10813K, committed 10828K, reserved 1048576K
}
Event: 57.817 GC heap before
{Heap before GC invocations=44 (full 0):
 garbage-first heap   total 161792K, used 129122K [0x0000000080000000, 0x0000000100000000)
  region size 1024K, 52 young (53248K), 3 survivors (3072K)
 Metaspace       used 82197K, capacity 83332K, committed 83612K, reserved 1122304K
  class space    used 10626K, capacity 11027K, committed 11084K, reserved 1048576K
}
Event: 57.835 GC heap after
{Heap after GC invocations=45 (full 0):
 garbage-first heap   total 161792K, used 83483K [0x0000000080000000, 0x0000000100000000)
  region size 1024K, 7 young (7168K), 7 survivors (7168K)
 Metaspace       used 82197K, capacity 83332K, committed 83612K, reserved 1122304K
  class space    used 10626K, capacity 11027K, committed 11084K, reserved 1048576K
}
Event: 59.343 GC heap before
{Heap before GC invocations=45 (full 0):
 garbage-first heap   total 161792K, used 129563K [0x0000000080000000, 0x0000000100000000)
  region size 1024K, 53 young (54272K), 7 survivors (7168K)
 Metaspace       used 85211K, capacity 86346K, committed 86556K, reserved 1124352K
  class space    used 11025K, capacity 11413K, committed 11468K, reserved 1048576K
}
Event: 59.361 GC heap after
{Heap after GC invocations=46 (full 0):
 garbage-first heap   total 161792K, used 86580K [0x0000000080000000, 0x0000000100000000)
  region size 1024K, 4 young (4096K), 4 survivors (4096K)
 Metaspace       used 85211K, capacity 86346K, committed 86556K, reserved 1124352K
  class space    used 11025K, capacity 11413K, committed 11468K, reserved 1048576K
}
Event: 60.494 GC heap before
{Heap before GC invocations=47 (full 0):
 garbage-first heap   total 161792K, used 122420K [0x0000000080000000, 0x0000000100000000)
  region size 1024K, 41 young (41984K), 4 survivors (4096K)
 Metaspace       used 86038K, capacity 87180K, committed 87452K, reserved 1126400K
  class space    used 11130K, capacity 11477K, committed 11596K, reserved 1048576K
}
Event: 60.514 GC heap after
{Heap after GC invocations=48 (full 0):
 garbage-first heap   total 161792K, used 96208K [0x0000000080000000, 0x0000000100000000)
  region size 1024K, 7 young (7168K), 7 survivors (7168K)
 Metaspace       used 86038K, capacity 87180K, committed 87452K, reserved 1126400K
  class space    used 11130K, capacity 11477K, committed 11596K, reserved 1048576K
}
Event: 61.311 GC heap before
{Heap before GC invocations=49 (full 0):
 garbage-first heap   total 198656K, used 128976K [0x0000000080000000, 0x0000000100000000)
  region size 1024K, 38 young (38912K), 7 survivors (7168K)
 Metaspace       used 87290K, capacity 88428K, committed 88604K, reserved 1126400K
  class space    used 11281K, capacity 11637K, committed 11724K, reserved 1048576K
}
Event: 61.330 GC heap after
{Heap after GC invocations=50 (full 0):
 garbage-first heap   total 198656K, used 100611K [0x0000000080000000, 0x0000000100000000)
  region size 1024K, 5 young (5120K), 5 survivors (5120K)
 Metaspace       used 87290K, capacity 88428K, committed 88604K, reserved 1126400K
  class space    used 11281K, capacity 11637K, committed 11724K, reserved 1048576K
}
Event: 64.132 GC heap before
{Heap before GC invocations=50 (full 0):
 garbage-first heap   total 198656K, used 153859K [0x0000000080000000, 0x0000000100000000)
  region size 1024K, 57 young (58368K), 5 survivors (5120K)
 Metaspace       used 89965K, capacity 91189K, committed 91548K, reserved 1128448K
  class space    used 11634K, capacity 12002K, committed 12108K, reserved 1048576K
}
Event: 64.162 GC heap after
{Heap after GC invocations=51 (full 0):
 garbage-first heap   total 198656K, used 107980K [0x0000000080000000, 0x0000000100000000)
  region size 1024K, 8 young (8192K), 8 survivors (8192K)
 Metaspace       used 89965K, capacity 91189K, committed 91548K, reserved 1128448K
  class space    used 11634K, capacity 12002K, committed 12108K, reserved 1048576K
}
Event: 66.787 GC heap before
{Heap before GC invocations=52 (full 0):
 garbage-first heap   total 222208K, used 154060K [0x0000000080000000, 0x0000000100000000)
  region size 1024K, 53 young (54272K), 8 survivors (8192K)
 Metaspace       used 90758K, capacity 91931K, committed 92188K, reserved 1130496K
  class space    used 11750K, capacity 12100K, committed 12236K, reserved 1048576K
}
Event: 66.878 GC heap after
{Heap after GC invocations=53 (full 0):
 garbage-first heap   total 222208K, used 116930K [0x0000000080000000, 0x0000000100000000)
  region size 1024K, 7 young (7168K), 7 survivors (7168K)
 Metaspace       used 90758K, capacity 91931K, committed 92188K, reserved 1130496K
  class space    used 11750K, capacity 12100K, committed 12236K, reserved 1048576K
}
Event: 68.822 GC heap before
{Heap before GC invocations=53 (full 0):
 garbage-first heap   total 222208K, used 171202K [0x0000000080000000, 0x0000000100000000)
  region size 1024K, 60 young (61440K), 7 survivors (7168K)
 Metaspace       used 91696K, capacity 92897K, committed 93084K, reserved 1130496K
  class space    used 11870K, capacity 12229K, committed 12364K, reserved 1048576K
}
Event: 68.945 GC heap after
{Heap after GC invocations=54 (full 0):
 garbage-first heap   total 222208K, used 126976K [0x0000000080000000, 0x0000000100000000)
  region size 1024K, 8 young (8192K), 8 survivors (8192K)
 Metaspace       used 91696K, capacity 92897K, committed 93084K, reserved 1130496K
  class space    used 11870K, capacity 12229K, committed 12364K, reserved 1048576K
}
Event: 70.237 GC heap before
{Heap before GC invocations=54 (full 0):
 garbage-first heap   total 222208K, used 175104K [0x0000000080000000, 0x0000000100000000)
  region size 1024K, 56 young (57344K), 8 survivors (8192K)
 Metaspace       used 92333K, capacity 93511K, committed 93596K, reserved 1130496K
  class space    used 11979K, capacity 12327K, committed 12364K, reserved 1048576K
}
Event: 71.211 GC heap after
{Heap after GC invocations=55 (full 0):
 garbage-first heap   total 222208K, used 136192K [0x0000000080000000, 0x0000000100000000)
  region size 1024K, 7 young (7168K), 7 survivors (7168K)
 Metaspace       used 92333K, capacity 93511K, committed 93596K, reserved 1130496K
  class space    used 11979K, capacity 12327K, committed 12364K, reserved 1048576K
}
Event: 72.111 GC heap before
{Heap before GC invocations=56 (full 0):
 garbage-first heap   total 229376K, used 179200K [0x0000000080000000, 0x0000000100000000)
  region size 1024K, 49 young (50176K), 7 survivors (7168K)
 Metaspace       used 92400K, capacity 93607K, committed 93980K, reserved 1130496K
  class space    used 11992K, capacity 12359K, committed 12492K, reserved 1048576K
}
Event: 72.594 GC heap after
{Heap after GC invocations=57 (full 0):
 garbage-first heap   total 229376K, used 144384K [0x0000000080000000, 0x0000000100000000)
  region size 1024K, 7 young (7168K), 7 survivors (7168K)
 Metaspace       used 92400K, capacity 93607K, committed 93980K, reserved 1130496K
  class space    used 11992K, capacity 12359K, committed 12492K, reserved 1048576K
}
Event: 74.593 GC heap before
{Heap before GC invocations=57 (full 0):
 garbage-first heap   total 229376K, used 173056K [0x0000000080000000, 0x0000000100000000)
  region size 1024K, 35 young (35840K), 7 survivors (7168K)
 Metaspace       used 93512K, capacity 94730K, committed 94876K, reserved 1132544K
  class space    used 12215K, capacity 12584K, committed 12620K, reserved 1048576K
}

Deoptimization events (20 events):
Event: 73.430 Thread 0x0000029d96fd1410 DEOPT PACKING pc=0x0000029d81acd2d4 sp=0x000000c822ef9400
Event: 73.430 Thread 0x0000029d96fd1410 DEOPT UNPACKING pc=0x0000029d8004e23f sp=0x000000c822ef8b90 mode 0
Event: 73.430 Thread 0x0000029d96fd1410 DEOPT PACKING pc=0x0000029d807232ea sp=0x000000c822ef9fb0
Event: 73.495 Thread 0x0000029d96fd1410 DEOPT UNPACKING pc=0x0000029d8004e23f sp=0x000000c822ef9478 mode 0
Event: 73.945 Thread 0x0000029d96fd1410 DEOPT PACKING pc=0x0000029d81accb59 sp=0x000000c822ef9420
Event: 73.945 Thread 0x0000029d96fd1410 DEOPT UNPACKING pc=0x0000029d8004e23f sp=0x000000c822ef8bb0 mode 0
Event: 74.256 Thread 0x0000029d96fd1410 DEOPT PACKING pc=0x0000029d81aced23 sp=0x000000c822ef9420
Event: 74.257 Thread 0x0000029d96fd1410 DEOPT UNPACKING pc=0x0000029d8004e23f sp=0x000000c822ef8ba8 mode 0
Event: 74.268 Thread 0x0000029d96fd1410 DEOPT PACKING pc=0x0000029d81accb59 sp=0x000000c822ef9420
Event: 74.268 Thread 0x0000029d96fd1410 DEOPT UNPACKING pc=0x0000029d8004e23f sp=0x000000c822ef8bb0 mode 0
Event: 74.269 Thread 0x0000029d96fd1410 DEOPT PACKING pc=0x0000029d81a060b9 sp=0x000000c822ef9860
Event: 74.269 Thread 0x0000029d96fd1410 DEOPT UNPACKING pc=0x0000029d8004e23f sp=0x000000c822ef9148 mode 0
Event: 74.302 Thread 0x0000029d96fd1410 DEOPT PACKING pc=0x0000029d81accb59 sp=0x000000c822ef9440
Event: 74.302 Thread 0x0000029d96fd1410 DEOPT UNPACKING pc=0x0000029d8004e23f sp=0x000000c822ef8bd0 mode 0
Event: 74.539 Thread 0x0000029d96fd1410 DEOPT PACKING pc=0x0000029d81accb17 sp=0x000000c822ef9440
Event: 74.539 Thread 0x0000029d96fd1410 DEOPT UNPACKING pc=0x0000029d8004e23f sp=0x000000c822ef8bd0 mode 0
Event: 74.550 Thread 0x0000029d96fd1410 DEOPT PACKING pc=0x0000029d81accb59 sp=0x000000c822ef9440
Event: 74.550 Thread 0x0000029d96fd1410 DEOPT UNPACKING pc=0x0000029d8004e23f sp=0x000000c822ef8bd0 mode 0
Event: 74.591 Thread 0x0000029d96fd1410 DEOPT PACKING pc=0x0000029d81accb59 sp=0x000000c822ef9460
Event: 74.591 Thread 0x0000029d96fd1410 DEOPT UNPACKING pc=0x0000029d8004e23f sp=0x000000c822ef8bf0 mode 0

Classes unloaded (0 events):
No events

Classes redefined (0 events):
No events

Internal exceptions (20 events):
Event: 61.338 Thread 0x0000029d96fd1410 Exception <a 'sun/nio/fs/WindowsException'{0x000000008c065898}> (0x000000008c065898) 
thrown [./open/src/hotspot/share/prims/jni.cpp, line 578]
Event: 61.498 Thread 0x0000029d9624d500 Exception <a 'java/lang/NoSuchMethodError'{0x000000008be75748}: 'void java.lang.invoke.DirectMethodHandle$Holder.invokeStatic(java.lang.Object, long)'> (0x000000008be75748) 
thrown [./open/src/hotspot/share/interpreter/linkResolver.cpp, line 782]
Event: 61.499 Thread 0x0000029d9624d500 Exception <a 'java/lang/NoSuchMethodError'{0x000000008be7b028}: 'java.lang.Object java.lang.invoke.DirectMethodHandle$Holder.newInvokeSpecial(java.lang.Object, long)'> (0x000000008be7b028) 
thrown [./open/src/hotspot/share/interpreter/linkResolver.cpp, line 782]
Event: 61.502 Thread 0x0000029d9624d500 Exception <a 'java/lang/NoSuchMethodError'{0x000000008be82198}: 'java.lang.Object java.lang.invoke.DirectMethodHandle$Holder.invokeStatic(java.lang.Object, java.lang.Object, long, java.lang.Object)'> (0x000000008be82198) 
thrown [./open/src/hotspot/share/interpreter/linkResolver.cpp, line 782]
Event: 61.503 Thread 0x0000029d9624d500 Exception <a 'java/lang/NoSuchMethodError'{0x000000008be860e0}: 'java.lang.Object java.lang.invoke.DirectMethodHandle$Holder.invokeStaticInit(java.lang.Object, java.lang.Object, long, java.lang.Object)'> (0x000000008be860e0) 
thrown [./open/src/hotspot/share/interpreter/linkResolver.cpp, line 782]
Event: 61.505 Thread 0x0000029d9624d500 Exception <a 'java/lang/NoSuchMethodError'{0x000000008be8cdf8}: 'java.lang.Object java.lang.invoke.DirectMethodHandle$Holder.newInvokeSpecial(java.lang.Object, java.lang.Object, long)'> (0x000000008be8cdf8) 
thrown [./open/src/hotspot/share/interpreter/linkResolver.cpp, line 782]
Event: 61.505 Thread 0x0000029d9624d500 Exception <a 'java/lang/NoSuchMethodError'{0x000000008be90e10}: 'java.lang.Object java.lang.invoke.Invokers$Holder.linkToTargetMethod(java.lang.Object, long, java.lang.Object)'> (0x000000008be90e10) 
thrown [./open/src/hotspot/share/interpreter/linkResolver.cpp, line 782]
Event: 61.725 Thread 0x0000029d96fd1410 Exception <a 'java/lang/NoSuchMethodError'{0x000000008bc941d8}: 'java.lang.Object java.lang.invoke.DirectMethodHandle$Holder.invokeStaticInit(java.lang.Object, java.lang.Object, java.lang.Object, java.lang.Object, java.lang.Object, java.lang.Object, java.lang.Object, java.lang.Object, java.lang.Object, java.lang.Object, java.lang.Object, java.lang.Object, java.lang.Object, java.lang.Object, java.lang.Object, java.lang.Object, java.lang.Object, java.lang.Object, int, java.lang.Object, java.lang.Object)'> (0
Event: 61.835 Thread 0x0000029d96fd1410 Exception <a 'java/lang/IncompatibleClassChangeError'{0x000000008bb74110}: Found class java.lang.Object, but interface was expected> (0x000000008bb74110) 
thrown [./open/src/hotspot/share/interpreter/linkResolver.cpp, line 848]
Event: 61.835 Thread 0x0000029d96fd5770 Exception <a 'java/lang/IncompatibleClassChangeError'{0x000000008bbb5b98}: Found class java.lang.Object, but interface was expected> (0x000000008bbb5b98) 
thrown [./open/src/hotspot/share/interpreter/linkResolver.cpp, line 848]
Event: 61.870 Thread 0x0000029d96fd5770 Exception <a 'java/lang/NoSuchMethodError'{0x000000008ba8ec58}: 'java.lang.Object java.lang.invoke.DirectMethodHandle$Holder.invokeSpecial(java.lang.Object, java.lang.Object, java.lang.Object, int, java.lang.Object, java.lang.Object)'> (0x000000008ba8ec58) 
thrown [./open/src/hotspot/share/interpreter/linkResolver.cpp, line 782]
Event: 64.085 Thread 0x0000029d975bbd60 Exception <a 'java/lang/NoSuchMethodError'{0x0000000088e87240}: 'int java.lang.invoke.DirectMethodHandle$Holder.invokeVirtual(java.lang.Object, java.lang.Object, java.lang.Object, java.lang.Object)'> (0x0000000088e87240) 
thrown [./open/src/hotspot/share/interpreter/linkResolver.cpp, line 782]
Event: 64.547 Thread 0x0000029d975bbd60 Exception <a 'java/lang/IncompatibleClassChangeError'{0x000000008aac0568}: Found class java.lang.Object, but interface was expected> (0x000000008aac0568) 
thrown [./open/src/hotspot/share/interpreter/linkResolver.cpp, line 848]
Event: 65.801 Thread 0x0000029d96fd5770 Exception <a 'java/lang/NoSuchMethodError'{0x000000008d88a9a8}: 'int java.lang.invoke.DirectMethodHandle$Holder.invokeVirtual(java.lang.Object, java.lang.Object, java.lang.Object)'> (0x000000008d88a9a8) 
thrown [./open/src/hotspot/share/interpreter/linkResolver.cpp, line 782]
Event: 66.045 Thread 0x0000029d9624d500 Exception <a 'java/lang/NoSuchMethodError'{0x000000008d24b5c0}: 'int java.lang.invoke.DirectMethodHandle$Holder.invokeSpecialIFC(java.lang.Object, java.lang.Object, java.lang.Object)'> (0x000000008d24b5c0) 
thrown [./open/src/hotspot/share/interpreter/linkResolver.cpp, line 782]
Event: 69.068 Thread 0x0000029d975bbd60 Exception <a 'java/lang/NoSuchMethodError'{0x000000008d35bf78}: 'java.lang.Object java.lang.invoke.DirectMethodHandle$Holder.invokeStatic(java.lang.Object, int, java.lang.Object, java.lang.Object)'> (0x000000008d35bf78) 
thrown [./open/src/hotspot/share/interpreter/linkResolver.cpp, line 782]
Event: 69.069 Thread 0x0000029d96fd1410 Exception <a 'java/lang/NoSuchMethodError'{0x000000008d4a8f48}: 'java.lang.Object java.lang.invoke.DirectMethodHandle$Holder.invokeStatic(java.lang.Object, int, java.lang.Object, java.lang.Object)'> (0x000000008d4a8f48) 
thrown [./open/src/hotspot/share/interpreter/linkResolver.cpp, line 782]
Event: 74.294 Thread 0x0000029d96fd5770 Exception <a 'java/lang/NoSuchMethodError'{0x000000008cb85b78}: 'java.lang.Object java.lang.invoke.DirectMethodHandle$Holder.invokeVirtual(java.lang.Object, java.lang.Object, int, java.lang.Object)'> (0x000000008cb85b78) 
thrown [./open/src/hotspot/share/interpreter/linkResolver.cpp, line 782]
Event: 74.345 Thread 0x0000029d975bbd60 Exception <a 'java/lang/IncompatibleClassChangeError'{0x000000008c9f5888}: Found class java.lang.Object, but interface was expected> (0x000000008c9f5888) 
thrown [./open/src/hotspot/share/interpreter/linkResolver.cpp, line 848]
Event: 74.348 Thread 0x0000029d975bbd60 Exception <a 'java/lang/IncompatibleClassChangeError'{0x000000008c9ff8c0}: Found class java.lang.Object, but interface was expected> (0x000000008c9ff8c0) 
thrown [./open/src/hotspot/share/interpreter/linkResolver.cpp, line 848]

Events (20 events):
Event: 70.195 Executing VM operation: HandshakeAllThreads done
Event: 70.220 Executing VM operation: G1CollectForAllocation
Event: 71.212 Executing VM operation: G1CollectForAllocation done
Event: 71.213 Executing VM operation: G1Concurrent
Event: 71.405 Executing VM operation: G1Concurrent done
Event: 71.687 Executing VM operation: G1Concurrent
Event: 71.691 Executing VM operation: G1Concurrent done
Event: 71.691 Executing VM operation: HandshakeAllThreads
Event: 71.691 Executing VM operation: HandshakeAllThreads done
Event: 71.897 Executing VM operation: HandshakeAllThreads
Event: 71.971 Executing VM operation: HandshakeAllThreads done
Event: 71.980 Executing VM operation: HandshakeAllThreads
Event: 72.080 Executing VM operation: HandshakeAllThreads done
Event: 72.080 Executing VM operation: G1CollectForAllocation
Event: 72.618 Executing VM operation: G1CollectForAllocation done
Event: 73.943 Executing VM operation: HandshakeAllThreads
Event: 73.944 Executing VM operation: HandshakeAllThreads done
Event: 73.975 Executing VM operation: HandshakeAllThreads
Event: 73.976 Executing VM operation: HandshakeAllThreads done
Event: 74.593 Executing VM operation: G1CollectForAllocation


Dynamic libraries:
0x00007ff7a7e30000 - 0x00007ff7a7e3f000 	C:\Program Files\Java\jdk-15.0.1\bin\java.exe
0x00007ff8b6330000 - 0x00007ff8b6525000 	C:\WINDOWS\SYSTEM32\ntdll.dll
0x00007ff8b49d0000 - 0x00007ff8b4a8e000 	C:\WINDOWS\System32\KERNEL32.DLL
0x00007ff8b3db0000 - 0x00007ff8b4078000 	C:\WINDOWS\System32\KERNELBASE.dll
0x00007ff8b3cb0000 - 0x00007ff8b3db0000 	C:\WINDOWS\System32\ucrtbase.dll
0x00007ff8a9130000 - 0x00007ff8a9149000 	C:\Program Files\Java\jdk-15.0.1\bin\VCRUNTIME140.dll
0x00007ff8a9110000 - 0x00007ff8a9128000 	C:\Program Files\Java\jdk-15.0.1\bin\jli.dll
0x00007ff8b4670000 - 0x00007ff8b471e000 	C:\WINDOWS\System32\ADVAPI32.dll
0x00007ff8b4da0000 - 0x00007ff8b4e3e000 	C:\WINDOWS\System32\msvcrt.dll
0x00007ff8b4bd0000 - 0x00007ff8b4c6c000 	C:\WINDOWS\System32\sechost.dll
0x00007ff8b4a90000 - 0x00007ff8b4bb5000 	C:\WINDOWS\System32\RPCRT4.dll
0x00007ff8b51a0000 - 0x00007ff8b5340000 	C:\WINDOWS\System32\USER32.dll
0x00007ff8993d0000 - 0x00007ff89966a000 	C:\WINDOWS\WinSxS\amd64_microsoft.windows.common-controls_6595b64144ccf1df_6.0.19041.1110_none_60b5254171f9507e\COMCTL32.dll
0x00007ff8b4200000 - 0x00007ff8b4222000 	C:\WINDOWS\System32\win32u.dll
0x00007ff8b4720000 - 0x00007ff8b474a000 	C:\WINDOWS\System32\GDI32.dll
0x00007ff8b4230000 - 0x00007ff8b433b000 	C:\WINDOWS\System32\gdi32full.dll
0x00007ff8b4130000 - 0x00007ff8b41cd000 	C:\WINDOWS\System32\msvcp_win.dll
0x00007ff8a9150000 - 0x00007ff8a915a000 	C:\WINDOWS\SYSTEM32\VERSION.dll
0x00007ff8b4390000 - 0x00007ff8b43c0000 	C:\WINDOWS\System32\IMM32.DLL
0x00007ff8af6a0000 - 0x00007ff8af6ac000 	C:\Program Files\Java\jdk-15.0.1\bin\vcruntime140_1.dll
0x00007ff88f640000 - 0x00007ff88f6d1000 	C:\Program Files\Java\jdk-15.0.1\bin\msvcp140.dll
0x00007ff865d20000 - 0x00007ff86687e000 	C:\Program Files\Java\jdk-15.0.1\bin\server\jvm.dll
0x00007ff8b4470000 - 0x00007ff8b4478000 	C:\WINDOWS\System32\PSAPI.DLL
0x00007ff8a9240000 - 0x00007ff8a9249000 	C:\WINDOWS\SYSTEM32\WSOCK32.dll
0x00007ff8985e0000 - 0x00007ff898607000 	C:\WINDOWS\SYSTEM32\WINMM.dll
0x00007ff8b4900000 - 0x00007ff8b496b000 	C:\WINDOWS\System32\WS2_32.dll
0x00007ff8b2300000 - 0x00007ff8b2312000 	C:\WINDOWS\SYSTEM32\kernel.appcore.dll
0x00007ff8a9100000 - 0x00007ff8a910a000 	C:\Program Files\Java\jdk-15.0.1\bin\jimage.dll
0x00007ff8b0af0000 - 0x00007ff8b0cd4000 	C:\WINDOWS\SYSTEM32\DBGHELP.DLL
0x00007ff898290000 - 0x00007ff8982bc000 	C:\WINDOWS\SYSTEM32\dbgcore.DLL
0x00007ff8b3a50000 - 0x00007ff8b3ad2000 	C:\WINDOWS\System32\bcryptPrimitives.dll
0x00007ff8a90d0000 - 0x00007ff8a90f5000 	C:\Program Files\Java\jdk-15.0.1\bin\java.dll
0x00007ff8b5a30000 - 0x00007ff8b6174000 	C:\WINDOWS\System32\SHELL32.dll
0x00007ff8b1b00000 - 0x00007ff8b2294000 	C:\WINDOWS\SYSTEM32\windows.storage.dll
0x00007ff8b4e40000 - 0x00007ff8b5194000 	C:\WINDOWS\System32\combase.dll
0x00007ff8b33f0000 - 0x00007ff8b341c000 	C:\WINDOWS\SYSTEM32\Wldp.dll
0x00007ff8b5340000 - 0x00007ff8b53ed000 	C:\WINDOWS\System32\SHCORE.dll
0x00007ff8b4610000 - 0x00007ff8b4665000 	C:\WINDOWS\System32\shlwapi.dll
0x00007ff8b3990000 - 0x00007ff8b39af000 	C:\WINDOWS\SYSTEM32\profapi.dll
0x00007ff8a9430000 - 0x00007ff8a9449000 	C:\Program Files\Java\jdk-15.0.1\bin\net.dll
0x00007ff8a8090000 - 0x00007ff8a819a000 	C:\WINDOWS\SYSTEM32\WINHTTP.dll
0x00007ff8b3150000 - 0x00007ff8b31ba000 	C:\WINDOWS\system32\mswsock.dll
0x00007ff88f620000 - 0x00007ff88f632000 	C:\Program Files\Java\jdk-15.0.1\bin\nio.dll
0x00007ff88f600000 - 0x00007ff88f618000 	C:\Program Files\Java\jdk-15.0.1\bin\zip.dll
0x00007ff8ae910000 - 0x00007ff8ae920000 	C:\Program Files\Java\jdk-15.0.1\bin\verify.dll
0x00007ff8a8980000 - 0x00007ff8a89a7000 	C:\Users\aqibn\.gradle\native\e1d6ef7f7dcc3fd88c89a11ec53ec762bb8ba0a96d01ffa2cd45eb1d1d8dd5c5\windows-amd64\native-platform.dll
0x00007ff868920000 - 0x00007ff868a64000 	C:\Users\aqibn\.gradle\native\5664cfc778a61ccfe75a443a1ab52a65af34e5dc3c78e0209fed803814484fcb\windows-amd64\native-platform-file-events.dll
0x00007ff8ab030000 - 0x00007ff8ab039000 	C:\Program Files\Java\jdk-15.0.1\bin\management.dll
0x00007ff8aa8a0000 - 0x00007ff8aa8ab000 	C:\Program Files\Java\jdk-15.0.1\bin\management_ext.dll
0x00007ff8b3350000 - 0x00007ff8b3368000 	C:\WINDOWS\SYSTEM32\CRYPTSP.dll
0x00007ff8b2ad0000 - 0x00007ff8b2b04000 	C:\WINDOWS\system32\rsaenh.dll
0x00007ff8b41d0000 - 0x00007ff8b41f7000 	C:\WINDOWS\System32\bcrypt.dll
0x00007ff8b3910000 - 0x00007ff8b393e000 	C:\WINDOWS\SYSTEM32\USERENV.dll
0x00007ff8b3340000 - 0x00007ff8b334c000 	C:\WINDOWS\SYSTEM32\CRYPTBASE.dll
0x00007ff8b2e40000 - 0x00007ff8b2e7b000 	C:\WINDOWS\SYSTEM32\IPHLPAPI.DLL
0x00007ff8b4d90000 - 0x00007ff8b4d98000 	C:\WINDOWS\System32\NSI.dll
0x00007ff8a6c00000 - 0x00007ff8a6c17000 	C:\WINDOWS\SYSTEM32\dhcpcsvc6.DLL
0x00007ff8a7690000 - 0x00007ff8a76ad000 	C:\WINDOWS\SYSTEM32\dhcpcsvc.DLL
0x00007ff8b2e80000 - 0x00007ff8b2f4b000 	C:\WINDOWS\SYSTEM32\DNSAPI.dll
0x00007ff8af6e0000 - 0x00007ff8af6ed000 	C:\Program Files\Java\jdk-15.0.1\bin\sunmscapi.dll
0x00007ff8b3ae0000 - 0x00007ff8b3c36000 	C:\WINDOWS\System32\CRYPT32.dll
0x00007ff8b3460000 - 0x00007ff8b3487000 	C:\WINDOWS\SYSTEM32\ncrypt.dll
0x00007ff8b3420000 - 0x00007ff8b345b000 	C:\WINDOWS\SYSTEM32\NTASN1.dll
0x00007ff8a0650000 - 0x00007ff8a065a000 	C:\Windows\System32\rasadhlp.dll
0x00007ff8a1190000 - 0x00007ff8a120f000 	C:\WINDOWS\System32\fwpuclnt.dll

dbghelp: loaded successfully - version: 4.0.5 - missing functions: none
symbol engine: initialized successfully - sym options: 0x614 - pdb path: .;C:\Program Files\Java\jdk-15.0.1\bin;C:\WINDOWS\SYSTEM32;C:\WINDOWS\WinSxS\amd64_microsoft.windows.common-controls_6595b64144ccf1df_6.0.19041.1110_none_60b5254171f9507e;C:\Program Files\Java\jdk-15.0.1\bin\server;C:\Users\aqibn\.gradle\native\e1d6ef7f7dcc3fd88c89a11ec53ec762bb8ba0a96d01ffa2cd45eb1d1d8dd5c5\windows-amd64;C:\Users\aqibn\.gradle\native\5664cfc778a61ccfe75a443a1ab52a65af34e5dc3c78e0209fed803814484fcb\windows-amd64

VM Arguments:
jvm_args: --add-opens=java.base/java.util=ALL-UNNAMED --add-opens=java.base/java.lang=ALL-UNNAMED --add-opens=java.base/java.lang.invoke=ALL-UNNAMED --add-opens=java.base/java.util=ALL-UNNAMED --add-opens=java.prefs/java.util.prefs=ALL-UNNAMED --add-opens=java.prefs/java.util.prefs=ALL-UNNAMED --add-opens=java.base/java.nio.charset=ALL-UNNAMED --add-opens=java.base/java.net=ALL-UNNAMED --add-opens=java.base/java.util.concurrent.atomic=ALL-UNNAMED -Xmx2048m -Dfile.encoding=UTF-8 -Duser.country=US -Duser.language=en -Duser.variant 
java_command: org.gradle.launcher.daemon.bootstrap.GradleDaemon 7.2
java_class_path (initial): C:\Users\aqibn\.gradle\wrapper\dists\gradle-7.2-bin\2dnblmf4td7x66yl1d74lt32g\gradle-7.2\lib\gradle-launcher-7.2.jar
Launcher Type: SUN_STANDARD

[Global flags]
     intx CICompilerCount                          = 3                                         {product} {ergonomic}
     uint ConcGCThreads                            = 1                                         {product} {ergonomic}
     uint G1ConcRefinementThreads                  = 4                                         {product} {ergonomic}
   size_t G1HeapRegionSize                         = 1048576                                   {product} {ergonomic}
    uintx GCDrainStackTargetSize                   = 64                                        {product} {ergonomic}
   size_t InitialHeapSize                          = 67108864                                  {product} {ergonomic}
   size_t MarkStackSize                            = 4194304                                   {product} {ergonomic}
   size_t MaxHeapSize                              = 2147483648                                {product} {command line}
   size_t MaxNewSize                               = 1287651328                                {product} {ergonomic}
   size_t MinHeapDeltaBytes                        = 1048576                                   {product} {ergonomic}
   size_t MinHeapSize                              = 8388608                                   {product} {ergonomic}
    uintx NonNMethodCodeHeapSize                   = 5832780                                {pd product} {ergonomic}
    uintx NonProfiledCodeHeapSize                  = 122912730                              {pd product} {ergonomic}
    uintx ProfiledCodeHeapSize                     = 122912730                              {pd product} {ergonomic}
    uintx ReservedCodeCacheSize                    = 251658240                              {pd product} {ergonomic}
     bool SegmentedCodeCache                       = true                                      {product} {ergonomic}
   size_t SoftMaxHeapSize                          = 2147483648                             {manageable} {ergonomic}
     bool UseCompressedClassPointers               = true                                 {lp64_product} {ergonomic}
     bool UseCompressedOops                        = true                                 {lp64_product} {ergonomic}
     bool UseG1GC                                  = true                                      {product} {ergonomic}
     bool UseLargePagesIndividualAllocation        = false                                  {pd product} {ergonomic}

Logging:
Log output configuration:
 #0: stdout all=warning uptime,level,tags
 #1: stderr all=off uptime,level,tags

Environment Variables:
JAVA_HOME=C:\Program Files\Java\jdk-15.0.1\bin
PATH=C:\Program Files\Common Files\Oracle\Java\javapath;C:\WINDOWS\system32;C:\WINDOWS;C:\WINDOWS\System32\Wbem;C:\WINDOWS\System32\WindowsPowerShell\v1.0\;C:\WINDOWS\System32\OpenSSH\;C:\Program Files\Git\cmd;C:\Program Files (x86)\Intel\Intel(R) Management Engine Components\DAL;C:\Program Files\Intel\Intel(R) Management Engine Components\DAL;C:\Program Files\dotnet\;C:\Program Files (x86)\Windows Kits\10\Windows Performance Toolkit\;C:\Users\aqibn\AppData\Local\Microsoft\WindowsApps;C:\Users\aqibn\AppData\Local\Programs\Microsoft VS Code\bin;C:\Users\aqibn\AppData\Local\GitHubDesktop\bin;C:\Users\aqibn\.dotnet\tools
USERNAME=aqibn
OS=Windows_NT
PROCESSOR_IDENTIFIER=Intel64 Family 6 Model 78 Stepping 3, GenuineIntel



---------------  S Y S T E M  ---------------

OS:
 Windows 10 , 64 bit Build 19041 (10.0.19041.1645)
OS uptime: 0 days 16:35 hours

CPU: total 4 (initial active 4) (2 cores per cpu, 2 threads per core) family 6 model 78 stepping 3 microcode 0xcc, cmov, cx8, fxsr, mmx, sse, sse2, sse3, ssse3, sse4.1, sse4.2, popcnt, vzeroupper, avx, avx2, aes, clmul, erms, rtm, 3dnowpref, lzcnt, ht, tsc, tscinvbit, bmi1, bmi2, adx, fma, clflush, clflushopt

Memory: 4k page, system-wide physical 3976M (216M free)
TotalPageFile size 8072M (AvailPageFile size 178M)
current process WorkingSet (physical memory assigned to process): 425M, peak: 431M
current process commit charge ("private bytes"): 583M, peak: 815M

vm_info: Java HotSpot(TM) 64-Bit Server VM (15.0.1+9-18) for windows-amd64 JRE (15.0.1+9-18), built on Sep 15 2020 14:43:54 by "mach5one" with unknown MS VC++:1925

END.
