#
# There is insufficient memory for the Java Runtime Environment to continue.
# Native memory allocation (mmap) failed to map 25165824 bytes for G1 virtual space
# Possible reasons:
#   The system is out of physical RAM or swap space
#   The process is running with CompressedOops enabled, and the Java Heap may be blocking the growth of the native heap
# Possible solutions:
#   Reduce memory load on the system
#   Increase physical memory or swap space
#   Check if swap backing store is full
#   Decrease Java heap size (-Xmx/-Xms)
#   Decrease number of Java threads
#   Decrease Java thread stack sizes (-Xss)
#   Set larger code cache with -XX:ReservedCodeCacheSize=
#   JVM is running with Unscaled Compressed Oops mode in which the Java heap is
#     placed in the first 4GB address space. The Java Heap base address is the
#     maximum limit for the native heap growth. Please use -XX:HeapBaseMinAddress
#     to set the Java Heap base and to place the Java Heap above 4GB virtual address.
# This output file may be truncated or incomplete.
#
#  Out of Memory Error (./open/src/hotspot/os/windows/os_windows.cpp:3472), pid=15304, tid=11508
#
# JRE version: Java(TM) SE Runtime Environment (15.0.1+9) (build 15.0.1+9-18)
# Java VM: Java HotSpot(TM) 64-Bit Server VM (15.0.1+9-18, mixed mode, sharing, tiered, compressed oops, g1 gc, windows-amd64)
# No core dump will be written. Minidumps are not enabled by default on client versions of Windows
#

---------------  S U M M A R Y ------------

Command Line: --add-opens=java.base/java.util=ALL-UNNAMED --add-opens=java.base/java.lang=ALL-UNNAMED --add-opens=java.base/java.lang.invoke=ALL-UNNAMED --add-opens=java.base/java.util=ALL-UNNAMED --add-opens=java.prefs/java.util.prefs=ALL-UNNAMED --add-opens=java.prefs/java.util.prefs=ALL-UNNAMED --add-opens=java.base/java.nio.charset=ALL-UNNAMED --add-opens=java.base/java.net=ALL-UNNAMED --add-opens=java.base/java.util.concurrent.atomic=ALL-UNNAMED -Xmx2048m -Dfile.encoding=UTF-8 -Duser.country=US -Duser.language=en -Duser.variant org.gradle.launcher.daemon.bootstrap.GradleDaemon 7.2

Host: Intel(R) Core(TM) i7-6600U CPU @ 2.60GHz, 4 cores, 3G,  Windows 10 , 64 bit Build 19041 (10.0.19041.1645)
Time: Thu May  5 12:03:45 2022 Pakistan Standard Time elapsed time: 35.605796 seconds (0d 0h 0m 35s)

---------------  T H R E A D  ---------------

Current thread (0x0000028dd31de830):  VMThread "VM Thread" [stack: 0x000000a8e2800000,0x000000a8e2900000] [id=11508]

Stack: [0x000000a8e2800000,0x000000a8e2900000]
[error occurred during error reporting (printing stack bounds), id 0xc0000005, EXCEPTION_ACCESS_VIOLATION (0xc0000005) at pc=0x0000028dbca210ad]

Native frames: (J=compiled Java code, j=interpreted, Vv=VM code, C=native code)
V  [jvm.dll+0x62ae9a]
V  [jvm.dll+0x781389]
V  [jvm.dll+0x782ae3]
V  [jvm.dll+0x7830a5]
V  [jvm.dll+0x78305b]
V  [jvm.dll+0x62a2b9]
V  [jvm.dll+0x62aa88]
C  [ntdll.dll+0xa20cf]
C  [ntdll.dll+0x51454]
C  [ntdll.dll+0xa0bfe]
C  0x0000028dbca210ad

VM_Operation (0x000000a8e3df5150): G1CollectForAllocation, mode: safepoint, requested by thread 0x0000028dd3c33bb0


---------------  P R O C E S S  ---------------

Threads class SMR info:
_java_thread_list=0x0000028dd9666710, length=80, elements={
0x0000028db2fae740, 0x0000028dd31e1fd0, 0x0000028dd31e2ab0, 0x0000028dd31fe7b0,
0x0000028dd31ff170, 0x0000028dd3207b40, 0x0000028dd320bde0, 0x0000028dd320e8a0,
0x0000028dd3211a90, 0x0000028dd3c32870, 0x0000028dd3c323a0, 0x0000028dd3c34080,
0x0000028dd3c32d40, 0x0000028dd3c336e0, 0x0000028dd3c31530, 0x0000028dd3c33bb0,
0x0000028dd57b7da0, 0x0000028dd57ba8f0, 0x0000028dd57b8270, 0x0000028dd57b8740,
0x0000028dd57bd440, 0x0000028dd57badc0, 0x0000028dd7c92f10, 0x0000028dd7c8ced0,
0x0000028dd7c8d870, 0x0000028dd7c8c530, 0x0000028dd895cff0, 0x0000028dd895d4c0,
0x0000028dd8957e20, 0x0000028dd7c8f080, 0x0000028dd7c8fa20, 0x0000028dd7c8e210,
0x0000028dd7c8dd40, 0x0000028dd7c8fef0, 0x0000028dd7c90890, 0x0000028dd7c8e6e0,
0x0000028dd7c8ebb0, 0x0000028dd7c91230, 0x0000028dd7c903c0, 0x0000028dd7c90d60,
0x0000028dd7c91700, 0x0000028dd7c91bd0, 0x0000028dd7c920a0, 0x0000028dd7c92570,
0x0000028dd8956fb0, 0x0000028dd8959160, 0x0000028dd8959b00, 0x0000028dd895bcb0,
0x0000028dd8959fd0, 0x0000028dd895c180, 0x0000028dd8957950, 0x0000028dd895c650,
0x0000028dd57b9a80, 0x0000028dd57b8c10, 0x0000028dd57b6590, 0x0000028dd57b6a60,
0x0000028dd57ba420, 0x0000028dd3c34550, 0x0000028dd3c31060, 0x0000028dd3c34a20,
0x0000028dd3c31a00, 0x0000028dd60cdfd0, 0x0000028dd60cd630, 0x0000028dd60ccc90,
0x0000028dd60d1990, 0x0000028dd60cb480, 0x0000028dd60d2330, 0x0000028dd60cee40,
0x0000028dd60cb950, 0x0000028dd60cdb00, 0x0000028dd60ce4a0, 0x0000028dd60ce970,
0x0000028dd60cbe20, 0x0000028dd60cc2f0, 0x0000028dd60cc7c0, 0x0000028dd60d1e60,
0x0000028dd60d2800, 0x0000028dd60cafb0, 0x0000028dd60cd160, 0x0000028dd60cf310
}
_to_delete_list=0x0000028dd600fbb0, length=61, elements={
0x0000028db2fae740, 0x0000028dd31e1fd0, 0x0000028dd31e2ab0, 0x0000028dd31fe7b0,
0x0000028dd31ff170, 0x0000028dd3207b40, 0x0000028dd320bde0, 0x0000028dd320e8a0,
0x0000028dd3211a90, 0x0000028dd3c32870, 0x0000028dd3c323a0, 0x0000028dd3c34080,
0x0000028dd3c32d40, 0x0000028dd3c336e0, 0x0000028dd3c31530, 0x0000028dd3c33bb0,
0x0000028dd57b7da0, 0x0000028dd57ba8f0, 0x0000028dd57b8270, 0x0000028dd57b8740,
0x0000028dd57bd440, 0x0000028dd57badc0, 0x0000028dd7c92f10, 0x0000028dd7c8ced0,
0x0000028dd7c8d870, 0x0000028dd7c8c530, 0x0000028dd895cff0, 0x0000028dd895d4c0,
0x0000028dd8957e20, 0x0000028dd7c8f080, 0x0000028dd7c8fa20, 0x0000028dd7c8e210,
0x0000028dd7c8dd40, 0x0000028dd7c8fef0, 0x0000028dd7c90890, 0x0000028dd7c8e6e0,
0x0000028dd7c8ebb0, 0x0000028dd7c91230, 0x0000028dd7c903c0, 0x0000028dd7c90d60,
0x0000028dd7c91700, 0x0000028dd7c91bd0, 0x0000028dd7c920a0, 0x0000028dd7c92570,
0x0000028dd8956fb0, 0x0000028dd8959160, 0x0000028dd8959b00, 0x0000028dd895bcb0,
0x0000028dd8959fd0, 0x0000028dd895c180, 0x0000028dd8957950, 0x0000028dd895c650,
0x0000028dd57b9a80, 0x0000028dd57b8c10, 0x0000028dd57b6590, 0x0000028dd57b6a60,
0x0000028dd57ba420, 0x0000028dd3c34550, 0x0000028dd3c31060, 0x0000028dd3c34a20,
0x0000028dd3c31a00
}

Java Threads: ( => current thread )
  0x0000028db2fae740 JavaThread "main" [_thread_blocked, id=5800, stack(0x000000a8e2200000,0x000000a8e2300000)]
  0x0000028dd31e1fd0 JavaThread "Reference Handler" daemon [_thread_blocked, id=13180, stack(0x000000a8e2900000,0x000000a8e2a00000)]
  0x0000028dd31e2ab0 JavaThread "Finalizer" daemon [_thread_blocked, id=6308, stack(0x000000a8e2a00000,0x000000a8e2b00000)]
  0x0000028dd31fe7b0 JavaThread "Signal Dispatcher" daemon [_thread_blocked, id=2584, stack(0x000000a8e2b00000,0x000000a8e2c00000)]
  0x0000028dd31ff170 JavaThread "Attach Listener" daemon [_thread_blocked, id=3396, stack(0x000000a8e2c00000,0x000000a8e2d00000)]
  0x0000028dd3207b40 JavaThread "Service Thread" daemon [_thread_blocked, id=5672, stack(0x000000a8e2d00000,0x000000a8e2e00000)]
  0x0000028dd320bde0 JavaThread "C2 CompilerThread0" daemon [_thread_blocked, id=6936, stack(0x000000a8e2e00000,0x000000a8e2f00000)]
  0x0000028dd320e8a0 JavaThread "C1 CompilerThread0" daemon [_thread_blocked, id=9900, stack(0x000000a8e2f00000,0x000000a8e3000000)]
  0x0000028dd3211a90 JavaThread "Sweeper thread" daemon [_thread_blocked, id=4444, stack(0x000000a8e3000000,0x000000a8e3100000)]
  0x0000028dd3c32870 JavaThread "Common-Cleaner" daemon [_thread_blocked, id=13256, stack(0x000000a8e3100000,0x000000a8e3200000)]
  0x0000028dd3c323a0 JavaThread "Notification Thread" daemon [_thread_blocked, id=4772, stack(0x000000a8e3200000,0x000000a8e3300000)]
  0x0000028dd3c34080 JavaThread "Daemon health stats" [_thread_blocked, id=14104, stack(0x000000a8e3500000,0x000000a8e3600000)]
  0x0000028dd3c32d40 JavaThread "Incoming local TCP Connector on port 57368" [_thread_in_native, id=12856, stack(0x000000a8e3600000,0x000000a8e3700000)]
  0x0000028dd3c336e0 JavaThread "Daemon periodic checks" [_thread_blocked, id=12208, stack(0x000000a8e3700000,0x000000a8e3800000)]
  0x0000028dd3c31530 JavaThread "Daemon" [_thread_blocked, id=11340, stack(0x000000a8e3800000,0x000000a8e3900000)]
  0x0000028dd3c33bb0 JavaThread "Daemon worker" [_thread_blocked, id=12216, stack(0x000000a8e3d00000,0x000000a8e3e00000)]
  0x0000028dd57b7da0 JavaThread "Cache worker for journal cache (C:\Users\aqibn\.gradle\caches\journal-1)" [_thread_blocked, id=5768, stack(0x000000a8e4100000,0x000000a8e4200000)]
  0x0000028dd57ba8f0 JavaThread "File lock request listener" [_thread_in_native, id=7912, stack(0x000000a8e4200000,0x000000a8e4300000)]
  0x0000028dd57b8270 JavaThread "Cache worker for file hash cache (C:\Users\aqibn\.gradle\caches\7.2\fileHashes)" [_thread_blocked, id=10380, stack(0x000000a8e4300000,0x000000a8e4400000)]
  0x0000028dd57b8740 JavaThread "File watcher server" daemon [_thread_in_native, id=11844, stack(0x000000a8e4500000,0x000000a8e4600000)]
  0x0000028dd57bd440 JavaThread "File watcher consumer" daemon [_thread_blocked, id=7748, stack(0x000000a8e4600000,0x000000a8e4700000)]
  0x0000028dd57badc0 JavaThread "Cache worker for execution history cache (C:\Users\aqibn\.gradle\caches\7.2\executionHistory)" [_thread_blocked, id=8632, stack(0x000000a8e4a00000,0x000000a8e4b00000)]
  0x0000028dd7c92f10 JavaThread "jar transforms" [_thread_blocked, id=4736, stack(0x000000a8e4b00000,0x000000a8e4c00000)]
  0x0000028dd7c8ced0 JavaThread "Cache worker for file content cache (C:\Users\aqibn\.gradle\caches\7.2\fileContent)" [_thread_blocked, id=3872, stack(0x000000a8e4c00000,0x000000a8e4d00000)]
  0x0000028dd7c8d870 JavaThread "jar transforms Thread 2" [_thread_blocked, id=2328, stack(0x000000a8e4d00000,0x000000a8e4e00000)]
  0x0000028dd7c8c530 JavaThread "jar transforms Thread 3" [_thread_blocked, id=8812, stack(0x000000a8e4f00000,0x000000a8e5000000)]
  0x0000028dd895cff0 JavaThread "jar transforms Thread 4" [_thread_blocked, id=7580, stack(0x000000a8e7900000,0x000000a8e7a00000)]
  0x0000028dd895d4c0 JavaThread "Memory manager" [_thread_blocked, id=10164, stack(0x000000a8e7a00000,0x000000a8e7b00000)]
  0x0000028dd8957e20 JavaThread "pool-3-thread-1" [_thread_blocked, id=13432, stack(0x000000a8e7c00000,0x000000a8e7d00000)]
  0x0000028dd7c8f080 JavaThread "Handler for socket connection from /127.0.0.1:57368 to /127.0.0.1:57374" [_thread_in_native, id=15280, stack(0x000000a8e3a00000,0x000000a8e3b00000)]
  0x0000028dd7c8fa20 JavaThread "Cancel handler" [_thread_blocked, id=12932, stack(0x000000a8e3f00000,0x000000a8e4000000)]
  0x0000028dd7c8e210 JavaThread "Asynchronous log dispatcher for DefaultDaemonConnection: socket connection from /127.0.0.1:57368 to /127.0.0.1:57374" [_thread_blocked, id=7456, stack(0x000000a8e4000000,0x000000a8e4100000)]
  0x0000028dd7c8dd40 JavaThread "Stdin handler" [_thread_blocked, id=13832, stack(0x000000a8e4400000,0x000000a8e4500000)]
  0x0000028dd7c8fef0 JavaThread "Daemon client event forwarder" [_thread_blocked, id=13752, stack(0x000000a8e4700000,0x000000a8e4800000)]
  0x0000028dd7c90890 JavaThread "Cache worker for file hash cache (C:\Users\aqibn\AndroidStudioProjects\iShare\.gradle\7.2\fileHashes)" [_thread_blocked, id=12164, stack(0x000000a8e4800000,0x000000a8e4900000)]
  0x0000028dd7c8e6e0 JavaThread "Cache worker for checksums cache (C:\Users\aqibn\AndroidStudioProjects\iShare\.gradle\checksums)" [_thread_blocked, id=11396, stack(0x000000a8e4900000,0x000000a8e4a00000)]
  0x0000028dd7c8ebb0 JavaThread "Cache worker for cache directory md-supplier (C:\Users\aqibn\.gradle\caches\7.2\md-supplier)" [_thread_blocked, id=10956, stack(0x000000a8e4e00000,0x000000a8e4f00000)]
  0x0000028dd7c91230 JavaThread "Cache worker for cache directory md-rule (C:\Users\aqibn\.gradle\caches\7.2\md-rule)" [_thread_blocked, id=768, stack(0x000000a8e5000000,0x000000a8e5100000)]
  0x0000028dd7c903c0 JavaThread "Cache worker for dependencies-accessors (C:\Users\aqibn\AndroidStudioProjects\iShare\.gradle\7.2\dependencies-accessors)" [_thread_blocked, id=628, stack(0x000000a8e5100000,0x000000a8e5200000)]
  0x0000028dd7c90d60 JavaThread "Cache worker for Build Output Cleanup Cache (C:\Users\aqibn\AndroidStudioProjects\iShare\.gradle\buildOutputCleanup)" [_thread_blocked, id=14020, stack(0x000000a8e5200000,0x000000a8e5300000)]
  0x0000028dd7c91700 JavaThread "Unconstrained build operations" [_thread_blocked, id=5636, stack(0x000000a8e5300000,0x000000a8e5400000)]
  0x0000028dd7c91bd0 JavaThread "Unconstrained build operations Thread 2" [_thread_blocked, id=10904, stack(0x000000a8e5400000,0x000000a8e5500000)]
  0x0000028dd7c920a0 JavaThread "Unconstrained build operations Thread 3" [_thread_blocked, id=944, stack(0x000000a8e5500000,0x000000a8e5600000)]
  0x0000028dd7c92570 JavaThread "Unconstrained build operations Thread 4" [_thread_blocked, id=7800, stack(0x000000a8e5600000,0x000000a8e5700000)]
  0x0000028dd8956fb0 JavaThread "Unconstrained build operations Thread 5" [_thread_blocked, id=14148, stack(0x000000a8e5700000,0x000000a8e5800000)]
  0x0000028dd8959160 JavaThread "Unconstrained build operations Thread 6" [_thread_blocked, id=14664, stack(0x000000a8e5800000,0x000000a8e5900000)]
  0x0000028dd8959b00 JavaThread "Unconstrained build operations Thread 7" [_thread_blocked, id=10628, stack(0x000000a8e5900000,0x000000a8e5a00000)]
  0x0000028dd895bcb0 JavaThread "Unconstrained build operations Thread 8" [_thread_blocked, id=8368, stack(0x000000a8e5a00000,0x000000a8e5b00000)]
  0x0000028dd8959fd0 JavaThread "Unconstrained build operations Thread 9" [_thread_blocked, id=14484, stack(0x000000a8e5b00000,0x000000a8e5c00000)]
  0x0000028dd895c180 JavaThread "Unconstrained build operations Thread 10" [_thread_blocked, id=15168, stack(0x000000a8e5c00000,0x000000a8e5d00000)]
  0x0000028dd8957950 JavaThread "Unconstrained build operations Thread 11" [_thread_blocked, id=12380, stack(0x000000a8e5d00000,0x000000a8e5e00000)]
  0x0000028dd895c650 JavaThread "Unconstrained build operations Thread 12" [_thread_blocked, id=9336, stack(0x000000a8e5e00000,0x000000a8e5f00000)]
  0x0000028dd57b9a80 JavaThread "Unconstrained build operations Thread 13" [_thread_blocked, id=11296, stack(0x000000a8e5f00000,0x000000a8e6000000)]
  0x0000028dd57b8c10 JavaThread "Unconstrained build operations Thread 14" [_thread_blocked, id=6976, stack(0x000000a8e6000000,0x000000a8e6100000)]
  0x0000028dd57b6590 JavaThread "Unconstrained build operations Thread 15" [_thread_blocked, id=15056, stack(0x000000a8e6100000,0x000000a8e6200000)]
  0x0000028dd57b6a60 JavaThread "Unconstrained build operations Thread 16" [_thread_blocked, id=13492, stack(0x000000a8e6200000,0x000000a8e6300000)]
  0x0000028dd57ba420 JavaThread "Unconstrained build operations Thread 17" [_thread_blocked, id=12864, stack(0x000000a8e6300000,0x000000a8e6400000)]
  0x0000028dd3c34550 JavaThread "Unconstrained build operations Thread 18" [_thread_blocked, id=15344, stack(0x000000a8e6400000,0x000000a8e6500000)]
  0x0000028dd3c31060 JavaThread "Unconstrained build operations Thread 19" [_thread_blocked, id=13876, stack(0x000000a8e6500000,0x000000a8e6600000)]
  0x0000028dd3c34a20 JavaThread "Unconstrained build operations Thread 20" [_thread_blocked, id=13900, stack(0x000000a8e6600000,0x000000a8e6700000)]
  0x0000028dd3c31a00 JavaThread "Unconstrained build operations Thread 21" [_thread_blocked, id=11260, stack(0x000000a8e6700000,0x000000a8e6800000)]
  0x0000028dd60cdfd0 JavaThread "Unconstrained build operations Thread 22" [_thread_blocked, id=11780, stack(0x000000a8e6800000,0x000000a8e6900000)]
  0x0000028dd60cd630 JavaThread "Unconstrained build operations Thread 23" [_thread_blocked, id=7884, stack(0x000000a8e6900000,0x000000a8e6a00000)]
  0x0000028dd60ccc90 JavaThread "Unconstrained build operations Thread 24" [_thread_blocked, id=11472, stack(0x000000a8e6a00000,0x000000a8e6b00000)]
  0x0000028dd60d1990 JavaThread "Unconstrained build operations Thread 25" [_thread_blocked, id=14056, stack(0x000000a8e6b00000,0x000000a8e6c00000)]
  0x0000028dd60cb480 JavaThread "Unconstrained build operations Thread 26" [_thread_blocked, id=13772, stack(0x000000a8e6c00000,0x000000a8e6d00000)]
  0x0000028dd60d2330 JavaThread "Unconstrained build operations Thread 27" [_thread_blocked, id=14112, stack(0x000000a8e6d00000,0x000000a8e6e00000)]
  0x0000028dd60cee40 JavaThread "Unconstrained build operations Thread 28" [_thread_blocked, id=4240, stack(0x000000a8e6e00000,0x000000a8e6f00000)]
  0x0000028dd60cb950 JavaThread "Unconstrained build operations Thread 29" [_thread_blocked, id=9500, stack(0x000000a8e6f00000,0x000000a8e7000000)]
  0x0000028dd60cdb00 JavaThread "Unconstrained build operations Thread 30" [_thread_blocked, id=12688, stack(0x000000a8e7000000,0x000000a8e7100000)]
  0x0000028dd60ce4a0 JavaThread "Unconstrained build operations Thread 31" [_thread_blocked, id=9620, stack(0x000000a8e7100000,0x000000a8e7200000)]
  0x0000028dd60ce970 JavaThread "Unconstrained build operations Thread 32" [_thread_blocked, id=4904, stack(0x000000a8e7200000,0x000000a8e7300000)]
  0x0000028dd60cbe20 JavaThread "Unconstrained build operations Thread 33" [_thread_blocked, id=3840, stack(0x000000a8e7300000,0x000000a8e7400000)]
  0x0000028dd60cc2f0 JavaThread "Unconstrained build operations Thread 34" [_thread_blocked, id=10964, stack(0x000000a8e7400000,0x000000a8e7500000)]
  0x0000028dd60cc7c0 JavaThread "Unconstrained build operations Thread 35" [_thread_blocked, id=9484, stack(0x000000a8e7500000,0x000000a8e7600000)]
  0x0000028dd60d1e60 JavaThread "Unconstrained build operations Thread 36" [_thread_blocked, id=15088, stack(0x000000a8e7600000,0x000000a8e7700000)]
  0x0000028dd60d2800 JavaThread "Unconstrained build operations Thread 37" [_thread_blocked, id=3948, stack(0x000000a8e7700000,0x000000a8e7800000)]
  0x0000028dd60cafb0 JavaThread "Unconstrained build operations Thread 38" [_thread_blocked, id=2348, stack(0x000000a8e7800000,0x000000a8e7900000)]
  0x0000028dd60cd160 JavaThread "Unconstrained build operations Thread 39" [_thread_blocked, id=8888, stack(0x000000a8e7b00000,0x000000a8e7c00000)]
  0x0000028dd60cf310 JavaThread "Unconstrained build operations Thread 40" [_thread_blocked, id=4032, stack(0x000000a8e7d00000,0x000000a8e7e00000)]

Other Threads:
=>0x0000028dd31de830 VMThread "VM Thread" [stack: 0x000000a8e2800000,0x000000a8e2900000] [id=11508]
  0x0000028dd3c4faf0 WatcherThread [stack: 0x000000a8e3300000,0x000000a8e3400000] [id=2168]
  0x0000028db3011620 GCTaskThread "GC Thread#0" [stack: 0x000000a8e2300000,0x000000a8e2400000] [id=15096]
  0x0000028dd42a85b0 GCTaskThread "GC Thread#1" [stack: 0x000000a8e3400000,0x000000a8e3500000] [id=6400]
  0x0000028dd42a95a0 GCTaskThread "GC Thread#2" [stack: 0x000000a8e3b00000,0x000000a8e3c00000] [id=8852]
  0x0000028dd42ab580 GCTaskThread "GC Thread#3" [stack: 0x000000a8e3c00000,0x000000a8e3d00000] [id=7264]
  0x0000028db30223c0 ConcurrentGCThread "G1 Main Marker" [stack: 0x000000a8e2400000,0x000000a8e2500000] [id=7428]
  0x0000028db3022c00 ConcurrentGCThread "G1 Conc#0" [stack: 0x000000a8e2500000,0x000000a8e2600000] [id=7576]
  0x0000028db3076a50 ConcurrentGCThread "G1 Refine#0" [stack: 0x000000a8e2600000,0x000000a8e2700000] [id=13428]
  0x0000028db30772a0 ConcurrentGCThread "G1 Young RemSet Sampling" [stack: 0x000000a8e2700000,0x000000a8e2800000] [id=12492]

Threads with active compile tasks:
C2 CompilerThread0    36015 8104       4       java.lang.Class::annotationData (44 bytes)

VM state: at safepoint (normal execution)

VM Mutex/Monitor currently owned by a thread:  ([mutex/lock_event])
[0x0000028db2fd0b20] Threads_lock - owner thread: 0x0000028dd31de830
[0x0000028db2fcf530] Heap_lock - owner thread: 0x0000028dd3c33bb0

Heap address: 0x0000000080000000, size: 2048 MB, Compressed Oops mode: 32-bit
CDS archive(s) mapped at: [0x0000000800000000-0x0000000800b50000-0x0000000800b50000), size 11862016, SharedBaseAddress: 0x0000000800000000, ArchiveRelocationMode: 0.
Compressed class space mapped at: 0x0000000800b50000-0x0000000840b50000, size: 1073741824
Narrow klass base: 0x0000000800000000, Narrow klass shift: 3, Narrow klass range: 0x100000000

GC Precious Log:
 CPUs: 4 total, 4 available
 Memory: 3976M
 Large Page Support: Disabled
 NUMA Support: Disabled
 Compressed Oops: Enabled (32-bit)
 Heap Region Size: 1M
 Heap Min Capacity: 8M
 Heap Initial Capacity: 64M
 Heap Max Capacity: 2G
 Pre-touch: Disabled
 Parallel Workers: 4
 Concurrent Workers: 1
 Concurrent Refinement Workers: 4
 Periodic GC: Disabled

Heap:
 garbage-first heap   total 147456K, used 68568K [0x0000000080000000, 0x0000000100000000)
  region size 1024K, 4 young (4096K), 4 survivors (4096K)
 Metaspace       used 70284K, capacity 71240K, committed 71324K, reserved 1112064K
  class space    used 8962K, capacity 9275K, committed 9292K, reserved 1048576K

Heap Regions: E=young(eden), S=young(survivor), O=old, HS=humongous(starts), HC=humongous(continues), CS=collection set, F=free, OA=open archive, CA=closed archive, TAMS=top-at-mark-start (previous, next)
|   0|0x0000000080000000, 0x0000000080100000, 0x0000000080100000|100%|HS|  |TAMS 0x0000000080100000, 0x0000000080000000| Complete 
|   1|0x0000000080100000, 0x0000000080200000, 0x0000000080200000|100%|HC|  |TAMS 0x0000000080200000, 0x0000000080100000| Complete 
|   2|0x0000000080200000, 0x0000000080300000, 0x0000000080300000|100%|HC|  |TAMS 0x0000000080300000, 0x0000000080200000| Complete 
|   3|0x0000000080300000, 0x0000000080400000, 0x0000000080400000|100%| O|  |TAMS 0x0000000080400000, 0x0000000080300000| Untracked 
|   4|0x0000000080400000, 0x0000000080500000, 0x0000000080500000|100%| O|  |TAMS 0x0000000080500000, 0x0000000080400000| Untracked 
|   5|0x0000000080500000, 0x0000000080600000, 0x0000000080600000|100%| O|  |TAMS 0x0000000080600000, 0x0000000080500000| Untracked 
|   6|0x0000000080600000, 0x0000000080700000, 0x0000000080700000|100%| O|  |TAMS 0x0000000080700000, 0x0000000080600000| Untracked 
|   7|0x0000000080700000, 0x0000000080800000, 0x0000000080800000|100%| O|  |TAMS 0x0000000080800000, 0x0000000080700000| Untracked 
|   8|0x0000000080800000, 0x0000000080900000, 0x0000000080900000|100%| O|  |TAMS 0x0000000080900000, 0x0000000080800000| Untracked 
|   9|0x0000000080900000, 0x0000000080a00000, 0x0000000080a00000|100%| O|  |TAMS 0x0000000080a00000, 0x0000000080900000| Untracked 
|  10|0x0000000080a00000, 0x0000000080b00000, 0x0000000080b00000|100%| O|  |TAMS 0x0000000080b00000, 0x0000000080a00000| Untracked 
|  11|0x0000000080b00000, 0x0000000080c00000, 0x0000000080c00000|100%| O|  |TAMS 0x0000000080c00000, 0x0000000080b00000| Untracked 
|  12|0x0000000080c00000, 0x0000000080d00000, 0x0000000080d00000|100%| O|  |TAMS 0x0000000080d00000, 0x0000000080c00000| Untracked 
|  13|0x0000000080d00000, 0x0000000080e00000, 0x0000000080e00000|100%| O|  |TAMS 0x0000000080e00000, 0x0000000080d00000| Untracked 
|  14|0x0000000080e00000, 0x0000000080f00000, 0x0000000080f00000|100%| O|  |TAMS 0x0000000080f00000, 0x0000000080e00000| Untracked 
|  15|0x0000000080f00000, 0x0000000081000000, 0x0000000081000000|100%| O|  |TAMS 0x0000000081000000, 0x0000000080f00000| Untracked 
|  16|0x0000000081000000, 0x00000000810e4400, 0x0000000081100000| 89%| O|  |TAMS 0x00000000810e4400, 0x0000000081000000| Untracked 
|  17|0x0000000081100000, 0x0000000081200000, 0x0000000081200000|100%| O|  |TAMS 0x0000000081200000, 0x0000000081100000| Untracked 
|  18|0x0000000081200000, 0x0000000081300000, 0x0000000081300000|100%| O|  |TAMS 0x0000000081300000, 0x0000000081200000| Untracked 
|  19|0x0000000081300000, 0x0000000081400000, 0x0000000081400000|100%| O|  |TAMS 0x0000000081400000, 0x0000000081300000| Untracked 
|  20|0x0000000081400000, 0x0000000081500000, 0x0000000081500000|100%| O|  |TAMS 0x0000000081500000, 0x0000000081400000| Untracked 
|  21|0x0000000081500000, 0x0000000081600000, 0x0000000081600000|100%| O|  |TAMS 0x0000000081600000, 0x0000000081500000| Untracked 
|  22|0x0000000081600000, 0x0000000081700000, 0x0000000081700000|100%| O|  |TAMS 0x0000000081700000, 0x0000000081600000| Untracked 
|  23|0x0000000081700000, 0x0000000081800000, 0x0000000081800000|100%| O|  |TAMS 0x0000000081800000, 0x0000000081700000| Untracked 
|  24|0x0000000081800000, 0x0000000081900000, 0x0000000081900000|100%| O|  |TAMS 0x0000000081900000, 0x0000000081800000| Untracked 
|  25|0x0000000081900000, 0x0000000081a00000, 0x0000000081a00000|100%| O|  |TAMS 0x0000000081a00000, 0x0000000081900000| Untracked 
|  26|0x0000000081a00000, 0x0000000081b00000, 0x0000000081b00000|100%| O|  |TAMS 0x0000000081b00000, 0x0000000081a00000| Untracked 
|  27|0x0000000081b00000, 0x0000000081c00000, 0x0000000081c00000|100%| O|  |TAMS 0x0000000081c00000, 0x0000000081b00000| Untracked 
|  28|0x0000000081c00000, 0x0000000081d00000, 0x0000000081d00000|100%| O|  |TAMS 0x0000000081d00000, 0x0000000081c00000| Untracked 
|  29|0x0000000081d00000, 0x0000000081e00000, 0x0000000081e00000|100%| O|  |TAMS 0x0000000081e00000, 0x0000000081d00000| Untracked 
|  30|0x0000000081e00000, 0x0000000081f00000, 0x0000000081f00000|100%| O|  |TAMS 0x0000000081f00000, 0x0000000081e00000| Untracked 
|  31|0x0000000081f00000, 0x0000000082000000, 0x0000000082000000|100%| O|  |TAMS 0x0000000082000000, 0x0000000081f00000| Untracked 
|  32|0x0000000082000000, 0x0000000082100000, 0x0000000082100000|100%| O|  |TAMS 0x0000000082100000, 0x0000000082000000| Untracked 
|  33|0x0000000082100000, 0x0000000082200000, 0x0000000082200000|100%| O|  |TAMS 0x0000000082200000, 0x0000000082100000| Untracked 
|  34|0x0000000082200000, 0x0000000082300000, 0x0000000082300000|100%| O|  |TAMS 0x0000000082300000, 0x0000000082200000| Untracked 
|  35|0x0000000082300000, 0x0000000082400000, 0x0000000082400000|100%|HS|  |TAMS 0x0000000082400000, 0x0000000082300000| Complete 
|  36|0x0000000082400000, 0x0000000082500000, 0x0000000082500000|100%|HS|  |TAMS 0x0000000082500000, 0x0000000082400000| Complete 
|  37|0x0000000082500000, 0x0000000082600000, 0x0000000082600000|100%|HS|  |TAMS 0x0000000082600000, 0x0000000082500000| Complete 
|  38|0x0000000082600000, 0x0000000082700000, 0x0000000082700000|100%| O|  |TAMS 0x0000000082700000, 0x0000000082600000| Untracked 
|  39|0x0000000082700000, 0x0000000082800000, 0x0000000082800000|100%|HS|  |TAMS 0x0000000082800000, 0x0000000082700000| Complete 
|  40|0x0000000082800000, 0x0000000082900000, 0x0000000082900000|100%|HC|  |TAMS 0x0000000082900000, 0x0000000082800000| Complete 
|  41|0x0000000082900000, 0x0000000082a00000, 0x0000000082a00000|100%| O|  |TAMS 0x0000000082a00000, 0x0000000082900000| Untracked 
|  42|0x0000000082a00000, 0x0000000082b00000, 0x0000000082b00000|100%| O|  |TAMS 0x0000000082b00000, 0x0000000082a00000| Untracked 
|  43|0x0000000082b00000, 0x0000000082c00000, 0x0000000082c00000|100%| O|  |TAMS 0x0000000082c00000, 0x0000000082b00000| Untracked 
|  44|0x0000000082c00000, 0x0000000082d00000, 0x0000000082d00000|100%| O|  |TAMS 0x0000000082d00000, 0x0000000082c00000| Untracked 
|  45|0x0000000082d00000, 0x0000000082e00000, 0x0000000082e00000|100%| O|  |TAMS 0x0000000082e00000, 0x0000000082d00000| Untracked 
|  46|0x0000000082e00000, 0x0000000082f00000, 0x0000000082f00000|100%| O|  |TAMS 0x0000000082f00000, 0x0000000082e00000| Untracked 
|  47|0x0000000082f00000, 0x0000000083000000, 0x0000000083000000|100%| O|  |TAMS 0x0000000083000000, 0x0000000082f00000| Untracked 
|  48|0x0000000083000000, 0x0000000083100000, 0x0000000083100000|100%| O|  |TAMS 0x0000000083100000, 0x0000000083000000| Untracked 
|  49|0x0000000083100000, 0x0000000083200000, 0x0000000083200000|100%| O|  |TAMS 0x0000000083200000, 0x0000000083100000| Untracked 
|  50|0x0000000083200000, 0x0000000083300000, 0x0000000083300000|100%| O|  |TAMS 0x0000000083300000, 0x0000000083200000| Untracked 
|  51|0x0000000083300000, 0x0000000083400000, 0x0000000083400000|100%| O|  |TAMS 0x0000000083400000, 0x0000000083300000| Untracked 
|  52|0x0000000083400000, 0x0000000083500000, 0x0000000083500000|100%| O|  |TAMS 0x0000000083500000, 0x0000000083400000| Untracked 
|  53|0x0000000083500000, 0x0000000083600000, 0x0000000083600000|100%| O|  |TAMS 0x0000000083600000, 0x0000000083500000| Untracked 
|  54|0x0000000083600000, 0x0000000083700000, 0x0000000083700000|100%| O|  |TAMS 0x0000000083700000, 0x0000000083600000| Untracked 
|  55|0x0000000083700000, 0x0000000083800000, 0x0000000083800000|100%| O|  |TAMS 0x0000000083800000, 0x0000000083700000| Untracked 
|  56|0x0000000083800000, 0x0000000083900000, 0x0000000083900000|100%| O|  |TAMS 0x000000008389f200, 0x0000000083800000| Untracked 
|  57|0x0000000083900000, 0x0000000083a00000, 0x0000000083a00000|100%| O|  |TAMS 0x0000000083900000, 0x0000000083900000| Untracked 
|  58|0x0000000083a00000, 0x0000000083b00000, 0x0000000083b00000|100%| O|  |TAMS 0x0000000083a00000, 0x0000000083a00000| Untracked 
|  59|0x0000000083b00000, 0x0000000083c00000, 0x0000000083c00000|100%| O|  |TAMS 0x0000000083b00000, 0x0000000083b00000| Untracked 
|  60|0x0000000083c00000, 0x0000000083d00000, 0x0000000083d00000|100%| O|  |TAMS 0x0000000083c00000, 0x0000000083c00000| Untracked 
|  61|0x0000000083d00000, 0x0000000083e00000, 0x0000000083e00000|100%| O|  |TAMS 0x0000000083d00000, 0x0000000083d00000| Untracked 
|  62|0x0000000083e00000, 0x0000000083f00000, 0x0000000083f00000|100%| O|  |TAMS 0x0000000083e00000, 0x0000000083e00000| Untracked 
|  63|0x0000000083f00000, 0x0000000083f2c800, 0x0000000084000000| 17%| O|  |TAMS 0x0000000083f00000, 0x0000000083f00000| Untracked 
|  64|0x0000000084000000, 0x0000000084000000, 0x0000000084100000|  0%| F|  |TAMS 0x0000000084000000, 0x0000000084000000| Untracked 
|  65|0x0000000084100000, 0x0000000084100000, 0x0000000084200000|  0%| F|  |TAMS 0x0000000084100000, 0x0000000084100000| Untracked 
|  66|0x0000000084200000, 0x0000000084200000, 0x0000000084300000|  0%| F|  |TAMS 0x0000000084200000, 0x0000000084200000| Untracked 
|  67|0x0000000084300000, 0x0000000084300000, 0x0000000084400000|  0%| F|  |TAMS 0x0000000084300000, 0x0000000084300000| Untracked 
|  68|0x0000000084400000, 0x0000000084400000, 0x0000000084500000|  0%| F|  |TAMS 0x0000000084400000, 0x0000000084400000| Untracked 
|  69|0x0000000084500000, 0x0000000084500000, 0x0000000084600000|  0%| F|  |TAMS 0x0000000084500000, 0x0000000084500000| Untracked 
|  70|0x0000000084600000, 0x0000000084600000, 0x0000000084700000|  0%| F|  |TAMS 0x0000000084600000, 0x0000000084600000| Untracked 
|  71|0x0000000084700000, 0x0000000084700000, 0x0000000084800000|  0%| F|  |TAMS 0x0000000084700000, 0x0000000084700000| Untracked 
|  72|0x0000000084800000, 0x0000000084800000, 0x0000000084900000|  0%| F|  |TAMS 0x0000000084800000, 0x0000000084800000| Untracked 
|  73|0x0000000084900000, 0x0000000084900000, 0x0000000084a00000|  0%| F|  |TAMS 0x0000000084900000, 0x0000000084900000| Untracked 
|  74|0x0000000084a00000, 0x0000000084a00000, 0x0000000084b00000|  0%| F|  |TAMS 0x0000000084a00000, 0x0000000084a00000| Untracked 
|  75|0x0000000084b00000, 0x0000000084b00000, 0x0000000084c00000|  0%| F|  |TAMS 0x0000000084b00000, 0x0000000084b00000| Untracked 
|  76|0x0000000084c00000, 0x0000000084c00000, 0x0000000084d00000|  0%| F|  |TAMS 0x0000000084c00000, 0x0000000084c00000| Untracked 
|  77|0x0000000084d00000, 0x0000000084d00000, 0x0000000084e00000|  0%| F|  |TAMS 0x0000000084d00000, 0x0000000084d00000| Untracked 
|  78|0x0000000084e00000, 0x0000000084e00000, 0x0000000084f00000|  0%| F|  |TAMS 0x0000000084e00000, 0x0000000084e00000| Untracked 
|  79|0x0000000084f00000, 0x0000000084f00000, 0x0000000085000000|  0%| F|  |TAMS 0x0000000084f00000, 0x0000000084f00000| Untracked 
|  80|0x0000000085000000, 0x0000000085000000, 0x0000000085100000|  0%| F|  |TAMS 0x0000000085000000, 0x0000000085000000| Untracked 
|  81|0x0000000085100000, 0x00000000851e57a0, 0x0000000085200000| 89%| S|CS|TAMS 0x0000000085100000, 0x0000000085100000| Complete 
|  82|0x0000000085200000, 0x0000000085200000, 0x0000000085300000|  0%| F|  |TAMS 0x0000000085200000, 0x0000000085200000| Untracked 
|  83|0x0000000085300000, 0x0000000085400000, 0x0000000085400000|100%| S|CS|TAMS 0x0000000085300000, 0x0000000085300000| Complete 
|  84|0x0000000085400000, 0x0000000085500000, 0x0000000085500000|100%| S|CS|TAMS 0x0000000085400000, 0x0000000085400000| Complete 
|  85|0x0000000085500000, 0x0000000085600000, 0x0000000085600000|100%| S|CS|TAMS 0x0000000085500000, 0x0000000085500000| Complete 
|  86|0x0000000085600000, 0x0000000085600000, 0x0000000085700000|  0%| F|  |TAMS 0x0000000085600000, 0x0000000085600000| Untracked 
|  87|0x0000000085700000, 0x0000000085700000, 0x0000000085800000|  0%| F|  |TAMS 0x0000000085700000, 0x0000000085700000| Untracked 
|  88|0x0000000085800000, 0x0000000085800000, 0x0000000085900000|  0%| F|  |TAMS 0x0000000085800000, 0x0000000085800000| Untracked 
|  89|0x0000000085900000, 0x0000000085900000, 0x0000000085a00000|  0%| F|  |TAMS 0x0000000085900000, 0x0000000085900000| Untracked 
|  90|0x0000000085a00000, 0x0000000085a00000, 0x0000000085b00000|  0%| F|  |TAMS 0x0000000085a00000, 0x0000000085a00000| Untracked 
|  91|0x0000000085b00000, 0x0000000085b00000, 0x0000000085c00000|  0%| F|  |TAMS 0x0000000085b00000, 0x0000000085b00000| Untracked 
|  92|0x0000000085c00000, 0x0000000085c00000, 0x0000000085d00000|  0%| F|  |TAMS 0x0000000085c00000, 0x0000000085c00000| Untracked 
|  93|0x0000000085d00000, 0x0000000085d00000, 0x0000000085e00000|  0%| F|  |TAMS 0x0000000085d00000, 0x0000000085d00000| Untracked 
|  94|0x0000000085e00000, 0x0000000085e00000, 0x0000000085f00000|  0%| F|  |TAMS 0x0000000085e00000, 0x0000000085e00000| Untracked 
|  95|0x0000000085f00000, 0x0000000085f00000, 0x0000000086000000|  0%| F|  |TAMS 0x0000000085f00000, 0x0000000085f00000| Untracked 
|  96|0x0000000086000000, 0x0000000086000000, 0x0000000086100000|  0%| F|  |TAMS 0x0000000086000000, 0x0000000086000000| Untracked 
|  97|0x0000000086100000, 0x0000000086100000, 0x0000000086200000|  0%| F|  |TAMS 0x0000000086100000, 0x0000000086100000| Untracked 
|  98|0x0000000086200000, 0x0000000086200000, 0x0000000086300000|  0%| F|  |TAMS 0x0000000086200000, 0x0000000086200000| Untracked 
|  99|0x0000000086300000, 0x0000000086300000, 0x0000000086400000|  0%| F|  |TAMS 0x0000000086300000, 0x0000000086300000| Untracked 
| 100|0x0000000086400000, 0x0000000086400000, 0x0000000086500000|  0%| F|  |TAMS 0x0000000086400000, 0x0000000086400000| Untracked 
| 101|0x0000000086500000, 0x0000000086500000, 0x0000000086600000|  0%| F|  |TAMS 0x0000000086500000, 0x0000000086500000| Untracked 
| 102|0x0000000086600000, 0x0000000086600000, 0x0000000086700000|  0%| F|  |TAMS 0x0000000086600000, 0x0000000086600000| Untracked 
| 103|0x0000000086700000, 0x0000000086700000, 0x0000000086800000|  0%| F|  |TAMS 0x0000000086700000, 0x0000000086700000| Untracked 
| 104|0x0000000086800000, 0x0000000086800000, 0x0000000086900000|  0%| F|  |TAMS 0x0000000086800000, 0x0000000086800000| Untracked 
| 105|0x0000000086900000, 0x0000000086900000, 0x0000000086a00000|  0%| F|  |TAMS 0x0000000086900000, 0x0000000086900000| Untracked 
| 106|0x0000000086a00000, 0x0000000086a00000, 0x0000000086b00000|  0%| F|  |TAMS 0x0000000086a00000, 0x0000000086a00000| Untracked 
| 107|0x0000000086b00000, 0x0000000086b00000, 0x0000000086c00000|  0%| F|  |TAMS 0x0000000086b00000, 0x0000000086b00000| Untracked 
| 108|0x0000000086c00000, 0x0000000086c00000, 0x0000000086d00000|  0%| F|  |TAMS 0x0000000086c00000, 0x0000000086c00000| Untracked 
| 109|0x0000000086d00000, 0x0000000086d00000, 0x0000000086e00000|  0%| F|  |TAMS 0x0000000086d00000, 0x0000000086d00000| Untracked 
| 110|0x0000000086e00000, 0x0000000086e00000, 0x0000000086f00000|  0%| F|  |TAMS 0x0000000086e00000, 0x0000000086e00000| Untracked 
| 111|0x0000000086f00000, 0x0000000086f00000, 0x0000000087000000|  0%| F|  |TAMS 0x0000000086f00000, 0x0000000086f00000| Untracked 
| 112|0x0000000087000000, 0x0000000087000000, 0x0000000087100000|  0%| F|  |TAMS 0x0000000087000000, 0x0000000087000000| Untracked 
| 113|0x0000000087100000, 0x0000000087100000, 0x0000000087200000|  0%| F|  |TAMS 0x0000000087100000, 0x0000000087100000| Untracked 
| 114|0x0000000087200000, 0x0000000087200000, 0x0000000087300000|  0%| F|  |TAMS 0x0000000087200000, 0x0000000087200000| Untracked 
| 115|0x0000000087300000, 0x0000000087300000, 0x0000000087400000|  0%| F|  |TAMS 0x0000000087300000, 0x0000000087300000| Untracked 
| 116|0x0000000087400000, 0x0000000087400000, 0x0000000087500000|  0%| F|  |TAMS 0x0000000087400000, 0x0000000087400000| Untracked 
| 117|0x0000000087500000, 0x0000000087500000, 0x0000000087600000|  0%| F|  |TAMS 0x0000000087500000, 0x0000000087500000| Untracked 
| 118|0x0000000087600000, 0x0000000087600000, 0x0000000087700000|  0%| F|  |TAMS 0x0000000087600000, 0x0000000087600000| Untracked 
| 119|0x0000000087700000, 0x0000000087700000, 0x0000000087800000|  0%| F|  |TAMS 0x0000000087700000, 0x0000000087700000| Untracked 

Card table byte_map: [0x0000028dcc450000,0x0000028dcc850000] _byte_map_base: 0x0000028dcc050000

Marking Bits (Prev, Next): (CMBitMap*) 0x0000028db3011aa0, (CMBitMap*) 0x0000028db3011a60
 Prev Bits: [0x0000028dcec50000, 0x0000028dd0c50000)
 Next Bits: [0x0000028dccc50000, 0x0000028dcec50000)

Polling page: 0x0000028db2e50000

Metaspace:

Usage:
  Non-class:     60.51 MB capacity,    59.88 MB ( 99%) used,   543.50 KB ( <1%) free+waste,    99.94 KB ( <1%) overhead. 
      Class:      9.06 MB capacity,     8.75 MB ( 97%) used,   272.98 KB (  3%) free+waste,    39.25 KB ( <1%) overhead. 
       Both:     69.57 MB capacity,    68.64 MB ( 99%) used,   816.48 KB (  1%) free+waste,   139.19 KB ( <1%) overhead. 

Virtual space:
  Non-class space:       62.00 MB reserved,      60.58 MB ( 98%) committed 
      Class space:        1.00 GB reserved,       9.07 MB ( <1%) committed 
             Both:        1.06 GB reserved,      69.65 MB (  6%) committed 

Chunk freelists:
   Non-Class:  3.00 KB
       Class:  5.00 KB
        Both:  8.00 KB

MaxMetaspaceSize: 17179869184.00 GB
CompressedClassSpaceSize: 1.00 GB

CodeHeap 'non-profiled nmethods': size=120000Kb used=2948Kb max_used=3400Kb free=117051Kb
 bounds [0x0000028dc44f0000, 0x0000028dc4850000, 0x0000028dcba20000]
CodeHeap 'profiled nmethods': size=120000Kb used=14550Kb max_used=14550Kb free=105449Kb
 bounds [0x0000028dbcfc0000, 0x0000028dbde00000, 0x0000028dc44f0000]
CodeHeap 'non-nmethods': size=5760Kb used=2376Kb max_used=2445Kb free=3383Kb
 bounds [0x0000028dbca20000, 0x0000028dbcca0000, 0x0000028dbcfc0000]
 total_blobs=8234 nmethods=7368 adapters=778
 compilation: enabled
              stopped_count=0, restarted_count=0
 full_count=0

Compilation events (20 events):
Event: 35.494 Thread 0x0000028dd320e8a0 8359       3       org.gradle.api.internal.artifacts.result.DefaultResolvedComponentResult::addDependency (13 bytes)
Event: 35.495 Thread 0x0000028dd320e8a0 nmethod 8359 0x0000028dbddedf10 code [0x0000028dbddee0c0, 0x0000028dbddee2a8]
Event: 35.495 Thread 0x0000028dd320e8a0 8360       3       org.gradle.api.internal.artifacts.result.DefaultResolvedComponentResult::associateDependencyToVariant (13 bytes)
Event: 35.495 Thread 0x0000028dd320e8a0 nmethod 8360 0x0000028dbddee390 code [0x0000028dbddee540, 0x0000028dbddee708]
Event: 35.495 Thread 0x0000028dd320e8a0 8349       3       com.google.common.cache.LocalCache$Segment::runUnlockedCleanup (15 bytes)
Event: 35.495 Thread 0x0000028dd320e8a0 nmethod 8349 0x0000028dbddee810 code [0x0000028dbddee9c0, 0x0000028dbddeed08]
Event: 35.496 Thread 0x0000028dd320e8a0 8346       3       com.google.common.cache.CacheBuilder$1::recordLoadSuccess (1 bytes)
Event: 35.496 Thread 0x0000028dd320e8a0 nmethod 8346 0x0000028dbda24e90 code [0x0000028dbda25020, 0x0000028dbda25118]
Event: 35.496 Thread 0x0000028dd320e8a0 8345       1       com.google.common.cache.LocalCache$AccessQueue$1::setNextInAccessQueue (6 bytes)
Event: 35.496 Thread 0x0000028dd320e8a0 nmethod 8345 0x0000028dc4710f90 code [0x0000028dc4711120, 0x0000028dc4711218]
Event: 35.507 Thread 0x0000028dd320e8a0 8362       2       org.gradle.api.internal.tasks.options.OptionReader::findOption (60 bytes)
Event: 35.509 Thread 0x0000028dd320e8a0 nmethod 8362 0x0000028dbddeee90 code [0x0000028dbddef120, 0x0000028dbddefb18]
Event: 35.509 Thread 0x0000028dd320e8a0 8363       2       org.gradle.api.internal.tasks.options.OptionReader::getAsOptionValuesMethod (84 bytes)
Event: 35.514 Thread 0x0000028dd320e8a0 nmethod 8363 0x0000028dbddeff90 code [0x0000028dbddf0280, 0x0000028dbddf0f28]
Event: 35.514 Thread 0x0000028dd320e8a0 8364 %     3       org.gradle.internal.reflect.ClassInspector::inspectClass @ 11 (179 bytes)
Event: 35.516 Thread 0x0000028dd320e8a0 nmethod 8364% 0x0000028dbddf1510 code [0x0000028dbddf1860, 0x0000028dbddf2c18]
Event: 35.518 Thread 0x0000028dd320e8a0 8365       2       org.gradle.api.internal.project.taskfactory.DefaultTaskClassInfoStore::createTaskAction (215 bytes)
Event: 35.523 Thread 0x0000028dd320e8a0 nmethod 8365 0x0000028dbddf3490 code [0x0000028dbddf38c0, 0x0000028dbddf5468]
Event: 35.549 Thread 0x0000028dd320e8a0 8366       2       java.lang.reflect.ProxyGenerator$ProxyMethod::codeUnwrapReturnValue (172 bytes)
Event: 35.550 Thread 0x0000028dd320e8a0 nmethod 8366 0x0000028dbddf6010 code [0x0000028dbddf6280, 0x0000028dbddf67b8]

GC Heap History (20 events):
Event: 13.952 GC heap after
{Heap after GC invocations=20 (full 0):
 garbage-first heap   total 86016K, used 47293K [0x0000000080000000, 0x0000000100000000)
  region size 1024K, 3 young (3072K), 3 survivors (3072K)
 Metaspace       used 41368K, capacity 41991K, committed 42268K, reserved 1085440K
  class space    used 5458K, capacity 5700K, committed 5836K, reserved 1048576K
}
Event: 14.420 GC heap before
{Heap before GC invocations=20 (full 0):
 garbage-first heap   total 86016K, used 63677K [0x0000000080000000, 0x0000000100000000)
  region size 1024K, 19 young (19456K), 3 survivors (3072K)
 Metaspace       used 43990K, capacity 44709K, committed 44828K, reserved 1087488K
  class space    used 5767K, capacity 6004K, committed 6092K, reserved 1048576K
}
Event: 14.426 GC heap after
{Heap after GC invocations=21 (full 0):
 garbage-first heap   total 86016K, used 48236K [0x0000000080000000, 0x0000000100000000)
  region size 1024K, 1 young (1024K), 1 survivors (1024K)
 Metaspace       used 43990K, capacity 44709K, committed 44828K, reserved 1087488K
  class space    used 5767K, capacity 6004K, committed 6092K, reserved 1048576K
}
Event: 14.973 GC heap before
{Heap before GC invocations=22 (full 0):
 garbage-first heap   total 89088K, used 63596K [0x0000000080000000, 0x0000000100000000)
  region size 1024K, 17 young (17408K), 1 survivors (1024K)
 Metaspace       used 47060K, capacity 47758K, committed 48028K, reserved 1091584K
  class space    used 6130K, capacity 6358K, committed 6476K, reserved 1048576K
}
Event: 14.977 GC heap after
{Heap after GC invocations=23 (full 0):
 garbage-first heap   total 89088K, used 48744K [0x0000000080000000, 0x0000000100000000)
  region size 1024K, 2 young (2048K), 2 survivors (2048K)
 Metaspace       used 47060K, capacity 47758K, committed 48028K, reserved 1091584K
  class space    used 6130K, capacity 6358K, committed 6476K, reserved 1048576K
}
Event: 15.632 GC heap before
{Heap before GC invocations=23 (full 0):
 garbage-first heap   total 89088K, used 68200K [0x0000000080000000, 0x0000000100000000)
  region size 1024K, 21 young (21504K), 2 survivors (2048K)
 Metaspace       used 50688K, capacity 51391K, committed 51484K, reserved 1093632K
  class space    used 6557K, capacity 6795K, committed 6860K, reserved 1048576K
}
Event: 15.639 GC heap after
{Heap after GC invocations=24 (full 0):
 garbage-first heap   total 89088K, used 50049K [0x0000000080000000, 0x0000000100000000)
  region size 1024K, 3 young (3072K), 3 survivors (3072K)
 Metaspace       used 50688K, capacity 51391K, committed 51484K, reserved 1093632K
  class space    used 6557K, capacity 6795K, committed 6860K, reserved 1048576K
}
Event: 16.212 GC heap before
{Heap before GC invocations=25 (full 0):
 garbage-first heap   total 91136K, used 68481K [0x0000000080000000, 0x0000000100000000)
  region size 1024K, 22 young (22528K), 3 survivors (3072K)
 Metaspace       used 52865K, capacity 53669K, committed 53788K, reserved 1095680K
  class space    used 6809K, capacity 7084K, committed 7116K, reserved 1048576K
}
Event: 16.221 GC heap after
{Heap after GC invocations=26 (full 0):
 garbage-first heap   total 91136K, used 52219K [0x0000000080000000, 0x0000000100000000)
  region size 1024K, 3 young (3072K), 3 survivors (3072K)
 Metaspace       used 52865K, capacity 53669K, committed 53788K, reserved 1095680K
  class space    used 6809K, capacity 7084K, committed 7116K, reserved 1048576K
}
Event: 16.612 GC heap before
{Heap before GC invocations=26 (full 0):
 garbage-first heap   total 91136K, used 71675K [0x0000000080000000, 0x0000000100000000)
  region size 1024K, 22 young (22528K), 3 survivors (3072K)
 Metaspace       used 54919K, capacity 55657K, committed 55836K, reserved 1097728K
  class space    used 7057K, capacity 7315K, committed 7372K, reserved 1048576K
}
Event: 16.622 GC heap after
{Heap after GC invocations=27 (full 0):
 garbage-first heap   total 91136K, used 54080K [0x0000000080000000, 0x0000000100000000)
  region size 1024K, 2 young (2048K), 2 survivors (2048K)
 Metaspace       used 54919K, capacity 55657K, committed 55836K, reserved 1097728K
  class space    used 7057K, capacity 7315K, committed 7372K, reserved 1048576K
}
Event: 17.009 GC heap before
{Heap before GC invocations=28 (full 0):
 garbage-first heap   total 102400K, used 63296K [0x0000000080000000, 0x0000000100000000)
  region size 1024K, 12 young (12288K), 2 survivors (2048K)
 Metaspace       used 55875K, capacity 56649K, committed 56988K, reserved 1099776K
  class space    used 7151K, capacity 7411K, committed 7500K, reserved 1048576K
}
Event: 17.016 GC heap after
{Heap after GC invocations=29 (full 0):
 garbage-first heap   total 122880K, used 54735K [0x0000000080000000, 0x0000000100000000)
  region size 1024K, 3 young (3072K), 3 survivors (3072K)
 Metaspace       used 55875K, capacity 56649K, committed 56988K, reserved 1099776K
  class space    used 7151K, capacity 7411K, committed 7500K, reserved 1048576K
}
Event: 18.020 GC heap before
{Heap before GC invocations=30 (full 0):
 garbage-first heap   total 122880K, used 96719K [0x0000000080000000, 0x0000000100000000)
  region size 1024K, 43 young (44032K), 3 survivors (3072K)
 Metaspace       used 57616K, capacity 58475K, committed 58780K, reserved 1099776K
  class space    used 7375K, capacity 7677K, committed 7756K, reserved 1048576K
}
Event: 18.031 GC heap after
{Heap after GC invocations=31 (full 0):
 garbage-first heap   total 122880K, used 58135K [0x0000000080000000, 0x0000000100000000)
  region size 1024K, 6 young (6144K), 6 survivors (6144K)
 Metaspace       used 57616K, capacity 58475K, committed 58780K, reserved 1099776K
  class space    used 7375K, capacity 7677K, committed 7756K, reserved 1048576K
}
Event: 18.976 GC heap before
{Heap before GC invocations=31 (full 0):
 garbage-first heap   total 122880K, used 97047K [0x0000000080000000, 0x0000000100000000)
  region size 1024K, 44 young (45056K), 6 survivors (6144K)
 Metaspace       used 62445K, capacity 63241K, committed 63516K, reserved 1103872K
  class space    used 8192K, capacity 8514K, committed 8652K, reserved 1048576K
}
Event: 18.990 GC heap after
{Heap after GC invocations=32 (full 0):
 garbage-first heap   total 122880K, used 60869K [0x0000000080000000, 0x0000000100000000)
  region size 1024K, 3 young (3072K), 3 survivors (3072K)
 Metaspace       used 62445K, capacity 63241K, committed 63516K, reserved 1103872K
  class space    used 8192K, capacity 8514K, committed 8652K, reserved 1048576K
}
Event: 24.626 GC heap before
{Heap before GC invocations=32 (full 0):
 garbage-first heap   total 122880K, used 97733K [0x0000000080000000, 0x0000000100000000)
  region size 1024K, 40 young (40960K), 3 survivors (3072K)
 Metaspace       used 68095K, capacity 68924K, committed 69148K, reserved 1110016K
  class space    used 8840K, capacity 9098K, committed 9164K, reserved 1048576K
}
Event: 24.640 GC heap after
{Heap after GC invocations=33 (full 0):
 garbage-first heap   total 122880K, used 64401K [0x0000000080000000, 0x0000000100000000)
  region size 1024K, 5 young (5120K), 5 survivors (5120K)
 Metaspace       used 68095K, capacity 68924K, committed 69148K, reserved 1110016K
  class space    used 8840K, capacity 9098K, committed 9164K, reserved 1048576K
}
Event: 35.576 GC heap before
{Heap before GC invocations=34 (full 0):
 garbage-first heap   total 122880K, used 98193K [0x0000000080000000, 0x0000000100000000)
  region size 1024K, 39 young (39936K), 5 survivors (5120K)
 Metaspace       used 70284K, capacity 71240K, committed 71324K, reserved 1112064K
  class space    used 8962K, capacity 9275K, committed 9292K, reserved 1048576K
}

Deoptimization events (20 events):
Event: 24.676 Thread 0x0000028dd3c34a20 Uncommon trap: trap_request=0xffffff45 fr.pc=0x0000028dc46f5c04 relative=0x0000000000000244
Event: 24.676 Thread 0x0000028dd3c34a20 Uncommon trap: reason=unstable_if action=reinterpret pc=0x0000028dc46f5c04 method=com.esotericsoftware.kryo.io.Input.require(I)I @ 180 c2
Event: 24.676 Thread 0x0000028dd3c34a20 DEOPT PACKING pc=0x0000028dc46f5c04 sp=0x000000a8e39fefe0
Event: 24.676 Thread 0x0000028dd3c34a20 DEOPT UNPACKING pc=0x0000028dbca6e42f sp=0x000000a8e39fee50 mode 2
Event: 33.967 Thread 0x0000028dd3c33bb0 DEOPT PACKING pc=0x0000028dbd051974 sp=0x000000a8e3dfa6e0
Event: 33.967 Thread 0x0000028dd3c33bb0 DEOPT UNPACKING pc=0x0000028dbca6e23f sp=0x000000a8e3df9c10 mode 0
Event: 34.091 Thread 0x0000028dd3c33bb0 DEOPT PACKING pc=0x0000028dbd728d32 sp=0x000000a8e3df81f0
Event: 34.091 Thread 0x0000028dd3c33bb0 DEOPT UNPACKING pc=0x0000028dbca6e23f sp=0x000000a8e3df7720 mode 0
Event: 34.973 Thread 0x0000028dd3c33bb0 Uncommon trap: trap_request=0xffffff45 fr.pc=0x0000028dc473211c relative=0x000000000000085c
Event: 34.973 Thread 0x0000028dd3c33bb0 Uncommon trap: reason=unstable_if action=reinterpret pc=0x0000028dc473211c method=org.gradle.internal.snapshot.VfsRelativePath.hasPrefix(Ljava/lang/String;Lorg/gradle/internal/snapshot/CaseSensitivity;)Z @ 90 c2
Event: 34.973 Thread 0x0000028dd3c33bb0 DEOPT PACKING pc=0x0000028dc473211c sp=0x000000a8e3df8bb0
Event: 34.973 Thread 0x0000028dd3c33bb0 DEOPT UNPACKING pc=0x0000028dbca6e42f sp=0x000000a8e3df8b38 mode 2
Event: 34.990 Thread 0x0000028dd7c8c530 Uncommon trap: trap_request=0xffffff45 fr.pc=0x0000028dc464f8bc relative=0x000000000000051c
Event: 34.990 Thread 0x0000028dd7c8c530 Uncommon trap: reason=unstable_if action=reinterpret pc=0x0000028dc464f8bc method=java.util.concurrent.ConcurrentLinkedQueue.poll()Ljava/lang/Object; @ 24 c2
Event: 34.990 Thread 0x0000028dd7c8c530 DEOPT PACKING pc=0x0000028dc464f8bc sp=0x000000a8e4ffe780
Event: 34.990 Thread 0x0000028dd7c8c530 DEOPT UNPACKING pc=0x0000028dbca6e42f sp=0x000000a8e4ffe738 mode 2
Event: 35.470 Thread 0x0000028dd3c33bb0 DEOPT PACKING pc=0x0000028dbd6d12a1 sp=0x000000a8e3df8490
Event: 35.471 Thread 0x0000028dd3c33bb0 DEOPT UNPACKING pc=0x0000028dbca6e23f sp=0x000000a8e3df7970 mode 0
Event: 35.515 Thread 0x0000028dd3c33bb0 DEOPT PACKING pc=0x0000028dbdb2f025 sp=0x000000a8e3df9110
Event: 35.515 Thread 0x0000028dd3c33bb0 DEOPT UNPACKING pc=0x0000028dbca6e23f sp=0x000000a8e3df86b0 mode 0

Classes unloaded (0 events):
No events

Classes redefined (0 events):
No events

Internal exceptions (20 events):
Event: 19.386 Thread 0x0000028dd3c33bb0 Exception <a 'sun/nio/fs/WindowsException'{0x0000000086683ba8}> (0x0000000086683ba8) 
thrown [./open/src/hotspot/share/prims/jni.cpp, line 578]
Event: 19.484 Thread 0x0000028dd57b6590 Exception <a 'java/lang/NoSuchMethodError'{0x00000000863c7af0}: static Lorg/gradle/internal/build/event/types/DefaultTaskStartedProgressEvent;.<clinit>()V> (0x00000000863c7af0) 
thrown [./open/src/hotspot/share/prims/jni.cpp, line 1204]
Event: 19.485 Thread 0x0000028dd57b6590 Exception <a 'java/lang/NoSuchMethodError'{0x00000000863d2fe0}: static Lorg/gradle/internal/build/event/types/DefaultTaskDescriptor;.<clinit>()V> (0x00000000863d2fe0) 
thrown [./open/src/hotspot/share/prims/jni.cpp, line 1204]
Event: 19.493 Thread 0x0000028dd895c650 Exception <a 'java/lang/IncompatibleClassChangeError'{0x0000000086212dd8}: Found class java.lang.Object, but interface was expected> (0x0000000086212dd8) 
thrown [./open/src/hotspot/share/interpreter/linkResolver.cpp, line 848]
Event: 19.543 Thread 0x0000028dd895c650 Exception <a 'java/lang/NoSuchMethodError'{0x0000000086124460}: 'void java.lang.invoke.DirectMethodHandle$Holder.invokeVirtual(java.lang.Object, java.lang.Object)'> (0x0000000086124460) 
thrown [./open/src/hotspot/share/interpreter/linkResolver.cpp, line 782]
Event: 19.573 Thread 0x0000028dd57b6590 Exception <a 'java/lang/NoSuchMethodError'{0x000000008602ec88}: static Lorg/gradle/internal/build/event/types/DefaultTaskFinishedProgressEvent;.<clinit>()V> (0x000000008602ec88) 
thrown [./open/src/hotspot/share/prims/jni.cpp, line 1204]
Event: 19.576 Thread 0x0000028dd57b6590 Exception <a 'java/lang/NoSuchMethodError'{0x0000000086041610}: static Lorg/gradle/internal/build/event/types/DefaultTaskSuccessResult;.<clinit>()V> (0x0000000086041610) 
thrown [./open/src/hotspot/share/prims/jni.cpp, line 1204]
Event: 19.576 Thread 0x0000028dd57b6590 Exception <a 'java/lang/NoSuchMethodError'{0x0000000086042dd0}: static Lorg/gradle/internal/build/event/types/AbstractTaskResult;.<clinit>()V> (0x0000000086042dd0) 
thrown [./open/src/hotspot/share/prims/jni.cpp, line 1204]
Event: 19.607 Thread 0x0000028dd8956fb0 Exception <a 'java/lang/NoSuchMethodError'{0x0000000087088560}: static Lcom/android/ide/common/attribution/AndroidGradlePluginAttributionData$BuildInfo;.<clinit>()V> (0x0000000087088560) 
thrown [./open/src/hotspot/share/prims/jni.cpp, line 1204]
Event: 19.612 Thread 0x0000028dd8956fb0 Exception <a 'java/lang/NoSuchMethodError'{0x000000008709ca68}: static Lcom/android/ide/common/attribution/AndroidGradlePluginAttributionData$JavaInfo;.<clinit>()V> (0x000000008709ca68) 
thrown [./open/src/hotspot/share/prims/jni.cpp, line 1204]
Event: 19.619 Thread 0x0000028dd8956fb0 Exception <a 'java/lang/NoSuchMethodError'{0x0000000085f346a0}: static [Ljava/lang/String;.<clinit>()V> (0x0000000085f346a0) 
thrown [./open/src/hotspot/share/prims/jni.cpp, line 1204]
Event: 24.334 Thread 0x0000028dd57b6590 Exception <a 'java/lang/NoSuchMethodError'{0x0000000085d21130}: static [Ljava/lang/Object;.<clinit>()V> (0x0000000085d21130) 
thrown [./open/src/hotspot/share/prims/jni.cpp, line 1204]
Event: 24.393 Thread 0x0000028dd8957950 Exception <a 'sun/nio/fs/WindowsException'{0x0000000085da31a0}> (0x0000000085da31a0) 
thrown [./open/src/hotspot/share/prims/jni.cpp, line 578]
Event: 24.421 Thread 0x0000028dd3c33bb0 Exception <a 'sun/nio/fs/WindowsException'{0x0000000085c10420}> (0x0000000085c10420) 
thrown [./open/src/hotspot/share/prims/jni.cpp, line 578]
Event: 24.421 Thread 0x0000028dd3c33bb0 Exception <a 'sun/nio/fs/WindowsException'{0x0000000085c107e0}> (0x0000000085c107e0) 
thrown [./open/src/hotspot/share/prims/jni.cpp, line 578]
Event: 24.425 Thread 0x0000028dd3c33bb0 Exception <a 'sun/nio/fs/WindowsException'{0x0000000085c1ca80}> (0x0000000085c1ca80) 
thrown [./open/src/hotspot/share/prims/jni.cpp, line 578]
Event: 24.517 Thread 0x0000028dd3c33bb0 Exception <a 'java/lang/NoSuchMethodError'{0x0000000085914ac8}: 'int java.lang.invoke.DirectMethodHandle$Holder.invokeVirtual(java.lang.Object, java.lang.Object, java.lang.Object)'> (0x0000000085914ac8) 
thrown [./open/src/hotspot/share/interpreter/linkResolver.cpp, line 782]
Event: 24.518 Thread 0x0000028dd3c33bb0 Exception <a 'java/lang/IncompatibleClassChangeError'{0x000000008591ef38}: Found class java.lang.Object, but interface was expected> (0x000000008591ef38) 
thrown [./open/src/hotspot/share/interpreter/linkResolver.cpp, line 848]
Event: 35.201 Thread 0x0000028dd3c33bb0 Exception <a 'sun/nio/fs/WindowsException'{0x0000000085ced800}> (0x0000000085ced800) 
thrown [./open/src/hotspot/share/prims/jni.cpp, line 578]
Event: 35.461 Thread 0x0000028dd3c33bb0 Exception <a 'java/lang/NoClassDefFoundError'{0x00000000859d2b28}: org/jetbrains/kotlin/gradle/plugin/KotlinBasePluginWrapper> (0x00000000859d2b28) 
thrown [./open/src/hotspot/share/oops/constantPool.cpp, line 804]

Events (20 events):
Event: 34.845 Thread 0x0000028dd60cd160 Thread added: 0x0000028dd60cd160
Event: 34.845 Thread 0x0000028dd60cf310 Thread added: 0x0000028dd60cf310
Event: 34.852 Executing VM operation: HandshakeAllThreads done
Event: 35.020 loading class java/util/AbstractList$ListItr
Event: 35.022 loading class java/util/AbstractList$ListItr done
Event: 35.023 Executing VM operation: HandshakeAllThreads
Event: 35.023 Executing VM operation: HandshakeAllThreads done
Event: 35.035 Executing VM operation: ICBufferFull
Event: 35.036 Executing VM operation: ICBufferFull done
Event: 35.036 Executing VM operation: HandshakeAllThreads
Event: 35.037 Executing VM operation: HandshakeAllThreads done
Event: 35.297 Executing VM operation: ICBufferFull
Event: 35.297 Executing VM operation: ICBufferFull done
Event: 35.340 Executing VM operation: ICBufferFull
Event: 35.340 Executing VM operation: ICBufferFull done
Event: 35.408 Executing VM operation: ICBufferFull
Event: 35.408 Executing VM operation: ICBufferFull done
Event: 35.526 loading class java/util/zip/ZipOutputStream
Event: 35.526 loading class java/util/zip/ZipOutputStream done
Event: 35.576 Executing VM operation: G1CollectForAllocation


Dynamic libraries:
0x00007ff720150000 - 0x00007ff72015f000 	C:\Program Files\Java\jdk-15.0.1\bin\java.exe
0x00007ff8b6330000 - 0x00007ff8b6525000 	C:\WINDOWS\SYSTEM32\ntdll.dll
0x00007ff8b49d0000 - 0x00007ff8b4a8e000 	C:\WINDOWS\System32\KERNEL32.DLL
0x00007ff8b3db0000 - 0x00007ff8b4078000 	C:\WINDOWS\System32\KERNELBASE.dll
0x00007ff8b3cb0000 - 0x00007ff8b3db0000 	C:\WINDOWS\System32\ucrtbase.dll
0x00007ff8a9430000 - 0x00007ff8a9449000 	C:\Program Files\Java\jdk-15.0.1\bin\VCRUNTIME140.dll
0x00007ff8a90d0000 - 0x00007ff8a90e8000 	C:\Program Files\Java\jdk-15.0.1\bin\jli.dll
0x00007ff8b4670000 - 0x00007ff8b471e000 	C:\WINDOWS\System32\ADVAPI32.dll
0x00007ff8b4da0000 - 0x00007ff8b4e3e000 	C:\WINDOWS\System32\msvcrt.dll
0x00007ff8b4bd0000 - 0x00007ff8b4c6c000 	C:\WINDOWS\System32\sechost.dll
0x00007ff8b4a90000 - 0x00007ff8b4bb5000 	C:\WINDOWS\System32\RPCRT4.dll
0x00007ff8b51a0000 - 0x00007ff8b5340000 	C:\WINDOWS\System32\USER32.dll
0x00007ff8b4200000 - 0x00007ff8b4222000 	C:\WINDOWS\System32\win32u.dll
0x00007ff8993d0000 - 0x00007ff89966a000 	C:\WINDOWS\WinSxS\amd64_microsoft.windows.common-controls_6595b64144ccf1df_6.0.19041.1110_none_60b5254171f9507e\COMCTL32.dll
0x00007ff8b4720000 - 0x00007ff8b474a000 	C:\WINDOWS\System32\GDI32.dll
0x00007ff8b4230000 - 0x00007ff8b433b000 	C:\WINDOWS\System32\gdi32full.dll
0x00007ff8b4130000 - 0x00007ff8b41cd000 	C:\WINDOWS\System32\msvcp_win.dll
0x00007ff8a9150000 - 0x00007ff8a915a000 	C:\WINDOWS\SYSTEM32\VERSION.dll
0x00007ff8b4390000 - 0x00007ff8b43c0000 	C:\WINDOWS\System32\IMM32.DLL
0x00007ff8af6e0000 - 0x00007ff8af6ec000 	C:\Program Files\Java\jdk-15.0.1\bin\vcruntime140_1.dll
0x00007ff874020000 - 0x00007ff8740b1000 	C:\Program Files\Java\jdk-15.0.1\bin\msvcp140.dll
0x00007ff859bf0000 - 0x00007ff85a74e000 	C:\Program Files\Java\jdk-15.0.1\bin\server\jvm.dll
0x00007ff8b4470000 - 0x00007ff8b4478000 	C:\WINDOWS\System32\PSAPI.DLL
0x00007ff8a9240000 - 0x00007ff8a9249000 	C:\WINDOWS\SYSTEM32\WSOCK32.dll
0x00007ff8985e0000 - 0x00007ff898607000 	C:\WINDOWS\SYSTEM32\WINMM.dll
0x00007ff8b4900000 - 0x00007ff8b496b000 	C:\WINDOWS\System32\WS2_32.dll
0x00007ff8b2300000 - 0x00007ff8b2312000 	C:\WINDOWS\SYSTEM32\kernel.appcore.dll
0x00007ff8af6a0000 - 0x00007ff8af6aa000 	C:\Program Files\Java\jdk-15.0.1\bin\jimage.dll
0x00007ff8b0af0000 - 0x00007ff8b0cd4000 	C:\WINDOWS\SYSTEM32\DBGHELP.DLL
0x00007ff898290000 - 0x00007ff8982bc000 	C:\WINDOWS\SYSTEM32\dbgcore.DLL
0x00007ff8b3a50000 - 0x00007ff8b3ad2000 	C:\WINDOWS\System32\bcryptPrimitives.dll
0x00007ff893060000 - 0x00007ff893085000 	C:\Program Files\Java\jdk-15.0.1\bin\java.dll
0x00007ff8b5a30000 - 0x00007ff8b6174000 	C:\WINDOWS\System32\SHELL32.dll
0x00007ff8b1b00000 - 0x00007ff8b2294000 	C:\WINDOWS\SYSTEM32\windows.storage.dll
0x00007ff8b4e40000 - 0x00007ff8b5194000 	C:\WINDOWS\System32\combase.dll
0x00007ff8b33f0000 - 0x00007ff8b341c000 	C:\WINDOWS\SYSTEM32\Wldp.dll
0x00007ff8b5340000 - 0x00007ff8b53ed000 	C:\WINDOWS\System32\SHCORE.dll
0x00007ff8b4610000 - 0x00007ff8b4665000 	C:\WINDOWS\System32\shlwapi.dll
0x00007ff8b3990000 - 0x00007ff8b39af000 	C:\WINDOWS\SYSTEM32\profapi.dll
0x00007ff8a0ac0000 - 0x00007ff8a0ad9000 	C:\Program Files\Java\jdk-15.0.1\bin\net.dll
0x00007ff8a8090000 - 0x00007ff8a819a000 	C:\WINDOWS\SYSTEM32\WINHTTP.dll
0x00007ff8b3150000 - 0x00007ff8b31ba000 	C:\WINDOWS\system32\mswsock.dll
0x00007ff893040000 - 0x00007ff893052000 	C:\Program Files\Java\jdk-15.0.1\bin\nio.dll
0x00007ff893020000 - 0x00007ff893038000 	C:\Program Files\Java\jdk-15.0.1\bin\zip.dll
0x00007ff8ae910000 - 0x00007ff8ae920000 	C:\Program Files\Java\jdk-15.0.1\bin\verify.dll
0x00007ff8a8980000 - 0x00007ff8a89a7000 	C:\Users\aqibn\.gradle\native\e1d6ef7f7dcc3fd88c89a11ec53ec762bb8ba0a96d01ffa2cd45eb1d1d8dd5c5\windows-amd64\native-platform.dll
0x00007ff868920000 - 0x00007ff868a64000 	C:\Users\aqibn\.gradle\native\5664cfc778a61ccfe75a443a1ab52a65af34e5dc3c78e0209fed803814484fcb\windows-amd64\native-platform-file-events.dll
0x00007ff8ab060000 - 0x00007ff8ab069000 	C:\Program Files\Java\jdk-15.0.1\bin\management.dll
0x00007ff8ab030000 - 0x00007ff8ab03b000 	C:\Program Files\Java\jdk-15.0.1\bin\management_ext.dll
0x00007ff8b3350000 - 0x00007ff8b3368000 	C:\WINDOWS\SYSTEM32\CRYPTSP.dll
0x00007ff8b2ad0000 - 0x00007ff8b2b04000 	C:\WINDOWS\system32\rsaenh.dll
0x00007ff8b41d0000 - 0x00007ff8b41f7000 	C:\WINDOWS\System32\bcrypt.dll
0x00007ff8b3910000 - 0x00007ff8b393e000 	C:\WINDOWS\SYSTEM32\USERENV.dll
0x00007ff8b3340000 - 0x00007ff8b334c000 	C:\WINDOWS\SYSTEM32\CRYPTBASE.dll
0x00007ff8b2e40000 - 0x00007ff8b2e7b000 	C:\WINDOWS\SYSTEM32\IPHLPAPI.DLL
0x00007ff8b4d90000 - 0x00007ff8b4d98000 	C:\WINDOWS\System32\NSI.dll
0x00007ff8a6c00000 - 0x00007ff8a6c17000 	C:\WINDOWS\SYSTEM32\dhcpcsvc6.DLL
0x00007ff8a7690000 - 0x00007ff8a76ad000 	C:\WINDOWS\SYSTEM32\dhcpcsvc.DLL
0x00007ff8b2e80000 - 0x00007ff8b2f4b000 	C:\WINDOWS\SYSTEM32\DNSAPI.dll

dbghelp: loaded successfully - version: 4.0.5 - missing functions: none
symbol engine: initialized successfully - sym options: 0x614 - pdb path: .;C:\Program Files\Java\jdk-15.0.1\bin;C:\WINDOWS\SYSTEM32;C:\WINDOWS\WinSxS\amd64_microsoft.windows.common-controls_6595b64144ccf1df_6.0.19041.1110_none_60b5254171f9507e;C:\Program Files\Java\jdk-15.0.1\bin\server;C:\Users\aqibn\.gradle\native\e1d6ef7f7dcc3fd88c89a11ec53ec762bb8ba0a96d01ffa2cd45eb1d1d8dd5c5\windows-amd64;C:\Users\aqibn\.gradle\native\5664cfc778a61ccfe75a443a1ab52a65af34e5dc3c78e0209fed803814484fcb\windows-amd64

VM Arguments:
jvm_args: --add-opens=java.base/java.util=ALL-UNNAMED --add-opens=java.base/java.lang=ALL-UNNAMED --add-opens=java.base/java.lang.invoke=ALL-UNNAMED --add-opens=java.base/java.util=ALL-UNNAMED --add-opens=java.prefs/java.util.prefs=ALL-UNNAMED --add-opens=java.prefs/java.util.prefs=ALL-UNNAMED --add-opens=java.base/java.nio.charset=ALL-UNNAMED --add-opens=java.base/java.net=ALL-UNNAMED --add-opens=java.base/java.util.concurrent.atomic=ALL-UNNAMED -Xmx2048m -Dfile.encoding=UTF-8 -Duser.country=US -Duser.language=en -Duser.variant 
java_command: org.gradle.launcher.daemon.bootstrap.GradleDaemon 7.2
java_class_path (initial): C:\Users\aqibn\.gradle\wrapper\dists\gradle-7.2-bin\2dnblmf4td7x66yl1d74lt32g\gradle-7.2\lib\gradle-launcher-7.2.jar
Launcher Type: SUN_STANDARD

[Global flags]
     intx CICompilerCount                          = 3                                         {product} {ergonomic}
     uint ConcGCThreads                            = 1                                         {product} {ergonomic}
     uint G1ConcRefinementThreads                  = 4                                         {product} {ergonomic}
   size_t G1HeapRegionSize                         = 1048576                                   {product} {ergonomic}
    uintx GCDrainStackTargetSize                   = 64                                        {product} {ergonomic}
   size_t InitialHeapSize                          = 67108864                                  {product} {ergonomic}
   size_t MarkStackSize                            = 4194304                                   {product} {ergonomic}
   size_t MaxHeapSize                              = 2147483648                                {product} {command line}
   size_t MaxNewSize                               = 1287651328                                {product} {ergonomic}
   size_t MinHeapDeltaBytes                        = 1048576                                   {product} {ergonomic}
   size_t MinHeapSize                              = 8388608                                   {product} {ergonomic}
    uintx NonNMethodCodeHeapSize                   = 5832780                                {pd product} {ergonomic}
    uintx NonProfiledCodeHeapSize                  = 122912730                              {pd product} {ergonomic}
    uintx ProfiledCodeHeapSize                     = 122912730                              {pd product} {ergonomic}
    uintx ReservedCodeCacheSize                    = 251658240                              {pd product} {ergonomic}
     bool SegmentedCodeCache                       = true                                      {product} {ergonomic}
   size_t SoftMaxHeapSize                          = 2147483648                             {manageable} {ergonomic}
     bool UseCompressedClassPointers               = true                                 {lp64_product} {ergonomic}
     bool UseCompressedOops                        = true                                 {lp64_product} {ergonomic}
     bool UseG1GC                                  = true                                      {product} {ergonomic}
     bool UseLargePagesIndividualAllocation        = false                                  {pd product} {ergonomic}

Logging:
Log output configuration:
 #0: stdout all=warning uptime,level,tags
 #1: stderr all=off uptime,level,tags

Environment Variables:
JAVA_HOME=C:\Program Files\Java\jdk-15.0.1\bin
PATH=C:\Program Files\Common Files\Oracle\Java\javapath;C:\WINDOWS\system32;C:\WINDOWS;C:\WINDOWS\System32\Wbem;C:\WINDOWS\System32\WindowsPowerShell\v1.0\;C:\WINDOWS\System32\OpenSSH\;C:\Program Files\Git\cmd;C:\Program Files (x86)\Intel\Intel(R) Management Engine Components\DAL;C:\Program Files\Intel\Intel(R) Management Engine Components\DAL;C:\Program Files\dotnet\;C:\Program Files (x86)\Windows Kits\10\Windows Performance Toolkit\;C:\Users\aqibn\AppData\Local\Microsoft\WindowsApps;C:\Users\aqibn\AppData\Local\Programs\Microsoft VS Code\bin;C:\Users\aqibn\AppData\Local\GitHubDesktop\bin;C:\Users\aqibn\.dotnet\tools
USERNAME=aqibn
OS=Windows_NT
PROCESSOR_IDENTIFIER=Intel64 Family 6 Model 78 Stepping 3, GenuineIntel



---------------  S Y S T E M  ---------------

OS:
 Windows 10 , 64 bit Build 19041 (10.0.19041.1645)
OS uptime: 0 days 16:40 hours

CPU: total 4 (initial active 4) (2 cores per cpu, 2 threads per core) family 6 model 78 stepping 3 microcode 0xcc, cmov, cx8, fxsr, mmx, sse, sse2, sse3, ssse3, sse4.1, sse4.2, popcnt, vzeroupper, avx, avx2, aes, clmul, erms, rtm, 3dnowpref, lzcnt, ht, tsc, tscinvbit, bmi1, bmi2, adx, fma, clflush, clflushopt

Memory: 4k page, system-wide physical 3976M (246M free)
TotalPageFile size 8072M (AvailPageFile size 23M)
current process WorkingSet (physical memory assigned to process): 315M, peak: 322M
current process commit charge ("private bytes"): 357M, peak: 382M

vm_info: Java HotSpot(TM) 64-Bit Server VM (15.0.1+9-18) for windows-amd64 JRE (15.0.1+9-18), built on Sep 15 2020 14:43:54 by "mach5one" with unknown MS VC++:1925

END.
