#
# There is insufficient memory for the Java Runtime Environment to continue.
# Native memory allocation (mmap) failed to map 14680064 bytes for G1 virtual space
# Possible reasons:
#   The system is out of physical RAM or swap space
#   The process is running with CompressedOops enabled, and the Java Heap may be blocking the growth of the native heap
# Possible solutions:
#   Reduce memory load on the system
#   Increase physical memory or swap space
#   Check if swap backing store is full
#   Decrease Java heap size (-Xmx/-Xms)
#   Decrease number of Java threads
#   Decrease Java thread stack sizes (-Xss)
#   Set larger code cache with -XX:ReservedCodeCacheSize=
#   JVM is running with Unscaled Compressed Oops mode in which the Java heap is
#     placed in the first 4GB address space. The Java Heap base address is the
#     maximum limit for the native heap growth. Please use -XX:HeapBaseMinAddress
#     to set the Java Heap base and to place the Java Heap above 4GB virtual address.
# This output file may be truncated or incomplete.
#
#  Out of Memory Error (./open/src/hotspot/os/windows/os_windows.cpp:3472), pid=20648, tid=4108
#
# JRE version: Java(TM) SE Runtime Environment (15.0.1+9) (build 15.0.1+9-18)
# Java VM: Java HotSpot(TM) 64-Bit Server VM (15.0.1+9-18, mixed mode, sharing, tiered, compressed oops, g1 gc, windows-amd64)
# No core dump will be written. Minidumps are not enabled by default on client versions of Windows
#

---------------  S U M M A R Y ------------

Command Line: --add-opens=java.base/java.util=ALL-UNNAMED --add-opens=java.base/java.lang=ALL-UNNAMED --add-opens=java.base/java.lang.invoke=ALL-UNNAMED --add-opens=java.base/java.util=ALL-UNNAMED --add-opens=java.prefs/java.util.prefs=ALL-UNNAMED --add-opens=java.prefs/java.util.prefs=ALL-UNNAMED --add-opens=java.base/java.nio.charset=ALL-UNNAMED --add-opens=java.base/java.net=ALL-UNNAMED --add-opens=java.base/java.util.concurrent.atomic=ALL-UNNAMED -Xmx2048m -Dfile.encoding=UTF-8 -Duser.country=US -Duser.language=en -Duser.variant org.gradle.launcher.daemon.bootstrap.GradleDaemon 7.5

Host: Intel(R) Core(TM) i7-6600U CPU @ 2.60GHz, 4 cores, 7G,  Windows 10 , 64 bit Build 19041 (10.0.19041.1889)
Time: Sun Aug 21 02:30:11 2022 Pakistan Standard Time elapsed time: 19.445580 seconds (0d 0h 0m 19s)

---------------  T H R E A D  ---------------

Current thread (0x00000176ef62bf00):  VMThread "VM Thread" [stack: 0x0000001897e00000,0x0000001897f00000] [id=4108]

Stack: [0x0000001897e00000,0x0000001897f00000]
[error occurred during error reporting (printing stack bounds), id 0xc0000005, EXCEPTION_ACCESS_VIOLATION (0xc0000005) at pc=0x00000176d95510ad]

Native frames: (J=compiled Java code, j=interpreted, Vv=VM code, C=native code)
V  [jvm.dll+0x62ae9a]
V  [jvm.dll+0x781389]
V  [jvm.dll+0x782ae3]
V  [jvm.dll+0x7830a5]
V  [jvm.dll+0x78305b]
V  [jvm.dll+0x62a2b9]
V  [jvm.dll+0x62aa88]
C  [ntdll.dll+0xa229f]
C  [ntdll.dll+0x51454]
C  [ntdll.dll+0xa0dce]
C  0x00000176d95510ad

VM_Operation (0x0000001897aff8e0): G1Concurrent, mode: safepoint, requested by thread 0x00000176d13627f0


---------------  P R O C E S S  ---------------

Threads class SMR info:
_java_thread_list=0x00000176f3e56310, length=95, elements={
0x00000176d1311800, 0x00000176ef62f6b0, 0x00000176ef630190, 0x00000176ef646800,
0x00000176ef6471c0, 0x00000176ef649b90, 0x00000176ef6539d0, 0x00000176ef65be40,
0x00000176ef661b90, 0x00000176f0087750, 0x00000176f00a6780, 0x00000176f16466f0,
0x00000176f2149540, 0x00000176f211d030, 0x00000176f155b740, 0x00000176f20692d0,
0x00000176f149eae0, 0x00000176f149e140, 0x00000176f149e610, 0x00000176f149bf90,
0x00000176f149c460, 0x00000176f149b5f0, 0x00000176f149d2d0, 0x00000176f149b120,
0x00000176f4f2a290, 0x00000176f4f2a760, 0x00000176f4f29420, 0x00000176f4f280e0,
0x00000176f4f268d0, 0x00000176f4f28a80, 0x00000176f4f2ac30, 0x00000176f4f2b5d0,
0x00000176f4f2baa0, 0x00000176f4f25a60, 0x00000176f4f2c440, 0x00000176f4f2c910,
0x00000176f4e13450, 0x00000176ef658ba0, 0x00000176f4e142c0, 0x00000176f4e11770,
0x00000176f4e10dd0, 0x00000176f4e12110, 0x00000176f4e112a0, 0x00000176f4e177b0,
0x00000176f4e17c80, 0x00000176f4e15130, 0x00000176f4e11c40, 0x00000176f4e12ab0,
0x00000176f4e15600, 0x00000176f4e12f80, 0x00000176f4e13920, 0x00000176f4e13df0,
0x00000176f4e14790, 0x00000176f4e16940, 0x00000176f4e14c60, 0x00000176f4e15ad0,
0x00000176f4e15fa0, 0x00000176f4e16470, 0x00000176f4e7ed40, 0x00000176f4e791d0,
0x00000176f4e7f6e0, 0x00000176f4e7b850, 0x00000176f4e7e870, 0x00000176f4e80550,
0x00000176f4e7b380, 0x00000176f4e7fbb0, 0x00000176f4e7a510, 0x00000176f4e7ded0,
0x00000176f4e80080, 0x00000176f4e78d00, 0x00000176f4e796a0, 0x00000176f4e7f210,
0x00000176f4e7aeb0, 0x00000176f4e79b70, 0x00000176f4e7a040, 0x00000176f4e7c1f0,
0x00000176f4e7a9e0, 0x00000176f4e7bd20, 0x00000176f4e7c6c0, 0x00000176f6667240,
0x00000176f66680b0, 0x00000176f6665a30, 0x00000176f6668580, 0x00000176f6668f20,
0x00000176f66698c0, 0x00000176f6662070, 0x00000176f6664220, 0x00000176f66633b0,
0x00000176f9856a00, 0x00000176f985cf10, 0x00000176f985bbd0, 0x00000176f985a3c0,
0x00000176f9856ed0, 0x00000176f985ad60, 0x00000176f9858210
}

Java Threads: ( => current thread )
  0x00000176d1311800 JavaThread "main" [_thread_blocked, id=9580, stack(0x0000001897800000,0x0000001897900000)]
  0x00000176ef62f6b0 JavaThread "Reference Handler" daemon [_thread_blocked, id=8680, stack(0x0000001897f00000,0x0000001898000000)]
  0x00000176ef630190 JavaThread "Finalizer" daemon [_thread_blocked, id=20456, stack(0x0000001898000000,0x0000001898100000)]
  0x00000176ef646800 JavaThread "Signal Dispatcher" daemon [_thread_blocked, id=15740, stack(0x0000001898100000,0x0000001898200000)]
  0x00000176ef6471c0 JavaThread "Attach Listener" daemon [_thread_blocked, id=10168, stack(0x0000001898200000,0x0000001898300000)]
  0x00000176ef649b90 JavaThread "Service Thread" daemon [_thread_blocked, id=13604, stack(0x0000001898300000,0x0000001898400000)]
  0x00000176ef6539d0 JavaThread "C2 CompilerThread0" daemon [_thread_blocked, id=7156, stack(0x0000001898400000,0x0000001898500000)]
  0x00000176ef65be40 JavaThread "C1 CompilerThread0" daemon [_thread_blocked, id=12128, stack(0x0000001898500000,0x0000001898600000)]
  0x00000176ef661b90 JavaThread "Sweeper thread" daemon [_thread_blocked, id=7296, stack(0x0000001898600000,0x0000001898700000)]
  0x00000176f0087750 JavaThread "Common-Cleaner" daemon [_thread_blocked, id=2404, stack(0x0000001898700000,0x0000001898800000)]
  0x00000176f00a6780 JavaThread "Notification Thread" daemon [_thread_blocked, id=20904, stack(0x0000001898800000,0x0000001898900000)]
  0x00000176f16466f0 JavaThread "Daemon health stats" [_thread_blocked, id=9860, stack(0x0000001898d00000,0x0000001898e00000)]
  0x00000176f2149540 JavaThread "Incoming local TCP Connector on port 60782" [_thread_in_native, id=5016, stack(0x0000001898a00000,0x0000001898b00000)]
  0x00000176f211d030 JavaThread "Daemon periodic checks" [_thread_blocked, id=7512, stack(0x0000001898e00000,0x0000001898f00000)]
  0x00000176f155b740 JavaThread "Daemon" [_thread_blocked, id=11292, stack(0x0000001898f00000,0x0000001899000000)]
  0x00000176f20692d0 JavaThread "Handler for socket connection from /127.0.0.1:60782 to /127.0.0.1:60783" [_thread_in_native, id=9708, stack(0x0000001899000000,0x0000001899100000)]
  0x00000176f149eae0 JavaThread "Cancel handler" [_thread_blocked, id=14132, stack(0x0000001899100000,0x0000001899200000)]
  0x00000176f149e140 JavaThread "Daemon worker" [_thread_blocked, id=8108, stack(0x0000001899200000,0x0000001899300000)]
  0x00000176f149e610 JavaThread "Asynchronous log dispatcher for DefaultDaemonConnection: socket connection from /127.0.0.1:60782 to /127.0.0.1:60783" [_thread_blocked, id=11072, stack(0x0000001899300000,0x0000001899400000)]
  0x00000176f149bf90 JavaThread "Stdin handler" [_thread_blocked, id=18048, stack(0x0000001899400000,0x0000001899500000)]
  0x00000176f149c460 JavaThread "Daemon client event forwarder" [_thread_blocked, id=17908, stack(0x0000001899500000,0x0000001899600000)]
  0x00000176f149b5f0 JavaThread "Cache worker for journal cache (C:\Users\aqibn\.gradle\caches\journal-1)" [_thread_blocked, id=11276, stack(0x0000001899700000,0x0000001899800000)]
  0x00000176f149d2d0 JavaThread "File lock request listener" [_thread_in_native, id=736, stack(0x0000001899800000,0x0000001899900000)]
  0x00000176f149b120 JavaThread "Cache worker for file hash cache (C:\Users\aqibn\.gradle\caches\7.5\fileHashes)" [_thread_blocked, id=10516, stack(0x0000001899900000,0x0000001899a00000)]
  0x00000176f4f2a290 JavaThread "File watcher server" daemon [_thread_blocked, id=14020, stack(0x0000001899b00000,0x0000001899c00000)]
  0x00000176f4f2a760 JavaThread "File watcher consumer" daemon [_thread_blocked, id=18852, stack(0x0000001899c00000,0x0000001899d00000)]
  0x00000176f4f29420 JavaThread "Cache worker for checksums cache (C:\Users\aqibn\Documents\GitHub\AwaCam\.gradle\7.5\checksums)" [_thread_blocked, id=6816, stack(0x0000001899d00000,0x0000001899e00000)]
  0x00000176f4f280e0 JavaThread "Cache worker for cache directory md-rule (C:\Users\aqibn\.gradle\caches\7.5\md-rule)" [_thread_blocked, id=9668, stack(0x0000001899e00000,0x0000001899f00000)]
  0x00000176f4f268d0 JavaThread "Cache worker for file content cache (C:\Users\aqibn\.gradle\caches\7.5\fileContent)" [_thread_blocked, id=11328, stack(0x0000001899f00000,0x000000189a000000)]
  0x00000176f4f28a80 JavaThread "Cache worker for file hash cache (C:\Users\aqibn\Documents\GitHub\AwaCam\.gradle\7.5\fileHashes)" [_thread_blocked, id=10748, stack(0x000000189a100000,0x000000189a200000)]
  0x00000176f4f2ac30 JavaThread "Cache worker for cache directory md-supplier (C:\Users\aqibn\.gradle\caches\7.5\md-supplier)" [_thread_blocked, id=20764, stack(0x000000189a200000,0x000000189a300000)]
  0x00000176f4f2b5d0 JavaThread "Cache worker for execution history cache (C:\Users\aqibn\.gradle\caches\7.5\executionHistory)" [_thread_blocked, id=21244, stack(0x000000189a300000,0x000000189a400000)]
  0x00000176f4f2baa0 JavaThread "jar transforms" [_thread_blocked, id=8732, stack(0x000000189a400000,0x000000189a500000)]
  0x00000176f4f25a60 JavaThread "jar transforms Thread 2" [_thread_blocked, id=14080, stack(0x000000189a500000,0x000000189a600000)]
  0x00000176f4f2c440 JavaThread "Cache worker for dependencies-accessors (C:\Users\aqibn\Documents\GitHub\AwaCam\.gradle\7.5\dependencies-accessors)" [_thread_blocked, id=10980, stack(0x000000189a600000,0x000000189a700000)]
  0x00000176f4f2c910 JavaThread "jar transforms Thread 3" [_thread_blocked, id=8372, stack(0x000000189a700000,0x000000189a800000)]
  0x00000176f4e13450 JavaThread "Cache worker for Build Output Cleanup Cache (C:\Users\aqibn\Documents\GitHub\AwaCam\.gradle\buildOutputCleanup)" [_thread_blocked, id=13732, stack(0x0000001899600000,0x0000001899700000)]
  0x00000176ef658ba0 JavaThread "C2 CompilerThread1" daemon [_thread_blocked, id=14236, stack(0x000000189a800000,0x000000189a900000)]
  0x00000176f4e142c0 JavaThread "Unconstrained build operations" [_thread_blocked, id=2944, stack(0x000000189a900000,0x000000189aa00000)]
  0x00000176f4e11770 JavaThread "Unconstrained build operations Thread 2" [_thread_blocked, id=21264, stack(0x000000189aa00000,0x000000189ab00000)]
  0x00000176f4e10dd0 JavaThread "Unconstrained build operations Thread 3" [_thread_blocked, id=14500, stack(0x000000189ab00000,0x000000189ac00000)]
  0x00000176f4e12110 JavaThread "Unconstrained build operations Thread 4" [_thread_blocked, id=8940, stack(0x000000189ac00000,0x000000189ad00000)]
  0x00000176f4e112a0 JavaThread "Unconstrained build operations Thread 5" [_thread_blocked, id=19652, stack(0x000000189ad00000,0x000000189ae00000)]
  0x00000176f4e177b0 JavaThread "Unconstrained build operations Thread 6" [_thread_blocked, id=9856, stack(0x000000189ae00000,0x000000189af00000)]
  0x00000176f4e17c80 JavaThread "Unconstrained build operations Thread 7" [_thread_blocked, id=21076, stack(0x000000189af00000,0x000000189b000000)]
  0x00000176f4e15130 JavaThread "Unconstrained build operations Thread 8" [_thread_blocked, id=15324, stack(0x000000189b000000,0x000000189b100000)]
  0x00000176f4e11c40 JavaThread "Unconstrained build operations Thread 9" [_thread_blocked, id=18176, stack(0x000000189b100000,0x000000189b200000)]
  0x00000176f4e12ab0 JavaThread "Unconstrained build operations Thread 10" [_thread_blocked, id=13000, stack(0x000000189b200000,0x000000189b300000)]
  0x00000176f4e15600 JavaThread "Unconstrained build operations Thread 11" [_thread_blocked, id=6916, stack(0x000000189b300000,0x000000189b400000)]
  0x00000176f4e12f80 JavaThread "Unconstrained build operations Thread 12" [_thread_blocked, id=18568, stack(0x000000189b400000,0x000000189b500000)]
  0x00000176f4e13920 JavaThread "Unconstrained build operations Thread 13" [_thread_blocked, id=7784, stack(0x000000189b500000,0x000000189b600000)]
  0x00000176f4e13df0 JavaThread "Unconstrained build operations Thread 14" [_thread_blocked, id=13596, stack(0x000000189b600000,0x000000189b700000)]
  0x00000176f4e14790 JavaThread "Unconstrained build operations Thread 15" [_thread_blocked, id=9480, stack(0x000000189b700000,0x000000189b800000)]
  0x00000176f4e16940 JavaThread "Unconstrained build operations Thread 16" [_thread_blocked, id=10312, stack(0x000000189b800000,0x000000189b900000)]
  0x00000176f4e14c60 JavaThread "Unconstrained build operations Thread 17" [_thread_blocked, id=20800, stack(0x000000189b900000,0x000000189ba00000)]
  0x00000176f4e15ad0 JavaThread "Unconstrained build operations Thread 18" [_thread_blocked, id=1408, stack(0x000000189ba00000,0x000000189bb00000)]
  0x00000176f4e15fa0 JavaThread "Unconstrained build operations Thread 19" [_thread_blocked, id=14168, stack(0x000000189bb00000,0x000000189bc00000)]
  0x00000176f4e16470 JavaThread "Unconstrained build operations Thread 20" [_thread_blocked, id=14828, stack(0x000000189bc00000,0x000000189bd00000)]
  0x00000176f4e7ed40 JavaThread "Unconstrained build operations Thread 21" [_thread_blocked, id=15612, stack(0x000000189bd00000,0x000000189be00000)]
  0x00000176f4e791d0 JavaThread "Unconstrained build operations Thread 22" [_thread_blocked, id=10056, stack(0x000000189be00000,0x000000189bf00000)]
  0x00000176f4e7f6e0 JavaThread "Unconstrained build operations Thread 23" [_thread_blocked, id=21004, stack(0x000000189bf00000,0x000000189c000000)]
  0x00000176f4e7b850 JavaThread "Unconstrained build operations Thread 24" [_thread_blocked, id=11736, stack(0x000000189c000000,0x000000189c100000)]
  0x00000176f4e7e870 JavaThread "Unconstrained build operations Thread 25" [_thread_blocked, id=14712, stack(0x000000189c100000,0x000000189c200000)]
  0x00000176f4e80550 JavaThread "Unconstrained build operations Thread 26" [_thread_blocked, id=9836, stack(0x000000189c200000,0x000000189c300000)]
  0x00000176f4e7b380 JavaThread "Unconstrained build operations Thread 27" [_thread_blocked, id=6196, stack(0x000000189c300000,0x000000189c400000)]
  0x00000176f4e7fbb0 JavaThread "Unconstrained build operations Thread 28" [_thread_blocked, id=2576, stack(0x000000189c400000,0x000000189c500000)]
  0x00000176f4e7a510 JavaThread "Unconstrained build operations Thread 29" [_thread_blocked, id=16772, stack(0x000000189c500000,0x000000189c600000)]
  0x00000176f4e7ded0 JavaThread "Unconstrained build operations Thread 30" [_thread_blocked, id=15960, stack(0x000000189c600000,0x000000189c700000)]
  0x00000176f4e80080 JavaThread "Unconstrained build operations Thread 31" [_thread_blocked, id=12428, stack(0x000000189c700000,0x000000189c800000)]
  0x00000176f4e78d00 JavaThread "Unconstrained build operations Thread 32" [_thread_blocked, id=5248, stack(0x000000189c800000,0x000000189c900000)]
  0x00000176f4e796a0 JavaThread "Unconstrained build operations Thread 33" [_thread_blocked, id=16724, stack(0x000000189c900000,0x000000189ca00000)]
  0x00000176f4e7f210 JavaThread "Unconstrained build operations Thread 34" [_thread_blocked, id=13616, stack(0x000000189ca00000,0x000000189cb00000)]
  0x00000176f4e7aeb0 JavaThread "Unconstrained build operations Thread 35" [_thread_blocked, id=5604, stack(0x000000189cb00000,0x000000189cc00000)]
  0x00000176f4e79b70 JavaThread "Unconstrained build operations Thread 36" [_thread_blocked, id=10816, stack(0x000000189cc00000,0x000000189cd00000)]
  0x00000176f4e7a040 JavaThread "Unconstrained build operations Thread 37" [_thread_blocked, id=12976, stack(0x000000189cd00000,0x000000189ce00000)]
  0x00000176f4e7c1f0 JavaThread "Unconstrained build operations Thread 38" [_thread_blocked, id=9672, stack(0x000000189ce00000,0x000000189cf00000)]
  0x00000176f4e7a9e0 JavaThread "Unconstrained build operations Thread 39" [_thread_blocked, id=15164, stack(0x000000189cf00000,0x000000189d000000)]
  0x00000176f4e7bd20 JavaThread "Unconstrained build operations Thread 40" [_thread_blocked, id=14752, stack(0x000000189d000000,0x000000189d100000)]
  0x00000176f4e7c6c0 JavaThread "jar transforms Thread 4" [_thread_blocked, id=21464, stack(0x000000189d100000,0x000000189d200000)]
  0x00000176f6667240 JavaThread "Memory manager" [_thread_blocked, id=6740, stack(0x000000189d200000,0x000000189d300000)]
  0x00000176f66680b0 JavaThread "build event listener" [_thread_blocked, id=16476, stack(0x000000189d300000,0x000000189d400000)]
  0x00000176f6665a30 JavaThread "pool-3-thread-1" [_thread_blocked, id=21000, stack(0x000000189d400000,0x000000189d500000)]
  0x00000176f6668580 JavaThread "build event listener" [_thread_blocked, id=8700, stack(0x000000189d500000,0x000000189d600000)]
  0x00000176f6668f20 JavaThread "included builds" [_thread_blocked, id=20396, stack(0x000000189d600000,0x000000189d700000)]
  0x00000176f66698c0 JavaThread "Execution worker" [_thread_blocked, id=19188, stack(0x000000189d700000,0x000000189d800000)]
  0x00000176f6662070 JavaThread "Execution worker Thread 2" [_thread_blocked, id=11764, stack(0x000000189d800000,0x000000189d900000)]
  0x00000176f6664220 JavaThread "Execution worker Thread 3" [_thread_blocked, id=3212, stack(0x000000189d900000,0x000000189da00000)]
  0x00000176f66633b0 JavaThread "Cache worker for execution history cache (C:\Users\aqibn\Documents\GitHub\AwaCam\.gradle\7.5\executionHistory)" [_thread_blocked, id=5648, stack(0x000000189da00000,0x000000189db00000)]
  0x00000176f9856a00 JavaThread "WorkerExecutor Queue" [_thread_blocked, id=9404, stack(0x000000189db00000,0x000000189dc00000)]
  0x00000176f985cf10 JavaThread "pool-4-thread-1" [_thread_blocked, id=9336, stack(0x000000189dc00000,0x000000189dd00000)]
  0x00000176f985bbd0 JavaThread "stderr" [_thread_in_native, id=14616, stack(0x000000189dd00000,0x000000189de00000)]
  0x00000176f985a3c0 JavaThread "stdout" [_thread_in_native, id=7500, stack(0x000000189de00000,0x000000189df00000)]
  0x00000176f9856ed0 JavaThread "WorkerExecutor Queue Thread 2" [_thread_blocked, id=12296, stack(0x000000189df00000,0x000000189e000000)]
  0x00000176f985ad60 JavaThread "WorkerExecutor Queue Thread 3" [_thread_blocked, id=6288, stack(0x000000189e000000,0x000000189e100000)]
  0x00000176f9858210 JavaThread "WorkerExecutor Queue Thread 4" [_thread_blocked, id=9732, stack(0x000000189e100000,0x000000189e200000)]

Other Threads:
=>0x00000176ef62bf00 VMThread "VM Thread" [stack: 0x0000001897e00000,0x0000001897f00000] [id=4108]
  0x00000176f00ba910 WatcherThread [stack: 0x0000001898900000,0x0000001898a00000] [id=13872]
  0x00000176d134ff60 GCTaskThread "GC Thread#0" [stack: 0x0000001897900000,0x0000001897a00000] [id=9816]
  0x00000176f0a54b40 GCTaskThread "GC Thread#1" [stack: 0x0000001898b00000,0x0000001898c00000] [id=19780]
  0x00000176f0a52500 GCTaskThread "GC Thread#2" [stack: 0x0000001898c00000,0x0000001898d00000] [id=12612]
  0x00000176f0a544e0 GCTaskThread "GC Thread#3" [stack: 0x0000001899a00000,0x0000001899b00000] [id=16776]
  0x00000176d13627f0 ConcurrentGCThread "G1 Main Marker" [stack: 0x0000001897a00000,0x0000001897b00000] [id=19656]
  0x00000176d13632f0 ConcurrentGCThread "G1 Conc#0" [stack: 0x0000001897b00000,0x0000001897c00000] [id=8916]
  0x00000176d13eea70 ConcurrentGCThread "G1 Refine#0" [stack: 0x0000001897c00000,0x0000001897d00000] [id=11812]
  0x00000176f1f4d160 ConcurrentGCThread "G1 Refine#1" [stack: 0x000000189a000000,0x000000189a100000] [id=3280]
  0x00000176f953bf50 ConcurrentGCThread "G1 Refine#2" [stack: 0x000000189e200000,0x000000189e300000] [id=7520]
  0x00000176ef4a2760 ConcurrentGCThread "G1 Young RemSet Sampling" [stack: 0x0000001897d00000,0x0000001897e00000] [id=15736]

Threads with active compile tasks:
C2 CompilerThread1    19475 12218 %     4       com.android.tools.r8.dex.j::m @ 798 (2094 bytes)

VM state: at safepoint (normal execution)

VM Mutex/Monitor currently owned by a thread:  ([mutex/lock_event])
[0x00000176d130d990] Threads_lock - owner thread: 0x00000176ef62bf00
[0x00000176d130de10] Heap_lock - owner thread: 0x00000176d13627f0

Heap address: 0x0000000080000000, size: 2048 MB, Compressed Oops mode: 32-bit
CDS archive(s) mapped at: [0x0000000800000000-0x0000000800b50000-0x0000000800b50000), size 11862016, SharedBaseAddress: 0x0000000800000000, ArchiveRelocationMode: 0.
Compressed class space mapped at: 0x0000000800b50000-0x0000000840b50000, size: 1073741824
Narrow klass base: 0x0000000800000000, Narrow klass shift: 3, Narrow klass range: 0x100000000

GC Precious Log:
 CPUs: 4 total, 4 available
 Memory: 8072M
 Large Page Support: Disabled
 NUMA Support: Disabled
 Compressed Oops: Enabled (32-bit)
 Heap Region Size: 1M
 Heap Min Capacity: 8M
 Heap Initial Capacity: 128M
 Heap Max Capacity: 2G
 Pre-touch: Disabled
 Parallel Workers: 4
 Concurrent Workers: 1
 Concurrent Refinement Workers: 4
 Periodic GC: Disabled

Heap:
 garbage-first heap   total 299008K, used 176338K [0x0000000080000000, 0x0000000100000000)
  region size 1024K, 26 young (26624K), 7 survivors (7168K)
 Metaspace       used 86790K, capacity 88060K, committed 88220K, reserved 1126400K
  class space    used 11352K, capacity 11743K, committed 11756K, reserved 1048576K

Heap Regions: E=young(eden), S=young(survivor), O=old, HS=humongous(starts), HC=humongous(continues), CS=collection set, F=free, OA=open archive, CA=closed archive, TAMS=top-at-mark-start (previous, next)
|   0|0x0000000080000000, 0x0000000080100000, 0x0000000080100000|100%|HS|  |TAMS 0x0000000080100000, 0x0000000080000000| Complete 
|   1|0x0000000080100000, 0x0000000080200000, 0x0000000080200000|100%|HC|  |TAMS 0x0000000080200000, 0x0000000080100000| Complete 
|   2|0x0000000080200000, 0x0000000080300000, 0x0000000080300000|100%|HC|  |TAMS 0x0000000080300000, 0x0000000080200000| Complete 
|   3|0x0000000080300000, 0x0000000080400000, 0x0000000080400000|100%| O|  |TAMS 0x0000000080400000, 0x0000000080300000| Updating 
|   4|0x0000000080400000, 0x0000000080500000, 0x0000000080500000|100%| O|  |TAMS 0x0000000080500000, 0x0000000080400000| Updating 
|   5|0x0000000080500000, 0x0000000080600000, 0x0000000080600000|100%| O|  |TAMS 0x0000000080600000, 0x0000000080500000| Updating 
|   6|0x0000000080600000, 0x0000000080700000, 0x0000000080700000|100%| O|  |TAMS 0x0000000080700000, 0x0000000080600000| Updating 
|   7|0x0000000080700000, 0x0000000080800000, 0x0000000080800000|100%| O|  |TAMS 0x0000000080800000, 0x0000000080700000| Updating 
|   8|0x0000000080800000, 0x0000000080900000, 0x0000000080900000|100%| O|  |TAMS 0x0000000080900000, 0x0000000080800000| Updating 
|   9|0x0000000080900000, 0x0000000080a00000, 0x0000000080a00000|100%| O|  |TAMS 0x0000000080a00000, 0x0000000080900000| Updating 
|  10|0x0000000080a00000, 0x0000000080b00000, 0x0000000080b00000|100%| O|  |TAMS 0x0000000080b00000, 0x0000000080a00000| Updating 
|  11|0x0000000080b00000, 0x0000000080c00000, 0x0000000080c00000|100%| O|  |TAMS 0x0000000080c00000, 0x0000000080b00000| Updating 
|  12|0x0000000080c00000, 0x0000000080d00000, 0x0000000080d00000|100%| O|  |TAMS 0x0000000080d00000, 0x0000000080c00000| Updating 
|  13|0x0000000080d00000, 0x0000000080e00000, 0x0000000080e00000|100%| O|  |TAMS 0x0000000080e00000, 0x0000000080d00000| Updating 
|  14|0x0000000080e00000, 0x0000000080f00000, 0x0000000080f00000|100%| O|  |TAMS 0x0000000080f00000, 0x0000000080e00000| Updating 
|  15|0x0000000080f00000, 0x0000000081000000, 0x0000000081000000|100%| O|  |TAMS 0x0000000081000000, 0x0000000080f00000| Updating 
|  16|0x0000000081000000, 0x0000000081100000, 0x0000000081100000|100%| O|  |TAMS 0x0000000081100000, 0x0000000081000000| Updating 
|  17|0x0000000081100000, 0x00000000811db600, 0x0000000081200000| 85%| O|  |TAMS 0x00000000811db600, 0x0000000081100000| Updating 
|  18|0x0000000081200000, 0x0000000081300000, 0x0000000081300000|100%| O|  |TAMS 0x0000000081300000, 0x0000000081200000| Updating 
|  19|0x0000000081300000, 0x0000000081400000, 0x0000000081400000|100%| O|  |TAMS 0x0000000081400000, 0x0000000081300000| Updating 
|  20|0x0000000081400000, 0x0000000081500000, 0x0000000081500000|100%| O|  |TAMS 0x0000000081500000, 0x0000000081400000| Updating 
|  21|0x0000000081500000, 0x0000000081600000, 0x0000000081600000|100%| O|  |TAMS 0x0000000081600000, 0x0000000081500000| Updating 
|  22|0x0000000081600000, 0x0000000081700000, 0x0000000081700000|100%|HS|  |TAMS 0x0000000081700000, 0x0000000081600000| Complete 
|  23|0x0000000081700000, 0x0000000081800000, 0x0000000081800000|100%|HS|  |TAMS 0x0000000081800000, 0x0000000081700000| Complete 
|  24|0x0000000081800000, 0x0000000081900000, 0x0000000081900000|100%|HS|  |TAMS 0x0000000081900000, 0x0000000081800000| Complete 
|  25|0x0000000081900000, 0x0000000081a00000, 0x0000000081a00000|100%|HC|  |TAMS 0x0000000081a00000, 0x0000000081900000| Complete 
|  26|0x0000000081a00000, 0x0000000081b00000, 0x0000000081b00000|100%| O|  |TAMS 0x0000000081b00000, 0x0000000081a00000| Updating 
|  27|0x0000000081b00000, 0x0000000081c00000, 0x0000000081c00000|100%| O|  |TAMS 0x0000000081c00000, 0x0000000081b00000| Updating 
|  28|0x0000000081c00000, 0x0000000081d00000, 0x0000000081d00000|100%| O|  |TAMS 0x0000000081d00000, 0x0000000081c00000| Updating 
|  29|0x0000000081d00000, 0x0000000081e00000, 0x0000000081e00000|100%| O|  |TAMS 0x0000000081e00000, 0x0000000081d00000| Updating 
|  30|0x0000000081e00000, 0x0000000081f00000, 0x0000000081f00000|100%| O|  |TAMS 0x0000000081f00000, 0x0000000081e00000| Updating 
|  31|0x0000000081f00000, 0x0000000082000000, 0x0000000082000000|100%| O|  |TAMS 0x0000000082000000, 0x0000000081f00000| Updating 
|  32|0x0000000082000000, 0x0000000082100000, 0x0000000082100000|100%| O|  |TAMS 0x0000000082100000, 0x0000000082000000| Updating 
|  33|0x0000000082100000, 0x0000000082200000, 0x0000000082200000|100%| O|  |TAMS 0x0000000082200000, 0x0000000082100000| Updating 
|  34|0x0000000082200000, 0x0000000082300000, 0x0000000082300000|100%| O|  |TAMS 0x0000000082300000, 0x0000000082200000| Updating 
|  35|0x0000000082300000, 0x0000000082400000, 0x0000000082400000|100%| O|  |TAMS 0x0000000082400000, 0x0000000082300000| Updating 
|  36|0x0000000082400000, 0x0000000082500000, 0x0000000082500000|100%| O|  |TAMS 0x0000000082500000, 0x0000000082400000| Updating 
|  37|0x0000000082500000, 0x0000000082600000, 0x0000000082600000|100%| O|  |TAMS 0x0000000082600000, 0x0000000082500000| Updating 
|  38|0x0000000082600000, 0x0000000082700000, 0x0000000082700000|100%| O|  |TAMS 0x0000000082700000, 0x0000000082600000| Updating 
|  39|0x0000000082700000, 0x0000000082800000, 0x0000000082800000|100%| O|  |TAMS 0x0000000082800000, 0x0000000082700000| Updating 
|  40|0x0000000082800000, 0x0000000082900000, 0x0000000082900000|100%| O|  |TAMS 0x0000000082900000, 0x0000000082800000| Updating 
|  41|0x0000000082900000, 0x0000000082a00000, 0x0000000082a00000|100%| O|  |TAMS 0x0000000082a00000, 0x0000000082900000| Updating 
|  42|0x0000000082a00000, 0x0000000082b00000, 0x0000000082b00000|100%| O|  |TAMS 0x0000000082b00000, 0x0000000082a00000| Updating 
|  43|0x0000000082b00000, 0x0000000082c00000, 0x0000000082c00000|100%| O|  |TAMS 0x0000000082c00000, 0x0000000082b00000| Updating 
|  44|0x0000000082c00000, 0x0000000082d00000, 0x0000000082d00000|100%| O|  |TAMS 0x0000000082d00000, 0x0000000082c00000| Updating 
|  45|0x0000000082d00000, 0x0000000082e00000, 0x0000000082e00000|100%| O|  |TAMS 0x0000000082e00000, 0x0000000082d00000| Updating 
|  46|0x0000000082e00000, 0x0000000082f00000, 0x0000000082f00000|100%| O|  |TAMS 0x0000000082f00000, 0x0000000082e00000| Updating 
|  47|0x0000000082f00000, 0x0000000083000000, 0x0000000083000000|100%| O|  |TAMS 0x0000000083000000, 0x0000000082f00000| Updating 
|  48|0x0000000083000000, 0x0000000083100000, 0x0000000083100000|100%| O|  |TAMS 0x0000000083100000, 0x0000000083000000| Updating 
|  49|0x0000000083100000, 0x0000000083200000, 0x0000000083200000|100%| O|  |TAMS 0x0000000083200000, 0x0000000083100000| Updating 
|  50|0x0000000083200000, 0x0000000083300000, 0x0000000083300000|100%| O|  |TAMS 0x0000000083300000, 0x0000000083200000| Updating 
|  51|0x0000000083300000, 0x0000000083400000, 0x0000000083400000|100%| O|  |TAMS 0x0000000083400000, 0x0000000083300000| Updating 
|  52|0x0000000083400000, 0x0000000083500000, 0x0000000083500000|100%| O|  |TAMS 0x0000000083500000, 0x0000000083400000| Updating 
|  53|0x0000000083500000, 0x0000000083600000, 0x0000000083600000|100%| O|  |TAMS 0x0000000083600000, 0x0000000083500000| Updating 
|  54|0x0000000083600000, 0x0000000083700000, 0x0000000083700000|100%| O|  |TAMS 0x0000000083700000, 0x0000000083600000| Updating 
|  55|0x0000000083700000, 0x0000000083800000, 0x0000000083800000|100%| O|  |TAMS 0x0000000083800000, 0x0000000083700000| Updating 
|  56|0x0000000083800000, 0x0000000083900000, 0x0000000083900000|100%| O|  |TAMS 0x0000000083900000, 0x0000000083800000| Updating 
|  57|0x0000000083900000, 0x0000000083a00000, 0x0000000083a00000|100%| O|  |TAMS 0x0000000083a00000, 0x0000000083900000| Updating 
|  58|0x0000000083a00000, 0x0000000083b00000, 0x0000000083b00000|100%| O|  |TAMS 0x0000000083b00000, 0x0000000083a00000| Updating 
|  59|0x0000000083b00000, 0x0000000083c00000, 0x0000000083c00000|100%| O|  |TAMS 0x0000000083c00000, 0x0000000083b00000| Updating 
|  60|0x0000000083c00000, 0x0000000083d00000, 0x0000000083d00000|100%| O|  |TAMS 0x0000000083d00000, 0x0000000083c00000| Updating 
|  61|0x0000000083d00000, 0x0000000083e00000, 0x0000000083e00000|100%| O|  |TAMS 0x0000000083e00000, 0x0000000083d00000| Updating 
|  62|0x0000000083e00000, 0x0000000083f00000, 0x0000000083f00000|100%| O|  |TAMS 0x0000000083f00000, 0x0000000083e00000| Updating 
|  63|0x0000000083f00000, 0x0000000084000000, 0x0000000084000000|100%| O|  |TAMS 0x0000000084000000, 0x0000000083f00000| Updating 
|  64|0x0000000084000000, 0x0000000084100000, 0x0000000084100000|100%| O|  |TAMS 0x0000000084100000, 0x0000000084000000| Updating 
|  65|0x0000000084100000, 0x0000000084200000, 0x0000000084200000|100%| O|  |TAMS 0x0000000084200000, 0x0000000084100000| Updating 
|  66|0x0000000084200000, 0x0000000084300000, 0x0000000084300000|100%| O|  |TAMS 0x0000000084300000, 0x0000000084200000| Updating 
|  67|0x0000000084300000, 0x0000000084400000, 0x0000000084400000|100%| O|  |TAMS 0x0000000084400000, 0x0000000084300000| Updating 
|  68|0x0000000084400000, 0x0000000084500000, 0x0000000084500000|100%| O|  |TAMS 0x0000000084500000, 0x0000000084400000| Updating 
|  69|0x0000000084500000, 0x0000000084600000, 0x0000000084600000|100%| O|  |TAMS 0x0000000084600000, 0x0000000084500000| Updating 
|  70|0x0000000084600000, 0x0000000084700000, 0x0000000084700000|100%| O|  |TAMS 0x0000000084700000, 0x0000000084600000| Updating 
|  71|0x0000000084700000, 0x0000000084800000, 0x0000000084800000|100%| O|  |TAMS 0x0000000084800000, 0x0000000084700000| Updating 
|  72|0x0000000084800000, 0x0000000084900000, 0x0000000084900000|100%| O|  |TAMS 0x0000000084900000, 0x0000000084800000| Updating 
|  73|0x0000000084900000, 0x0000000084a00000, 0x0000000084a00000|100%| O|  |TAMS 0x0000000084a00000, 0x0000000084900000| Updating 
|  74|0x0000000084a00000, 0x0000000084b00000, 0x0000000084b00000|100%| O|  |TAMS 0x0000000084b00000, 0x0000000084a00000| Updating 
|  75|0x0000000084b00000, 0x0000000084c00000, 0x0000000084c00000|100%| O|  |TAMS 0x0000000084c00000, 0x0000000084b00000| Updating 
|  76|0x0000000084c00000, 0x0000000084d00000, 0x0000000084d00000|100%| O|  |TAMS 0x0000000084d00000, 0x0000000084c00000| Updating 
|  77|0x0000000084d00000, 0x0000000084e00000, 0x0000000084e00000|100%| O|  |TAMS 0x0000000084e00000, 0x0000000084d00000| Updating 
|  78|0x0000000084e00000, 0x0000000084f00000, 0x0000000084f00000|100%| O|  |TAMS 0x0000000084f00000, 0x0000000084e00000| Updating 
|  79|0x0000000084f00000, 0x0000000085000000, 0x0000000085000000|100%| O|  |TAMS 0x0000000085000000, 0x0000000084f00000| Updating 
|  80|0x0000000085000000, 0x0000000085100000, 0x0000000085100000|100%| O|  |TAMS 0x0000000085100000, 0x0000000085000000| Updating 
|  81|0x0000000085100000, 0x0000000085200000, 0x0000000085200000|100%| O|  |TAMS 0x0000000085200000, 0x0000000085100000| Updating 
|  82|0x0000000085200000, 0x0000000085300000, 0x0000000085300000|100%| O|  |TAMS 0x0000000085300000, 0x0000000085200000| Updating 
|  83|0x0000000085300000, 0x0000000085400000, 0x0000000085400000|100%| O|  |TAMS 0x0000000085400000, 0x0000000085300000| Updating 
|  84|0x0000000085400000, 0x0000000085500000, 0x0000000085500000|100%| O|  |TAMS 0x0000000085500000, 0x0000000085400000| Updating 
|  85|0x0000000085500000, 0x0000000085600000, 0x0000000085600000|100%| O|  |TAMS 0x0000000085600000, 0x0000000085500000| Updating 
|  86|0x0000000085600000, 0x0000000085700000, 0x0000000085700000|100%| O|  |TAMS 0x0000000085700000, 0x0000000085600000| Updating 
|  87|0x0000000085700000, 0x0000000085800000, 0x0000000085800000|100%| O|  |TAMS 0x0000000085800000, 0x0000000085700000| Updating 
|  88|0x0000000085800000, 0x0000000085900000, 0x0000000085900000|100%| O|  |TAMS 0x0000000085900000, 0x0000000085800000| Updating 
|  89|0x0000000085900000, 0x0000000085a00000, 0x0000000085a00000|100%|HS|  |TAMS 0x0000000085a00000, 0x0000000085900000| Complete 
|  90|0x0000000085a00000, 0x0000000085b00000, 0x0000000085b00000|100%|HC|  |TAMS 0x0000000085b00000, 0x0000000085a00000| Complete 
|  91|0x0000000085b00000, 0x0000000085c00000, 0x0000000085c00000|100%|HC|  |TAMS 0x0000000085c00000, 0x0000000085b00000| Complete 
|  92|0x0000000085c00000, 0x0000000085d00000, 0x0000000085d00000|100%|HS|  |TAMS 0x0000000085d00000, 0x0000000085c00000| Complete 
|  93|0x0000000085d00000, 0x0000000085e00000, 0x0000000085e00000|100%|HC|  |TAMS 0x0000000085e00000, 0x0000000085d00000| Complete 
|  94|0x0000000085e00000, 0x0000000085f00000, 0x0000000085f00000|100%|HS|  |TAMS 0x0000000085f00000, 0x0000000085e00000| Complete 
|  95|0x0000000085f00000, 0x0000000086000000, 0x0000000086000000|100%|HS|  |TAMS 0x0000000086000000, 0x0000000085f00000| Complete 
|  96|0x0000000086000000, 0x0000000086100000, 0x0000000086100000|100%|HS|  |TAMS 0x0000000086100000, 0x0000000086000000| Complete 
|  97|0x0000000086100000, 0x0000000086200000, 0x0000000086200000|100%|HS|  |TAMS 0x0000000086200000, 0x0000000086100000| Complete 
|  98|0x0000000086200000, 0x0000000086300000, 0x0000000086300000|100%|HC|  |TAMS 0x0000000086300000, 0x0000000086200000| Complete 
|  99|0x0000000086300000, 0x0000000086400000, 0x0000000086400000|100%|HS|  |TAMS 0x0000000086400000, 0x0000000086300000| Complete 
| 100|0x0000000086400000, 0x0000000086500000, 0x0000000086500000|100%|HC|  |TAMS 0x0000000086500000, 0x0000000086400000| Complete 
| 101|0x0000000086500000, 0x0000000086600000, 0x0000000086600000|100%|HS|  |TAMS 0x0000000086600000, 0x0000000086500000| Complete 
| 102|0x0000000086600000, 0x0000000086700000, 0x0000000086700000|100%|HC|  |TAMS 0x0000000086700000, 0x0000000086600000| Complete 
| 103|0x0000000086700000, 0x0000000086800000, 0x0000000086800000|100%|HC|  |TAMS 0x0000000086800000, 0x0000000086700000| Complete 
| 104|0x0000000086800000, 0x0000000086900000, 0x0000000086900000|100%| O|  |TAMS 0x0000000086800000, 0x0000000086800000| Untracked 
| 105|0x0000000086900000, 0x0000000086a00000, 0x0000000086a00000|100%| O|  |TAMS 0x0000000086900000, 0x0000000086900000| Untracked 
| 106|0x0000000086a00000, 0x0000000086b00000, 0x0000000086b00000|100%| O|  |TAMS 0x0000000086a00000, 0x0000000086a00000| Untracked 
| 107|0x0000000086b00000, 0x0000000086c00000, 0x0000000086c00000|100%| O|  |TAMS 0x0000000086b00000, 0x0000000086b00000| Untracked 
| 108|0x0000000086c00000, 0x0000000086d00000, 0x0000000086d00000|100%| O|  |TAMS 0x0000000086c00000, 0x0000000086c00000| Untracked 
| 109|0x0000000086d00000, 0x0000000086e00000, 0x0000000086e00000|100%| O|  |TAMS 0x0000000086d00000, 0x0000000086d00000| Untracked 
| 110|0x0000000086e00000, 0x0000000086f00000, 0x0000000086f00000|100%|HS|  |TAMS 0x0000000086f00000, 0x0000000086e00000| Complete 
| 111|0x0000000086f00000, 0x0000000087000000, 0x0000000087000000|100%|HC|  |TAMS 0x0000000087000000, 0x0000000086f00000| Complete 
| 112|0x0000000087000000, 0x0000000087100000, 0x0000000087100000|100%|HC|  |TAMS 0x0000000087100000, 0x0000000087000000| Complete 
| 113|0x0000000087100000, 0x0000000087200000, 0x0000000087200000|100%| O|  |TAMS 0x0000000087100000, 0x0000000087100000| Untracked 
| 114|0x0000000087200000, 0x0000000087300000, 0x0000000087300000|100%| O|  |TAMS 0x0000000087200000, 0x0000000087200000| Untracked 
| 115|0x0000000087300000, 0x00000000873d0000, 0x0000000087400000| 81%| O|  |TAMS 0x0000000087300000, 0x0000000087300000| Updating 
| 116|0x0000000087400000, 0x0000000087500000, 0x0000000087500000|100%|HS|  |TAMS 0x0000000087500000, 0x0000000087400000| Complete 
| 117|0x0000000087500000, 0x0000000087600000, 0x0000000087600000|100%|HC|  |TAMS 0x0000000087600000, 0x0000000087500000| Complete 
| 118|0x0000000087600000, 0x0000000087700000, 0x0000000087700000|100%|HS|  |TAMS 0x0000000087600000, 0x0000000087600000| Complete 
| 119|0x0000000087700000, 0x0000000087800000, 0x0000000087800000|100%|HS|  |TAMS 0x0000000087800000, 0x0000000087700000| Complete 
| 120|0x0000000087800000, 0x0000000087900000, 0x0000000087900000|100%|HS|  |TAMS 0x0000000087800000, 0x0000000087800000| Complete 
| 121|0x0000000087900000, 0x0000000087a00000, 0x0000000087a00000|100%|HS|  |TAMS 0x0000000087a00000, 0x0000000087900000| Complete 
| 122|0x0000000087a00000, 0x0000000087a00000, 0x0000000087b00000|  0%| F|  |TAMS 0x0000000087a00000, 0x0000000087a00000| Untracked 
| 123|0x0000000087b00000, 0x0000000087c00000, 0x0000000087c00000|100%|HS|  |TAMS 0x0000000087c00000, 0x0000000087b00000| Complete 
| 124|0x0000000087c00000, 0x0000000087c00000, 0x0000000087d00000|  0%| F|  |TAMS 0x0000000087c00000, 0x0000000087c00000| Untracked 
| 125|0x0000000087d00000, 0x0000000087d00000, 0x0000000087e00000|  0%| F|  |TAMS 0x0000000087d00000, 0x0000000087d00000| Untracked 
| 126|0x0000000087e00000, 0x0000000087e00000, 0x0000000087f00000|  0%| F|  |TAMS 0x0000000087e00000, 0x0000000087e00000| Untracked 
| 127|0x0000000087f00000, 0x0000000088000000, 0x0000000088000000|100%|HS|  |TAMS 0x0000000088000000, 0x0000000087f00000| Complete 
| 128|0x0000000088000000, 0x0000000088100000, 0x0000000088100000|100%|HC|  |TAMS 0x0000000088100000, 0x0000000088000000| Complete 
| 129|0x0000000088100000, 0x0000000088100000, 0x0000000088200000|  0%| F|  |TAMS 0x0000000088100000, 0x0000000088100000| Untracked 
| 130|0x0000000088200000, 0x0000000088200000, 0x0000000088300000|  0%| F|  |TAMS 0x0000000088200000, 0x0000000088200000| Untracked 
| 131|0x0000000088300000, 0x0000000088300000, 0x0000000088400000|  0%| F|  |TAMS 0x0000000088300000, 0x0000000088300000| Untracked 
| 132|0x0000000088400000, 0x0000000088500000, 0x0000000088500000|100%|HS|  |TAMS 0x0000000088500000, 0x0000000088400000| Complete 
| 133|0x0000000088500000, 0x0000000088600000, 0x0000000088600000|100%|HC|  |TAMS 0x0000000088600000, 0x0000000088500000| Complete 
| 134|0x0000000088600000, 0x0000000088600000, 0x0000000088700000|  0%| F|  |TAMS 0x0000000088600000, 0x0000000088600000| Untracked 
| 135|0x0000000088700000, 0x0000000088700000, 0x0000000088800000|  0%| F|  |TAMS 0x0000000088700000, 0x0000000088700000| Untracked 
| 136|0x0000000088800000, 0x0000000088800000, 0x0000000088900000|  0%| F|  |TAMS 0x0000000088800000, 0x0000000088800000| Untracked 
| 137|0x0000000088900000, 0x0000000088900000, 0x0000000088a00000|  0%| F|  |TAMS 0x0000000088900000, 0x0000000088900000| Untracked 
| 138|0x0000000088a00000, 0x0000000088a00000, 0x0000000088b00000|  0%| F|  |TAMS 0x0000000088a00000, 0x0000000088a00000| Untracked 
| 139|0x0000000088b00000, 0x0000000088b00000, 0x0000000088c00000|  0%| F|  |TAMS 0x0000000088b00000, 0x0000000088b00000| Untracked 
| 140|0x0000000088c00000, 0x0000000088d00000, 0x0000000088d00000|100%|HS|  |TAMS 0x0000000088d00000, 0x0000000088c00000| Complete 
| 141|0x0000000088d00000, 0x0000000088e00000, 0x0000000088e00000|100%|HC|  |TAMS 0x0000000088e00000, 0x0000000088d00000| Complete 
| 142|0x0000000088e00000, 0x0000000088f00000, 0x0000000088f00000|100%|HC|  |TAMS 0x0000000088f00000, 0x0000000088e00000| Complete 
| 143|0x0000000088f00000, 0x0000000089000000, 0x0000000089000000|100%| O|  |TAMS 0x0000000089000000, 0x0000000088f00000| Updating 
| 144|0x0000000089000000, 0x0000000089100000, 0x0000000089100000|100%| O|  |TAMS 0x0000000089100000, 0x0000000089000000| Updating 
| 145|0x0000000089100000, 0x0000000089100000, 0x0000000089200000|  0%| F|  |TAMS 0x0000000089100000, 0x0000000089100000| Untracked 
| 146|0x0000000089200000, 0x0000000089200000, 0x0000000089300000|  0%| F|  |TAMS 0x0000000089200000, 0x0000000089200000| Untracked 
| 147|0x0000000089300000, 0x0000000089300000, 0x0000000089400000|  0%| F|  |TAMS 0x0000000089300000, 0x0000000089300000| Untracked 
| 148|0x0000000089400000, 0x0000000089400000, 0x0000000089500000|  0%| F|  |TAMS 0x0000000089400000, 0x0000000089400000| Untracked 
| 149|0x0000000089500000, 0x0000000089500000, 0x0000000089600000|  0%| F|  |TAMS 0x0000000089500000, 0x0000000089500000| Untracked 
| 150|0x0000000089600000, 0x0000000089600000, 0x0000000089700000|  0%| F|  |TAMS 0x0000000089600000, 0x0000000089600000| Untracked 
| 151|0x0000000089700000, 0x0000000089700000, 0x0000000089800000|  0%| F|  |TAMS 0x0000000089700000, 0x0000000089700000| Untracked 
| 152|0x0000000089800000, 0x0000000089800000, 0x0000000089900000|  0%| F|  |TAMS 0x0000000089800000, 0x0000000089800000| Untracked 
| 153|0x0000000089900000, 0x0000000089900000, 0x0000000089a00000|  0%| F|  |TAMS 0x0000000089900000, 0x0000000089900000| Untracked 
| 154|0x0000000089a00000, 0x0000000089a00000, 0x0000000089b00000|  0%| F|  |TAMS 0x0000000089a00000, 0x0000000089a00000| Untracked 
| 155|0x0000000089b00000, 0x0000000089b00000, 0x0000000089c00000|  0%| F|  |TAMS 0x0000000089b00000, 0x0000000089b00000| Untracked 
| 156|0x0000000089c00000, 0x0000000089c00000, 0x0000000089d00000|  0%| F|  |TAMS 0x0000000089c00000, 0x0000000089c00000| Untracked 
| 157|0x0000000089d00000, 0x0000000089d00000, 0x0000000089e00000|  0%| F|  |TAMS 0x0000000089d00000, 0x0000000089d00000| Untracked 
| 158|0x0000000089e00000, 0x0000000089e00000, 0x0000000089f00000|  0%| F|  |TAMS 0x0000000089e00000, 0x0000000089e00000| Untracked 
| 159|0x0000000089f00000, 0x0000000089f00000, 0x000000008a000000|  0%| F|  |TAMS 0x0000000089f00000, 0x0000000089f00000| Untracked 
| 160|0x000000008a000000, 0x000000008a000000, 0x000000008a100000|  0%| F|  |TAMS 0x000000008a000000, 0x000000008a000000| Untracked 
| 161|0x000000008a100000, 0x000000008a100000, 0x000000008a200000|  0%| F|  |TAMS 0x000000008a100000, 0x000000008a100000| Untracked 
| 162|0x000000008a200000, 0x000000008a200000, 0x000000008a300000|  0%| F|  |TAMS 0x000000008a200000, 0x000000008a200000| Untracked 
| 163|0x000000008a300000, 0x000000008a300000, 0x000000008a400000|  0%| F|  |TAMS 0x000000008a300000, 0x000000008a300000| Untracked 
| 164|0x000000008a400000, 0x000000008a400000, 0x000000008a500000|  0%| F|  |TAMS 0x000000008a400000, 0x000000008a400000| Untracked 
| 165|0x000000008a500000, 0x000000008a500000, 0x000000008a600000|  0%| F|  |TAMS 0x000000008a500000, 0x000000008a500000| Untracked 
| 166|0x000000008a600000, 0x000000008a600000, 0x000000008a700000|  0%| F|  |TAMS 0x000000008a600000, 0x000000008a600000| Untracked 
| 167|0x000000008a700000, 0x000000008a700000, 0x000000008a800000|  0%| F|  |TAMS 0x000000008a700000, 0x000000008a700000| Untracked 
| 168|0x000000008a800000, 0x000000008a800000, 0x000000008a900000|  0%| F|  |TAMS 0x000000008a800000, 0x000000008a800000| Untracked 
| 169|0x000000008a900000, 0x000000008a900000, 0x000000008aa00000|  0%| F|  |TAMS 0x000000008a900000, 0x000000008a900000| Untracked 
| 170|0x000000008aa00000, 0x000000008aa00000, 0x000000008ab00000|  0%| F|  |TAMS 0x000000008aa00000, 0x000000008aa00000| Untracked 
| 171|0x000000008ab00000, 0x000000008ab00000, 0x000000008ac00000|  0%| F|  |TAMS 0x000000008ab00000, 0x000000008ab00000| Untracked 
| 172|0x000000008ac00000, 0x000000008ac00000, 0x000000008ad00000|  0%| F|  |TAMS 0x000000008ac00000, 0x000000008ac00000| Untracked 
| 173|0x000000008ad00000, 0x000000008ad00000, 0x000000008ae00000|  0%| F|  |TAMS 0x000000008ad00000, 0x000000008ad00000| Untracked 
| 174|0x000000008ae00000, 0x000000008ae00000, 0x000000008af00000|  0%| F|  |TAMS 0x000000008ae00000, 0x000000008ae00000| Untracked 
| 175|0x000000008af00000, 0x000000008af00000, 0x000000008b000000|  0%| F|  |TAMS 0x000000008af00000, 0x000000008af00000| Untracked 
| 176|0x000000008b000000, 0x000000008b000000, 0x000000008b100000|  0%| F|  |TAMS 0x000000008b000000, 0x000000008b000000| Untracked 
| 177|0x000000008b100000, 0x000000008b100000, 0x000000008b200000|  0%| F|  |TAMS 0x000000008b100000, 0x000000008b100000| Untracked 
| 178|0x000000008b200000, 0x000000008b200000, 0x000000008b300000|  0%| F|  |TAMS 0x000000008b200000, 0x000000008b200000| Untracked 
| 179|0x000000008b300000, 0x000000008b300000, 0x000000008b400000|  0%| F|  |TAMS 0x000000008b300000, 0x000000008b300000| Untracked 
| 180|0x000000008b400000, 0x000000008b400000, 0x000000008b500000|  0%| F|  |TAMS 0x000000008b400000, 0x000000008b400000| Untracked 
| 181|0x000000008b500000, 0x000000008b500000, 0x000000008b600000|  0%| F|  |TAMS 0x000000008b500000, 0x000000008b500000| Untracked 
| 182|0x000000008b600000, 0x000000008b600000, 0x000000008b700000|  0%| F|  |TAMS 0x000000008b600000, 0x000000008b600000| Untracked 
| 183|0x000000008b700000, 0x000000008b700000, 0x000000008b800000|  0%| F|  |TAMS 0x000000008b700000, 0x000000008b700000| Untracked 
| 184|0x000000008b800000, 0x000000008b800000, 0x000000008b900000|  0%| F|  |TAMS 0x000000008b800000, 0x000000008b800000| Untracked 
| 185|0x000000008b900000, 0x000000008b989420, 0x000000008ba00000| 53%| S|CS|TAMS 0x000000008b900000, 0x000000008b900000| Complete 
| 186|0x000000008ba00000, 0x000000008bb00000, 0x000000008bb00000|100%| S|CS|TAMS 0x000000008ba00000, 0x000000008ba00000| Complete 
| 187|0x000000008bb00000, 0x000000008bc00000, 0x000000008bc00000|100%| S|CS|TAMS 0x000000008bb00000, 0x000000008bb00000| Complete 
| 188|0x000000008bc00000, 0x000000008bd00000, 0x000000008bd00000|100%| S|CS|TAMS 0x000000008bc00000, 0x000000008bc00000| Complete 
| 189|0x000000008bd00000, 0x000000008be00000, 0x000000008be00000|100%| S|CS|TAMS 0x000000008bd00000, 0x000000008bd00000| Complete 
| 190|0x000000008be00000, 0x000000008bf00000, 0x000000008bf00000|100%| S|CS|TAMS 0x000000008be00000, 0x000000008be00000| Complete 
| 191|0x000000008bf00000, 0x000000008c000000, 0x000000008c000000|100%| S|CS|TAMS 0x000000008bf00000, 0x000000008bf00000| Complete 
| 192|0x000000008c000000, 0x000000008c000000, 0x000000008c100000|  0%| F|  |TAMS 0x000000008c000000, 0x000000008c000000| Untracked 
| 193|0x000000008c100000, 0x000000008c100000, 0x000000008c200000|  0%| F|  |TAMS 0x000000008c100000, 0x000000008c100000| Untracked 
| 194|0x000000008c200000, 0x000000008c200000, 0x000000008c300000|  0%| F|  |TAMS 0x000000008c200000, 0x000000008c200000| Untracked 
| 195|0x000000008c300000, 0x000000008c300000, 0x000000008c400000|  0%| F|  |TAMS 0x000000008c300000, 0x000000008c300000| Untracked 
| 196|0x000000008c400000, 0x000000008c400000, 0x000000008c500000|  0%| F|  |TAMS 0x000000008c400000, 0x000000008c400000| Untracked 
| 197|0x000000008c500000, 0x000000008c500000, 0x000000008c600000|  0%| F|  |TAMS 0x000000008c500000, 0x000000008c500000| Untracked 
| 198|0x000000008c600000, 0x000000008c600000, 0x000000008c700000|  0%| F|  |TAMS 0x000000008c600000, 0x000000008c600000| Untracked 
| 199|0x000000008c700000, 0x000000008c700000, 0x000000008c800000|  0%| F|  |TAMS 0x000000008c700000, 0x000000008c700000| Untracked 
| 200|0x000000008c800000, 0x000000008c800000, 0x000000008c900000|  0%| F|  |TAMS 0x000000008c800000, 0x000000008c800000| Untracked 
| 201|0x000000008c900000, 0x000000008c900000, 0x000000008ca00000|  0%| F|  |TAMS 0x000000008c900000, 0x000000008c900000| Untracked 
| 202|0x000000008ca00000, 0x000000008ca00000, 0x000000008cb00000|  0%| F|  |TAMS 0x000000008ca00000, 0x000000008ca00000| Untracked 
| 203|0x000000008cb00000, 0x000000008cb00000, 0x000000008cc00000|  0%| F|  |TAMS 0x000000008cb00000, 0x000000008cb00000| Untracked 
| 204|0x000000008cc00000, 0x000000008cc00000, 0x000000008cd00000|  0%| F|  |TAMS 0x000000008cc00000, 0x000000008cc00000| Untracked 
| 205|0x000000008cd00000, 0x000000008cd00000, 0x000000008ce00000|  0%| F|  |TAMS 0x000000008cd00000, 0x000000008cd00000| Untracked 
| 206|0x000000008ce00000, 0x000000008ce00000, 0x000000008cf00000|  0%| F|  |TAMS 0x000000008ce00000, 0x000000008ce00000| Untracked 
| 207|0x000000008cf00000, 0x000000008cf00000, 0x000000008d000000|  0%| F|  |TAMS 0x000000008cf00000, 0x000000008cf00000| Untracked 
| 208|0x000000008d000000, 0x000000008d000000, 0x000000008d100000|  0%| F|  |TAMS 0x000000008d000000, 0x000000008d000000| Untracked 
| 209|0x000000008d100000, 0x000000008d100000, 0x000000008d200000|  0%| F|  |TAMS 0x000000008d100000, 0x000000008d100000| Untracked 
| 210|0x000000008d200000, 0x000000008d200000, 0x000000008d300000|  0%| F|  |TAMS 0x000000008d200000, 0x000000008d200000| Untracked 
| 211|0x000000008d300000, 0x000000008d300000, 0x000000008d400000|  0%| F|  |TAMS 0x000000008d300000, 0x000000008d300000| Untracked 
| 212|0x000000008d400000, 0x000000008d400000, 0x000000008d500000|  0%| F|  |TAMS 0x000000008d400000, 0x000000008d400000| Untracked 
| 213|0x000000008d500000, 0x000000008d500000, 0x000000008d600000|  0%| F|  |TAMS 0x000000008d500000, 0x000000008d500000| Untracked 
| 214|0x000000008d600000, 0x000000008d600000, 0x000000008d700000|  0%| F|  |TAMS 0x000000008d600000, 0x000000008d600000| Untracked 
| 215|0x000000008d700000, 0x000000008d700000, 0x000000008d800000|  0%| F|  |TAMS 0x000000008d700000, 0x000000008d700000| Untracked 
| 216|0x000000008d800000, 0x000000008d800000, 0x000000008d900000|  0%| F|  |TAMS 0x000000008d800000, 0x000000008d800000| Untracked 
| 217|0x000000008d900000, 0x000000008d900000, 0x000000008da00000|  0%| F|  |TAMS 0x000000008d900000, 0x000000008d900000| Untracked 
| 218|0x000000008da00000, 0x000000008da00000, 0x000000008db00000|  0%| F|  |TAMS 0x000000008da00000, 0x000000008da00000| Untracked 
| 219|0x000000008db00000, 0x000000008db00000, 0x000000008dc00000|  0%| F|  |TAMS 0x000000008db00000, 0x000000008db00000| Untracked 
| 220|0x000000008dc00000, 0x000000008dc00000, 0x000000008dd00000|  0%| F|  |TAMS 0x000000008dc00000, 0x000000008dc00000| Untracked 
| 221|0x000000008dd00000, 0x000000008dd00000, 0x000000008de00000|  0%| F|  |TAMS 0x000000008dd00000, 0x000000008dd00000| Untracked 
| 222|0x000000008de00000, 0x000000008de00000, 0x000000008df00000|  0%| F|  |TAMS 0x000000008de00000, 0x000000008de00000| Untracked 
| 223|0x000000008df00000, 0x000000008df00000, 0x000000008e000000|  0%| F|  |TAMS 0x000000008df00000, 0x000000008df00000| Untracked 
| 224|0x000000008e000000, 0x000000008e000000, 0x000000008e100000|  0%| F|  |TAMS 0x000000008e000000, 0x000000008e000000| Untracked 
| 225|0x000000008e100000, 0x000000008e100000, 0x000000008e200000|  0%| F|  |TAMS 0x000000008e100000, 0x000000008e100000| Untracked 
| 226|0x000000008e200000, 0x000000008e200000, 0x000000008e300000|  0%| F|  |TAMS 0x000000008e200000, 0x000000008e200000| Untracked 
| 227|0x000000008e300000, 0x000000008e300000, 0x000000008e400000|  0%| F|  |TAMS 0x000000008e300000, 0x000000008e300000| Untracked 
| 228|0x000000008e400000, 0x000000008e400000, 0x000000008e500000|  0%| F|  |TAMS 0x000000008e400000, 0x000000008e400000| Untracked 
| 229|0x000000008e500000, 0x000000008e500000, 0x000000008e600000|  0%| F|  |TAMS 0x000000008e500000, 0x000000008e500000| Untracked 
| 230|0x000000008e600000, 0x000000008e600000, 0x000000008e700000|  0%| F|  |TAMS 0x000000008e600000, 0x000000008e600000| Untracked 
| 231|0x000000008e700000, 0x000000008e700000, 0x000000008e800000|  0%| F|  |TAMS 0x000000008e700000, 0x000000008e700000| Untracked 
| 232|0x000000008e800000, 0x000000008e800000, 0x000000008e900000|  0%| F|  |TAMS 0x000000008e800000, 0x000000008e800000| Untracked 
| 233|0x000000008e900000, 0x000000008e900000, 0x000000008ea00000|  0%| F|  |TAMS 0x000000008e900000, 0x000000008e900000| Untracked 
| 234|0x000000008ea00000, 0x000000008ea00000, 0x000000008eb00000|  0%| F|  |TAMS 0x000000008ea00000, 0x000000008ea00000| Untracked 
| 235|0x000000008eb00000, 0x000000008eb00000, 0x000000008ec00000|  0%| F|  |TAMS 0x000000008eb00000, 0x000000008eb00000| Untracked 
| 236|0x000000008ec00000, 0x000000008ec00000, 0x000000008ed00000|  0%| F|  |TAMS 0x000000008ec00000, 0x000000008ec00000| Untracked 
| 237|0x000000008ed00000, 0x000000008ed00000, 0x000000008ee00000|  0%| F|  |TAMS 0x000000008ed00000, 0x000000008ed00000| Untracked 
| 238|0x000000008ee00000, 0x000000008ee00000, 0x000000008ef00000|  0%| F|  |TAMS 0x000000008ee00000, 0x000000008ee00000| Untracked 
| 239|0x000000008ef00000, 0x000000008ef00000, 0x000000008f000000|  0%| F|  |TAMS 0x000000008ef00000, 0x000000008ef00000| Untracked 
| 240|0x000000008f000000, 0x000000008f000000, 0x000000008f100000|  0%| F|  |TAMS 0x000000008f000000, 0x000000008f000000| Untracked 
| 241|0x000000008f100000, 0x000000008f100000, 0x000000008f200000|  0%| F|  |TAMS 0x000000008f100000, 0x000000008f100000| Untracked 
| 242|0x000000008f200000, 0x000000008f2cf510, 0x000000008f300000| 80%| E|  |TAMS 0x000000008f200000, 0x000000008f200000| Complete 
| 243|0x000000008f300000, 0x000000008f400000, 0x000000008f400000|100%| E|CS|TAMS 0x000000008f300000, 0x000000008f300000| Complete 
| 244|0x000000008f400000, 0x000000008f500000, 0x000000008f500000|100%| E|CS|TAMS 0x000000008f400000, 0x000000008f400000| Complete 
| 245|0x000000008f500000, 0x000000008f600000, 0x000000008f600000|100%| E|CS|TAMS 0x000000008f500000, 0x000000008f500000| Complete 
| 246|0x000000008f600000, 0x000000008f700000, 0x000000008f700000|100%| E|CS|TAMS 0x000000008f600000, 0x000000008f600000| Complete 
| 247|0x000000008f700000, 0x000000008f800000, 0x000000008f800000|100%| E|  |TAMS 0x000000008f700000, 0x000000008f700000| Complete 
| 248|0x000000008f800000, 0x000000008f900000, 0x000000008f900000|100%| E|CS|TAMS 0x000000008f800000, 0x000000008f800000| Complete 
| 249|0x000000008f900000, 0x000000008fa00000, 0x000000008fa00000|100%| E|CS|TAMS 0x000000008f900000, 0x000000008f900000| Complete 
| 250|0x000000008fa00000, 0x000000008fb00000, 0x000000008fb00000|100%| E|CS|TAMS 0x000000008fa00000, 0x000000008fa00000| Complete 
| 251|0x000000008fb00000, 0x000000008fc00000, 0x000000008fc00000|100%| E|CS|TAMS 0x000000008fb00000, 0x000000008fb00000| Complete 
| 252|0x000000008fc00000, 0x000000008fd00000, 0x000000008fd00000|100%| E|CS|TAMS 0x000000008fc00000, 0x000000008fc00000| Complete 
| 253|0x000000008fd00000, 0x000000008fe00000, 0x000000008fe00000|100%| E|CS|TAMS 0x000000008fd00000, 0x000000008fd00000| Complete 
| 254|0x000000008fe00000, 0x000000008ff00000, 0x000000008ff00000|100%| E|CS|TAMS 0x000000008fe00000, 0x000000008fe00000| Complete 
| 255|0x000000008ff00000, 0x0000000090000000, 0x0000000090000000|100%| E|CS|TAMS 0x000000008ff00000, 0x000000008ff00000| Complete 
| 256|0x0000000090000000, 0x0000000090100000, 0x0000000090100000|100%| E|CS|TAMS 0x0000000090000000, 0x0000000090000000| Complete 
| 257|0x0000000090100000, 0x0000000090200000, 0x0000000090200000|100%| E|CS|TAMS 0x0000000090100000, 0x0000000090100000| Complete 
| 258|0x0000000090200000, 0x0000000090300000, 0x0000000090300000|100%| E|CS|TAMS 0x0000000090200000, 0x0000000090200000| Complete 
| 259|0x0000000090300000, 0x0000000090400000, 0x0000000090400000|100%| E|CS|TAMS 0x0000000090300000, 0x0000000090300000| Complete 
| 260|0x0000000090400000, 0x0000000090500000, 0x0000000090500000|100%| E|CS|TAMS 0x0000000090400000, 0x0000000090400000| Complete 
|2031|0x00000000fef00000, 0x00000000ff000000, 0x00000000ff000000|100%| O|  |TAMS 0x00000000fef7fc00, 0x00000000fef00000| Updating 
|2032|0x00000000ff000000, 0x00000000ff100000, 0x00000000ff100000|100%| O|  |TAMS 0x00000000ff100000, 0x00000000ff000000| Updating 
|2033|0x00000000ff100000, 0x00000000ff200000, 0x00000000ff200000|100%| O|  |TAMS 0x00000000ff200000, 0x00000000ff100000| Updating 
|2034|0x00000000ff200000, 0x00000000ff300000, 0x00000000ff300000|100%| O|  |TAMS 0x00000000ff300000, 0x00000000ff200000| Updating 
|2035|0x00000000ff300000, 0x00000000ff400000, 0x00000000ff400000|100%| O|  |TAMS 0x00000000ff400000, 0x00000000ff300000| Updating 
|2036|0x00000000ff400000, 0x00000000ff500000, 0x00000000ff500000|100%| O|  |TAMS 0x00000000ff500000, 0x00000000ff400000| Updating 
|2037|0x00000000ff500000, 0x00000000ff600000, 0x00000000ff600000|100%| O|  |TAMS 0x00000000ff600000, 0x00000000ff500000| Updating 
|2038|0x00000000ff600000, 0x00000000ff700000, 0x00000000ff700000|100%| O|  |TAMS 0x00000000ff700000, 0x00000000ff600000| Updating 
|2039|0x00000000ff700000, 0x00000000ff800000, 0x00000000ff800000|100%| O|  |TAMS 0x00000000ff800000, 0x00000000ff700000| Updating 
|2040|0x00000000ff800000, 0x00000000ff900000, 0x00000000ff900000|100%| O|  |TAMS 0x00000000ff900000, 0x00000000ff800000| Updating 
|2041|0x00000000ff900000, 0x00000000ffa00000, 0x00000000ffa00000|100%| O|  |TAMS 0x00000000ffa00000, 0x00000000ff900000| Updating 
|2042|0x00000000ffa00000, 0x00000000ffb00000, 0x00000000ffb00000|100%| O|  |TAMS 0x00000000ffb00000, 0x00000000ffa00000| Updating 
|2043|0x00000000ffb00000, 0x00000000ffc00000, 0x00000000ffc00000|100%| O|  |TAMS 0x00000000ffc00000, 0x00000000ffb00000| Updating 
|2044|0x00000000ffc00000, 0x00000000ffd00000, 0x00000000ffd00000|100%| O|  |TAMS 0x00000000ffd00000, 0x00000000ffc00000| Updating 
|2045|0x00000000ffd00000, 0x00000000ffe00000, 0x00000000ffe00000|100%| O|  |TAMS 0x00000000ffe00000, 0x00000000ffd00000| Updating 
|2046|0x00000000ffe00000, 0x00000000fff00000, 0x00000000fff00000|100%| O|  |TAMS 0x00000000fff00000, 0x00000000ffe00000| Updating 
|2047|0x00000000fff00000, 0x0000000100000000, 0x0000000100000000|100%| O|  |TAMS 0x0000000100000000, 0x00000000fff00000| Updating 

Card table byte_map: [0x00000176e8950000,0x00000176e8d50000] _byte_map_base: 0x00000176e8550000

Marking Bits (Prev, Next): (CMBitMap*) 0x00000176d1350720, (CMBitMap*) 0x00000176d13506e0
 Prev Bits: [0x00000176eb150000, 0x00000176ed150000)
 Next Bits: [0x00000176e9150000, 0x00000176eb150000)

Polling page: 0x00000176cf170000

Metaspace:

Usage:
  Non-class:     74.53 MB capacity,    73.67 MB ( 99%) used,   751.72 KB ( <1%) free+waste,   127.31 KB ( <1%) overhead. 
      Class:     11.47 MB capacity,    11.09 MB ( 97%) used,   339.27 KB (  3%) free+waste,    50.94 KB ( <1%) overhead. 
       Both:     86.00 MB capacity,    84.76 MB ( 99%) used,     1.07 MB (  1%) free+waste,   178.25 KB ( <1%) overhead. 

Virtual space:
  Non-class space:       76.00 MB reserved,      74.67 MB ( 98%) committed 
      Class space:        1.00 GB reserved,      11.48 MB (  1%) committed 
             Both:        1.07 GB reserved,      86.15 MB (  8%) committed 

Chunk freelists:
   Non-Class:  19.00 KB
       Class:  1.00 KB
        Both:  20.00 KB

MaxMetaspaceSize: 17179869184.00 GB
CompressedClassSpaceSize: 1.00 GB

CodeHeap 'non-profiled nmethods': size=120000Kb used=6207Kb max_used=6207Kb free=113792Kb
 bounds [0x00000176e1020000, 0x00000176e1630000, 0x00000176e8550000]
CodeHeap 'profiled nmethods': size=120000Kb used=20488Kb max_used=20783Kb free=99511Kb
 bounds [0x00000176d9af0000, 0x00000176daf90000, 0x00000176e1020000]
CodeHeap 'non-nmethods': size=5760Kb used=2428Kb max_used=2496Kb free=3331Kb
 bounds [0x00000176d9550000, 0x00000176d97d0000, 0x00000176d9af0000]
 total_blobs=11440 nmethods=10516 adapters=836
 compilation: enabled
              stopped_count=0, restarted_count=0
 full_count=0

Compilation events (20 events):
Event: 19.328 Thread 0x00000176ef658ba0 12217       4       com.android.tools.r8.internal.Zz::hasNext (20 bytes)
Event: 19.328 Thread 0x00000176ef658ba0 nmethod 12217 0x00000176e1629010 code [0x00000176e1629180, 0x00000176e1629218]
Event: 19.330 Thread 0x00000176ef658ba0 12218 %     4       com.android.tools.r8.dex.j::m @ 798 (2094 bytes)
Event: 19.350 Thread 0x00000176ef6539d0 nmethod 12216 0x00000176e1629310 code [0x00000176e1629600, 0x00000176e162af38]
Event: 19.350 Thread 0x00000176ef6539d0 12219       4       com.android.tools.r8.internal.Va$$Lambda$1178/0x00000008016c1118::accept (12 bytes)
Event: 19.366 Thread 0x00000176ef6539d0 nmethod 12219 0x00000176e162bf10 code [0x00000176e162c100, 0x00000176e162ca08]
Event: 19.366 Thread 0x00000176ef6539d0 12220       4       com.android.tools.r8.internal.Wt::f (40 bytes)
Event: 19.367 Thread 0x00000176ef6539d0 nmethod 12220 0x00000176e162d090 code [0x00000176e162d220, 0x00000176e162d2f8]
Event: 19.381 Thread 0x00000176ef65be40 12221       3       com.android.tools.r8.internal.HG::d (194 bytes)
Event: 19.382 Thread 0x00000176ef65be40 nmethod 12221 0x00000176da01b490 code [0x00000176da01b700, 0x00000176da01c378]
Event: 19.385 Thread 0x00000176ef6539d0 12222       4       com.android.tools.r8.graph.f1::<init> (36 bytes)
Event: 19.387 Thread 0x00000176ef6539d0 nmethod 12222 0x00000176e162d410 code [0x00000176e162d580, 0x00000176e162d6b8]
Event: 19.387 Thread 0x00000176ef6539d0 12223       4       com.android.tools.r8.internal.Iq::a (175 bytes)
Event: 19.393 Thread 0x00000176ef6539d0 nmethod 12223 0x00000176e162d710 code [0x00000176e162d8c0, 0x00000176e162dcb8]
Event: 19.393 Thread 0x00000176ef6539d0 12224       4       com.android.tools.r8.dex.j$$Lambda$1179/0x00000008016c1bb8::get (8 bytes)
Event: 19.406 Thread 0x00000176ef6539d0 nmethod 12224 0x00000176e162df90 code [0x00000176e162e140, 0x00000176e162e758]
Event: 19.406 Thread 0x00000176ef6539d0 12225       4       com.android.tools.r8.dex.j::l (52 bytes)
Event: 19.418 Thread 0x00000176ef6539d0 nmethod 12225 0x00000176e162ec90 code [0x00000176e162ee40, 0x00000176e162f478]
Event: 19.427 Thread 0x00000176ef65be40 12226       1       com.android.tools.r8.internal.Xt::b (6 bytes)
Event: 19.427 Thread 0x00000176ef65be40 nmethod 12226 0x00000176e162f990 code [0x00000176e162fb20, 0x00000176e162fbd8]

GC Heap History (20 events):
Event: 13.034 GC heap before
{Heap before GC invocations=32 (full 0):
 garbage-first heap   total 132096K, used 107989K [0x0000000080000000, 0x0000000100000000)
  region size 1024K, 42 young (43008K), 3 survivors (3072K)
 Metaspace       used 75164K, capacity 76250K, committed 76572K, reserved 1116160K
  class space    used 9899K, capacity 10233K, committed 10348K, reserved 1048576K
}
Event: 13.045 GC heap after
{Heap after GC invocations=33 (full 0):
 garbage-first heap   total 132096K, used 73994K [0x0000000080000000, 0x0000000100000000)
  region size 1024K, 6 young (6144K), 6 survivors (6144K)
 Metaspace       used 75164K, capacity 76250K, committed 76572K, reserved 1116160K
  class space    used 9899K, capacity 10233K, committed 10348K, reserved 1048576K
}
Event: 13.769 GC heap before
{Heap before GC invocations=33 (full 0):
 garbage-first heap   total 132096K, used 106762K [0x0000000080000000, 0x0000000100000000)
  region size 1024K, 39 young (39936K), 6 survivors (6144K)
 Metaspace       used 77342K, capacity 78513K, committed 78620K, reserved 1118208K
  class space    used 10225K, capacity 10580K, committed 10604K, reserved 1048576K
}
Event: 13.783 GC heap after
{Heap after GC invocations=34 (full 0):
 garbage-first heap   total 158720K, used 78413K [0x0000000080000000, 0x0000000100000000)
  region size 1024K, 5 young (5120K), 5 survivors (5120K)
 Metaspace       used 77342K, capacity 78513K, committed 78620K, reserved 1118208K
  class space    used 10225K, capacity 10580K, committed 10604K, reserved 1048576K
}
Event: 14.555 GC heap before
{Heap before GC invocations=35 (full 0):
 garbage-first heap   total 158720K, used 126541K [0x0000000080000000, 0x0000000100000000)
  region size 1024K, 53 young (54272K), 5 survivors (5120K)
 Metaspace       used 77716K, capacity 78836K, committed 78876K, reserved 1118208K
  class space    used 10229K, capacity 10581K, committed 10604K, reserved 1048576K
}
Event: 14.563 GC heap after
{Heap after GC invocations=36 (full 0):
 garbage-first heap   total 158720K, used 80593K [0x0000000080000000, 0x0000000100000000)
  region size 1024K, 7 young (7168K), 7 survivors (7168K)
 Metaspace       used 77716K, capacity 78836K, committed 78876K, reserved 1118208K
  class space    used 10229K, capacity 10581K, committed 10604K, reserved 1048576K
}
Event: 15.177 GC heap before
{Heap before GC invocations=36 (full 0):
 garbage-first heap   total 158720K, used 127697K [0x0000000080000000, 0x0000000100000000)
  region size 1024K, 54 young (55296K), 7 survivors (7168K)
 Metaspace       used 78326K, capacity 79445K, committed 79772K, reserved 1118208K
  class space    used 10274K, capacity 10613K, committed 10732K, reserved 1048576K
}
Event: 15.188 GC heap after
{Heap after GC invocations=37 (full 0):
 garbage-first heap   total 158720K, used 84458K [0x0000000080000000, 0x0000000100000000)
  region size 1024K, 7 young (7168K), 7 survivors (7168K)
 Metaspace       used 78326K, capacity 79445K, committed 79772K, reserved 1118208K
  class space    used 10274K, capacity 10613K, committed 10732K, reserved 1048576K
}
Event: 16.012 GC heap before
{Heap before GC invocations=38 (full 0):
 garbage-first heap   total 158720K, used 129514K [0x0000000080000000, 0x0000000100000000)
  region size 1024K, 52 young (53248K), 7 survivors (7168K)
 Metaspace       used 78620K, capacity 79831K, committed 80028K, reserved 1118208K
  class space    used 10292K, capacity 10624K, committed 10732K, reserved 1048576K
}
Event: 16.026 GC heap after
{Heap after GC invocations=39 (full 0):
 garbage-first heap   total 158720K, used 87736K [0x0000000080000000, 0x0000000100000000)
  region size 1024K, 7 young (7168K), 7 survivors (7168K)
 Metaspace       used 78620K, capacity 79831K, committed 80028K, reserved 1118208K
  class space    used 10292K, capacity 10624K, committed 10732K, reserved 1048576K
}
Event: 16.736 GC heap before
{Heap before GC invocations=39 (full 0):
 garbage-first heap   total 158720K, used 130744K [0x0000000080000000, 0x0000000100000000)
  region size 1024K, 50 young (51200K), 7 survivors (7168K)
 Metaspace       used 79523K, capacity 80651K, committed 80924K, reserved 1120256K
  class space    used 10412K, capacity 10798K, committed 10860K, reserved 1048576K
}
Event: 16.748 GC heap after
{Heap after GC invocations=40 (full 0):
 garbage-first heap   total 190464K, used 91033K [0x0000000080000000, 0x0000000100000000)
  region size 1024K, 7 young (7168K), 7 survivors (7168K)
 Metaspace       used 79523K, capacity 80651K, committed 80924K, reserved 1120256K
  class space    used 10412K, capacity 10798K, committed 10860K, reserved 1048576K
}
Event: 17.698 GC heap before
{Heap before GC invocations=41 (full 0):
 garbage-first heap   total 190464K, used 155545K [0x0000000080000000, 0x0000000100000000)
  region size 1024K, 71 young (72704K), 7 survivors (7168K)
 Metaspace       used 82965K, capacity 84209K, committed 84380K, reserved 1122304K
  class space    used 10858K, capacity 11215K, committed 11244K, reserved 1048576K
}
Event: 17.712 GC heap after
{Heap after GC invocations=42 (full 0):
 garbage-first heap   total 190464K, used 95328K [0x0000000080000000, 0x0000000100000000)
  region size 1024K, 8 young (8192K), 8 survivors (8192K)
 Metaspace       used 82965K, capacity 84209K, committed 84380K, reserved 1122304K
  class space    used 10858K, capacity 11215K, committed 11244K, reserved 1048576K
}
Event: 18.343 GC heap before
{Heap before GC invocations=42 (full 0):
 garbage-first heap   total 190464K, used 128096K [0x0000000080000000, 0x0000000100000000)
  region size 1024K, 42 young (43008K), 8 survivors (8192K)
 Metaspace       used 83913K, capacity 85174K, committed 85276K, reserved 1124352K
  class space    used 10965K, capacity 11357K, committed 11372K, reserved 1048576K
}
Event: 18.358 GC heap after
{Heap after GC invocations=43 (full 0):
 garbage-first heap   total 190464K, used 98085K [0x0000000080000000, 0x0000000100000000)
  region size 1024K, 7 young (7168K), 7 survivors (7168K)
 Metaspace       used 83913K, capacity 85174K, committed 85276K, reserved 1124352K
  class space    used 10965K, capacity 11357K, committed 11372K, reserved 1048576K
}
Event: 18.985 GC heap before
{Heap before GC invocations=44 (full 0):
 garbage-first heap   total 214016K, used 207653K [0x0000000080000000, 0x0000000100000000)
  region size 1024K, 61 young (62464K), 7 survivors (7168K)
 Metaspace       used 86787K, capacity 88060K, committed 88220K, reserved 1126400K
  class space    used 11352K, capacity 11743K, committed 11756K, reserved 1048576K
}
Event: 19.014 GC heap after
{Heap after GC invocations=45 (full 0):
 garbage-first heap   total 236544K, used 148844K [0x0000000080000000, 0x0000000100000000)
  region size 1024K, 8 young (8192K), 8 survivors (8192K)
 Metaspace       used 86787K, capacity 88060K, committed 88220K, reserved 1126400K
  class space    used 11352K, capacity 11743K, committed 11756K, reserved 1048576K
}
Event: 19.140 GC heap before
{Heap before GC invocations=45 (full 0):
 garbage-first heap   total 236544K, used 165228K [0x0000000080000000, 0x0000000100000000)
  region size 1024K, 25 young (25600K), 8 survivors (8192K)
 Metaspace       used 86790K, capacity 88060K, committed 88220K, reserved 1126400K
  class space    used 11352K, capacity 11743K, committed 11756K, reserved 1048576K
}
Event: 19.160 GC heap after
{Heap after GC invocations=46 (full 0):
 garbage-first heap   total 284672K, used 156882K [0x0000000080000000, 0x0000000100000000)
  region size 1024K, 7 young (7168K), 7 survivors (7168K)
 Metaspace       used 86790K, capacity 88060K, committed 88220K, reserved 1126400K
  class space    used 11352K, capacity 11743K, committed 11756K, reserved 1048576K
}

Deoptimization events (20 events):
Event: 19.082 Thread 0x00000176f985ad60 DEOPT PACKING pc=0x00000176daf781f4 sp=0x000000189e0fd760
Event: 19.082 Thread 0x00000176f985ad60 DEOPT UNPACKING pc=0x00000176d959e23f sp=0x000000189e0fcdc8 mode 0
Event: 19.097 Thread 0x00000176f985ad60 DEOPT PACKING pc=0x00000176daf781f4 sp=0x000000189e0fd760
Event: 19.097 Thread 0x00000176f985ad60 DEOPT UNPACKING pc=0x00000176d959e23f sp=0x000000189e0fcdc8 mode 0
Event: 19.099 Thread 0x00000176f985ad60 DEOPT PACKING pc=0x00000176daf781f4 sp=0x000000189e0fd760
Event: 19.099 Thread 0x00000176f985ad60 DEOPT UNPACKING pc=0x00000176d959e23f sp=0x000000189e0fcdc8 mode 0
Event: 19.112 Thread 0x00000176f985ad60 DEOPT PACKING pc=0x00000176daf781f4 sp=0x000000189e0fd760
Event: 19.112 Thread 0x00000176f985ad60 DEOPT UNPACKING pc=0x00000176d959e23f sp=0x000000189e0fcdc8 mode 0
Event: 19.131 Thread 0x00000176f985ad60 DEOPT PACKING pc=0x00000176daf781f4 sp=0x000000189e0fd760
Event: 19.131 Thread 0x00000176f985ad60 DEOPT UNPACKING pc=0x00000176d959e23f sp=0x000000189e0fcdc8 mode 0
Event: 19.209 Thread 0x00000176f985ad60 DEOPT PACKING pc=0x00000176daf781f4 sp=0x000000189e0fd760
Event: 19.209 Thread 0x00000176f985ad60 DEOPT UNPACKING pc=0x00000176d959e23f sp=0x000000189e0fcdc8 mode 0
Event: 19.251 Thread 0x00000176f985ad60 DEOPT PACKING pc=0x00000176daf781f4 sp=0x000000189e0fd760
Event: 19.251 Thread 0x00000176f985ad60 DEOPT UNPACKING pc=0x00000176d959e23f sp=0x000000189e0fcdc8 mode 0
Event: 19.282 Thread 0x00000176f985ad60 DEOPT PACKING pc=0x00000176daf781f4 sp=0x000000189e0fd760
Event: 19.282 Thread 0x00000176f985ad60 DEOPT UNPACKING pc=0x00000176d959e23f sp=0x000000189e0fcdc8 mode 0
Event: 19.286 Thread 0x00000176f985ad60 DEOPT PACKING pc=0x00000176daf777d8 sp=0x000000189e0fd760
Event: 19.286 Thread 0x00000176f985ad60 DEOPT UNPACKING pc=0x00000176d959e23f sp=0x000000189e0fcdc8 mode 0
Event: 19.293 Thread 0x00000176f985ad60 DEOPT PACKING pc=0x00000176daf781f4 sp=0x000000189e0fd760
Event: 19.293 Thread 0x00000176f985ad60 DEOPT UNPACKING pc=0x00000176d959e23f sp=0x000000189e0fcdc8 mode 0

Classes unloaded (0 events):
No events

Classes redefined (0 events):
No events

Internal exceptions (20 events):
Event: 15.931 Thread 0x00000176f6664220 Exception <a 'java/lang/NoSuchMethodError'{0x0000000087145350}: static Lcom/android/build/api/artifact/Artifact$Single;.<clinit>()V> (0x0000000087145350) 
thrown [./open/src/hotspot/share/prims/jni.cpp, line 1204]
Event: 15.932 Thread 0x00000176f6664220 Exception <a 'java/lang/NoSuchMethodError'{0x0000000087147960}: static Ljava/lang/Object;.<clinit>()V> (0x0000000087147960) 
thrown [./open/src/hotspot/share/prims/jni.cpp, line 1204]
Event: 15.934 Thread 0x00000176f6664220 Exception <a 'java/lang/NoSuchMethodError'{0x000000008715d2f0}: static Lcom/android/build/api/artifact/ArtifactKind;.<clinit>()V> (0x000000008715d2f0) 
thrown [./open/src/hotspot/share/prims/jni.cpp, line 1204]
Event: 15.934 Thread 0x00000176f6664220 Exception <a 'java/lang/NoSuchMethodError'{0x000000008715e568}: static Lcom/android/build/api/artifact/ArtifactKind;.<clinit>()V> (0x000000008715e568) 
thrown [./open/src/hotspot/share/prims/jni.cpp, line 1204]
Event: 16.364 Thread 0x00000176f6664220 Exception <a 'sun/nio/fs/WindowsException'{0x000000008868d338}> (0x000000008868d338) 
thrown [./open/src/hotspot/share/prims/jni.cpp, line 578]
Event: 16.364 Thread 0x00000176f6664220 Exception <a 'sun/nio/fs/WindowsException'{0x000000008868e1e8}> (0x000000008868e1e8) 
thrown [./open/src/hotspot/share/prims/jni.cpp, line 578]
Event: 16.368 Thread 0x00000176f6664220 Exception <a 'sun/nio/fs/WindowsException'{0x000000008868f128}> (0x000000008868f128) 
thrown [./open/src/hotspot/share/prims/jni.cpp, line 578]
Event: 16.368 Thread 0x00000176f6664220 Exception <a 'sun/nio/fs/WindowsException'{0x000000008868ffd0}> (0x000000008868ffd0) 
thrown [./open/src/hotspot/share/prims/jni.cpp, line 578]
Event: 16.387 Thread 0x00000176f6664220 Exception <a 'java/lang/NoSuchMethodError'{0x00000000884025a8}: static Lcom/android/builder/internal/aapt/AaptOptions;.<clinit>()V> (0x00000000884025a8) 
thrown [./open/src/hotspot/share/prims/jni.cpp, line 1204]
Event: 16.390 Thread 0x00000176f6664220 Exception <a 'java/lang/NoSuchMethodError'{0x00000000884342d0}: static [Ljava/lang/Object;.<clinit>()V> (0x00000000884342d0) 
thrown [./open/src/hotspot/share/prims/jni.cpp, line 1204]
Event: 16.391 Thread 0x00000176f6664220 Exception <a 'java/lang/NoSuchMethodError'{0x0000000088444df0}: static Ljava/lang/Object;.<clinit>()V> (0x0000000088444df0) 
thrown [./open/src/hotspot/share/prims/jni.cpp, line 1204]
Event: 16.394 Thread 0x00000176f6664220 Exception <a 'java/lang/NoSuchMethodError'{0x000000008846c758}: static Lcom/android/build/api/variant/impl/VariantOutputImpl$SerializedForm;.<clinit>()V> (0x000000008846c758) 
thrown [./open/src/hotspot/share/prims/jni.cpp, line 1204]
Event: 16.396 Thread 0x00000176f6664220 Exception <a 'java/lang/NoSuchMethodError'{0x000000008847ed08}: static Lcom/android/build/api/variant/impl/VariantOutputConfigurationImpl;.<clinit>()V> (0x000000008847ed08) 
thrown [./open/src/hotspot/share/prims/jni.cpp, line 1204]
Event: 17.937 Thread 0x00000176f9856a00 Exception <a 'java/lang/NoSuchMethodError'{0x000000008ae12d70}: 'void java.lang.invoke.DirectMethodHandle$Holder.invokeStatic(java.lang.Object, long)'> (0x000000008ae12d70) 
thrown [./open/src/hotspot/share/interpreter/linkResolver.cpp, line 782]
Event: 17.937 Thread 0x00000176f9856a00 Exception <a 'java/lang/NoSuchMethodError'{0x000000008ae18810}: 'java.lang.Object java.lang.invoke.DirectMethodHandle$Holder.newInvokeSpecial(java.lang.Object, long)'> (0x000000008ae18810) 
thrown [./open/src/hotspot/share/interpreter/linkResolver.cpp, line 782]
Event: 17.942 Thread 0x00000176f9856a00 Exception <a 'java/lang/NoSuchMethodError'{0x000000008ae1f980}: 'java.lang.Object java.lang.invoke.DirectMethodHandle$Holder.invokeStatic(java.lang.Object, java.lang.Object, long, java.lang.Object)'> (0x000000008ae1f980) 
thrown [./open/src/hotspot/share/interpreter/linkResolver.cpp, line 782]
Event: 17.942 Thread 0x00000176f9856a00 Exception <a 'java/lang/NoSuchMethodError'{0x000000008ae238c8}: 'java.lang.Object java.lang.invoke.DirectMethodHandle$Holder.invokeStaticInit(java.lang.Object, java.lang.Object, long, java.lang.Object)'> (0x000000008ae238c8) 
thrown [./open/src/hotspot/share/interpreter/linkResolver.cpp, line 782]
Event: 18.280 Thread 0x00000176f9856a00 Exception <a 'java/lang/NoSuchMethodError'{0x0000000089819fe8}: 'int java.lang.invoke.DirectMethodHandle$Holder.invokeSpecialIFC(java.lang.Object, java.lang.Object, java.lang.Object)'> (0x0000000089819fe8) 
thrown [./open/src/hotspot/share/interpreter/linkResolver.cpp, line 782]
Event: 18.473 Thread 0x00000176f985ad60 Exception <a 'sun/nio/fs/WindowsException'{0x000000008b1367e0}> (0x000000008b1367e0) 
thrown [./open/src/hotspot/share/prims/jni.cpp, line 578]
Event: 18.686 Thread 0x00000176f985ad60 Exception <a 'java/lang/NoSuchMethodError'{0x000000008cf4b520}: 'java.lang.Object java.lang.invoke.DirectMethodHandle$Holder.invokeStaticInit(java.lang.Object, java.lang.Object, java.lang.Object, java.lang.Object, java.lang.Object, java.lang.Object, java.lang.Object, java.lang.Object, java.lang.Object, java.lang.Object, java.lang.Object, java.lang.Object, java.lang.Object, java.lang.Object, java.lang.Object, java.lang.Object, java.lang.Object, java.lang.Object, int, java.lang.Object, java.lang.Object)'> (0

Events (20 events):
Event: 18.458 loading class java/util/zip/ZipInputStream done
Event: 18.477 Executing VM operation: HandshakeAllThreads
Event: 18.477 Executing VM operation: HandshakeAllThreads done
Event: 18.495 loading class java/io/UTFDataFormatException
Event: 18.495 loading class java/io/UTFDataFormatException done
Event: 18.502 loading class java/lang/StrictMath
Event: 18.503 loading class java/lang/StrictMath done
Event: 18.604 Executing VM operation: G1Concurrent
Event: 18.609 Executing VM operation: G1Concurrent done
Event: 18.636 loading class java/nio/BufferUnderflowException
Event: 18.636 loading class java/nio/BufferUnderflowException done
Event: 18.742 Executing VM operation: G1Concurrent
Event: 18.742 Executing VM operation: G1Concurrent done
Event: 18.985 Executing VM operation: G1CollectForAllocation
Event: 19.016 Executing VM operation: G1CollectForAllocation done
Event: 19.016 Executing VM operation: HandshakeAllThreads
Event: 19.017 Executing VM operation: HandshakeAllThreads done
Event: 19.140 Executing VM operation: G1TryInitiateConcMark
Event: 19.162 Executing VM operation: G1TryInitiateConcMark done
Event: 19.439 Executing VM operation: G1Concurrent


Dynamic libraries:
0x00007ff73ea90000 - 0x00007ff73ea9f000 	C:\Program Files\Java\jdk-15.0.1\bin\java.exe
0x00007ff8d2610000 - 0x00007ff8d2808000 	C:\WINDOWS\SYSTEM32\ntdll.dll
0x00007ff8d16a0000 - 0x00007ff8d175d000 	C:\WINDOWS\System32\KERNEL32.DLL
0x00007ff8d0190000 - 0x00007ff8d045e000 	C:\WINDOWS\System32\KERNELBASE.dll
0x00007ff8d0460000 - 0x00007ff8d0560000 	C:\WINDOWS\System32\ucrtbase.dll
0x00007ff8cc650000 - 0x00007ff8cc668000 	C:\Program Files\Java\jdk-15.0.1\bin\jli.dll
0x00007ff8cc590000 - 0x00007ff8cc5a9000 	C:\Program Files\Java\jdk-15.0.1\bin\VCRUNTIME140.dll
0x00007ff8d0e70000 - 0x00007ff8d0f1e000 	C:\WINDOWS\System32\ADVAPI32.dll
0x00007ff8d0930000 - 0x00007ff8d09ce000 	C:\WINDOWS\System32\msvcrt.dll
0x00007ff8d1a00000 - 0x00007ff8d1a9c000 	C:\WINDOWS\System32\sechost.dll
0x00007ff8d0670000 - 0x00007ff8d0795000 	C:\WINDOWS\System32\RPCRT4.dll
0x00007ff8d2430000 - 0x00007ff8d25d0000 	C:\WINDOWS\System32\USER32.dll
0x00007ff8b4eb0000 - 0x00007ff8b514a000 	C:\WINDOWS\WinSxS\amd64_microsoft.windows.common-controls_6595b64144ccf1df_6.0.19041.1110_none_60b5254171f9507e\COMCTL32.dll
0x00007ff8cfdd0000 - 0x00007ff8cfdf2000 	C:\WINDOWS\System32\win32u.dll
0x00007ff8d1de0000 - 0x00007ff8d1e0a000 	C:\WINDOWS\System32\GDI32.dll
0x00007ff8d0560000 - 0x00007ff8d066b000 	C:\WINDOWS\System32\gdi32full.dll
0x00007ff8d00a0000 - 0x00007ff8d013d000 	C:\WINDOWS\System32\msvcp_win.dll
0x00007ff8c5e90000 - 0x00007ff8c5e9a000 	C:\WINDOWS\SYSTEM32\VERSION.dll
0x00007ff8d1670000 - 0x00007ff8d16a0000 	C:\WINDOWS\System32\IMM32.DLL
0x00007ff8cc640000 - 0x00007ff8cc64c000 	C:\Program Files\Java\jdk-15.0.1\bin\vcruntime140_1.dll
0x00007ff8ad1e0000 - 0x00007ff8ad271000 	C:\Program Files\Java\jdk-15.0.1\bin\msvcp140.dll
0x00007ff87fb10000 - 0x00007ff88066e000 	C:\Program Files\Java\jdk-15.0.1\bin\server\jvm.dll
0x00007ff8d1dd0000 - 0x00007ff8d1dd8000 	C:\WINDOWS\System32\PSAPI.DLL
0x00007ff8adba0000 - 0x00007ff8adbc7000 	C:\WINDOWS\SYSTEM32\WINMM.dll
0x00007ff8cc390000 - 0x00007ff8cc399000 	C:\WINDOWS\SYSTEM32\WSOCK32.dll
0x00007ff8d1760000 - 0x00007ff8d17cb000 	C:\WINDOWS\System32\WS2_32.dll
0x00007ff8ce5c0000 - 0x00007ff8ce5d2000 	C:\WINDOWS\SYSTEM32\kernel.appcore.dll
0x00007ff8cc2e0000 - 0x00007ff8cc2ea000 	C:\Program Files\Java\jdk-15.0.1\bin\jimage.dll
0x00007ff8ccec0000 - 0x00007ff8cd0a4000 	C:\WINDOWS\SYSTEM32\DBGHELP.DLL
0x00007ff8b53c0000 - 0x00007ff8b53ec000 	C:\WINDOWS\SYSTEM32\dbgcore.DLL
0x00007ff8cff60000 - 0x00007ff8cffe2000 	C:\WINDOWS\System32\bcryptPrimitives.dll
0x00007ff8c2cf0000 - 0x00007ff8c2d15000 	C:\Program Files\Java\jdk-15.0.1\bin\java.dll
0x00007ff8d0f20000 - 0x00007ff8d1664000 	C:\WINDOWS\System32\SHELL32.dll
0x00007ff8cdd60000 - 0x00007ff8ce4f4000 	C:\WINDOWS\SYSTEM32\windows.storage.dll
0x00007ff8d09d0000 - 0x00007ff8d0d24000 	C:\WINDOWS\System32\combase.dll
0x00007ff8cf720000 - 0x00007ff8cf750000 	C:\WINDOWS\SYSTEM32\Wldp.dll
0x00007ff8d1bf0000 - 0x00007ff8d1c9d000 	C:\WINDOWS\System32\SHCORE.dll
0x00007ff8d0d30000 - 0x00007ff8d0d85000 	C:\WINDOWS\System32\shlwapi.dll
0x00007ff8cfc70000 - 0x00007ff8cfc8f000 	C:\WINDOWS\SYSTEM32\profapi.dll
0x00007ff8c4590000 - 0x00007ff8c45a9000 	C:\Program Files\Java\jdk-15.0.1\bin\net.dll
0x00007ff8bd2d0000 - 0x00007ff8bd3da000 	C:\WINDOWS\SYSTEM32\WINHTTP.dll
0x00007ff8cf480000 - 0x00007ff8cf4ea000 	C:\WINDOWS\system32\mswsock.dll
0x00007ff8c2cd0000 - 0x00007ff8c2ce2000 	C:\Program Files\Java\jdk-15.0.1\bin\nio.dll
0x00007ff8c2560000 - 0x00007ff8c2578000 	C:\Program Files\Java\jdk-15.0.1\bin\zip.dll
0x00007ff8cbae0000 - 0x00007ff8cbaf0000 	C:\Program Files\Java\jdk-15.0.1\bin\verify.dll
0x00007ff8cc670000 - 0x00007ff8cc697000 	C:\Users\aqibn\.gradle\native\e1d6ef7f7dcc3fd88c89a11ec53ec762bb8ba0a96d01ffa2cd45eb1d1d8dd5c5\windows-amd64\native-platform.dll
0x00007ff890cd0000 - 0x00007ff890e14000 	C:\Users\aqibn\.gradle\native\0d407fdbe67a94daf76414ababcb853783967236a71b16ec16e742cd7a986fd3\windows-amd64\native-platform-file-events.dll
0x00007ff8ccb50000 - 0x00007ff8ccb59000 	C:\Program Files\Java\jdk-15.0.1\bin\management.dll
0x00007ff8cb240000 - 0x00007ff8cb24b000 	C:\Program Files\Java\jdk-15.0.1\bin\management_ext.dll
0x00007ff8cf670000 - 0x00007ff8cf688000 	C:\WINDOWS\SYSTEM32\CRYPTSP.dll
0x00007ff8ceda0000 - 0x00007ff8cedd4000 	C:\WINDOWS\system32\rsaenh.dll
0x00007ff8cfda0000 - 0x00007ff8cfdc7000 	C:\WINDOWS\System32\bcrypt.dll
0x00007ff8cfc30000 - 0x00007ff8cfc5e000 	C:\WINDOWS\SYSTEM32\USERENV.dll
0x00007ff8cf690000 - 0x00007ff8cf69c000 	C:\WINDOWS\SYSTEM32\CRYPTBASE.dll
0x00007ff8cf110000 - 0x00007ff8cf14b000 	C:\WINDOWS\SYSTEM32\IPHLPAPI.DLL
0x00007ff8d17d0000 - 0x00007ff8d17d8000 	C:\WINDOWS\System32\NSI.dll
0x00007ff8c1740000 - 0x00007ff8c1757000 	C:\WINDOWS\SYSTEM32\dhcpcsvc6.DLL
0x00007ff8c1810000 - 0x00007ff8c182d000 	C:\WINDOWS\SYSTEM32\dhcpcsvc.DLL
0x00007ff8cf150000 - 0x00007ff8cf21a000 	C:\WINDOWS\SYSTEM32\DNSAPI.dll

dbghelp: loaded successfully - version: 4.0.5 - missing functions: none
symbol engine: initialized successfully - sym options: 0x614 - pdb path: .;C:\Program Files\Java\jdk-15.0.1\bin;C:\WINDOWS\SYSTEM32;C:\WINDOWS\WinSxS\amd64_microsoft.windows.common-controls_6595b64144ccf1df_6.0.19041.1110_none_60b5254171f9507e;C:\Program Files\Java\jdk-15.0.1\bin\server;C:\Users\aqibn\.gradle\native\e1d6ef7f7dcc3fd88c89a11ec53ec762bb8ba0a96d01ffa2cd45eb1d1d8dd5c5\windows-amd64;C:\Users\aqibn\.gradle\native\0d407fdbe67a94daf76414ababcb853783967236a71b16ec16e742cd7a986fd3\windows-amd64

VM Arguments:
jvm_args: --add-opens=java.base/java.util=ALL-UNNAMED --add-opens=java.base/java.lang=ALL-UNNAMED --add-opens=java.base/java.lang.invoke=ALL-UNNAMED --add-opens=java.base/java.util=ALL-UNNAMED --add-opens=java.prefs/java.util.prefs=ALL-UNNAMED --add-opens=java.prefs/java.util.prefs=ALL-UNNAMED --add-opens=java.base/java.nio.charset=ALL-UNNAMED --add-opens=java.base/java.net=ALL-UNNAMED --add-opens=java.base/java.util.concurrent.atomic=ALL-UNNAMED -Xmx2048m -Dfile.encoding=UTF-8 -Duser.country=US -Duser.language=en -Duser.variant 
java_command: org.gradle.launcher.daemon.bootstrap.GradleDaemon 7.5
java_class_path (initial): C:\Users\aqibn\.gradle\wrapper\dists\gradle-7.5-bin\f1w0cc9nuo0eivz97x2xlu9sv\gradle-7.5\lib\gradle-launcher-7.5.jar
Launcher Type: SUN_STANDARD

[Global flags]
     intx CICompilerCount                          = 3                                         {product} {ergonomic}
     uint ConcGCThreads                            = 1                                         {product} {ergonomic}
     uint G1ConcRefinementThreads                  = 4                                         {product} {ergonomic}
   size_t G1HeapRegionSize                         = 1048576                                   {product} {ergonomic}
    uintx GCDrainStackTargetSize                   = 64                                        {product} {ergonomic}
   size_t InitialHeapSize                          = 134217728                                 {product} {ergonomic}
   size_t MarkStackSize                            = 4194304                                   {product} {ergonomic}
   size_t MaxHeapSize                              = 2147483648                                {product} {command line}
   size_t MaxNewSize                               = 1287651328                                {product} {ergonomic}
   size_t MinHeapDeltaBytes                        = 1048576                                   {product} {ergonomic}
   size_t MinHeapSize                              = 8388608                                   {product} {ergonomic}
    uintx NonNMethodCodeHeapSize                   = 5832780                                {pd product} {ergonomic}
    uintx NonProfiledCodeHeapSize                  = 122912730                              {pd product} {ergonomic}
    uintx ProfiledCodeHeapSize                     = 122912730                              {pd product} {ergonomic}
    uintx ReservedCodeCacheSize                    = 251658240                              {pd product} {ergonomic}
     bool SegmentedCodeCache                       = true                                      {product} {ergonomic}
   size_t SoftMaxHeapSize                          = 2147483648                             {manageable} {ergonomic}
     bool UseCompressedClassPointers               = true                                 {lp64_product} {ergonomic}
     bool UseCompressedOops                        = true                                 {lp64_product} {ergonomic}
     bool UseG1GC                                  = true                                      {product} {ergonomic}
     bool UseLargePagesIndividualAllocation        = false                                  {pd product} {ergonomic}

Logging:
Log output configuration:
 #0: stdout all=warning uptime,level,tags
 #1: stderr all=off uptime,level,tags

Environment Variables:
JAVA_HOME=C:\Program Files\Java\jdk-15.0.1\bin
PATH=C:\Program Files\Common Files\Oracle\Java\javapath;C:\WINDOWS\system32;C:\WINDOWS;C:\WINDOWS\System32\Wbem;C:\WINDOWS\System32\WindowsPowerShell\v1.0\;C:\WINDOWS\System32\OpenSSH\;C:\Program Files\Git\cmd;C:\Program Files (x86)\Intel\Intel(R) Management Engine Components\DAL;C:\Program Files\Intel\Intel(R) Management Engine Components\DAL;C:\Program Files\dotnet\;C:\Program Files (x86)\Windows Kits\10\Windows Performance Toolkit\;C:\Users\aqibn\AppData\Local\Microsoft\WindowsApps;C:\Users\aqibn\AppData\Local\Programs\Microsoft VS Code\bin;C:\Users\aqibn\AppData\Local\GitHubDesktop\bin;C:\Users\aqibn\.dotnet\tools
USERNAME=aqibn
OS=Windows_NT
PROCESSOR_IDENTIFIER=Intel64 Family 6 Model 78 Stepping 3, GenuineIntel



---------------  S Y S T E M  ---------------

OS:
 Windows 10 , 64 bit Build 19041 (10.0.19041.1889)
OS uptime: 2 days 18:08 hours

CPU: total 4 (initial active 4) (2 cores per cpu, 2 threads per core) family 6 model 78 stepping 3 microcode 0xcc, cmov, cx8, fxsr, mmx, sse, sse2, sse3, ssse3, sse4.1, sse4.2, popcnt, vzeroupper, avx, avx2, aes, clmul, erms, rtm, 3dnowpref, lzcnt, ht, tsc, tscinvbit, bmi1, bmi2, adx, fma, clflush, clflushopt

Memory: 4k page, system-wide physical 8072M (475M free)
TotalPageFile size 12168M (AvailPageFile size 10M)
current process WorkingSet (physical memory assigned to process): 510M, peak: 510M
current process commit charge ("private bytes"): 578M, peak: 592M

vm_info: Java HotSpot(TM) 64-Bit Server VM (15.0.1+9-18) for windows-amd64 JRE (15.0.1+9-18), built on Sep 15 2020 14:43:54 by "mach5one" with unknown MS VC++:1925

END.
