#
# There is insufficient memory for the Java Runtime Environment to continue.
# Native memory allocation (malloc) failed to allocate 1196816 bytes for Chunk::new
# Possible reasons:
#   The system is out of physical RAM or swap space
#   The process is running with CompressedOops enabled, and the Java Heap may be blocking the growth of the native heap
# Possible solutions:
#   Reduce memory load on the system
#   Increase physical memory or swap space
#   Check if swap backing store is full
#   Decrease Java heap size (-Xmx/-Xms)
#   Decrease number of Java threads
#   Decrease Java thread stack sizes (-Xss)
#   Set larger code cache with -XX:ReservedCodeCacheSize=
#   JVM is running with Unscaled Compressed Oops mode in which the Java heap is
#     placed in the first 4GB address space. The Java Heap base address is the
#     maximum limit for the native heap growth. Please use -XX:HeapBaseMinAddress
#     to set the Java Heap base and to place the Java Heap above 4GB virtual address.
# This output file may be truncated or incomplete.
#
#  Out of Memory Error (./src/hotspot/share/memory/arena.cpp:197), pid=3068, tid=11328
#
# JRE version: OpenJDK Runtime Environment (11.0.12+7) (build 11.0.12+7-b1504.28-7817840)
# Java VM: OpenJDK 64-Bit Server VM (11.0.12+7-b1504.28-7817840, mixed mode, tiered, compressed oops, g1 gc, windows-amd64)
# No core dump will be written. Minidumps are not enabled by default on client versions of Windows
#

---------------  S U M M A R Y ------------

Command Line: --add-opens=java.base/java.util=ALL-UNNAMED --add-opens=java.base/java.lang=ALL-UNNAMED --add-opens=java.base/java.lang.invoke=ALL-UNNAMED --add-opens=java.base/java.util=ALL-UNNAMED --add-opens=java.prefs/java.util.prefs=ALL-UNNAMED --add-opens=java.prefs/java.util.prefs=ALL-UNNAMED --add-opens=java.base/java.nio.charset=ALL-UNNAMED --add-opens=java.base/java.net=ALL-UNNAMED --add-opens=java.base/java.util.concurrent.atomic=ALL-UNNAMED -Xmx2048m -Dfile.encoding=UTF-8 -Duser.country=US -Duser.language=en -Duser.variant org.gradle.launcher.daemon.bootstrap.GradleDaemon 7.3.3

Host: Intel(R) Core(TM) i7-6600U CPU @ 2.60GHz, 4 cores, 7G,  Windows 10 , 64 bit Build 19041 (10.0.19041.1741)
Time: Mon Jul 11 12:53:32 2022 Pakistan Standard Time elapsed time: 7210.692031 seconds (0d 2h 0m 10s)

---------------  T H R E A D  ---------------

Current thread (0x000002259c70d000):  JavaThread "C2 CompilerThread0" daemon [_thread_in_native, id=11328, stack(0x00000038e5700000,0x00000038e5800000)]


Current CompileTask:
C2:7210692 30707       4       com.android.tools.r8.internal.Pl::a (308 bytes)

Stack: [0x00000038e5700000,0x00000038e5800000]
Native frames: (J=compiled Java code, j=interpreted, Vv=VM code, C=native code)
V  [jvm.dll+0x5fbcea]
V  [jvm.dll+0x731905]
V  [jvm.dll+0x732f1d]
V  [jvm.dll+0x7335d3]
V  [jvm.dll+0x247bf8]
V  [jvm.dll+0xc018c]
V  [jvm.dll+0xc06cc]
V  [jvm.dll+0x35b2db]
V  [jvm.dll+0x328803]
V  [jvm.dll+0x327cfa]
V  [jvm.dll+0x200602]
V  [jvm.dll+0x1ff794]
V  [jvm.dll+0x18868c]
V  [jvm.dll+0x20e0d7]
V  [jvm.dll+0x20c901]
V  [jvm.dll+0x6f9b7f]
V  [jvm.dll+0x6f26a5]
V  [jvm.dll+0x5fabf6]
C  [ucrtbase.dll+0x21bb2]
C  [KERNEL32.DLL+0x17034]
C  [ntdll.dll+0x52651]


---------------  P R O C E S S  ---------------

Threads class SMR info:
_java_thread_list=0x00000225a5eefb40, length=130, elements={
0x0000022582aeb000, 0x000002259c6df000, 0x000002259c6e3000, 0x000002259c6f8000,
0x000002259c6fc000, 0x000002259c6fe000, 0x000002259c70d000, 0x000002259c70e000,
0x000002259c712000, 0x000002259d1b5000, 0x000002259e373000, 0x000002259d286000,
0x000002259e40f800, 0x000002259eb7f000, 0x000002259eb7c000, 0x000002259eb7a800,
0x000002259eb7b000, 0x000002259eb7c800, 0x000002259df1d000, 0x000002259df23800,
0x000002259df23000, 0x000002259df27000, 0x000002259df22000, 0x000002259d451000,
0x000002259df28800, 0x00000225a4d4d800, 0x00000225a0577800, 0x00000225a057d800,
0x00000225a4d4a800, 0x000002259df29800, 0x00000225a4d4d000, 0x00000225a057b800,
0x000002259d449800, 0x00000225a4d50000, 0x00000225a057f000, 0x000002259d447000,
0x00000225a0578800, 0x00000225a4d49800, 0x00000225a4d4b000, 0x00000225a057c800,
0x000002259d44b800, 0x00000225a50a9000, 0x00000225a0586800, 0x000002259d44c000,
0x000002259eb7e800, 0x00000225a0582000, 0x00000225a4d4c000, 0x000002259eb81000,
0x00000225a4d4e800, 0x00000225a0580800, 0x000002259d44e800, 0x00000225a9547000,
0x00000225a0583000, 0x00000225a6373000, 0x000002259d448000, 0x00000225a6377800,
0x000002259d443000, 0x000002259d449000, 0x00000225a6376800, 0x00000225a50ac000,
0x00000225a50a6800, 0x00000225a50a7800, 0x00000225a50aa000, 0x00000225a50aa800,
0x00000225a50ab800, 0x00000225a50a8000, 0x00000225a50a5800, 0x00000225a9548000,
0x00000225a9549000, 0x00000225a9549800, 0x00000225a9545800, 0x00000225a954a800,
0x00000225a954c000, 0x00000225a9546800, 0x00000225a9551000, 0x00000225a954e800,
0x00000225a954d000, 0x00000225a9552800, 0x00000225a9550000, 0x00000225a9551800,
0x00000225a9553800, 0x00000225a954d800, 0x00000225a954f800, 0x00000225a9554000,
0x00000225a0b88800, 0x00000225a0b86000, 0x00000225a0b84800, 0x00000225a0b85000,
0x00000225a0b87800, 0x00000225a0b89800, 0x00000225a0b83800, 0x00000225a0b8b800,
0x00000225a0b8e000, 0x00000225a0b90000, 0x00000225a0b8c800, 0x00000225a0b8a000,
0x00000225a0b8f000, 0x00000225a0b90800, 0x00000225a0b8d800, 0x00000225a0b8b000,
0x00000225a0b91800, 0x00000225a0b92000, 0x00000225a636e800, 0x00000225a6370000,
0x00000225a6370800, 0x00000225a636f000, 0x00000225a6375800, 0x00000225a6375000,
0x00000225a6374000, 0x00000225a6371800, 0x00000225a6378000, 0x00000225a6372800,
0x00000225a6379000, 0x00000225a637c000, 0x00000225a6379800, 0x00000225a637a800,
0x00000225a637b800, 0x00000225a637d000, 0x000002259d445800, 0x000002259d444800,
0x000002259d442800, 0x000002259d44a800, 0x000002259d446800, 0x000002259d44d800,
0x000002259d44d000, 0x000002259d44f800, 0x000002259d450000, 0x00000225a057e000,
0x00000225a0579000, 0x00000225a0584000
}

Java Threads: ( => current thread )
  0x0000022582aeb000 JavaThread "main" [_thread_blocked, id=12356, stack(0x00000038e4b00000,0x00000038e4c00000)]
  0x000002259c6df000 JavaThread "Reference Handler" daemon [_thread_blocked, id=11652, stack(0x00000038e5200000,0x00000038e5300000)]
  0x000002259c6e3000 JavaThread "Finalizer" daemon [_thread_blocked, id=16452, stack(0x00000038e5300000,0x00000038e5400000)]
  0x000002259c6f8000 JavaThread "Signal Dispatcher" daemon [_thread_blocked, id=20568, stack(0x00000038e5400000,0x00000038e5500000)]
  0x000002259c6fc000 JavaThread "Attach Listener" daemon [_thread_blocked, id=20544, stack(0x00000038e5500000,0x00000038e5600000)]
  0x000002259c6fe000 JavaThread "Service Thread" daemon [_thread_blocked, id=21896, stack(0x00000038e5600000,0x00000038e5700000)]
=>0x000002259c70d000 JavaThread "C2 CompilerThread0" daemon [_thread_in_native, id=11328, stack(0x00000038e5700000,0x00000038e5800000)]
  0x000002259c70e000 JavaThread "C1 CompilerThread0" daemon [_thread_blocked, id=24404, stack(0x00000038e5800000,0x00000038e5900000)]
  0x000002259c712000 JavaThread "Sweeper thread" daemon [_thread_blocked, id=1224, stack(0x00000038e5900000,0x00000038e5a00000)]
  0x000002259d1b5000 JavaThread "Common-Cleaner" daemon [_thread_blocked, id=16536, stack(0x00000038e5a00000,0x00000038e5b00000)]
  0x000002259e373000 JavaThread "Daemon health stats" [_thread_blocked, id=1976, stack(0x00000038e5f00000,0x00000038e6000000)]
  0x000002259d286000 JavaThread "Incoming local TCP Connector on port 65106" [_thread_in_native, id=13656, stack(0x00000038e5c00000,0x00000038e5d00000)]
  0x000002259e40f800 JavaThread "Daemon periodic checks" [_thread_blocked, id=5244, stack(0x00000038e6000000,0x00000038e6100000)]
  0x000002259eb7f000 JavaThread "Cache worker for journal cache (C:\Users\aqibn\.gradle\caches\journal-1)" [_thread_blocked, id=9416, stack(0x00000038e6900000,0x00000038e6a00000)]
  0x000002259eb7c000 JavaThread "File lock request listener" [_thread_in_native, id=15280, stack(0x00000038e6a00000,0x00000038e6b00000)]
  0x000002259eb7a800 JavaThread "Cache worker for file hash cache (C:\Users\aqibn\.gradle\caches\7.3.3\fileHashes)" [_thread_blocked, id=5824, stack(0x00000038e6b00000,0x00000038e6c00000)]
  0x000002259eb7b000 JavaThread "File watcher server" daemon [_thread_in_native, id=10412, stack(0x00000038e6c00000,0x00000038e6d00000)]
  0x000002259eb7c800 JavaThread "File watcher consumer" daemon [_thread_blocked, id=19144, stack(0x00000038e6e00000,0x00000038e6f00000)]
  0x000002259df1d000 JavaThread "Cache worker for execution history cache (C:\Users\aqibn\.gradle\caches\7.3.3\executionHistory)" [_thread_blocked, id=6476, stack(0x00000038e7300000,0x00000038e7400000)]
  0x000002259df23800 JavaThread "jar transforms" [_thread_blocked, id=15048, stack(0x00000038e7400000,0x00000038e7500000)]
  0x000002259df23000 JavaThread "Cache worker for file content cache (C:\Users\aqibn\.gradle\caches\7.3.3\fileContent)" [_thread_blocked, id=20400, stack(0x00000038e7500000,0x00000038e7600000)]
  0x000002259df27000 JavaThread "jar transforms Thread 2" [_thread_blocked, id=11112, stack(0x00000038e7600000,0x00000038e7700000)]
  0x000002259df22000 JavaThread "jar transforms Thread 3" [_thread_blocked, id=16676, stack(0x00000038e7100000,0x00000038e7200000)]
  0x000002259d451000 JavaThread "jar transforms Thread 4" [_thread_blocked, id=18228, stack(0x00000038ea200000,0x00000038ea300000)]
  0x000002259df28800 JavaThread "Memory manager" [_thread_blocked, id=6652, stack(0x00000038ea300000,0x00000038ea400000)]
  0x00000225a4d4d800 JavaThread "pool-3-thread-1" [_thread_blocked, id=12012, stack(0x00000038ea500000,0x00000038ea600000)]
  0x00000225a0577800 JavaThread "pool-6-thread-1" [_thread_blocked, id=12456, stack(0x00000038ea000000,0x00000038ea100000)]
  0x00000225a057d800 JavaThread "Cache worker for Java compile cache (C:\Users\aqibn\.gradle\caches\7.3.3\javaCompile)" [_thread_blocked, id=20700, stack(0x00000038ea900000,0x00000038eaa00000)]
  0x00000225a4d4a800 JavaThread "pool-10-thread-1" [_thread_blocked, id=6040, stack(0x00000038ea100000,0x00000038ea200000)]
  0x000002259df29800 JavaThread "pool-14-thread-1" [_thread_blocked, id=13600, stack(0x00000038ea400000,0x00000038ea500000)]
  0x00000225a4d4d000 JavaThread "pool-18-thread-1" [_thread_blocked, id=15236, stack(0x00000038ea600000,0x00000038ea700000)]
  0x00000225a057b800 JavaThread "pool-22-thread-1" [_thread_blocked, id=23124, stack(0x00000038ea700000,0x00000038ea800000)]
  0x000002259d449800 JavaThread "pool-26-thread-1" [_thread_blocked, id=5660, stack(0x00000038ea800000,0x00000038ea900000)]
  0x00000225a4d50000 JavaThread "pool-30-thread-1" [_thread_blocked, id=5992, stack(0x00000038eaa00000,0x00000038eab00000)]
  0x00000225a057f000 JavaThread "pool-34-thread-1" [_thread_blocked, id=4788, stack(0x00000038eab00000,0x00000038eac00000)]
  0x000002259d447000 JavaThread "pool-37-thread-1" [_thread_blocked, id=1216, stack(0x00000038eac00000,0x00000038ead00000)]
  0x00000225a0578800 JavaThread "pool-41-thread-1" [_thread_blocked, id=980, stack(0x00000038ead00000,0x00000038eae00000)]
  0x00000225a4d49800 JavaThread "pool-45-thread-1" [_thread_blocked, id=5920, stack(0x00000038eae00000,0x00000038eaf00000)]
  0x00000225a4d4b000 JavaThread "pool-48-thread-1" [_thread_blocked, id=11580, stack(0x00000038eaf00000,0x00000038eb000000)]
  0x00000225a057c800 JavaThread "pool-52-thread-1" [_thread_blocked, id=21812, stack(0x00000038eb000000,0x00000038eb100000)]
  0x000002259d44b800 JavaThread "pool-55-thread-1" [_thread_blocked, id=9136, stack(0x00000038eb100000,0x00000038eb200000)]
  0x00000225a50a9000 JavaThread "pool-59-thread-1" [_thread_blocked, id=7204, stack(0x00000038eb200000,0x00000038eb300000)]
  0x00000225a0586800 JavaThread "pool-63-thread-1" [_thread_blocked, id=12500, stack(0x00000038eb300000,0x00000038eb400000)]
  0x000002259d44c000 JavaThread "pool-66-thread-1" [_thread_blocked, id=4064, stack(0x00000038e9f00000,0x00000038ea000000)]
  0x000002259eb7e800 JavaThread "pool-70-thread-1" [_thread_blocked, id=20608, stack(0x00000038eb500000,0x00000038eb600000)]
  0x00000225a0582000 JavaThread "pool-74-thread-1" [_thread_blocked, id=17932, stack(0x00000038eb600000,0x00000038eb700000)]
  0x00000225a4d4c000 JavaThread "pool-78-thread-1" [_thread_blocked, id=24100, stack(0x00000038eb700000,0x00000038eb800000)]
  0x000002259eb81000 JavaThread "pool-82-thread-1" [_thread_blocked, id=17188, stack(0x00000038eb800000,0x00000038eb900000)]
  0x00000225a4d4e800 JavaThread "pool-85-thread-1" [_thread_blocked, id=22168, stack(0x00000038eb900000,0x00000038eba00000)]
  0x00000225a0580800 JavaThread "pool-89-thread-1" [_thread_blocked, id=15868, stack(0x00000038eba00000,0x00000038ebb00000)]
  0x000002259d44e800 JavaThread "pool-92-thread-1" [_thread_blocked, id=4488, stack(0x00000038ebb00000,0x00000038ebc00000)]
  0x00000225a9547000 JavaThread "pool-96-thread-1" [_thread_blocked, id=17336, stack(0x00000038ebc00000,0x00000038ebd00000)]
  0x00000225a0583000 JavaThread "pool-100-thread-1" [_thread_blocked, id=17184, stack(0x00000038ebd00000,0x00000038ebe00000)]
  0x00000225a6373000 JavaThread "ForkJoinPool.commonPool-worker-7" daemon [_thread_blocked, id=20664, stack(0x00000038ece00000,0x00000038ecf00000)]
  0x000002259d448000 JavaThread "pool-104-thread-1" [_thread_blocked, id=15480, stack(0x00000038ebe00000,0x00000038ebf00000)]
  0x00000225a6377800 JavaThread "pool-108-thread-1" [_thread_blocked, id=13892, stack(0x00000038eb400000,0x00000038eb500000)]
  0x000002259d443000 JavaThread "Daemon Thread 27" [_thread_blocked, id=23508, stack(0x00000038e4800000,0x00000038e4900000)]
  0x000002259d449000 JavaThread "Daemon worker Thread 27" [_thread_blocked, id=17020, stack(0x00000038e6100000,0x00000038e6200000)]
  0x00000225a6376800 JavaThread "pool-111-thread-1" [_thread_blocked, id=11388, stack(0x00000038ec000000,0x00000038ec100000)]
  0x00000225a50ac000 JavaThread "ForkJoinPool.commonPool-worker-3" daemon [_thread_blocked, id=5840, stack(0x00000038ed000000,0x00000038ed100000)]
  0x00000225a50a6800 JavaThread "ForkJoinPool.commonPool-worker-5" daemon [_thread_blocked, id=4176, stack(0x00000038ed100000,0x00000038ed200000)]
  0x00000225a50a7800 JavaThread "Handler for socket connection from /127.0.0.1:65106 to /127.0.0.1:51695" [_thread_in_native, id=13616, stack(0x00000038e4900000,0x00000038e4a00000)]
  0x00000225a50aa000 JavaThread "Cancel handler" [_thread_blocked, id=12936, stack(0x00000038e4a00000,0x00000038e4b00000)]
  0x00000225a50aa800 JavaThread "Asynchronous log dispatcher for DefaultDaemonConnection: socket connection from /127.0.0.1:65106 to /127.0.0.1:51695" [_thread_blocked, id=21592, stack(0x00000038e6200000,0x00000038e6300000)]
  0x00000225a50ab800 JavaThread "Stdin handler" [_thread_blocked, id=7076, stack(0x00000038e6300000,0x00000038e6400000)]
  0x00000225a50a8000 JavaThread "Daemon client event forwarder" [_thread_blocked, id=22040, stack(0x00000038e6400000,0x00000038e6500000)]
  0x00000225a50a5800 JavaThread "Cache worker for file hash cache (C:\Users\aqibn\AndroidStudioProjects\iShare\.gradle\7.3.3\fileHashes)" [_thread_blocked, id=13760, stack(0x00000038e6500000,0x00000038e6600000)]
  0x00000225a9548000 JavaThread "Cache worker for checksums cache (C:\Users\aqibn\AndroidStudioProjects\iShare\.gradle\7.3.3\checksums)" [_thread_blocked, id=6752, stack(0x00000038e6600000,0x00000038e6700000)]
  0x00000225a9549000 JavaThread "Cache worker for cache directory md-supplier (C:\Users\aqibn\.gradle\caches\7.3.3\md-supplier)" [_thread_blocked, id=22620, stack(0x00000038e6700000,0x00000038e6800000)]
  0x00000225a9549800 JavaThread "Cache worker for cache directory md-rule (C:\Users\aqibn\.gradle\caches\7.3.3\md-rule)" [_thread_blocked, id=4284, stack(0x00000038e6d00000,0x00000038e6e00000)]
  0x00000225a9545800 JavaThread "Cache worker for dependencies-accessors (C:\Users\aqibn\AndroidStudioProjects\iShare\.gradle\7.3.3\dependencies-accessors)" [_thread_blocked, id=10944, stack(0x00000038e6f00000,0x00000038e7000000)]
  0x00000225a954a800 JavaThread "Cache worker for Build Output Cleanup Cache (C:\Users\aqibn\AndroidStudioProjects\iShare\.gradle\buildOutputCleanup)" [_thread_blocked, id=14072, stack(0x00000038e7000000,0x00000038e7100000)]
  0x00000225a954c000 JavaThread "Unconstrained build operations" [_thread_blocked, id=21392, stack(0x00000038e7700000,0x00000038e7800000)]
  0x00000225a9546800 JavaThread "Unconstrained build operations Thread 2" [_thread_blocked, id=7024, stack(0x00000038e7800000,0x00000038e7900000)]
  0x00000225a9551000 JavaThread "Unconstrained build operations Thread 3" [_thread_blocked, id=21308, stack(0x00000038e7900000,0x00000038e7a00000)]
  0x00000225a954e800 JavaThread "Unconstrained build operations Thread 4" [_thread_blocked, id=22316, stack(0x00000038e7a00000,0x00000038e7b00000)]
  0x00000225a954d000 JavaThread "Unconstrained build operations Thread 5" [_thread_blocked, id=22824, stack(0x00000038e7b00000,0x00000038e7c00000)]
  0x00000225a9552800 JavaThread "Unconstrained build operations Thread 6" [_thread_blocked, id=20244, stack(0x00000038e7c00000,0x00000038e7d00000)]
  0x00000225a9550000 JavaThread "Unconstrained build operations Thread 7" [_thread_blocked, id=8440, stack(0x00000038e7d00000,0x00000038e7e00000)]
  0x00000225a9551800 JavaThread "Unconstrained build operations Thread 8" [_thread_blocked, id=16324, stack(0x00000038e7e00000,0x00000038e7f00000)]
  0x00000225a9553800 JavaThread "Unconstrained build operations Thread 9" [_thread_blocked, id=13276, stack(0x00000038e7f00000,0x00000038e8000000)]
  0x00000225a954d800 JavaThread "Unconstrained build operations Thread 10" [_thread_blocked, id=8248, stack(0x00000038e8000000,0x00000038e8100000)]
  0x00000225a954f800 JavaThread "Unconstrained build operations Thread 11" [_thread_blocked, id=17476, stack(0x00000038e8100000,0x00000038e8200000)]
  0x00000225a9554000 JavaThread "Unconstrained build operations Thread 12" [_thread_blocked, id=484, stack(0x00000038e8200000,0x00000038e8300000)]
  0x00000225a0b88800 JavaThread "Unconstrained build operations Thread 13" [_thread_blocked, id=21420, stack(0x00000038e8300000,0x00000038e8400000)]
  0x00000225a0b86000 JavaThread "Unconstrained build operations Thread 14" [_thread_blocked, id=15320, stack(0x00000038e8400000,0x00000038e8500000)]
  0x00000225a0b84800 JavaThread "Unconstrained build operations Thread 15" [_thread_blocked, id=11416, stack(0x00000038e8500000,0x00000038e8600000)]
  0x00000225a0b85000 JavaThread "Unconstrained build operations Thread 16" [_thread_blocked, id=8308, stack(0x00000038e8600000,0x00000038e8700000)]
  0x00000225a0b87800 JavaThread "Unconstrained build operations Thread 17" [_thread_blocked, id=20056, stack(0x00000038e8700000,0x00000038e8800000)]
  0x00000225a0b89800 JavaThread "Unconstrained build operations Thread 18" [_thread_blocked, id=1540, stack(0x00000038e8800000,0x00000038e8900000)]
  0x00000225a0b83800 JavaThread "Unconstrained build operations Thread 19" [_thread_blocked, id=9668, stack(0x00000038e8900000,0x00000038e8a00000)]
  0x00000225a0b8b800 JavaThread "Unconstrained build operations Thread 20" [_thread_blocked, id=16164, stack(0x00000038e8a00000,0x00000038e8b00000)]
  0x00000225a0b8e000 JavaThread "Unconstrained build operations Thread 21" [_thread_blocked, id=6072, stack(0x00000038e8b00000,0x00000038e8c00000)]
  0x00000225a0b90000 JavaThread "Unconstrained build operations Thread 22" [_thread_blocked, id=10624, stack(0x00000038e8c00000,0x00000038e8d00000)]
  0x00000225a0b8c800 JavaThread "Unconstrained build operations Thread 23" [_thread_blocked, id=23176, stack(0x00000038e8d00000,0x00000038e8e00000)]
  0x00000225a0b8a000 JavaThread "Unconstrained build operations Thread 24" [_thread_blocked, id=22952, stack(0x00000038e8e00000,0x00000038e8f00000)]
  0x00000225a0b8f000 JavaThread "Unconstrained build operations Thread 25" [_thread_blocked, id=23644, stack(0x00000038e8f00000,0x00000038e9000000)]
  0x00000225a0b90800 JavaThread "Unconstrained build operations Thread 26" [_thread_blocked, id=14824, stack(0x00000038e9000000,0x00000038e9100000)]
  0x00000225a0b8d800 JavaThread "Unconstrained build operations Thread 27" [_thread_blocked, id=19600, stack(0x00000038e9100000,0x00000038e9200000)]
  0x00000225a0b8b000 JavaThread "Unconstrained build operations Thread 28" [_thread_blocked, id=8480, stack(0x00000038e9200000,0x00000038e9300000)]
  0x00000225a0b91800 JavaThread "Unconstrained build operations Thread 29" [_thread_blocked, id=23584, stack(0x00000038e9300000,0x00000038e9400000)]
  0x00000225a0b92000 JavaThread "Unconstrained build operations Thread 30" [_thread_blocked, id=2280, stack(0x00000038e9400000,0x00000038e9500000)]
  0x00000225a636e800 JavaThread "Unconstrained build operations Thread 31" [_thread_blocked, id=9748, stack(0x00000038e9500000,0x00000038e9600000)]
  0x00000225a6370000 JavaThread "Unconstrained build operations Thread 32" [_thread_blocked, id=13856, stack(0x00000038e9600000,0x00000038e9700000)]
  0x00000225a6370800 JavaThread "Unconstrained build operations Thread 33" [_thread_blocked, id=17504, stack(0x00000038e9700000,0x00000038e9800000)]
  0x00000225a636f000 JavaThread "Unconstrained build operations Thread 34" [_thread_blocked, id=20292, stack(0x00000038e9800000,0x00000038e9900000)]
  0x00000225a6375800 JavaThread "Unconstrained build operations Thread 35" [_thread_blocked, id=2696, stack(0x00000038e9900000,0x00000038e9a00000)]
  0x00000225a6375000 JavaThread "Unconstrained build operations Thread 36" [_thread_blocked, id=15416, stack(0x00000038e9a00000,0x00000038e9b00000)]
  0x00000225a6374000 JavaThread "Unconstrained build operations Thread 37" [_thread_blocked, id=20464, stack(0x00000038e9b00000,0x00000038e9c00000)]
  0x00000225a6371800 JavaThread "Unconstrained build operations Thread 38" [_thread_blocked, id=16984, stack(0x00000038e9c00000,0x00000038e9d00000)]
  0x00000225a6378000 JavaThread "Unconstrained build operations Thread 39" [_thread_blocked, id=11776, stack(0x00000038e9d00000,0x00000038e9e00000)]
  0x00000225a6372800 JavaThread "Unconstrained build operations Thread 40" [_thread_blocked, id=12668, stack(0x00000038e9e00000,0x00000038e9f00000)]
  0x00000225a6379000 JavaThread "build event listener" [_thread_blocked, id=8040, stack(0x00000038e7200000,0x00000038e7300000)]
  0x00000225a637c000 JavaThread "pool-115-thread-1" [_thread_blocked, id=15428, stack(0x00000038ebf00000,0x00000038ec000000)]
  0x00000225a6379800 JavaThread "build event listener" [_thread_blocked, id=13632, stack(0x00000038ec100000,0x00000038ec200000)]
  0x00000225a637a800 JavaThread "Execution worker for ':'" [_thread_blocked, id=23892, stack(0x00000038ec200000,0x00000038ec300000)]
  0x00000225a637b800 JavaThread "Execution worker for ':' Thread 2" [_thread_blocked, id=11148, stack(0x00000038ec300000,0x00000038ec400000)]
  0x00000225a637d000 JavaThread "Execution worker for ':' Thread 3" [_thread_blocked, id=22832, stack(0x00000038ec400000,0x00000038ec500000)]
  0x000002259d445800 JavaThread "Cache worker for execution history cache (C:\Users\aqibn\AndroidStudioProjects\iShare\.gradle\7.3.3\executionHistory)" [_thread_blocked, id=10520, stack(0x00000038ec500000,0x00000038ec600000)]
  0x000002259d444800 JavaThread "WorkerExecutor Queue" [_thread_blocked, id=2792, stack(0x00000038ec700000,0x00000038ec800000)]
  0x000002259d442800 JavaThread "pool-116-thread-1" [_thread_blocked, id=4924, stack(0x00000038ec800000,0x00000038ec900000)]
  0x000002259d44a800 JavaThread "stderr" [_thread_in_native, id=20444, stack(0x00000038ec900000,0x00000038eca00000)]
  0x000002259d446800 JavaThread "stdout" [_thread_in_native, id=12648, stack(0x00000038eca00000,0x00000038ecb00000)]
  0x000002259d44d800 JavaThread "Build operations" [_thread_blocked, id=15216, stack(0x00000038ecb00000,0x00000038ecc00000)]
  0x000002259d44d000 JavaThread "Build operations Thread 2" [_thread_blocked, id=19716, stack(0x00000038ecc00000,0x00000038ecd00000)]
  0x000002259d44f800 JavaThread "Build operations Thread 3" [_thread_blocked, id=8332, stack(0x00000038ecd00000,0x00000038ece00000)]
  0x000002259d450000 JavaThread "Build operations Thread 4" [_thread_blocked, id=16952, stack(0x00000038ecf00000,0x00000038ed000000)]
  0x00000225a057e000 JavaThread "WorkerExecutor Queue Thread 2" [_thread_blocked, id=6324, stack(0x00000038ec600000,0x00000038ec700000)]
  0x00000225a0579000 JavaThread "WorkerExecutor Queue Thread 3" [_thread_blocked, id=11008, stack(0x00000038ed200000,0x00000038ed300000)]
  0x00000225a0584000 JavaThread "WorkerExecutor Queue Thread 4" [_thread_blocked, id=20760, stack(0x00000038ed300000,0x00000038ed400000)]

Other Threads:
  0x000002259c6d8800 VMThread "VM Thread" [stack: 0x00000038e5100000,0x00000038e5200000] [id=18676]
  0x000002259d1c1800 WatcherThread [stack: 0x00000038e5b00000,0x00000038e5c00000] [id=14020]
  0x0000022582b04800 GCTaskThread "GC Thread#0" [stack: 0x00000038e4c00000,0x00000038e4d00000] [id=968]
  0x000002259d5b6800 GCTaskThread "GC Thread#1" [stack: 0x00000038e5d00000,0x00000038e5e00000] [id=8548]
  0x000002259d2de800 GCTaskThread "GC Thread#2" [stack: 0x00000038e5e00000,0x00000038e5f00000] [id=11568]
  0x000002259ddcf800 GCTaskThread "GC Thread#3" [stack: 0x00000038e6800000,0x00000038e6900000] [id=20888]
  0x0000022582b37000 ConcurrentGCThread "G1 Main Marker" [stack: 0x00000038e4d00000,0x00000038e4e00000] [id=14756]
  0x0000022582b38000 ConcurrentGCThread "G1 Conc#0" [stack: 0x00000038e4e00000,0x00000038e4f00000] [id=22856]
  0x0000022582bc7800 ConcurrentGCThread "G1 Refine#0" [stack: 0x00000038e4f00000,0x00000038e5000000] [id=19900]
  0x0000022582bc8800 ConcurrentGCThread "G1 Young RemSet Sampling" [stack: 0x00000038e5000000,0x00000038e5100000] [id=9796]

Threads with active compile tasks:
C2 CompilerThread07211291 30707       4       com.android.tools.r8.internal.Pl::a (308 bytes)
C1 CompilerThread07211291 30774 %     3       com.android.tools.r8.internal.fX::a @ 8 (119 bytes)

VM state:not at safepoint (normal execution)

VM Mutex/Monitor currently owned by a thread:  ([mutex/lock_event])
[0x0000022582ae83d0] Heap_lock - owner thread: 0x00000225a057e000

Heap address: 0x0000000080000000, size: 2048 MB, Compressed Oops mode: 32-bit
Narrow klass base: 0x0000000000000000, Narrow klass shift: 3
Compressed class space size: 1073741824 Address: 0x0000000100000000

Heap:
 garbage-first heap   total 189440K, used 109321K [0x0000000080000000, 0x0000000100000000)
  region size 1024K, 2 young (2048K), 1 survivors (1024K)
 Metaspace       used 131877K, capacity 136616K, committed 136736K, reserved 1169408K
  class space    used 15999K, capacity 17675K, committed 17748K, reserved 1048576K
Heap Regions: E=young(eden), S=young(survivor), O=old, HS=humongous(starts), HC=humongous(continues), CS=collection set, F=free, A=archive, TAMS=top-at-mark-start (previous, next)
|   0|0x0000000080000000, 0x0000000080100000, 0x0000000080100000|100%| O|  |TAMS 0x0000000080100000, 0x0000000080000000| Untracked 
|   1|0x0000000080100000, 0x0000000080200000, 0x0000000080200000|100%| O|  |TAMS 0x0000000080200000, 0x0000000080100000| Untracked 
|   2|0x0000000080200000, 0x0000000080300000, 0x0000000080300000|100%| O|  |TAMS 0x0000000080300000, 0x0000000080200000| Untracked 
|   3|0x0000000080300000, 0x0000000080400000, 0x0000000080400000|100%|HS|  |TAMS 0x0000000080400000, 0x0000000080300000| Complete 
|   4|0x0000000080400000, 0x0000000080500000, 0x0000000080500000|100%|HC|  |TAMS 0x0000000080500000, 0x0000000080400000| Complete 
|   5|0x0000000080500000, 0x0000000080600000, 0x0000000080600000|100%|HC|  |TAMS 0x0000000080600000, 0x0000000080500000| Complete 
|   6|0x0000000080600000, 0x0000000080700000, 0x0000000080700000|100%| O|  |TAMS 0x0000000080700000, 0x0000000080600000| Untracked 
|   7|0x0000000080700000, 0x0000000080800000, 0x0000000080800000|100%| O|  |TAMS 0x0000000080800000, 0x0000000080700000| Untracked 
|   8|0x0000000080800000, 0x0000000080900000, 0x0000000080900000|100%| O|  |TAMS 0x0000000080900000, 0x0000000080800000| Untracked 
|   9|0x0000000080900000, 0x0000000080a00000, 0x0000000080a00000|100%| O|  |TAMS 0x0000000080a00000, 0x0000000080900000| Untracked 
|  10|0x0000000080a00000, 0x0000000080b00000, 0x0000000080b00000|100%| O|  |TAMS 0x0000000080b00000, 0x0000000080a00000| Untracked 
|  11|0x0000000080b00000, 0x0000000080c00000, 0x0000000080c00000|100%| O|  |TAMS 0x0000000080c00000, 0x0000000080b00000| Untracked 
|  12|0x0000000080c00000, 0x0000000080d00000, 0x0000000080d00000|100%| O|  |TAMS 0x0000000080d00000, 0x0000000080c00000| Untracked 
|  13|0x0000000080d00000, 0x0000000080e00000, 0x0000000080e00000|100%| O|  |TAMS 0x0000000080e00000, 0x0000000080d00000| Untracked 
|  14|0x0000000080e00000, 0x0000000080f00000, 0x0000000080f00000|100%| O|  |TAMS 0x0000000080f00000, 0x0000000080e00000| Untracked 
|  15|0x0000000080f00000, 0x0000000081000000, 0x0000000081000000|100%| O|  |TAMS 0x0000000081000000, 0x0000000080f00000| Untracked 
|  16|0x0000000081000000, 0x0000000081100000, 0x0000000081100000|100%|HS|  |TAMS 0x0000000081100000, 0x0000000081000000| Complete 
|  17|0x0000000081100000, 0x0000000081200000, 0x0000000081200000|100%| O|  |TAMS 0x0000000081200000, 0x0000000081100000| Untracked 
|  18|0x0000000081200000, 0x0000000081300000, 0x0000000081300000|100%| O|  |TAMS 0x0000000081300000, 0x0000000081200000| Untracked 
|  19|0x0000000081300000, 0x0000000081400000, 0x0000000081400000|100%| O|  |TAMS 0x0000000081400000, 0x0000000081300000| Untracked 
|  20|0x0000000081400000, 0x0000000081500000, 0x0000000081500000|100%| O|  |TAMS 0x0000000081500000, 0x0000000081400000| Untracked 
|  21|0x0000000081500000, 0x0000000081600000, 0x0000000081600000|100%| O|  |TAMS 0x0000000081600000, 0x0000000081500000| Untracked 
|  22|0x0000000081600000, 0x0000000081700000, 0x0000000081700000|100%| O|  |TAMS 0x0000000081700000, 0x0000000081600000| Untracked 
|  23|0x0000000081700000, 0x0000000081800000, 0x0000000081800000|100%|HS|  |TAMS 0x0000000081800000, 0x0000000081700000| Complete 
|  24|0x0000000081800000, 0x0000000081900000, 0x0000000081900000|100%|HS|  |TAMS 0x0000000081900000, 0x0000000081800000| Complete 
|  25|0x0000000081900000, 0x0000000081a00000, 0x0000000081a00000|100%|HC|  |TAMS 0x0000000081a00000, 0x0000000081900000| Complete 
|  26|0x0000000081a00000, 0x0000000081b00000, 0x0000000081b00000|100%| O|  |TAMS 0x0000000081b00000, 0x0000000081a00000| Untracked 
|  27|0x0000000081b00000, 0x0000000081c00000, 0x0000000081c00000|100%| O|  |TAMS 0x0000000081c00000, 0x0000000081b00000| Untracked 
|  28|0x0000000081c00000, 0x0000000081d00000, 0x0000000081d00000|100%| O|  |TAMS 0x0000000081d00000, 0x0000000081c00000| Untracked 
|  29|0x0000000081d00000, 0x0000000081e00000, 0x0000000081e00000|100%| O|  |TAMS 0x0000000081e00000, 0x0000000081d00000| Untracked 
|  30|0x0000000081e00000, 0x0000000081f00000, 0x0000000081f00000|100%| O|  |TAMS 0x0000000081e00000, 0x0000000081e00000| Untracked 
|  31|0x0000000081f00000, 0x0000000082000000, 0x0000000082000000|100%| O|  |TAMS 0x0000000082000000, 0x0000000081f00000| Untracked 
|  32|0x0000000082000000, 0x0000000082100000, 0x0000000082100000|100%| O|  |TAMS 0x0000000082100000, 0x0000000082000000| Untracked 
|  33|0x0000000082100000, 0x0000000082200000, 0x0000000082200000|100%| O|  |TAMS 0x0000000082200000, 0x0000000082100000| Untracked 
|  34|0x0000000082200000, 0x0000000082300000, 0x0000000082300000|100%| O|  |TAMS 0x0000000082300000, 0x0000000082200000| Untracked 
|  35|0x0000000082300000, 0x0000000082400000, 0x0000000082400000|100%| O|  |TAMS 0x0000000082400000, 0x0000000082300000| Untracked 
|  36|0x0000000082400000, 0x0000000082500000, 0x0000000082500000|100%| O|  |TAMS 0x0000000082500000, 0x0000000082400000| Untracked 
|  37|0x0000000082500000, 0x0000000082600000, 0x0000000082600000|100%| O|  |TAMS 0x0000000082600000, 0x0000000082500000| Untracked 
|  38|0x0000000082600000, 0x0000000082700000, 0x0000000082700000|100%| O|  |TAMS 0x0000000082700000, 0x0000000082600000| Untracked 
|  39|0x0000000082700000, 0x0000000082800000, 0x0000000082800000|100%| O|  |TAMS 0x0000000082800000, 0x0000000082700000| Untracked 
|  40|0x0000000082800000, 0x0000000082900000, 0x0000000082900000|100%| O|  |TAMS 0x0000000082900000, 0x0000000082800000| Untracked 
|  41|0x0000000082900000, 0x0000000082a00000, 0x0000000082a00000|100%| O|  |TAMS 0x0000000082a00000, 0x0000000082900000| Untracked 
|  42|0x0000000082a00000, 0x0000000082b00000, 0x0000000082b00000|100%| O|  |TAMS 0x0000000082b00000, 0x0000000082a00000| Untracked 
|  43|0x0000000082b00000, 0x0000000082b00000, 0x0000000082c00000|  0%| F|  |TAMS 0x0000000082b00000, 0x0000000082b00000| Untracked 
|  44|0x0000000082c00000, 0x0000000082d00000, 0x0000000082d00000|100%| O|  |TAMS 0x0000000082d00000, 0x0000000082c00000| Untracked 
|  45|0x0000000082d00000, 0x0000000082e00000, 0x0000000082e00000|100%| O|  |TAMS 0x0000000082d00000, 0x0000000082d00000| Untracked 
|  46|0x0000000082e00000, 0x0000000082f00000, 0x0000000082f00000|100%| O|  |TAMS 0x0000000082f00000, 0x0000000082e00000| Untracked 
|  47|0x0000000082f00000, 0x0000000083000000, 0x0000000083000000|100%| O|  |TAMS 0x0000000083000000, 0x0000000082f00000| Untracked 
|  48|0x0000000083000000, 0x0000000083100000, 0x0000000083100000|100%| O|  |TAMS 0x0000000083000000, 0x0000000083000000| Untracked 
|  49|0x0000000083100000, 0x0000000083200000, 0x0000000083200000|100%| O|  |TAMS 0x0000000083200000, 0x0000000083100000| Untracked 
|  50|0x0000000083200000, 0x0000000083300000, 0x0000000083300000|100%| O|  |TAMS 0x0000000083300000, 0x0000000083200000| Untracked 
|  51|0x0000000083300000, 0x0000000083400000, 0x0000000083400000|100%| O|  |TAMS 0x0000000083400000, 0x0000000083300000| Untracked 
|  52|0x0000000083400000, 0x0000000083500000, 0x0000000083500000|100%| O|  |TAMS 0x0000000083500000, 0x0000000083400000| Untracked 
|  53|0x0000000083500000, 0x0000000083600000, 0x0000000083600000|100%| O|  |TAMS 0x0000000083600000, 0x0000000083500000| Untracked 
|  54|0x0000000083600000, 0x0000000083700000, 0x0000000083700000|100%| O|  |TAMS 0x0000000083700000, 0x0000000083600000| Untracked 
|  55|0x0000000083700000, 0x0000000083800000, 0x0000000083800000|100%| O|  |TAMS 0x0000000083800000, 0x0000000083700000| Untracked 
|  56|0x0000000083800000, 0x0000000083900000, 0x0000000083900000|100%| O|  |TAMS 0x0000000083900000, 0x0000000083800000| Untracked 
|  57|0x0000000083900000, 0x0000000083a00000, 0x0000000083a00000|100%| O|  |TAMS 0x0000000083a00000, 0x0000000083900000| Untracked 
|  58|0x0000000083a00000, 0x0000000083b00000, 0x0000000083b00000|100%| O|  |TAMS 0x0000000083b00000, 0x0000000083a00000| Untracked 
|  59|0x0000000083b00000, 0x0000000083c00000, 0x0000000083c00000|100%| O|  |TAMS 0x0000000083c00000, 0x0000000083b00000| Untracked 
|  60|0x0000000083c00000, 0x0000000083d00000, 0x0000000083d00000|100%| O|  |TAMS 0x0000000083d00000, 0x0000000083c00000| Untracked 
|  61|0x0000000083d00000, 0x0000000083e00000, 0x0000000083e00000|100%| O|  |TAMS 0x0000000083e00000, 0x0000000083d00000| Untracked 
|  62|0x0000000083e00000, 0x0000000083f00000, 0x0000000083f00000|100%| O|  |TAMS 0x0000000083e00000, 0x0000000083e00000| Untracked 
|  63|0x0000000083f00000, 0x0000000084000000, 0x0000000084000000|100%| O|  |TAMS 0x0000000084000000, 0x0000000083f00000| Untracked 
|  64|0x0000000084000000, 0x0000000084100000, 0x0000000084100000|100%| O|  |TAMS 0x0000000084100000, 0x0000000084000000| Untracked 
|  65|0x0000000084100000, 0x0000000084200000, 0x0000000084200000|100%| O|  |TAMS 0x0000000084200000, 0x0000000084100000| Untracked 
|  66|0x0000000084200000, 0x0000000084300000, 0x0000000084300000|100%| O|  |TAMS 0x0000000084300000, 0x0000000084200000| Untracked 
|  67|0x0000000084300000, 0x0000000084400000, 0x0000000084400000|100%| O|  |TAMS 0x0000000084400000, 0x0000000084300000| Untracked 
|  68|0x0000000084400000, 0x0000000084500000, 0x0000000084500000|100%| O|  |TAMS 0x0000000084500000, 0x0000000084400000| Untracked 
|  69|0x0000000084500000, 0x0000000084600000, 0x0000000084600000|100%| O|  |TAMS 0x0000000084600000, 0x0000000084500000| Untracked 
|  70|0x0000000084600000, 0x0000000084700000, 0x0000000084700000|100%| O|  |TAMS 0x0000000084700000, 0x0000000084600000| Untracked 
|  71|0x0000000084700000, 0x0000000084800000, 0x0000000084800000|100%| O|  |TAMS 0x0000000084800000, 0x0000000084700000| Untracked 
|  72|0x0000000084800000, 0x0000000084900000, 0x0000000084900000|100%| O|  |TAMS 0x0000000084900000, 0x0000000084800000| Untracked 
|  73|0x0000000084900000, 0x0000000084a00000, 0x0000000084a00000|100%| O|  |TAMS 0x0000000084900000, 0x0000000084900000| Untracked 
|  74|0x0000000084a00000, 0x0000000084a00000, 0x0000000084b00000|  0%| F|  |TAMS 0x0000000084a00000, 0x0000000084a00000| Untracked 
|  75|0x0000000084b00000, 0x0000000084c00000, 0x0000000084c00000|100%| O|  |TAMS 0x0000000084c00000, 0x0000000084b00000| Untracked 
|  76|0x0000000084c00000, 0x0000000084d00000, 0x0000000084d00000|100%| O|  |TAMS 0x0000000084d00000, 0x0000000084c00000| Untracked 
|  77|0x0000000084d00000, 0x0000000084e00000, 0x0000000084e00000|100%| O|  |TAMS 0x0000000084e00000, 0x0000000084d00000| Untracked 
|  78|0x0000000084e00000, 0x0000000084f00000, 0x0000000084f00000|100%| O|  |TAMS 0x0000000084f00000, 0x0000000084e00000| Untracked 
|  79|0x0000000084f00000, 0x0000000085000000, 0x0000000085000000|100%| O|  |TAMS 0x0000000085000000, 0x0000000084f00000| Untracked 
|  80|0x0000000085000000, 0x0000000085100000, 0x0000000085100000|100%| O|  |TAMS 0x0000000085100000, 0x0000000085000000| Untracked 
|  81|0x0000000085100000, 0x0000000085200000, 0x0000000085200000|100%| O|  |TAMS 0x0000000085200000, 0x0000000085100000| Untracked 
|  82|0x0000000085200000, 0x0000000085200000, 0x0000000085300000|  0%| F|  |TAMS 0x0000000085200000, 0x0000000085200000| Untracked 
|  83|0x0000000085300000, 0x0000000085400000, 0x0000000085400000|100%| O|  |TAMS 0x0000000085400000, 0x0000000085300000| Untracked 
|  84|0x0000000085400000, 0x0000000085500000, 0x0000000085500000|100%| O|  |TAMS 0x0000000085500000, 0x0000000085400000| Untracked 
|  85|0x0000000085500000, 0x0000000085600000, 0x0000000085600000|100%|HS|  |TAMS 0x0000000085600000, 0x0000000085500000| Complete 
|  86|0x0000000085600000, 0x0000000085700000, 0x0000000085700000|100%|HC|  |TAMS 0x0000000085700000, 0x0000000085600000| Complete 
|  87|0x0000000085700000, 0x0000000085800000, 0x0000000085800000|100%| O|  |TAMS 0x0000000085800000, 0x0000000085700000| Untracked 
|  88|0x0000000085800000, 0x0000000085800000, 0x0000000085900000|  0%| F|  |TAMS 0x0000000085800000, 0x0000000085800000| Untracked 
|  89|0x0000000085900000, 0x0000000085900000, 0x0000000085a00000|  0%| F|  |TAMS 0x0000000085900000, 0x0000000085900000| Untracked 
|  90|0x0000000085a00000, 0x0000000085a00000, 0x0000000085b00000|  0%| F|  |TAMS 0x0000000085a00000, 0x0000000085a00000| Untracked 
|  91|0x0000000085b00000, 0x0000000085c00000, 0x0000000085c00000|100%| O|  |TAMS 0x0000000085c00000, 0x0000000085b00000| Untracked 
|  92|0x0000000085c00000, 0x0000000085c00000, 0x0000000085d00000|  0%| F|  |TAMS 0x0000000085c00000, 0x0000000085c00000| Untracked 
|  93|0x0000000085d00000, 0x0000000085e00000, 0x0000000085e00000|100%| O|  |TAMS 0x0000000085e00000, 0x0000000085d00000| Untracked 
|  94|0x0000000085e00000, 0x0000000085f00000, 0x0000000085f00000|100%| O|  |TAMS 0x0000000085f00000, 0x0000000085e00000| Untracked 
|  95|0x0000000085f00000, 0x0000000086000000, 0x0000000086000000|100%| O|  |TAMS 0x0000000086000000, 0x0000000085f00000| Untracked 
|  96|0x0000000086000000, 0x0000000086100000, 0x0000000086100000|100%| O|  |TAMS 0x0000000086100000, 0x0000000086000000| Untracked 
|  97|0x0000000086100000, 0x0000000086200000, 0x0000000086200000|100%| O|  |TAMS 0x0000000086200000, 0x0000000086100000| Untracked 
|  98|0x0000000086200000, 0x0000000086200000, 0x0000000086300000|  0%| F|  |TAMS 0x0000000086200000, 0x0000000086200000| Untracked 
|  99|0x0000000086300000, 0x0000000086400000, 0x0000000086400000|100%| O|  |TAMS 0x0000000086400000, 0x0000000086300000| Untracked 
| 100|0x0000000086400000, 0x0000000086500000, 0x0000000086500000|100%| O|  |TAMS 0x0000000086500000, 0x0000000086400000| Untracked 
| 101|0x0000000086500000, 0x0000000086600000, 0x0000000086600000|100%| O|  |TAMS 0x0000000086532600, 0x0000000086500000| Untracked 
| 102|0x0000000086600000, 0x0000000086700000, 0x0000000086700000|100%| O|  |TAMS 0x0000000086600000, 0x0000000086600000| Untracked 
| 103|0x0000000086700000, 0x0000000086800000, 0x0000000086800000|100%| O|  |TAMS 0x0000000086700000, 0x0000000086700000| Untracked 
| 104|0x0000000086800000, 0x0000000086900000, 0x0000000086900000|100%| O|  |TAMS 0x0000000086900000, 0x0000000086800000| Untracked 
| 105|0x0000000086900000, 0x0000000086a00000, 0x0000000086a00000|100%| O|  |TAMS 0x0000000086a00000, 0x0000000086900000| Untracked 
| 106|0x0000000086a00000, 0x0000000086b00000, 0x0000000086b00000|100%| O|  |TAMS 0x0000000086b00000, 0x0000000086a00000| Untracked 
| 107|0x0000000086b00000, 0x0000000086c00000, 0x0000000086c00000|100%| O|  |TAMS 0x0000000086c00000, 0x0000000086b00000| Untracked 
| 108|0x0000000086c00000, 0x0000000086d00000, 0x0000000086d00000|100%| O|  |TAMS 0x0000000086c00000, 0x0000000086c00000| Untracked 
| 109|0x0000000086d00000, 0x0000000086e00000, 0x0000000086e00000|100%| O|  |TAMS 0x0000000086d00000, 0x0000000086d00000| Untracked 
| 110|0x0000000086e00000, 0x0000000086f00000, 0x0000000086f00000|100%| O|  |TAMS 0x0000000086e00000, 0x0000000086e00000| Untracked 
| 111|0x0000000086f00000, 0x0000000087000000, 0x0000000087000000|100%| O|  |TAMS 0x0000000086f00000, 0x0000000086f00000| Untracked 
| 112|0x0000000087000000, 0x000000008701bc00, 0x0000000087100000| 10%| O|  |TAMS 0x0000000087000000, 0x0000000087000000| Untracked 
| 113|0x0000000087100000, 0x0000000087100000, 0x0000000087200000|  0%| F|  |TAMS 0x0000000087100000, 0x0000000087100000| Untracked 
| 114|0x0000000087200000, 0x0000000087200000, 0x0000000087300000|  0%| F|  |TAMS 0x0000000087200000, 0x0000000087200000| Untracked 
| 115|0x0000000087300000, 0x0000000087300000, 0x0000000087400000|  0%| F|  |TAMS 0x0000000087300000, 0x0000000087300000| Untracked 
| 116|0x0000000087400000, 0x0000000087400000, 0x0000000087500000|  0%| F|  |TAMS 0x0000000087400000, 0x0000000087400000| Untracked 
| 117|0x0000000087500000, 0x0000000087600000, 0x0000000087600000|100%| O|  |TAMS 0x0000000087600000, 0x0000000087500000| Untracked 
| 118|0x0000000087600000, 0x0000000087700000, 0x0000000087700000|100%| O|  |TAMS 0x0000000087700000, 0x0000000087600000| Untracked 
| 119|0x0000000087700000, 0x0000000087700000, 0x0000000087800000|  0%| F|  |TAMS 0x0000000087700000, 0x0000000087700000| Untracked 
| 120|0x0000000087800000, 0x0000000087800000, 0x0000000087900000|  0%| F|  |TAMS 0x0000000087800000, 0x0000000087800000| Untracked 
| 121|0x0000000087900000, 0x0000000087900000, 0x0000000087a00000|  0%| F|  |TAMS 0x0000000087900000, 0x0000000087900000| Untracked 
| 122|0x0000000087a00000, 0x0000000087a00000, 0x0000000087b00000|  0%| F|  |TAMS 0x0000000087a00000, 0x0000000087a00000| Untracked 
| 123|0x0000000087b00000, 0x0000000087b00000, 0x0000000087c00000|  0%| F|  |TAMS 0x0000000087b00000, 0x0000000087b00000| Untracked 
| 124|0x0000000087c00000, 0x0000000087c00000, 0x0000000087d00000|  0%| F|  |TAMS 0x0000000087c00000, 0x0000000087c00000| Untracked 
| 125|0x0000000087d00000, 0x0000000087d00000, 0x0000000087e00000|  0%| F|  |TAMS 0x0000000087d00000, 0x0000000087d00000| Untracked 
| 126|0x0000000087e00000, 0x0000000087e00000, 0x0000000087f00000|  0%| F|  |TAMS 0x0000000087e00000, 0x0000000087e00000| Untracked 
| 127|0x0000000087f00000, 0x0000000087f00000, 0x0000000088000000|  0%| F|  |TAMS 0x0000000087f00000, 0x0000000087f00000| Untracked 
| 128|0x0000000088000000, 0x0000000088000000, 0x0000000088100000|  0%| F|  |TAMS 0x0000000088000000, 0x0000000088000000| Untracked 
| 129|0x0000000088100000, 0x0000000088100000, 0x0000000088200000|  0%| F|  |TAMS 0x0000000088100000, 0x0000000088100000| Untracked 
| 130|0x0000000088200000, 0x0000000088200000, 0x0000000088300000|  0%| F|  |TAMS 0x0000000088200000, 0x0000000088200000| Untracked 
| 131|0x0000000088300000, 0x0000000088300000, 0x0000000088400000|  0%| F|  |TAMS 0x0000000088300000, 0x0000000088300000| Untracked 
| 132|0x0000000088400000, 0x0000000088400000, 0x0000000088500000|  0%| F|  |TAMS 0x0000000088400000, 0x0000000088400000| Untracked 
| 133|0x0000000088500000, 0x0000000088500000, 0x0000000088600000|  0%| F|  |TAMS 0x0000000088500000, 0x0000000088500000| Untracked 
| 134|0x0000000088600000, 0x0000000088600000, 0x0000000088700000|  0%| F|  |TAMS 0x0000000088600000, 0x0000000088600000| Untracked 
| 135|0x0000000088700000, 0x0000000088700000, 0x0000000088800000|  0%| F|  |TAMS 0x0000000088700000, 0x0000000088700000| Untracked 
| 136|0x0000000088800000, 0x0000000088800000, 0x0000000088900000|  0%| F|  |TAMS 0x0000000088800000, 0x0000000088800000| Untracked 
| 137|0x0000000088900000, 0x0000000088900000, 0x0000000088a00000|  0%| F|  |TAMS 0x0000000088900000, 0x0000000088900000| Untracked 
| 138|0x0000000088a00000, 0x0000000088a00000, 0x0000000088b00000|  0%| F|  |TAMS 0x0000000088a00000, 0x0000000088a00000| Untracked 
| 139|0x0000000088b00000, 0x0000000088b00000, 0x0000000088c00000|  0%| F|  |TAMS 0x0000000088b00000, 0x0000000088b00000| Untracked 
| 140|0x0000000088c00000, 0x0000000088c00000, 0x0000000088d00000|  0%| F|  |TAMS 0x0000000088c00000, 0x0000000088c00000| Untracked 
| 141|0x0000000088d00000, 0x0000000088d00000, 0x0000000088e00000|  0%| F|  |TAMS 0x0000000088d00000, 0x0000000088d00000| Untracked 
| 142|0x0000000088e00000, 0x0000000088e00000, 0x0000000088f00000|  0%| F|  |TAMS 0x0000000088e00000, 0x0000000088e00000| Untracked 
| 143|0x0000000088f00000, 0x0000000088f00000, 0x0000000089000000|  0%| F|  |TAMS 0x0000000088f00000, 0x0000000088f00000| Untracked 
| 144|0x0000000089000000, 0x0000000089000000, 0x0000000089100000|  0%| F|  |TAMS 0x0000000089000000, 0x0000000089000000| Untracked 
| 145|0x0000000089100000, 0x0000000089100000, 0x0000000089200000|  0%| F|  |TAMS 0x0000000089100000, 0x0000000089100000| Untracked 
| 146|0x0000000089200000, 0x0000000089200000, 0x0000000089300000|  0%| F|  |TAMS 0x0000000089200000, 0x0000000089200000| Untracked 
| 147|0x0000000089300000, 0x0000000089300000, 0x0000000089400000|  0%| F|  |TAMS 0x0000000089300000, 0x0000000089300000| Untracked 
| 148|0x0000000089400000, 0x0000000089400000, 0x0000000089500000|  0%| F|  |TAMS 0x0000000089400000, 0x0000000089400000| Untracked 
| 149|0x0000000089500000, 0x0000000089500000, 0x0000000089600000|  0%| F|  |TAMS 0x0000000089500000, 0x0000000089500000| Untracked 
| 150|0x0000000089600000, 0x0000000089600000, 0x0000000089700000|  0%| F|  |TAMS 0x0000000089600000, 0x0000000089600000| Untracked 
| 151|0x0000000089700000, 0x0000000089700000, 0x0000000089800000|  0%| F|  |TAMS 0x0000000089700000, 0x0000000089700000| Untracked 
| 152|0x0000000089800000, 0x0000000089800000, 0x0000000089900000|  0%| F|  |TAMS 0x0000000089800000, 0x0000000089800000| Untracked 
| 153|0x0000000089900000, 0x0000000089900000, 0x0000000089a00000|  0%| F|  |TAMS 0x0000000089900000, 0x0000000089900000| Untracked 
| 154|0x0000000089a00000, 0x0000000089a00000, 0x0000000089b00000|  0%| F|  |TAMS 0x0000000089a00000, 0x0000000089a00000| Untracked 
| 155|0x0000000089b00000, 0x0000000089b00000, 0x0000000089c00000|  0%| F|  |TAMS 0x0000000089b00000, 0x0000000089b00000| Untracked 
| 156|0x0000000089c00000, 0x0000000089c00000, 0x0000000089d00000|  0%| F|  |TAMS 0x0000000089c00000, 0x0000000089c00000| Untracked 
| 157|0x0000000089d00000, 0x0000000089d00000, 0x0000000089e00000|  0%| F|  |TAMS 0x0000000089d00000, 0x0000000089d00000| Untracked 
| 158|0x0000000089e00000, 0x0000000089e00000, 0x0000000089f00000|  0%| F|  |TAMS 0x0000000089e00000, 0x0000000089e00000| Untracked 
| 159|0x0000000089f00000, 0x0000000089f00000, 0x000000008a000000|  0%| F|  |TAMS 0x0000000089f00000, 0x0000000089f00000| Untracked 
| 160|0x000000008a000000, 0x000000008a000000, 0x000000008a100000|  0%| F|  |TAMS 0x000000008a000000, 0x000000008a000000| Untracked 
| 161|0x000000008a100000, 0x000000008a100000, 0x000000008a200000|  0%| F|  |TAMS 0x000000008a100000, 0x000000008a100000| Untracked 
| 162|0x000000008a200000, 0x000000008a200000, 0x000000008a300000|  0%| F|  |TAMS 0x000000008a200000, 0x000000008a200000| Untracked 
| 163|0x000000008a300000, 0x000000008a300000, 0x000000008a400000|  0%| F|  |TAMS 0x000000008a300000, 0x000000008a300000| Untracked 
| 164|0x000000008a400000, 0x000000008a400000, 0x000000008a500000|  0%| F|  |TAMS 0x000000008a400000, 0x000000008a400000| Untracked 
| 165|0x000000008a500000, 0x000000008a500000, 0x000000008a600000|  0%| F|  |TAMS 0x000000008a500000, 0x000000008a500000| Untracked 
| 166|0x000000008a600000, 0x000000008a600000, 0x000000008a700000|  0%| F|  |TAMS 0x000000008a600000, 0x000000008a600000| Untracked 
| 167|0x000000008a700000, 0x000000008a700000, 0x000000008a800000|  0%| F|  |TAMS 0x000000008a700000, 0x000000008a700000| Untracked 
| 168|0x000000008a800000, 0x000000008a800000, 0x000000008a900000|  0%| F|  |TAMS 0x000000008a800000, 0x000000008a800000| Untracked 
| 169|0x000000008a900000, 0x000000008a900000, 0x000000008aa00000|  0%| F|  |TAMS 0x000000008a900000, 0x000000008a900000| Untracked 
| 170|0x000000008aa00000, 0x000000008aa00000, 0x000000008ab00000|  0%| F|  |TAMS 0x000000008aa00000, 0x000000008aa00000| Untracked 
| 171|0x000000008ab00000, 0x000000008ab00000, 0x000000008ac00000|  0%| F|  |TAMS 0x000000008ab00000, 0x000000008ab00000| Untracked 
| 172|0x000000008ac00000, 0x000000008ac00000, 0x000000008ad00000|  0%| F|  |TAMS 0x000000008ac00000, 0x000000008ac00000| Untracked 
| 173|0x000000008ad00000, 0x000000008ad00000, 0x000000008ae00000|  0%| F|  |TAMS 0x000000008ad00000, 0x000000008ad00000| Untracked 
| 174|0x000000008ae00000, 0x000000008ae00000, 0x000000008af00000|  0%| F|  |TAMS 0x000000008ae00000, 0x000000008ae00000| Untracked 
| 175|0x000000008af00000, 0x000000008af00000, 0x000000008b000000|  0%| F|  |TAMS 0x000000008af00000, 0x000000008af00000| Untracked 
| 176|0x000000008b000000, 0x000000008b000000, 0x000000008b100000|  0%| F|  |TAMS 0x000000008b000000, 0x000000008b000000| Untracked 
| 177|0x000000008b100000, 0x000000008b100000, 0x000000008b200000|  0%| F|  |TAMS 0x000000008b100000, 0x000000008b100000| Untracked 
| 178|0x000000008b200000, 0x000000008b200000, 0x000000008b300000|  0%| F|  |TAMS 0x000000008b200000, 0x000000008b200000| Untracked 
| 179|0x000000008b300000, 0x000000008b300000, 0x000000008b400000|  0%| F|  |TAMS 0x000000008b300000, 0x000000008b300000| Untracked 
| 180|0x000000008b400000, 0x000000008b400000, 0x000000008b500000|  0%| F|  |TAMS 0x000000008b400000, 0x000000008b400000| Untracked 
| 181|0x000000008b500000, 0x000000008b5a6bf0, 0x000000008b600000| 65%| S|CS|TAMS 0x000000008b500000, 0x000000008b500000| Complete 
| 182|0x000000008b600000, 0x000000008b600000, 0x000000008b700000|  0%| F|  |TAMS 0x000000008b600000, 0x000000008b600000| Untracked 
| 183|0x000000008b700000, 0x000000008b700000, 0x000000008b800000|  0%| F|  |TAMS 0x000000008b700000, 0x000000008b700000| Untracked 
| 184|0x000000008b800000, 0x000000008b804c50, 0x000000008b900000|  1%| E|  |TAMS 0x000000008b800000, 0x000000008b800000| Complete 

Card table byte_map: [0x0000022595a00000,0x0000022595e00000] _byte_map_base: 0x0000022595600000

Marking Bits (Prev, Next): (CMBitMap*) 0x0000022582b2e5c8, (CMBitMap*) 0x0000022582b2e600
 Prev Bits: [0x0000022596200000, 0x0000022598200000)
 Next Bits: [0x0000022598200000, 0x000002259a200000)

Polling page: 0x0000022580a60000

Metaspace:

Usage:
  Non-class:    116.15 MB capacity,   113.16 MB ( 97%) used,     2.43 MB (  2%) free+waste,   573.75 KB ( <1%) overhead. 
      Class:     17.26 MB capacity,    15.62 MB ( 91%) used,     1.39 MB (  8%) free+waste,   248.19 KB (  1%) overhead. 
       Both:    133.41 MB capacity,   128.79 MB ( 97%) used,     3.82 MB (  3%) free+waste,   821.94 KB ( <1%) overhead. 

Virtual space:
  Non-class space:      118.00 MB reserved,     116.20 MB ( 98%) committed 
      Class space:        1.00 GB reserved,      17.33 MB (  2%) committed 
             Both:        1.12 GB reserved,     133.53 MB ( 12%) committed 

Chunk freelists:
   Non-Class:  47.00 KB
       Class:  21.00 KB
        Both:  68.00 KB

MaxMetaspaceSize: 17179869184.00 GB
CompressedClassSpaceSize: 1.00 GB
Initial GC threshold: 20.80 MB
Current GC threshold: 222.55 MB
CDS: off

CodeHeap 'non-profiled nmethods': size=120064Kb used=23017Kb max_used=23195Kb free=97046Kb
 bounds [0x000002258e0c0000, 0x000002258f770000, 0x0000022595600000]
CodeHeap 'profiled nmethods': size=120000Kb used=59600Kb max_used=60004Kb free=60399Kb
 bounds [0x0000022586b90000, 0x000002258a640000, 0x000002258e0c0000]
CodeHeap 'non-nmethods': size=5696Kb used=2451Kb max_used=2542Kb free=3244Kb
 bounds [0x0000022586600000, 0x0000022586890000, 0x0000022586b90000]
 total_blobs=27593 nmethods=26619 adapters=882
 compilation: enabled
              stopped_count=0, restarted_count=0
 full_count=0

Compilation events (20 events):
Event: 7210.653 Thread 0x000002259c70e000 nmethod 30719 0x000002258f766090 code [0x000002258f766240, 0x000002258f7662f8]
Event: 7210.661 Thread 0x000002259c70e000 30721       3       com.android.tools.r8.internal.ID::b (46 bytes)
Event: 7210.662 Thread 0x000002259c70e000 nmethod 30721 0x000002258a61c790 code [0x000002258a61c9a0, 0x000002258a61d058]
Event: 7210.663 Thread 0x000002259c70e000 30723       3       com.android.tools.r8.internal.gf::a (5 bytes)
Event: 7210.663 Thread 0x000002259c70e000 nmethod 30723 0x000002258a61d290 code [0x000002258a61d440, 0x000002258a61d638]
Event: 7210.667 Thread 0x000002259c70e000 30724       3       com.android.tools.r8.internal.q8::a (8 bytes)
Event: 7210.667 Thread 0x000002259c70e000 nmethod 30724 0x000002258a61d710 code [0x000002258a61d8c0, 0x000002258a61d9e8]
Event: 7210.668 Thread 0x000002259c70e000 30725       3       com.android.tools.r8.internal.Pl::a (48 bytes)
Event: 7210.668 Thread 0x000002259c70e000 nmethod 30725 0x000002258a61da90 code [0x000002258a61dc80, 0x000002258a61e058]
Event: 7210.669 Thread 0x000002259c70e000 30728       3       com.android.tools.r8.internal.rT::a (184 bytes)
Event: 7210.674 Thread 0x000002259c70e000 nmethod 30728 0x000002258a61e210 code [0x000002258a61e800, 0x000002258a622468]
Event: 7210.674 Thread 0x000002259c70e000 30727       3       com.android.tools.r8.internal.O2::m2 (12 bytes)
Event: 7210.675 Thread 0x000002259c70e000 nmethod 30727 0x000002258a623690 code [0x000002258a623880, 0x000002258a623da8]
Event: 7210.675 Thread 0x000002259c70e000 30729       3       com.android.tools.r8.internal.NG::m (60 bytes)
Event: 7210.676 Thread 0x000002259c70e000 nmethod 30729 0x000002258a623f90 code [0x000002258a624160, 0x000002258a6244a8]
Event: 7210.676 Thread 0x000002259c70e000 30730       3       com.android.tools.r8.internal.dq::iterator (12 bytes)
Event: 7210.676 Thread 0x000002259c70e000 nmethod 30730 0x000002258a624610 code [0x000002258a6247e0, 0x000002258a624b18]
Event: 7210.676 Thread 0x000002259c70e000 30731       3       com.android.tools.r8.internal.cq::<init> (6 bytes)
Event: 7210.676 Thread 0x000002259c70e000 nmethod 30731 0x000002258a624c90 code [0x000002258a624e60, 0x000002258a6250d8]
Event: 7210.678 Thread 0x000002259c70e000 30734       3       com.android.tools.r8.ir.conversion.r::b (44 bytes)

GC Heap History (20 events):
Event: 7172.520 GC heap before
{Heap before GC invocations=172 (full 0):
 garbage-first heap   total 189440K, used 147253K [0x0000000080000000, 0x0000000100000000)
  region size 1024K, 59 young (60416K), 1 survivors (1024K)
 Metaspace       used 129285K, capacity 133995K, committed 134176K, reserved 1165312K
  class space    used 15767K, capacity 17473K, committed 17492K, reserved 1048576K
}
Event: 7172.542 GC heap after
{Heap after GC invocations=173 (full 0):
 garbage-first heap   total 189440K, used 94955K [0x0000000080000000, 0x0000000100000000)
  region size 1024K, 7 young (7168K), 7 survivors (7168K)
 Metaspace       used 129285K, capacity 133995K, committed 134176K, reserved 1165312K
  class space    used 15767K, capacity 17473K, committed 17492K, reserved 1048576K
}
Event: 7174.284 GC heap before
{Heap before GC invocations=174 (full 0):
 garbage-first heap   total 189440K, used 153323K [0x0000000080000000, 0x0000000100000000)
  region size 1024K, 63 young (64512K), 7 survivors (7168K)
 Metaspace       used 129321K, capacity 134061K, committed 134176K, reserved 1165312K
  class space    used 15767K, capacity 17473K, committed 17492K, reserved 1048576K
}
Event: 7174.304 GC heap after
{Heap after GC invocations=175 (full 0):
 garbage-first heap   total 189440K, used 98978K [0x0000000080000000, 0x0000000100000000)
  region size 1024K, 4 young (4096K), 4 survivors (4096K)
 Metaspace       used 129321K, capacity 134061K, committed 134176K, reserved 1165312K
  class space    used 15767K, capacity 17473K, committed 17492K, reserved 1048576K
}
Event: 7174.571 GC heap before
{Heap before GC invocations=175 (full 0):
 garbage-first heap   total 189440K, used 111266K [0x0000000080000000, 0x0000000100000000)
  region size 1024K, 9 young (9216K), 4 survivors (4096K)
 Metaspace       used 129327K, capacity 134061K, committed 134176K, reserved 1165312K
  class space    used 15767K, capacity 17473K, committed 17492K, reserved 1048576K
}
Event: 7174.590 GC heap after
{Heap after GC invocations=176 (full 0):
 garbage-first heap   total 189440K, used 91133K [0x0000000080000000, 0x0000000100000000)
  region size 1024K, 1 young (1024K), 1 survivors (1024K)
 Metaspace       used 129327K, capacity 134061K, committed 134176K, reserved 1165312K
  class space    used 15767K, capacity 17473K, committed 17492K, reserved 1048576K
}
Event: 7189.069 GC heap before
{Heap before GC invocations=176 (full 0):
 garbage-first heap   total 189440K, used 151549K [0x0000000080000000, 0x0000000100000000)
  region size 1024K, 61 young (62464K), 1 survivors (1024K)
 Metaspace       used 130299K, capacity 135000K, committed 135072K, reserved 1167360K
  class space    used 15877K, capacity 17596K, committed 17620K, reserved 1048576K
}
Event: 7189.109 GC heap after
{Heap after GC invocations=177 (full 0):
 garbage-first heap   total 189440K, used 97143K [0x0000000080000000, 0x0000000100000000)
  region size 1024K, 7 young (7168K), 7 survivors (7168K)
 Metaspace       used 130299K, capacity 135000K, committed 135072K, reserved 1167360K
  class space    used 15877K, capacity 17596K, committed 17620K, reserved 1048576K
}
Event: 7190.207 GC heap before
{Heap before GC invocations=178 (full 0):
 garbage-first heap   total 189440K, used 152439K [0x0000000080000000, 0x0000000100000000)
  region size 1024K, 62 young (63488K), 7 survivors (7168K)
 Metaspace       used 131049K, capacity 135732K, committed 135968K, reserved 1167360K
  class space    used 15957K, capacity 17669K, committed 17748K, reserved 1048576K
}
Event: 7190.227 GC heap after
{Heap after GC invocations=179 (full 0):
 garbage-first heap   total 189440K, used 100228K [0x0000000080000000, 0x0000000100000000)
  region size 1024K, 4 young (4096K), 4 survivors (4096K)
 Metaspace       used 131049K, capacity 135732K, committed 135968K, reserved 1167360K
  class space    used 15957K, capacity 17669K, committed 17748K, reserved 1048576K
}
Event: 7190.495 GC heap before
{Heap before GC invocations=179 (full 0):
 garbage-first heap   total 189440K, used 105348K [0x0000000080000000, 0x0000000100000000)
  region size 1024K, 9 young (9216K), 4 survivors (4096K)
 Metaspace       used 131324K, capacity 136062K, committed 136224K, reserved 1167360K
  class space    used 15981K, capacity 17672K, committed 17748K, reserved 1048576K
}
Event: 7190.517 GC heap after
{Heap after GC invocations=180 (full 0):
 garbage-first heap   total 189440K, used 98889K [0x0000000080000000, 0x0000000100000000)
  region size 1024K, 1 young (1024K), 1 survivors (1024K)
 Metaspace       used 131324K, capacity 136062K, committed 136224K, reserved 1167360K
  class space    used 15981K, capacity 17672K, committed 17748K, reserved 1048576K
}
Event: 7190.984 GC heap before
{Heap before GC invocations=180 (full 0):
 garbage-first heap   total 189440K, used 108105K [0x0000000080000000, 0x0000000100000000)
  region size 1024K, 12 young (12288K), 1 survivors (1024K)
 Metaspace       used 131355K, capacity 136063K, committed 136224K, reserved 1167360K
  class space    used 15982K, capacity 17672K, committed 17748K, reserved 1048576K
}
Event: 7191.002 GC heap after
{Heap after GC invocations=181 (full 0):
 garbage-first heap   total 189440K, used 101086K [0x0000000080000000, 0x0000000100000000)
  region size 1024K, 3 young (3072K), 3 survivors (3072K)
 Metaspace       used 131355K, capacity 136063K, committed 136224K, reserved 1167360K
  class space    used 15982K, capacity 17672K, committed 17748K, reserved 1048576K
}
Event: 7194.626 GC heap before
{Heap before GC invocations=182 (full 0):
 garbage-first heap   total 189440K, used 145118K [0x0000000080000000, 0x0000000100000000)
  region size 1024K, 47 young (48128K), 3 survivors (3072K)
 Metaspace       used 131505K, capacity 136267K, committed 136480K, reserved 1167360K
  class space    used 15990K, capacity 17674K, committed 17748K, reserved 1048576K
}
Event: 7194.697 GC heap after
{Heap after GC invocations=183 (full 0):
 garbage-first heap   total 189440K, used 109163K [0x0000000080000000, 0x0000000100000000)
  region size 1024K, 6 young (6144K), 6 survivors (6144K)
 Metaspace       used 131505K, capacity 136267K, committed 136480K, reserved 1167360K
  class space    used 15990K, capacity 17674K, committed 17748K, reserved 1048576K
}
Event: 7195.300 GC heap before
{Heap before GC invocations=183 (full 0):
 garbage-first heap   total 189440K, used 112235K [0x0000000080000000, 0x0000000100000000)
  region size 1024K, 9 young (9216K), 6 survivors (6144K)
 Metaspace       used 131529K, capacity 136332K, committed 136480K, reserved 1167360K
  class space    used 15990K, capacity 17674K, committed 17748K, reserved 1048576K
}
Event: 7195.430 GC heap after
{Heap after GC invocations=184 (full 0):
 garbage-first heap   total 189440K, used 105310K [0x0000000080000000, 0x0000000100000000)
  region size 1024K, 1 young (1024K), 1 survivors (1024K)
 Metaspace       used 131529K, capacity 136332K, committed 136480K, reserved 1167360K
  class space    used 15990K, capacity 17674K, committed 17748K, reserved 1048576K
}
Event: 7199.393 GC heap before
{Heap before GC invocations=184 (full 0):
 garbage-first heap   total 189440K, used 121694K [0x0000000080000000, 0x0000000100000000)
  region size 1024K, 18 young (18432K), 1 survivors (1024K)
 Metaspace       used 131617K, capacity 136399K, committed 136480K, reserved 1167360K
  class space    used 15991K, capacity 17675K, committed 17748K, reserved 1048576K
}
Event: 7199.420 GC heap after
{Heap after GC invocations=185 (full 0):
 garbage-first heap   total 189440K, used 105231K [0x0000000080000000, 0x0000000100000000)
  region size 1024K, 1 young (1024K), 1 survivors (1024K)
 Metaspace       used 131617K, capacity 136399K, committed 136480K, reserved 1167360K
  class space    used 15991K, capacity 17675K, committed 17748K, reserved 1048576K
}

Deoptimization events (20 events):
Event: 7199.191 Thread 0x00000225a637b800 Uncommon trap: trap_request=0xffffff4d fr.pc=0x000002258f63ac1c relative=0x0000000000000fbc
Event: 7199.191 Thread 0x00000225a637b800 Uncommon trap: reason=unstable_if action=reinterpret pc=0x000002258f63ac1c method=org.objectweb.asm.ClassReader.readField(Lorg/objectweb/asm/ClassVisitor;Lorg/objectweb/asm/Context;I)I @ 115 c2
Event: 7199.191 Thread 0x00000225a637b800 DEOPT PACKING pc=0x000002258f63ac1c sp=0x00000038ec3fa000
Event: 7199.191 Thread 0x00000225a637b800 DEOPT UNPACKING pc=0x000002258664a1af sp=0x00000038ec3f9f88 mode 2
Event: 7199.683 Thread 0x00000225a0584000 Uncommon trap: trap_request=0xffffff4d fr.pc=0x000002258f362698 relative=0x0000000000004478
Event: 7199.683 Thread 0x00000225a057e000 Uncommon trap: trap_request=0xffffff4d fr.pc=0x000002258f362698 relative=0x0000000000004478
Event: 7199.686 Thread 0x00000225a057e000 Uncommon trap: reason=unstable_if action=reinterpret pc=0x000002258f362698 method=com.android.build.gradle.internal.dexing.DexWorkActionKt$processIncrementally$1$filter$1.invoke(Ljava/io/File;Ljava/lang/String;)Ljava/lang/Boolean; @ 22 c2
Event: 7199.686 Thread 0x00000225a0584000 Uncommon trap: reason=unstable_if action=reinterpret pc=0x000002258f362698 method=com.android.build.gradle.internal.dexing.DexWorkActionKt$processIncrementally$1$filter$1.invoke(Ljava/io/File;Ljava/lang/String;)Ljava/lang/Boolean; @ 22 c2
Event: 7199.686 Thread 0x00000225a0584000 DEOPT PACKING pc=0x000002258f362698 sp=0x00000038ed3fdf00
Event: 7199.686 Thread 0x00000225a057e000 DEOPT PACKING pc=0x000002258f362698 sp=0x00000038ec6fdd00
Event: 7199.686 Thread 0x00000225a057e000 DEOPT UNPACKING pc=0x000002258664a1af sp=0x00000038ec6fdbe8 mode 2
Event: 7199.686 Thread 0x00000225a0584000 DEOPT UNPACKING pc=0x000002258664a1af sp=0x00000038ed3fdde8 mode 2
Event: 7208.316 Thread 0x00000225a057e000 DEOPT PACKING pc=0x000002258a355623 sp=0x00000038ec6fcd50
Event: 7208.316 Thread 0x00000225a057e000 DEOPT UNPACKING pc=0x000002258664a95e sp=0x00000038ec6fc270 mode 0
Event: 7208.375 Thread 0x00000225a0584000 DEOPT PACKING pc=0x000002258a355623 sp=0x00000038ed3fcb20
Event: 7208.375 Thread 0x00000225a0584000 DEOPT UNPACKING pc=0x000002258664a95e sp=0x00000038ed3fc040 mode 0
Event: 7209.679 Thread 0x00000225a0579000 Uncommon trap: trap_request=0xffffff4d fr.pc=0x000002258f5c3e4c relative=0x00000000000061cc
Event: 7209.679 Thread 0x00000225a0579000 Uncommon trap: reason=unstable_if action=reinterpret pc=0x000002258f5c3e4c method=com.android.tools.r8.internal.g8.a(Lcom/android/tools/r8/internal/Pl;IZ)V @ 153 c2
Event: 7209.679 Thread 0x00000225a0579000 DEOPT PACKING pc=0x000002258f5c3e4c sp=0x00000038ed2fc3d0
Event: 7209.679 Thread 0x00000225a0579000 DEOPT UNPACKING pc=0x000002258664a1af sp=0x00000038ed2fc400 mode 2

Classes redefined (0 events):
No events

Internal exceptions (20 events):
Event: 7195.450 Thread 0x00000225a637b800 Exception <a 'sun/nio/fs/WindowsException'{0x000000008b872848}> (0x000000008b872848) thrown at [./src/hotspot/share/prims/jni.cpp, line 615]
Event: 7195.479 Thread 0x00000225a637b800 Exception <a 'sun/nio/fs/WindowsException'{0x000000008b88b1d8}> (0x000000008b88b1d8) thrown at [./src/hotspot/share/prims/jni.cpp, line 615]
Event: 7195.544 Thread 0x00000225a637b800 Exception <a 'sun/nio/fs/WindowsException'{0x000000008b695910}> (0x000000008b695910) thrown at [./src/hotspot/share/prims/jni.cpp, line 615]
Event: 7195.935 Thread 0x00000225a637b800 Exception <a 'sun/nio/fs/WindowsException'{0x000000008b2f83e0}> (0x000000008b2f83e0) thrown at [./src/hotspot/share/prims/jni.cpp, line 615]
Event: 7196.648 Thread 0x00000225a637b800 Exception <a 'sun/nio/fs/WindowsException'{0x000000008b115208}> (0x000000008b115208) thrown at [./src/hotspot/share/prims/jni.cpp, line 615]
Event: 7196.780 Thread 0x00000225a637b800 Exception <a 'sun/nio/fs/WindowsException'{0x000000008b131a28}> (0x000000008b131a28) thrown at [./src/hotspot/share/prims/jni.cpp, line 615]
Event: 7198.379 Thread 0x00000225a637b800 Exception <a 'sun/nio/fs/WindowsException'{0x000000008b1f2a90}> (0x000000008b1f2a90) thrown at [./src/hotspot/share/prims/jni.cpp, line 615]
Event: 7198.484 Thread 0x00000225a637b800 Exception <a 'sun/nio/fs/WindowsException'{0x000000008b02fca0}> (0x000000008b02fca0) thrown at [./src/hotspot/share/prims/jni.cpp, line 615]
Event: 7198.508 Thread 0x00000225a637b800 Exception <a 'sun/nio/fs/WindowsException'{0x000000008b070878}> (0x000000008b070878) thrown at [./src/hotspot/share/prims/jni.cpp, line 615]
Event: 7198.601 Thread 0x00000225a637b800 Exception <a 'sun/nio/fs/WindowsException'{0x000000008b0a0348}> (0x000000008b0a0348) thrown at [./src/hotspot/share/prims/jni.cpp, line 615]
Event: 7198.700 Thread 0x00000225a637b800 Exception <a 'sun/nio/fs/WindowsException'{0x000000008b0d6da8}> (0x000000008b0d6da8) thrown at [./src/hotspot/share/prims/jni.cpp, line 615]
Event: 7198.791 Thread 0x00000225a637b800 Exception <a 'sun/nio/fs/WindowsException'{0x000000008af2c938}> (0x000000008af2c938) thrown at [./src/hotspot/share/prims/jni.cpp, line 615]
Event: 7198.818 Thread 0x00000225a637b800 Exception <a 'sun/nio/fs/WindowsException'{0x000000008af5ace0}> (0x000000008af5ace0) thrown at [./src/hotspot/share/prims/jni.cpp, line 615]
Event: 7198.853 Thread 0x00000225a637b800 Exception <a 'sun/nio/fs/WindowsException'{0x000000008af889e8}> (0x000000008af889e8) thrown at [./src/hotspot/share/prims/jni.cpp, line 615]
Event: 7198.930 Thread 0x00000225a637b800 Exception <a 'sun/nio/fs/WindowsException'{0x000000008afb5c80}> (0x000000008afb5c80) thrown at [./src/hotspot/share/prims/jni.cpp, line 615]
Event: 7198.979 Thread 0x00000225a637b800 Exception <a 'sun/nio/fs/WindowsException'{0x000000008afe2d28}> (0x000000008afe2d28) thrown at [./src/hotspot/share/prims/jni.cpp, line 615]
Event: 7199.018 Thread 0x00000225a637b800 Exception <a 'sun/nio/fs/WindowsException'{0x000000008ae1bdb8}> (0x000000008ae1bdb8) thrown at [./src/hotspot/share/prims/jni.cpp, line 615]
Event: 7199.573 Thread 0x00000225a637b800 Exception <a 'sun/nio/fs/WindowsException'{0x000000008b8352d8}> (0x000000008b8352d8) thrown at [./src/hotspot/share/prims/jni.cpp, line 615]
Event: 7200.245 Thread 0x000002259d444800 Exception <a 'sun/nio/fs/WindowsException'{0x000000008af34998}> (0x000000008af34998) thrown at [./src/hotspot/share/prims/jni.cpp, line 615]
Event: 7205.564 Thread 0x00000225a0579000 Exception <a 'sun/nio/fs/WindowsException'{0x000000008ae43d38}> (0x000000008ae43d38) thrown at [./src/hotspot/share/prims/jni.cpp, line 615]

Events (20 events):
Event: 7199.864 Executing VM operation: RevokeBias done
Event: 7200.186 loading class com/android/tools/r8/internal/q2
Event: 7200.186 loading class com/android/tools/r8/internal/q2 done
Event: 7200.808 Executing VM operation: CGC_Operation
Event: 7205.328 Executing VM operation: CGC_Operation done
Event: 7205.331 Executing VM operation: RevokeBias
Event: 7205.563 Executing VM operation: RevokeBias done
Event: 7205.564 Thread 0x00000225a0584800 Thread exited: 0x00000225a0584800
Event: 7205.569 loading class com/android/tools/r8/graph/m0
Event: 7205.569 loading class com/android/tools/r8/graph/m0 done
Event: 7206.049 Executing VM operation: CGC_Operation
Event: 7206.480 Executing VM operation: CGC_Operation done
Event: 7207.310 loading class com/android/tools/r8/internal/A8$a
Event: 7207.310 loading class com/android/tools/r8/internal/A8$a done
Event: 7208.100 loading class com/android/tools/r8/internal/Vh
Event: 7208.100 loading class com/android/tools/r8/internal/Vh done
Event: 7209.773 loading class com/android/tools/r8/internal/k8
Event: 7209.773 loading class com/android/tools/r8/internal/k8 done
Event: 7210.210 loading class com/android/tools/r8/internal/ef
Event: 7210.210 loading class com/android/tools/r8/internal/ef done


Dynamic libraries:
0x00007ff7a8e40000 - 0x00007ff7a8e4a000 	C:\Program Files\Android\Android Studio\jre\bin\java.exe
0x00007fff2ac30000 - 0x00007fff2ae27000 	C:\WINDOWS\SYSTEM32\ntdll.dll
0x00007fff28d70000 - 0x00007fff28e2d000 	C:\WINDOWS\System32\KERNEL32.DLL
0x00007fff287e0000 - 0x00007fff28aad000 	C:\WINDOWS\System32\KERNELBASE.dll
0x00007fff286e0000 - 0x00007fff287e0000 	C:\WINDOWS\System32\ucrtbase.dll
0x00007fff15610000 - 0x00007fff15627000 	C:\Program Files\Android\Android Studio\jre\bin\VCRUNTIME140.dll
0x00007fff0f8c0000 - 0x00007fff0f8d9000 	C:\Program Files\Android\Android Studio\jre\bin\jli.dll
0x00007fff2a750000 - 0x00007fff2a8f0000 	C:\WINDOWS\System32\USER32.dll
0x00007fff284a0000 - 0x00007fff284c2000 	C:\WINDOWS\System32\win32u.dll
0x00007fff0d130000 - 0x00007fff0d3ca000 	C:\WINDOWS\WinSxS\amd64_microsoft.windows.common-controls_6595b64144ccf1df_6.0.19041.1110_none_60b5254171f9507e\COMCTL32.dll
0x00007fff290e0000 - 0x00007fff2910a000 	C:\WINDOWS\System32\GDI32.dll
0x00007fff2ab50000 - 0x00007fff2abee000 	C:\WINDOWS\System32\msvcrt.dll
0x00007fff28b80000 - 0x00007fff28c8b000 	C:\WINDOWS\System32\gdi32full.dll
0x00007fff28ae0000 - 0x00007fff28b7d000 	C:\WINDOWS\System32\msvcp_win.dll
0x00007fff28f20000 - 0x00007fff28f50000 	C:\WINDOWS\System32\IMM32.DLL
0x00007ffef9790000 - 0x00007ffef982d000 	C:\Program Files\Android\Android Studio\jre\bin\msvcp140.dll
0x00007ffeda120000 - 0x00007ffedac05000 	C:\Program Files\Android\Android Studio\jre\bin\server\jvm.dll
0x00007fff29920000 - 0x00007fff299ce000 	C:\WINDOWS\System32\ADVAPI32.dll
0x00007fff29110000 - 0x00007fff291ac000 	C:\WINDOWS\System32\sechost.dll
0x00007fff2a8f0000 - 0x00007fff2aa15000 	C:\WINDOWS\System32\RPCRT4.dll
0x00007fff298f0000 - 0x00007fff298f8000 	C:\WINDOWS\System32\PSAPI.DLL
0x00007fff1f2e0000 - 0x00007fff1f2e9000 	C:\WINDOWS\SYSTEM32\WSOCK32.dll
0x00007fff0d3d0000 - 0x00007fff0d3f7000 	C:\WINDOWS\SYSTEM32\WINMM.dll
0x00007fff1e0a0000 - 0x00007fff1e0aa000 	C:\WINDOWS\SYSTEM32\VERSION.dll
0x00007fff29620000 - 0x00007fff2968b000 	C:\WINDOWS\System32\WS2_32.dll
0x00007fff26c10000 - 0x00007fff26c22000 	C:\WINDOWS\SYSTEM32\kernel.appcore.dll
0x00007fff05ec0000 - 0x00007fff05ed1000 	C:\Program Files\Android\Android Studio\jre\bin\verify.dll
0x00007fff25270000 - 0x00007fff25454000 	C:\WINDOWS\SYSTEM32\DBGHELP.DLL
0x00007fff0a430000 - 0x00007fff0a45c000 	C:\WINDOWS\SYSTEM32\dbgcore.DLL
0x00007fff283c0000 - 0x00007fff28442000 	C:\WINDOWS\System32\bcryptPrimitives.dll
0x00007fff05e90000 - 0x00007fff05eb9000 	C:\Program Files\Android\Android Studio\jre\bin\java.dll
0x00007fff1e1b0000 - 0x00007fff1e1bb000 	C:\Program Files\Android\Android Studio\jre\bin\jimage.dll
0x00007ffefc850000 - 0x00007ffefc868000 	C:\Program Files\Android\Android Studio\jre\bin\zip.dll
0x00007fff29be0000 - 0x00007fff2a324000 	C:\WINDOWS\System32\SHELL32.dll
0x00007fff263e0000 - 0x00007fff26b74000 	C:\WINDOWS\SYSTEM32\windows.storage.dll
0x00007fff2a3f0000 - 0x00007fff2a744000 	C:\WINDOWS\System32\combase.dll
0x00007fff27d40000 - 0x00007fff27d6c000 	C:\WINDOWS\SYSTEM32\Wldp.dll
0x00007fff2a340000 - 0x00007fff2a3ed000 	C:\WINDOWS\System32\SHCORE.dll
0x00007fff29000000 - 0x00007fff29055000 	C:\WINDOWS\System32\shlwapi.dll
0x00007fff28290000 - 0x00007fff282af000 	C:\WINDOWS\SYSTEM32\profapi.dll
0x00007ffef9830000 - 0x00007ffef984a000 	C:\Program Files\Android\Android Studio\jre\bin\net.dll
0x00007fff159b0000 - 0x00007fff15aba000 	C:\WINDOWS\SYSTEM32\WINHTTP.dll
0x00007fff27aa0000 - 0x00007fff27b0a000 	C:\WINDOWS\system32\mswsock.dll
0x00007ffef57e0000 - 0x00007ffef57f4000 	C:\Program Files\Android\Android Studio\jre\bin\nio.dll
0x00007fff15630000 - 0x00007fff15657000 	C:\Users\aqibn\.gradle\native\e1d6ef7f7dcc3fd88c89a11ec53ec762bb8ba0a96d01ffa2cd45eb1d1d8dd5c5\windows-amd64\native-platform.dll
0x00007ffef9640000 - 0x00007ffef9784000 	C:\Users\aqibn\.gradle\native\5664cfc778a61ccfe75a443a1ab52a65af34e5dc3c78e0209fed803814484fcb\windows-amd64\native-platform-file-events.dll
0x00007fff1def0000 - 0x00007fff1defa000 	C:\Program Files\Android\Android Studio\jre\bin\management.dll
0x00007fff1dc50000 - 0x00007fff1dc5d000 	C:\Program Files\Android\Android Studio\jre\bin\management_ext.dll
0x00007fff27ca0000 - 0x00007fff27cb8000 	C:\WINDOWS\SYSTEM32\CRYPTSP.dll
0x00007fff273b0000 - 0x00007fff273e4000 	C:\WINDOWS\system32\rsaenh.dll
0x00007fff28ab0000 - 0x00007fff28ad7000 	C:\WINDOWS\System32\bcrypt.dll
0x00007fff28250000 - 0x00007fff2827e000 	C:\WINDOWS\SYSTEM32\USERENV.dll
0x00007fff27c90000 - 0x00007fff27c9c000 	C:\WINDOWS\SYSTEM32\CRYPTBASE.dll
0x00007fff27780000 - 0x00007fff277bb000 	C:\WINDOWS\SYSTEM32\IPHLPAPI.DLL
0x00007fff2a330000 - 0x00007fff2a338000 	C:\WINDOWS\System32\NSI.dll
0x00007fff19770000 - 0x00007fff19787000 	C:\WINDOWS\SYSTEM32\dhcpcsvc6.DLL
0x00007fff1bac0000 - 0x00007fff1badd000 	C:\WINDOWS\SYSTEM32\dhcpcsvc.DLL
0x00007fff277d0000 - 0x00007fff2789b000 	C:\WINDOWS\SYSTEM32\DNSAPI.dll

dbghelp: loaded successfully - version: 4.0.5 - missing functions: none
symbol engine: initialized successfully - sym options: 0x614 - pdb path: .;C:\Program Files\Android\Android Studio\jre\bin;C:\WINDOWS\SYSTEM32;C:\WINDOWS\WinSxS\amd64_microsoft.windows.common-controls_6595b64144ccf1df_6.0.19041.1110_none_60b5254171f9507e;C:\Program Files\Android\Android Studio\jre\bin\server;C:\Users\aqibn\.gradle\native\e1d6ef7f7dcc3fd88c89a11ec53ec762bb8ba0a96d01ffa2cd45eb1d1d8dd5c5\windows-amd64;C:\Users\aqibn\.gradle\native\5664cfc778a61ccfe75a443a1ab52a65af34e5dc3c78e0209fed803814484fcb\windows-amd64

VM Arguments:
jvm_args: --add-opens=java.base/java.util=ALL-UNNAMED --add-opens=java.base/java.lang=ALL-UNNAMED --add-opens=java.base/java.lang.invoke=ALL-UNNAMED --add-opens=java.base/java.util=ALL-UNNAMED --add-opens=java.prefs/java.util.prefs=ALL-UNNAMED --add-opens=java.prefs/java.util.prefs=ALL-UNNAMED --add-opens=java.base/java.nio.charset=ALL-UNNAMED --add-opens=java.base/java.net=ALL-UNNAMED --add-opens=java.base/java.util.concurrent.atomic=ALL-UNNAMED -Xmx2048m -Dfile.encoding=UTF-8 -Duser.country=US -Duser.language=en -Duser.variant 
java_command: org.gradle.launcher.daemon.bootstrap.GradleDaemon 7.3.3
java_class_path (initial): C:\Users\aqibn\.gradle\wrapper\dists\gradle-7.3.3-bin\6a41zxkdtcxs8rphpq6y0069z\gradle-7.3.3\lib\gradle-launcher-7.3.3.jar
Launcher Type: SUN_STANDARD

[Global flags]
     intx CICompilerCount                          = 3                                         {product} {ergonomic}
     uint ConcGCThreads                            = 1                                         {product} {ergonomic}
     uint G1ConcRefinementThreads                  = 4                                         {product} {ergonomic}
   size_t G1HeapRegionSize                         = 1048576                                   {product} {ergonomic}
    uintx GCDrainStackTargetSize                   = 64                                        {product} {ergonomic}
   size_t InitialHeapSize                          = 134217728                                 {product} {ergonomic}
   size_t MarkStackSize                            = 4194304                                   {product} {ergonomic}
   size_t MaxHeapSize                              = 2147483648                                {product} {command line}
   size_t MaxNewSize                               = 1287651328                                {product} {ergonomic}
   size_t MinHeapDeltaBytes                        = 1048576                                   {product} {ergonomic}
    uintx NonNMethodCodeHeapSize                   = 5830732                                {pd product} {ergonomic}
    uintx NonProfiledCodeHeapSize                  = 122913754                              {pd product} {ergonomic}
    uintx ProfiledCodeHeapSize                     = 122913754                              {pd product} {ergonomic}
    uintx ReservedCodeCacheSize                    = 251658240                              {pd product} {ergonomic}
     bool SegmentedCodeCache                       = true                                      {product} {ergonomic}
     bool UseCompressedClassPointers               = true                                 {lp64_product} {ergonomic}
     bool UseCompressedOops                        = true                                 {lp64_product} {ergonomic}
     bool UseG1GC                                  = true                                      {product} {ergonomic}
     bool UseLargePagesIndividualAllocation        = false                                  {pd product} {ergonomic}

Logging:
Log output configuration:
 #0: stdout all=warning uptime,level,tags
 #1: stderr all=off uptime,level,tags

Environment Variables:
JAVA_HOME=C:\Program Files\Java\jdk-15.0.1\bin
PATH=C:\Program Files\Common Files\Oracle\Java\javapath;C:\WINDOWS\system32;C:\WINDOWS;C:\WINDOWS\System32\Wbem;C:\WINDOWS\System32\WindowsPowerShell\v1.0\;C:\WINDOWS\System32\OpenSSH\;C:\Program Files\Git\cmd;C:\Program Files (x86)\Intel\Intel(R) Management Engine Components\DAL;C:\Program Files\Intel\Intel(R) Management Engine Components\DAL;C:\Program Files\dotnet\;C:\Program Files (x86)\Windows Kits\10\Windows Performance Toolkit\;C:\Users\aqibn\AppData\Local\Microsoft\WindowsApps;C:\Users\aqibn\AppData\Local\Programs\Microsoft VS Code\bin;C:\Users\aqibn\AppData\Local\GitHubDesktop\bin;C:\Users\aqibn\.dotnet\tools
USERNAME=aqibn
OS=Windows_NT
PROCESSOR_IDENTIFIER=Intel64 Family 6 Model 78 Stepping 3, GenuineIntel



---------------  S Y S T E M  ---------------

OS: Windows 10 , 64 bit Build 19041 (10.0.19041.1741)
OS uptime: 10 days 4:29 hours

CPU:total 4 (initial active 4) (2 cores per cpu, 2 threads per core) family 6 model 78 stepping 3 microcode 0xcc, cmov, cx8, fxsr, mmx, sse, sse2, sse3, ssse3, sse4.1, sse4.2, popcnt, avx, avx2, aes, clmul, erms, rtm, 3dnowpref, lzcnt, ht, tsc, tscinvbit, bmi1, bmi2, adx, fma

Memory: 4k page, system-wide physical 8072M (265M free)
TotalPageFile size 12168M (AvailPageFile size 62M)
current process WorkingSet (physical memory assigned to process): 433M, peak: 542M
current process commit charge ("private bytes"): 597M, peak: 604M

vm_info: OpenJDK 64-Bit Server VM (11.0.12+7-b1504.28-7817840) for windows-amd64 JRE (11.0.12+7-b1504.28-7817840), built on Oct 13 2021 22:12:33 by "builder" with MS VC++ 14.0 (VS2015)

END.
