#
# There is insufficient memory for the Java Runtime Environment to continue.
# Native memory allocation (mmap) failed to map 71303168 bytes for G1 virtual space
# Possible reasons:
#   The system is out of physical RAM or swap space
#   The process is running with CompressedOops enabled, and the Java Heap may be blocking the growth of the native heap
# Possible solutions:
#   Reduce memory load on the system
#   Increase physical memory or swap space
#   Check if swap backing store is full
#   Decrease Java heap size (-Xmx/-Xms)
#   Decrease number of Java threads
#   Decrease Java thread stack sizes (-Xss)
#   Set larger code cache with -XX:ReservedCodeCacheSize=
#   JVM is running with Unscaled Compressed Oops mode in which the Java heap is
#     placed in the first 4GB address space. The Java Heap base address is the
#     maximum limit for the native heap growth. Please use -XX:HeapBaseMinAddress
#     to set the Java Heap base and to place the Java Heap above 4GB virtual address.
# This output file may be truncated or incomplete.
#
#  Out of Memory Error (./open/src/hotspot/os/windows/os_windows.cpp:3472), pid=15256, tid=5852
#
# JRE version: Java(TM) SE Runtime Environment (15.0.1+9) (build 15.0.1+9-18)
# Java VM: Java HotSpot(TM) 64-Bit Server VM (15.0.1+9-18, mixed mode, sharing, tiered, compressed oops, g1 gc, windows-amd64)
# No core dump will be written. Minidumps are not enabled by default on client versions of Windows
#

---------------  S U M M A R Y ------------

Command Line: --add-opens=java.base/java.util=ALL-UNNAMED --add-opens=java.base/java.lang=ALL-UNNAMED --add-opens=java.base/java.lang.invoke=ALL-UNNAMED --add-opens=java.base/java.util=ALL-UNNAMED --add-opens=java.prefs/java.util.prefs=ALL-UNNAMED --add-opens=java.prefs/java.util.prefs=ALL-UNNAMED --add-opens=java.base/java.nio.charset=ALL-UNNAMED --add-opens=java.base/java.net=ALL-UNNAMED --add-opens=java.base/java.util.concurrent.atomic=ALL-UNNAMED -Xmx2048m -Dfile.encoding=UTF-8 -Duser.country=US -Duser.language=en -Duser.variant org.gradle.launcher.daemon.bootstrap.GradleDaemon 7.2

Host: Intel(R) Core(TM) i7-6600U CPU @ 2.60GHz, 4 cores, 3G,  Windows 10 , 64 bit Build 19041 (10.0.19041.1645)
Time: Fri May  6 08:58:15 2022 Pakistan Standard Time elapsed time: 37.094892 seconds (0d 0h 0m 37s)

---------------  T H R E A D  ---------------

Current thread (0x0000013a7edbdfa0):  VMThread "VM Thread" [stack: 0x0000001d3c200000,0x0000001d3c300000] [id=5852]

Stack: [0x0000001d3c200000,0x0000001d3c300000]
[error occurred during error reporting (printing stack bounds), id 0xc0000005, EXCEPTION_ACCESS_VIOLATION (0xc0000005) at pc=0x0000013a000010ad]

Native frames: (J=compiled Java code, j=interpreted, Vv=VM code, C=native code)
V  [jvm.dll+0x62ae9a]
V  [jvm.dll+0x781389]
V  [jvm.dll+0x782ae3]
V  [jvm.dll+0x7830a5]
V  [jvm.dll+0x78305b]
V  [jvm.dll+0x62a2b9]
V  [jvm.dll+0x62aa88]
C  [ntdll.dll+0xa20cf]
C  [ntdll.dll+0x51454]
C  [ntdll.dll+0xa0bfe]
C  0x0000013a000010ad

VM_Operation (0x0000001d3f1f8f20): G1CollectForAllocation, mode: safepoint, requested by thread 0x0000013a13554540


---------------  P R O C E S S  ---------------

Threads class SMR info:
_java_thread_list=0x0000013a1ec0a790, length=92, elements={
0x0000013a6fb97b80, 0x0000013a7edc1740, 0x0000013a7edc2220, 0x0000013a7eddfa60,
0x0000013a7ede2430, 0x0000013a7ede2df0, 0x0000013a7ede6fe0, 0x0000013a7edef9f0,
0x0000013a7ee36a80, 0x0000013a7f824520, 0x0000013a7f838e40, 0x0000013a12606920,
0x0000013a12157530, 0x0000013a12832030, 0x0000013a12235810, 0x0000013a12681560,
0x0000013a121193e0, 0x0000013a1211a250, 0x0000013a121198b0, 0x0000013a1211abf0,
0x0000013a1211b0c0, 0x0000013a12118570, 0x0000013a12119d80, 0x0000013a1211a720,
0x0000013a147709a0, 0x0000013a14771810, 0x0000013a147704d0, 0x0000013a1476ae30,
0x0000013a14771ce0, 0x0000013a1476e320, 0x0000013a14771340, 0x0000013a1476d4b0,
0x0000013a1476b7d0, 0x0000013a1476b300, 0x0000013a1476bca0, 0x0000013a1476cb10,
0x0000013a1476ecc0, 0x0000013a1355af20, 0x0000013a1355b3f0, 0x0000013a1355b8c0,
0x0000013a13554070, 0x0000013a135588a0, 0x0000013a13558d70, 0x0000013a13554540,
0x0000013a13554ee0, 0x0000013a13554a10, 0x0000013a13556bc0, 0x0000013a135553b0,
0x0000013a13559240, 0x0000013a13555880, 0x0000013a13555d50, 0x0000013a13559710,
0x0000013a1355a0b0, 0x0000013a13559be0, 0x0000013a1355a580, 0x0000013a135583d0,
0x0000013a13556220, 0x0000013a1355aa50, 0x0000013a135566f0, 0x0000013a13557560,
0x0000013a13557090, 0x0000013a13557f00, 0x0000013a13557a30, 0x0000013a14670b50,
0x0000013a14670680, 0x0000013a14671020, 0x0000013a1466b980, 0x0000013a1466b4b0,
0x0000013a1466d190, 0x0000013a1466db30, 0x0000013a1466be50, 0x0000013a1466e000,
0x0000013a146701b0, 0x0000013a1466ee70, 0x0000013a146714f0, 0x0000013a1466f340,
0x0000013a1466e4d0, 0x0000013a146719c0, 0x0000013a1466d660, 0x0000013a1466afe0,
0x0000013a1466c320, 0x0000013a1466c7f0, 0x0000013a1466ccc0, 0x0000013a167797e0,
0x0000013a16771f90, 0x0000013a16777b00, 0x0000013a148101a0, 0x0000013a18edce90,
0x0000013a18edb1b0, 0x0000013a14fcc640, 0x0000013a16774140, 0x0000013a16774ae0
}

Java Threads: ( => current thread )
  0x0000013a6fb97b80 JavaThread "main" [_thread_blocked, id=14716, stack(0x0000001d3bc00000,0x0000001d3bd00000)]
  0x0000013a7edc1740 JavaThread "Reference Handler" daemon [_thread_blocked, id=11588, stack(0x0000001d3c300000,0x0000001d3c400000)]
  0x0000013a7edc2220 JavaThread "Finalizer" daemon [_thread_blocked, id=16316, stack(0x0000001d3c400000,0x0000001d3c500000)]
  0x0000013a7eddfa60 JavaThread "Signal Dispatcher" daemon [_thread_blocked, id=4976, stack(0x0000001d3c500000,0x0000001d3c600000)]
  0x0000013a7ede2430 JavaThread "Attach Listener" daemon [_thread_blocked, id=6808, stack(0x0000001d3c600000,0x0000001d3c700000)]
  0x0000013a7ede2df0 JavaThread "Service Thread" daemon [_thread_blocked, id=10960, stack(0x0000001d3c700000,0x0000001d3c800000)]
  0x0000013a7ede6fe0 JavaThread "C2 CompilerThread0" daemon [_thread_blocked, id=16276, stack(0x0000001d3c800000,0x0000001d3c900000)]
  0x0000013a7edef9f0 JavaThread "C1 CompilerThread0" daemon [_thread_blocked, id=4488, stack(0x0000001d3c900000,0x0000001d3ca00000)]
  0x0000013a7ee36a80 JavaThread "Sweeper thread" daemon [_thread_blocked, id=4816, stack(0x0000001d3ca00000,0x0000001d3cb00000)]
  0x0000013a7f824520 JavaThread "Common-Cleaner" daemon [_thread_blocked, id=10856, stack(0x0000001d3cb00000,0x0000001d3cc00000)]
  0x0000013a7f838e40 JavaThread "Notification Thread" daemon [_thread_blocked, id=6140, stack(0x0000001d3cc00000,0x0000001d3cd00000)]
  0x0000013a12606920 JavaThread "Daemon health stats" [_thread_blocked, id=15528, stack(0x0000001d3cf00000,0x0000001d3d000000)]
  0x0000013a12157530 JavaThread "Incoming local TCP Connector on port 63990" [_thread_in_native, id=13288, stack(0x0000001d3d000000,0x0000001d3d100000)]
  0x0000013a12832030 JavaThread "Daemon periodic checks" [_thread_blocked, id=8804, stack(0x0000001d3d100000,0x0000001d3d200000)]
  0x0000013a12235810 JavaThread "Daemon" [_thread_blocked, id=15876, stack(0x0000001d3d200000,0x0000001d3d300000)]
  0x0000013a12681560 JavaThread "Handler for socket connection from /127.0.0.1:63990 to /127.0.0.1:63991" [_thread_in_native, id=7556, stack(0x0000001d3d300000,0x0000001d3d400000)]
  0x0000013a121193e0 JavaThread "Cancel handler" [_thread_blocked, id=10424, stack(0x0000001d3d400000,0x0000001d3d500000)]
  0x0000013a1211a250 JavaThread "Daemon worker" [_thread_blocked, id=5516, stack(0x0000001d3d500000,0x0000001d3d600000)]
  0x0000013a121198b0 JavaThread "Asynchronous log dispatcher for DefaultDaemonConnection: socket connection from /127.0.0.1:63990 to /127.0.0.1:63991" [_thread_blocked, id=6340, stack(0x0000001d3d600000,0x0000001d3d700000)]
  0x0000013a1211abf0 JavaThread "Stdin handler" [_thread_blocked, id=14136, stack(0x0000001d3d700000,0x0000001d3d800000)]
  0x0000013a1211b0c0 JavaThread "Daemon client event forwarder" [_thread_blocked, id=10636, stack(0x0000001d3d800000,0x0000001d3d900000)]
  0x0000013a12118570 JavaThread "Cache worker for journal cache (C:\Users\aqibn\.gradle\caches\journal-1)" [_thread_blocked, id=13396, stack(0x0000001d3db00000,0x0000001d3dc00000)]
  0x0000013a12119d80 JavaThread "File lock request listener" [_thread_in_native, id=7980, stack(0x0000001d3dc00000,0x0000001d3dd00000)]
  0x0000013a1211a720 JavaThread "Cache worker for file hash cache (C:\Users\aqibn\.gradle\caches\7.2\fileHashes)" [_thread_blocked, id=9312, stack(0x0000001d3dd00000,0x0000001d3de00000)]
  0x0000013a147709a0 JavaThread "Cache worker for file hash cache (C:\Users\aqibn\AndroidStudioProjects\iShare\.gradle\7.2\fileHashes)" [_thread_blocked, id=6468, stack(0x0000001d3de00000,0x0000001d3df00000)]
  0x0000013a14771810 JavaThread "File watcher server" daemon [_thread_blocked, id=3848, stack(0x0000001d3df00000,0x0000001d3e000000)]
  0x0000013a147704d0 JavaThread "File watcher consumer" daemon [_thread_blocked, id=696, stack(0x0000001d3e000000,0x0000001d3e100000)]
  0x0000013a1476ae30 JavaThread "Cache worker for checksums cache (C:\Users\aqibn\AndroidStudioProjects\iShare\.gradle\checksums)" [_thread_blocked, id=940, stack(0x0000001d3e100000,0x0000001d3e200000)]
  0x0000013a14771ce0 JavaThread "Cache worker for cache directory md-supplier (C:\Users\aqibn\.gradle\caches\7.2\md-supplier)" [_thread_blocked, id=616, stack(0x0000001d3e200000,0x0000001d3e300000)]
  0x0000013a1476e320 JavaThread "Cache worker for cache directory md-rule (C:\Users\aqibn\.gradle\caches\7.2\md-rule)" [_thread_blocked, id=13292, stack(0x0000001d3e300000,0x0000001d3e400000)]
  0x0000013a14771340 JavaThread "Cache worker for execution history cache (C:\Users\aqibn\.gradle\caches\7.2\executionHistory)" [_thread_blocked, id=15616, stack(0x0000001d3e400000,0x0000001d3e500000)]
  0x0000013a1476d4b0 JavaThread "jar transforms" [_thread_blocked, id=5040, stack(0x0000001d3e500000,0x0000001d3e600000)]
  0x0000013a1476b7d0 JavaThread "Cache worker for file content cache (C:\Users\aqibn\.gradle\caches\7.2\fileContent)" [_thread_blocked, id=15920, stack(0x0000001d3e600000,0x0000001d3e700000)]
  0x0000013a1476b300 JavaThread "jar transforms Thread 2" [_thread_blocked, id=9176, stack(0x0000001d3e700000,0x0000001d3e800000)]
  0x0000013a1476bca0 JavaThread "Cache worker for dependencies-accessors (C:\Users\aqibn\AndroidStudioProjects\iShare\.gradle\7.2\dependencies-accessors)" [_thread_blocked, id=10608, stack(0x0000001d3e800000,0x0000001d3e900000)]
  0x0000013a1476cb10 JavaThread "jar transforms Thread 3" [_thread_blocked, id=10844, stack(0x0000001d3e900000,0x0000001d3ea00000)]
  0x0000013a1476ecc0 JavaThread "Cache worker for Build Output Cleanup Cache (C:\Users\aqibn\AndroidStudioProjects\iShare\.gradle\buildOutputCleanup)" [_thread_blocked, id=15700, stack(0x0000001d3ea00000,0x0000001d3eb00000)]
  0x0000013a1355af20 JavaThread "Unconstrained build operations" [_thread_blocked, id=14860, stack(0x0000001d3eb00000,0x0000001d3ec00000)]
  0x0000013a1355b3f0 JavaThread "Unconstrained build operations Thread 2" [_thread_blocked, id=14380, stack(0x0000001d3ec00000,0x0000001d3ed00000)]
  0x0000013a1355b8c0 JavaThread "Unconstrained build operations Thread 3" [_thread_blocked, id=10872, stack(0x0000001d3ed00000,0x0000001d3ee00000)]
  0x0000013a13554070 JavaThread "Unconstrained build operations Thread 4" [_thread_blocked, id=12108, stack(0x0000001d3ee00000,0x0000001d3ef00000)]
  0x0000013a135588a0 JavaThread "Unconstrained build operations Thread 5" [_thread_blocked, id=10412, stack(0x0000001d3ef00000,0x0000001d3f000000)]
  0x0000013a13558d70 JavaThread "Unconstrained build operations Thread 6" [_thread_blocked, id=13120, stack(0x0000001d3f000000,0x0000001d3f100000)]
  0x0000013a13554540 JavaThread "Unconstrained build operations Thread 7" [_thread_blocked, id=10204, stack(0x0000001d3f100000,0x0000001d3f200000)]
  0x0000013a13554ee0 JavaThread "Unconstrained build operations Thread 8" [_thread_blocked, id=15980, stack(0x0000001d3f200000,0x0000001d3f300000)]
  0x0000013a13554a10 JavaThread "Unconstrained build operations Thread 9" [_thread_blocked, id=868, stack(0x0000001d3f300000,0x0000001d3f400000)]
  0x0000013a13556bc0 JavaThread "Unconstrained build operations Thread 10" [_thread_blocked, id=2884, stack(0x0000001d3f400000,0x0000001d3f500000)]
  0x0000013a135553b0 JavaThread "Unconstrained build operations Thread 11" [_thread_blocked, id=12612, stack(0x0000001d3f500000,0x0000001d3f600000)]
  0x0000013a13559240 JavaThread "Unconstrained build operations Thread 12" [_thread_blocked, id=3156, stack(0x0000001d3f600000,0x0000001d3f700000)]
  0x0000013a13555880 JavaThread "Unconstrained build operations Thread 13" [_thread_blocked, id=14004, stack(0x0000001d3f700000,0x0000001d3f800000)]
  0x0000013a13555d50 JavaThread "Unconstrained build operations Thread 14" [_thread_blocked, id=3796, stack(0x0000001d3f800000,0x0000001d3f900000)]
  0x0000013a13559710 JavaThread "Unconstrained build operations Thread 15" [_thread_blocked, id=352, stack(0x0000001d3f900000,0x0000001d3fa00000)]
  0x0000013a1355a0b0 JavaThread "Unconstrained build operations Thread 16" [_thread_blocked, id=14180, stack(0x0000001d3fa00000,0x0000001d3fb00000)]
  0x0000013a13559be0 JavaThread "Unconstrained build operations Thread 17" [_thread_blocked, id=796, stack(0x0000001d3fb00000,0x0000001d3fc00000)]
  0x0000013a1355a580 JavaThread "Unconstrained build operations Thread 18" [_thread_blocked, id=9824, stack(0x0000001d3fc00000,0x0000001d3fd00000)]
  0x0000013a135583d0 JavaThread "Unconstrained build operations Thread 19" [_thread_blocked, id=14480, stack(0x0000001d3fd00000,0x0000001d3fe00000)]
  0x0000013a13556220 JavaThread "Unconstrained build operations Thread 20" [_thread_blocked, id=12852, stack(0x0000001d3fe00000,0x0000001d3ff00000)]
  0x0000013a1355aa50 JavaThread "Unconstrained build operations Thread 21" [_thread_blocked, id=12556, stack(0x0000001d3ff00000,0x0000001d40000000)]
  0x0000013a135566f0 JavaThread "Unconstrained build operations Thread 22" [_thread_blocked, id=11368, stack(0x0000001d40000000,0x0000001d40100000)]
  0x0000013a13557560 JavaThread "Unconstrained build operations Thread 23" [_thread_blocked, id=4508, stack(0x0000001d40100000,0x0000001d40200000)]
  0x0000013a13557090 JavaThread "Unconstrained build operations Thread 24" [_thread_blocked, id=12836, stack(0x0000001d40200000,0x0000001d40300000)]
  0x0000013a13557f00 JavaThread "Unconstrained build operations Thread 25" [_thread_blocked, id=12776, stack(0x0000001d40300000,0x0000001d40400000)]
  0x0000013a13557a30 JavaThread "Unconstrained build operations Thread 26" [_thread_blocked, id=15088, stack(0x0000001d40400000,0x0000001d40500000)]
  0x0000013a14670b50 JavaThread "Unconstrained build operations Thread 27" [_thread_blocked, id=1308, stack(0x0000001d40500000,0x0000001d40600000)]
  0x0000013a14670680 JavaThread "Unconstrained build operations Thread 28" [_thread_blocked, id=10924, stack(0x0000001d40600000,0x0000001d40700000)]
  0x0000013a14671020 JavaThread "Unconstrained build operations Thread 29" [_thread_blocked, id=3668, stack(0x0000001d40700000,0x0000001d40800000)]
  0x0000013a1466b980 JavaThread "Unconstrained build operations Thread 30" [_thread_blocked, id=11292, stack(0x0000001d40800000,0x0000001d40900000)]
  0x0000013a1466b4b0 JavaThread "Unconstrained build operations Thread 31" [_thread_blocked, id=13128, stack(0x0000001d40900000,0x0000001d40a00000)]
  0x0000013a1466d190 JavaThread "Unconstrained build operations Thread 32" [_thread_blocked, id=6532, stack(0x0000001d40a00000,0x0000001d40b00000)]
  0x0000013a1466db30 JavaThread "Unconstrained build operations Thread 33" [_thread_blocked, id=15792, stack(0x0000001d40b00000,0x0000001d40c00000)]
  0x0000013a1466be50 JavaThread "Unconstrained build operations Thread 34" [_thread_blocked, id=10784, stack(0x0000001d40c00000,0x0000001d40d00000)]
  0x0000013a1466e000 JavaThread "Unconstrained build operations Thread 35" [_thread_blocked, id=13468, stack(0x0000001d40d00000,0x0000001d40e00000)]
  0x0000013a146701b0 JavaThread "Unconstrained build operations Thread 36" [_thread_blocked, id=9704, stack(0x0000001d40e00000,0x0000001d40f00000)]
  0x0000013a1466ee70 JavaThread "Unconstrained build operations Thread 37" [_thread_blocked, id=13256, stack(0x0000001d40f00000,0x0000001d41000000)]
  0x0000013a146714f0 JavaThread "Unconstrained build operations Thread 38" [_thread_blocked, id=9092, stack(0x0000001d41000000,0x0000001d41100000)]
  0x0000013a1466f340 JavaThread "Unconstrained build operations Thread 39" [_thread_blocked, id=1800, stack(0x0000001d41100000,0x0000001d41200000)]
  0x0000013a1466e4d0 JavaThread "Unconstrained build operations Thread 40" [_thread_blocked, id=7956, stack(0x0000001d41200000,0x0000001d41300000)]
  0x0000013a146719c0 JavaThread "jar transforms Thread 4" [_thread_blocked, id=8264, stack(0x0000001d41300000,0x0000001d41400000)]
  0x0000013a1466d660 JavaThread "Memory manager" [_thread_blocked, id=9712, stack(0x0000001d41400000,0x0000001d41500000)]
  0x0000013a1466afe0 JavaThread "build event listener" [_thread_blocked, id=16144, stack(0x0000001d41500000,0x0000001d41600000)]
  0x0000013a1466c320 JavaThread "pool-3-thread-1" [_thread_blocked, id=7724, stack(0x0000001d41600000,0x0000001d41700000)]
  0x0000013a1466c7f0 JavaThread "build event listener" [_thread_blocked, id=8944, stack(0x0000001d41700000,0x0000001d41800000)]
  0x0000013a1466ccc0 JavaThread "Execution worker for ':'" [_thread_blocked, id=7732, stack(0x0000001d41800000,0x0000001d41900000)]
  0x0000013a167797e0 JavaThread "Execution worker for ':' Thread 2" [_thread_blocked, id=12640, stack(0x0000001d41900000,0x0000001d41a00000)]
  0x0000013a16771f90 JavaThread "Execution worker for ':' Thread 3" [_thread_blocked, id=6100, stack(0x0000001d41a00000,0x0000001d41b00000)]
  0x0000013a16777b00 JavaThread "Cache worker for execution history cache (C:\Users\aqibn\AndroidStudioProjects\iShare\.gradle\7.2\executionHistory)" [_thread_blocked, id=12832, stack(0x0000001d41b00000,0x0000001d41c00000)]
  0x0000013a148101a0 JavaThread "WorkerExecutor Queue" [_thread_blocked, id=11752, stack(0x0000001d41c00000,0x0000001d41d00000)]
  0x0000013a18edce90 JavaThread "WorkerExecutor Queue Thread 2" [_thread_blocked, id=8064, stack(0x0000001d41d00000,0x0000001d41e00000)]
  0x0000013a18edb1b0 JavaThread "WorkerExecutor Queue Thread 4" [_thread_blocked, id=2952, stack(0x0000001d42000000,0x0000001d42100000)]
  0x0000013a14fcc640 JavaThread "pool-4-thread-1" [_thread_blocked, id=12416, stack(0x0000001d42100000,0x0000001d42200000)]
  0x0000013a16774140 JavaThread "stderr" [_thread_in_native, id=12540, stack(0x0000001d42200000,0x0000001d42300000)]
  0x0000013a16774ae0 JavaThread "stdout" [_thread_in_native, id=7704, stack(0x0000001d42300000,0x0000001d42400000)]

Other Threads:
=>0x0000013a7edbdfa0 VMThread "VM Thread" [stack: 0x0000001d3c200000,0x0000001d3c300000] [id=5852]
  0x0000013a7f839310 WatcherThread [stack: 0x0000001d3cd00000,0x0000001d3ce00000] [id=11224]
  0x0000013a6fbd1360 GCTaskThread "GC Thread#0" [stack: 0x0000001d3bd00000,0x0000001d3be00000] [id=7144]
  0x0000013a11164d00 GCTaskThread "GC Thread#1" [stack: 0x0000001d3ce00000,0x0000001d3cf00000] [id=6948]
  0x0000013a11165030 GCTaskThread "GC Thread#2" [stack: 0x0000001d3d900000,0x0000001d3da00000] [id=4576]
  0x0000013a111649d0 GCTaskThread "GC Thread#3" [stack: 0x0000001d3da00000,0x0000001d3db00000] [id=5420]
  0x0000013a6fbe3c70 ConcurrentGCThread "G1 Main Marker" [stack: 0x0000001d3be00000,0x0000001d3bf00000] [id=12628]
  0x0000013a6fbe4770 ConcurrentGCThread "G1 Conc#0" [stack: 0x0000001d3bf00000,0x0000001d3c000000] [id=7072]
  0x0000013a6fc31f70 ConcurrentGCThread "G1 Refine#0" [stack: 0x0000001d3c000000,0x0000001d3c100000] [id=1884]
  0x0000013a15b640f0 ConcurrentGCThread "G1 Refine#1" [stack: 0x0000001d41e00000,0x0000001d41f00000] [id=12796]
  0x0000013a6fc32a80 ConcurrentGCThread "G1 Young RemSet Sampling" [stack: 0x0000001d3c100000,0x0000001d3c200000] [id=15720]

Threads with active compile tasks:
C2 CompilerThread0    37167 18292       4       com.android.tools.r8.internal.qe1::a (455 bytes)

VM state: at safepoint (normal execution)

VM Mutex/Monitor currently owned by a thread:  ([mutex/lock_event])
[0x0000013a6fb94ff0] Threads_lock - owner thread: 0x0000013a7edbdfa0
[0x0000013a6fb93e80] Heap_lock - owner thread: 0x0000013a13554540

Heap address: 0x0000000080000000, size: 2048 MB, Compressed Oops mode: 32-bit
CDS archive(s) mapped at: [0x0000000800000000-0x0000000800b50000-0x0000000800b50000), size 11862016, SharedBaseAddress: 0x0000000800000000, ArchiveRelocationMode: 0.
Compressed class space mapped at: 0x0000000800b50000-0x0000000840b50000, size: 1073741824
Narrow klass base: 0x0000000800000000, Narrow klass shift: 3, Narrow klass range: 0x100000000

GC Precious Log:
 CPUs: 4 total, 4 available
 Memory: 3976M
 Large Page Support: Disabled
 NUMA Support: Disabled
 Compressed Oops: Enabled (32-bit)
 Heap Region Size: 1M
 Heap Min Capacity: 8M
 Heap Initial Capacity: 64M
 Heap Max Capacity: 2G
 Pre-touch: Disabled
 Parallel Workers: 4
 Concurrent Workers: 1
 Concurrent Refinement Workers: 4
 Periodic GC: Disabled

Heap:
 garbage-first heap   total 414720K, used 173884K [0x0000000080000000, 0x0000000100000000)
  region size 1024K, 15 young (15360K), 15 survivors (15360K)
 Metaspace       used 107544K, capacity 108853K, committed 108976K, reserved 1144832K
  class space    used 13620K, capacity 14021K, committed 14080K, reserved 1048576K

Heap Regions: E=young(eden), S=young(survivor), O=old, HS=humongous(starts), HC=humongous(continues), CS=collection set, F=free, OA=open archive, CA=closed archive, TAMS=top-at-mark-start (previous, next)
|   0|0x0000000080000000, 0x0000000080100000, 0x0000000080100000|100%|HS|  |TAMS 0x0000000080100000, 0x0000000080000000| Complete 
|   1|0x0000000080100000, 0x0000000080200000, 0x0000000080200000|100%|HC|  |TAMS 0x0000000080200000, 0x0000000080100000| Complete 
|   2|0x0000000080200000, 0x0000000080300000, 0x0000000080300000|100%|HC|  |TAMS 0x0000000080300000, 0x0000000080200000| Complete 
|   3|0x0000000080300000, 0x0000000080400000, 0x0000000080400000|100%| O|  |TAMS 0x0000000080400000, 0x0000000080300000| Untracked 
|   4|0x0000000080400000, 0x0000000080500000, 0x0000000080500000|100%| O|  |TAMS 0x0000000080500000, 0x0000000080400000| Untracked 
|   5|0x0000000080500000, 0x0000000080600000, 0x0000000080600000|100%| O|  |TAMS 0x0000000080600000, 0x0000000080500000| Untracked 
|   6|0x0000000080600000, 0x0000000080700000, 0x0000000080700000|100%| O|  |TAMS 0x0000000080700000, 0x0000000080600000| Untracked 
|   7|0x0000000080700000, 0x0000000080800000, 0x0000000080800000|100%| O|  |TAMS 0x0000000080800000, 0x0000000080700000| Untracked 
|   8|0x0000000080800000, 0x0000000080900000, 0x0000000080900000|100%| O|  |TAMS 0x0000000080900000, 0x0000000080800000| Untracked 
|   9|0x0000000080900000, 0x0000000080a00000, 0x0000000080a00000|100%| O|  |TAMS 0x0000000080a00000, 0x0000000080900000| Untracked 
|  10|0x0000000080a00000, 0x0000000080b00000, 0x0000000080b00000|100%| O|  |TAMS 0x0000000080b00000, 0x0000000080a00000| Untracked 
|  11|0x0000000080b00000, 0x0000000080c00000, 0x0000000080c00000|100%| O|  |TAMS 0x0000000080c00000, 0x0000000080b00000| Untracked 
|  12|0x0000000080c00000, 0x0000000080d00000, 0x0000000080d00000|100%| O|  |TAMS 0x0000000080d00000, 0x0000000080c00000| Untracked 
|  13|0x0000000080d00000, 0x0000000080e00000, 0x0000000080e00000|100%| O|  |TAMS 0x0000000080e00000, 0x0000000080d00000| Untracked 
|  14|0x0000000080e00000, 0x0000000080f00000, 0x0000000080f00000|100%| O|  |TAMS 0x0000000080f00000, 0x0000000080e00000| Untracked 
|  15|0x0000000080f00000, 0x0000000081000000, 0x0000000081000000|100%| O|  |TAMS 0x0000000081000000, 0x0000000080f00000| Untracked 
|  16|0x0000000081000000, 0x0000000081100000, 0x0000000081100000|100%| O|  |TAMS 0x0000000081100000, 0x0000000081000000| Untracked 
|  17|0x0000000081100000, 0x0000000081200000, 0x0000000081200000|100%| O|  |TAMS 0x0000000081200000, 0x0000000081100000| Untracked 
|  18|0x0000000081200000, 0x0000000081300000, 0x0000000081300000|100%| O|  |TAMS 0x0000000081300000, 0x0000000081200000| Untracked 
|  19|0x0000000081300000, 0x0000000081400000, 0x0000000081400000|100%| O|  |TAMS 0x0000000081400000, 0x0000000081300000| Untracked 
|  20|0x0000000081400000, 0x0000000081500000, 0x0000000081500000|100%| O|  |TAMS 0x0000000081500000, 0x0000000081400000| Untracked 
|  21|0x0000000081500000, 0x0000000081600000, 0x0000000081600000|100%| O|  |TAMS 0x0000000081600000, 0x0000000081500000| Untracked 
|  22|0x0000000081600000, 0x0000000081700000, 0x0000000081700000|100%| O|  |TAMS 0x0000000081700000, 0x0000000081600000| Untracked 
|  23|0x0000000081700000, 0x0000000081800000, 0x0000000081800000|100%|HS|  |TAMS 0x0000000081800000, 0x0000000081700000| Complete 
|  24|0x0000000081800000, 0x0000000081900000, 0x0000000081900000|100%| O|  |TAMS 0x0000000081900000, 0x0000000081800000| Untracked 
|  25|0x0000000081900000, 0x0000000081a00000, 0x0000000081a00000|100%| O|  |TAMS 0x0000000081a00000, 0x0000000081900000| Untracked 
|  26|0x0000000081a00000, 0x0000000081b00000, 0x0000000081b00000|100%| O|  |TAMS 0x0000000081b00000, 0x0000000081a00000| Untracked 
|  27|0x0000000081b00000, 0x0000000081c00000, 0x0000000081c00000|100%| O|  |TAMS 0x0000000081c00000, 0x0000000081b00000| Untracked 
|  28|0x0000000081c00000, 0x0000000081d00000, 0x0000000081d00000|100%| O|  |TAMS 0x0000000081d00000, 0x0000000081c00000| Untracked 
|  29|0x0000000081d00000, 0x0000000081e00000, 0x0000000081e00000|100%|HS|  |TAMS 0x0000000081e00000, 0x0000000081d00000| Complete 
|  30|0x0000000081e00000, 0x0000000081f00000, 0x0000000081f00000|100%|HS|  |TAMS 0x0000000081f00000, 0x0000000081e00000| Complete 
|  31|0x0000000081f00000, 0x0000000082000000, 0x0000000082000000|100%|HS|  |TAMS 0x0000000082000000, 0x0000000081f00000| Complete 
|  32|0x0000000082000000, 0x0000000082100000, 0x0000000082100000|100%|HC|  |TAMS 0x0000000082100000, 0x0000000082000000| Complete 
|  33|0x0000000082100000, 0x0000000082200000, 0x0000000082200000|100%| O|  |TAMS 0x0000000082200000, 0x0000000082100000| Untracked 
|  34|0x0000000082200000, 0x0000000082300000, 0x0000000082300000|100%| O|  |TAMS 0x0000000082300000, 0x0000000082200000| Untracked 
|  35|0x0000000082300000, 0x0000000082400000, 0x0000000082400000|100%| O|  |TAMS 0x0000000082400000, 0x0000000082300000| Untracked 
|  36|0x0000000082400000, 0x0000000082500000, 0x0000000082500000|100%| O|  |TAMS 0x0000000082500000, 0x0000000082400000| Untracked 
|  37|0x0000000082500000, 0x0000000082600000, 0x0000000082600000|100%| O|  |TAMS 0x0000000082600000, 0x0000000082500000| Untracked 
|  38|0x0000000082600000, 0x0000000082700000, 0x0000000082700000|100%| O|  |TAMS 0x0000000082700000, 0x0000000082600000| Untracked 
|  39|0x0000000082700000, 0x0000000082800000, 0x0000000082800000|100%| O|  |TAMS 0x0000000082800000, 0x0000000082700000| Untracked 
|  40|0x0000000082800000, 0x0000000082900000, 0x0000000082900000|100%| O|  |TAMS 0x0000000082900000, 0x0000000082800000| Untracked 
|  41|0x0000000082900000, 0x0000000082a00000, 0x0000000082a00000|100%| O|  |TAMS 0x0000000082a00000, 0x0000000082900000| Untracked 
|  42|0x0000000082a00000, 0x0000000082b00000, 0x0000000082b00000|100%| O|  |TAMS 0x0000000082b00000, 0x0000000082a00000| Untracked 
|  43|0x0000000082b00000, 0x0000000082c00000, 0x0000000082c00000|100%| O|  |TAMS 0x0000000082c00000, 0x0000000082b00000| Untracked 
|  44|0x0000000082c00000, 0x0000000082d00000, 0x0000000082d00000|100%| O|  |TAMS 0x0000000082d00000, 0x0000000082c00000| Untracked 
|  45|0x0000000082d00000, 0x0000000082e00000, 0x0000000082e00000|100%| O|  |TAMS 0x0000000082e00000, 0x0000000082d00000| Untracked 
|  46|0x0000000082e00000, 0x0000000082f00000, 0x0000000082f00000|100%| O|  |TAMS 0x0000000082f00000, 0x0000000082e00000| Untracked 
|  47|0x0000000082f00000, 0x0000000083000000, 0x0000000083000000|100%| O|  |TAMS 0x0000000083000000, 0x0000000082f00000| Untracked 
|  48|0x0000000083000000, 0x0000000083100000, 0x0000000083100000|100%| O|  |TAMS 0x0000000083100000, 0x0000000083000000| Untracked 
|  49|0x0000000083100000, 0x0000000083200000, 0x0000000083200000|100%| O|  |TAMS 0x0000000083200000, 0x0000000083100000| Untracked 
|  50|0x0000000083200000, 0x0000000083300000, 0x0000000083300000|100%| O|  |TAMS 0x0000000083300000, 0x0000000083200000| Untracked 
|  51|0x0000000083300000, 0x0000000083400000, 0x0000000083400000|100%| O|  |TAMS 0x0000000083400000, 0x0000000083300000| Untracked 
|  52|0x0000000083400000, 0x0000000083500000, 0x0000000083500000|100%| O|  |TAMS 0x0000000083500000, 0x0000000083400000| Untracked 
|  53|0x0000000083500000, 0x0000000083600000, 0x0000000083600000|100%| O|  |TAMS 0x0000000083600000, 0x0000000083500000| Untracked 
|  54|0x0000000083600000, 0x0000000083700000, 0x0000000083700000|100%| O|  |TAMS 0x0000000083700000, 0x0000000083600000| Untracked 
|  55|0x0000000083700000, 0x0000000083800000, 0x0000000083800000|100%| O|  |TAMS 0x0000000083800000, 0x0000000083700000| Untracked 
|  56|0x0000000083800000, 0x0000000083900000, 0x0000000083900000|100%| O|  |TAMS 0x0000000083900000, 0x0000000083800000| Untracked 
|  57|0x0000000083900000, 0x0000000083a00000, 0x0000000083a00000|100%| O|  |TAMS 0x0000000083a00000, 0x0000000083900000| Untracked 
|  58|0x0000000083a00000, 0x0000000083b00000, 0x0000000083b00000|100%| O|  |TAMS 0x0000000083b00000, 0x0000000083a00000| Untracked 
|  59|0x0000000083b00000, 0x0000000083c00000, 0x0000000083c00000|100%| O|  |TAMS 0x0000000083c00000, 0x0000000083b00000| Untracked 
|  60|0x0000000083c00000, 0x0000000083d00000, 0x0000000083d00000|100%| O|  |TAMS 0x0000000083d00000, 0x0000000083c00000| Untracked 
|  61|0x0000000083d00000, 0x0000000083e00000, 0x0000000083e00000|100%| O|  |TAMS 0x0000000083e00000, 0x0000000083d00000| Untracked 
|  62|0x0000000083e00000, 0x0000000083f00000, 0x0000000083f00000|100%| O|  |TAMS 0x0000000083f00000, 0x0000000083e00000| Untracked 
|  63|0x0000000083f00000, 0x0000000084000000, 0x0000000084000000|100%| O|  |TAMS 0x0000000084000000, 0x0000000083f00000| Untracked 
|  64|0x0000000084000000, 0x0000000084100000, 0x0000000084100000|100%| O|  |TAMS 0x0000000084100000, 0x0000000084000000| Untracked 
|  65|0x0000000084100000, 0x0000000084200000, 0x0000000084200000|100%| O|  |TAMS 0x0000000084200000, 0x0000000084100000| Untracked 
|  66|0x0000000084200000, 0x0000000084300000, 0x0000000084300000|100%| O|  |TAMS 0x0000000084300000, 0x0000000084200000| Untracked 
|  67|0x0000000084300000, 0x0000000084400000, 0x0000000084400000|100%| O|  |TAMS 0x0000000084400000, 0x0000000084300000| Untracked 
|  68|0x0000000084400000, 0x0000000084500000, 0x0000000084500000|100%| O|  |TAMS 0x0000000084500000, 0x0000000084400000| Untracked 
|  69|0x0000000084500000, 0x0000000084600000, 0x0000000084600000|100%| O|  |TAMS 0x0000000084600000, 0x0000000084500000| Untracked 
|  70|0x0000000084600000, 0x0000000084700000, 0x0000000084700000|100%| O|  |TAMS 0x0000000084700000, 0x0000000084600000| Untracked 
|  71|0x0000000084700000, 0x0000000084800000, 0x0000000084800000|100%| O|  |TAMS 0x0000000084800000, 0x0000000084700000| Untracked 
|  72|0x0000000084800000, 0x0000000084900000, 0x0000000084900000|100%| O|  |TAMS 0x0000000084900000, 0x0000000084800000| Untracked 
|  73|0x0000000084900000, 0x0000000084a00000, 0x0000000084a00000|100%| O|  |TAMS 0x0000000084a00000, 0x0000000084900000| Untracked 
|  74|0x0000000084a00000, 0x0000000084b00000, 0x0000000084b00000|100%|HS|  |TAMS 0x0000000084b00000, 0x0000000084a00000| Complete 
|  75|0x0000000084b00000, 0x0000000084c00000, 0x0000000084c00000|100%|HC|  |TAMS 0x0000000084c00000, 0x0000000084b00000| Complete 
|  76|0x0000000084c00000, 0x0000000084d00000, 0x0000000084d00000|100%| O|  |TAMS 0x0000000084d00000, 0x0000000084c00000| Untracked 
|  77|0x0000000084d00000, 0x0000000084e00000, 0x0000000084e00000|100%| O|  |TAMS 0x0000000084e00000, 0x0000000084d00000| Untracked 
|  78|0x0000000084e00000, 0x0000000084f00000, 0x0000000084f00000|100%| O|  |TAMS 0x0000000084f00000, 0x0000000084e00000| Untracked 
|  79|0x0000000084f00000, 0x0000000085000000, 0x0000000085000000|100%| O|  |TAMS 0x0000000085000000, 0x0000000084f00000| Untracked 
|  80|0x0000000085000000, 0x0000000085100000, 0x0000000085100000|100%| O|  |TAMS 0x0000000085100000, 0x0000000085000000| Untracked 
|  81|0x0000000085100000, 0x0000000085200000, 0x0000000085200000|100%| O|  |TAMS 0x0000000085200000, 0x0000000085100000| Untracked 
|  82|0x0000000085200000, 0x0000000085300000, 0x0000000085300000|100%| O|  |TAMS 0x0000000085300000, 0x0000000085200000| Untracked 
|  83|0x0000000085300000, 0x0000000085400000, 0x0000000085400000|100%| O|  |TAMS 0x0000000085400000, 0x0000000085300000| Untracked 
|  84|0x0000000085400000, 0x0000000085500000, 0x0000000085500000|100%| O|  |TAMS 0x0000000085500000, 0x0000000085400000| Untracked 
|  85|0x0000000085500000, 0x0000000085600000, 0x0000000085600000|100%| O|  |TAMS 0x0000000085600000, 0x0000000085500000| Untracked 
|  86|0x0000000085600000, 0x0000000085700000, 0x0000000085700000|100%| O|  |TAMS 0x0000000085700000, 0x0000000085600000| Untracked 
|  87|0x0000000085700000, 0x0000000085800000, 0x0000000085800000|100%| O|  |TAMS 0x0000000085800000, 0x0000000085700000| Untracked 
|  88|0x0000000085800000, 0x0000000085900000, 0x0000000085900000|100%| O|  |TAMS 0x0000000085900000, 0x0000000085800000| Untracked 
|  89|0x0000000085900000, 0x0000000085a00000, 0x0000000085a00000|100%| O|  |TAMS 0x0000000085a00000, 0x0000000085900000| Untracked 
|  90|0x0000000085a00000, 0x0000000085b00000, 0x0000000085b00000|100%| O|  |TAMS 0x0000000085b00000, 0x0000000085a00000| Untracked 
|  91|0x0000000085b00000, 0x0000000085c00000, 0x0000000085c00000|100%| O|  |TAMS 0x0000000085c00000, 0x0000000085b00000| Untracked 
|  92|0x0000000085c00000, 0x0000000085d00000, 0x0000000085d00000|100%| O|  |TAMS 0x0000000085d00000, 0x0000000085c00000| Untracked 
|  93|0x0000000085d00000, 0x0000000085e00000, 0x0000000085e00000|100%| O|  |TAMS 0x0000000085e00000, 0x0000000085d00000| Untracked 
|  94|0x0000000085e00000, 0x0000000085f00000, 0x0000000085f00000|100%| O|  |TAMS 0x0000000085f00000, 0x0000000085e00000| Untracked 
|  95|0x0000000085f00000, 0x0000000086000000, 0x0000000086000000|100%| O|  |TAMS 0x0000000086000000, 0x0000000085f00000| Untracked 
|  96|0x0000000086000000, 0x0000000086100000, 0x0000000086100000|100%| O|  |TAMS 0x0000000086100000, 0x0000000086000000| Untracked 
|  97|0x0000000086100000, 0x0000000086200000, 0x0000000086200000|100%| O|  |TAMS 0x0000000086200000, 0x0000000086100000| Untracked 
|  98|0x0000000086200000, 0x0000000086300000, 0x0000000086300000|100%| O|  |TAMS 0x0000000086300000, 0x0000000086200000| Untracked 
|  99|0x0000000086300000, 0x0000000086400000, 0x0000000086400000|100%| O|  |TAMS 0x0000000086400000, 0x0000000086300000| Untracked 
| 100|0x0000000086400000, 0x0000000086500000, 0x0000000086500000|100%| O|  |TAMS 0x0000000086500000, 0x0000000086400000| Untracked 
| 101|0x0000000086500000, 0x0000000086600000, 0x0000000086600000|100%| O|  |TAMS 0x0000000086600000, 0x0000000086500000| Untracked 
| 102|0x0000000086600000, 0x0000000086700000, 0x0000000086700000|100%| O|  |TAMS 0x0000000086700000, 0x0000000086600000| Untracked 
| 103|0x0000000086700000, 0x0000000086800000, 0x0000000086800000|100%| O|  |TAMS 0x0000000086800000, 0x0000000086700000| Untracked 
| 104|0x0000000086800000, 0x0000000086900000, 0x0000000086900000|100%| O|  |TAMS 0x0000000086900000, 0x0000000086800000| Untracked 
| 105|0x0000000086900000, 0x0000000086a00000, 0x0000000086a00000|100%| O|  |TAMS 0x0000000086a00000, 0x0000000086900000| Untracked 
| 106|0x0000000086a00000, 0x0000000086b00000, 0x0000000086b00000|100%| O|  |TAMS 0x0000000086b00000, 0x0000000086a00000| Untracked 
| 107|0x0000000086b00000, 0x0000000086c00000, 0x0000000086c00000|100%| O|  |TAMS 0x0000000086c00000, 0x0000000086b00000| Untracked 
| 108|0x0000000086c00000, 0x0000000086d00000, 0x0000000086d00000|100%| O|  |TAMS 0x0000000086d00000, 0x0000000086c00000| Untracked 
| 109|0x0000000086d00000, 0x0000000086e00000, 0x0000000086e00000|100%| O|  |TAMS 0x0000000086e00000, 0x0000000086d00000| Untracked 
| 110|0x0000000086e00000, 0x0000000086f00000, 0x0000000086f00000|100%| O|  |TAMS 0x0000000086f00000, 0x0000000086e00000| Untracked 
| 111|0x0000000086f00000, 0x0000000087000000, 0x0000000087000000|100%| O|  |TAMS 0x0000000087000000, 0x0000000086f00000| Untracked 
| 112|0x0000000087000000, 0x0000000087100000, 0x0000000087100000|100%| O|  |TAMS 0x0000000087100000, 0x0000000087000000| Untracked 
| 113|0x0000000087100000, 0x0000000087200000, 0x0000000087200000|100%| O|  |TAMS 0x0000000087200000, 0x0000000087100000| Untracked 
| 114|0x0000000087200000, 0x0000000087300000, 0x0000000087300000|100%| O|  |TAMS 0x0000000087300000, 0x0000000087200000| Untracked 
| 115|0x0000000087300000, 0x0000000087400000, 0x0000000087400000|100%| O|  |TAMS 0x0000000087400000, 0x0000000087300000| Untracked 
| 116|0x0000000087400000, 0x0000000087500000, 0x0000000087500000|100%| O|  |TAMS 0x0000000087500000, 0x0000000087400000| Untracked 
| 117|0x0000000087500000, 0x0000000087600000, 0x0000000087600000|100%| O|  |TAMS 0x0000000087600000, 0x0000000087500000| Untracked 
| 118|0x0000000087600000, 0x0000000087700000, 0x0000000087700000|100%| O|  |TAMS 0x0000000087700000, 0x0000000087600000| Untracked 
| 119|0x0000000087700000, 0x0000000087800000, 0x0000000087800000|100%| O|  |TAMS 0x0000000087800000, 0x0000000087700000| Untracked 
| 120|0x0000000087800000, 0x0000000087900000, 0x0000000087900000|100%| O|  |TAMS 0x0000000087900000, 0x0000000087800000| Untracked 
| 121|0x0000000087900000, 0x0000000087a00000, 0x0000000087a00000|100%| O|  |TAMS 0x0000000087a00000, 0x0000000087900000| Untracked 
| 122|0x0000000087a00000, 0x0000000087b00000, 0x0000000087b00000|100%| O|  |TAMS 0x0000000087b00000, 0x0000000087a00000| Untracked 
| 123|0x0000000087b00000, 0x0000000087c00000, 0x0000000087c00000|100%| O|  |TAMS 0x0000000087c00000, 0x0000000087b00000| Untracked 
| 124|0x0000000087c00000, 0x0000000087d00000, 0x0000000087d00000|100%| O|  |TAMS 0x0000000087d00000, 0x0000000087c00000| Untracked 
| 125|0x0000000087d00000, 0x0000000087e00000, 0x0000000087e00000|100%| O|  |TAMS 0x0000000087e00000, 0x0000000087d00000| Untracked 
| 126|0x0000000087e00000, 0x0000000087f00000, 0x0000000087f00000|100%| O|  |TAMS 0x0000000087f00000, 0x0000000087e00000| Untracked 
| 127|0x0000000087f00000, 0x0000000088000000, 0x0000000088000000|100%| O|  |TAMS 0x0000000088000000, 0x0000000087f00000| Untracked 
| 128|0x0000000088000000, 0x0000000088100000, 0x0000000088100000|100%| O|  |TAMS 0x0000000088100000, 0x0000000088000000| Untracked 
| 129|0x0000000088100000, 0x0000000088200000, 0x0000000088200000|100%| O|  |TAMS 0x0000000088200000, 0x0000000088100000| Untracked 
| 130|0x0000000088200000, 0x0000000088300000, 0x0000000088300000|100%| O|  |TAMS 0x0000000088300000, 0x0000000088200000| Untracked 
| 131|0x0000000088300000, 0x0000000088400000, 0x0000000088400000|100%| O|  |TAMS 0x0000000088400000, 0x0000000088300000| Untracked 
| 132|0x0000000088400000, 0x0000000088500000, 0x0000000088500000|100%| O|  |TAMS 0x0000000088500000, 0x0000000088400000| Untracked 
| 133|0x0000000088500000, 0x0000000088600000, 0x0000000088600000|100%| O|  |TAMS 0x0000000088600000, 0x0000000088500000| Untracked 
| 134|0x0000000088600000, 0x0000000088700000, 0x0000000088700000|100%| O|  |TAMS 0x0000000088700000, 0x0000000088600000| Untracked 
| 135|0x0000000088700000, 0x0000000088800000, 0x0000000088800000|100%| O|  |TAMS 0x0000000088800000, 0x0000000088700000| Untracked 
| 136|0x0000000088800000, 0x0000000088900000, 0x0000000088900000|100%| O|  |TAMS 0x0000000088900000, 0x0000000088800000| Untracked 
| 137|0x0000000088900000, 0x0000000088a00000, 0x0000000088a00000|100%| O|  |TAMS 0x0000000088a00000, 0x0000000088900000| Untracked 
| 138|0x0000000088a00000, 0x0000000088b00000, 0x0000000088b00000|100%| O|  |TAMS 0x0000000088b00000, 0x0000000088a00000| Untracked 
| 139|0x0000000088b00000, 0x0000000088c00000, 0x0000000088c00000|100%| O|  |TAMS 0x0000000088c00000, 0x0000000088b00000| Untracked 
| 140|0x0000000088c00000, 0x0000000088d00000, 0x0000000088d00000|100%| O|  |TAMS 0x0000000088d00000, 0x0000000088c00000| Untracked 
| 141|0x0000000088d00000, 0x0000000088e00000, 0x0000000088e00000|100%| O|  |TAMS 0x0000000088e00000, 0x0000000088d00000| Untracked 
| 142|0x0000000088e00000, 0x0000000088f00000, 0x0000000088f00000|100%| O|  |TAMS 0x0000000088f00000, 0x0000000088e00000| Untracked 
| 143|0x0000000088f00000, 0x0000000089000000, 0x0000000089000000|100%| O|  |TAMS 0x0000000089000000, 0x0000000088f00000| Untracked 
| 144|0x0000000089000000, 0x0000000089100000, 0x0000000089100000|100%| O|  |TAMS 0x00000000890e5e00, 0x0000000089000000| Untracked 
| 145|0x0000000089100000, 0x0000000089100000, 0x0000000089200000|  0%| F|  |TAMS 0x0000000089100000, 0x0000000089100000| Untracked 
| 146|0x0000000089200000, 0x0000000089300000, 0x0000000089300000|100%|HS|  |TAMS 0x0000000089200000, 0x0000000089200000| Complete 
| 147|0x0000000089300000, 0x0000000089400000, 0x0000000089400000|100%| O|  |TAMS 0x0000000089300000, 0x0000000089300000| Untracked 
| 148|0x0000000089400000, 0x0000000089500000, 0x0000000089500000|100%| O|  |TAMS 0x0000000089400000, 0x0000000089400000| Untracked 
| 149|0x0000000089500000, 0x0000000089600000, 0x0000000089600000|100%| O|  |TAMS 0x0000000089500000, 0x0000000089500000| Untracked 
| 150|0x0000000089600000, 0x0000000089700000, 0x0000000089700000|100%| O|  |TAMS 0x0000000089600000, 0x0000000089600000| Untracked 
| 151|0x0000000089700000, 0x0000000089800000, 0x0000000089800000|100%| O|  |TAMS 0x0000000089700000, 0x0000000089700000| Untracked 
| 152|0x0000000089800000, 0x0000000089900000, 0x0000000089900000|100%| O|  |TAMS 0x0000000089800000, 0x0000000089800000| Untracked 
| 153|0x0000000089900000, 0x0000000089a00000, 0x0000000089a00000|100%| O|  |TAMS 0x0000000089900000, 0x0000000089900000| Untracked 
| 154|0x0000000089a00000, 0x0000000089b00000, 0x0000000089b00000|100%| O|  |TAMS 0x0000000089a00000, 0x0000000089a00000| Untracked 
| 155|0x0000000089b00000, 0x0000000089bcf200, 0x0000000089c00000| 80%| O|  |TAMS 0x0000000089b00000, 0x0000000089b00000| Untracked 
| 156|0x0000000089c00000, 0x0000000089c00000, 0x0000000089d00000|  0%| F|  |TAMS 0x0000000089c00000, 0x0000000089c00000| Untracked 
| 157|0x0000000089d00000, 0x0000000089d00000, 0x0000000089e00000|  0%| F|  |TAMS 0x0000000089d00000, 0x0000000089d00000| Untracked 
| 158|0x0000000089e00000, 0x0000000089e00000, 0x0000000089f00000|  0%| F|  |TAMS 0x0000000089e00000, 0x0000000089e00000| Untracked 
| 159|0x0000000089f00000, 0x0000000089f00000, 0x000000008a000000|  0%| F|  |TAMS 0x0000000089f00000, 0x0000000089f00000| Untracked 
| 160|0x000000008a000000, 0x000000008a000000, 0x000000008a100000|  0%| F|  |TAMS 0x000000008a000000, 0x000000008a000000| Untracked 
| 161|0x000000008a100000, 0x000000008a100000, 0x000000008a200000|  0%| F|  |TAMS 0x000000008a100000, 0x000000008a100000| Untracked 
| 162|0x000000008a200000, 0x000000008a200000, 0x000000008a300000|  0%| F|  |TAMS 0x000000008a200000, 0x000000008a200000| Untracked 
| 163|0x000000008a300000, 0x000000008a300000, 0x000000008a400000|  0%| F|  |TAMS 0x000000008a300000, 0x000000008a300000| Untracked 
| 164|0x000000008a400000, 0x000000008a400000, 0x000000008a500000|  0%| F|  |TAMS 0x000000008a400000, 0x000000008a400000| Untracked 
| 165|0x000000008a500000, 0x000000008a500000, 0x000000008a600000|  0%| F|  |TAMS 0x000000008a500000, 0x000000008a500000| Untracked 
| 166|0x000000008a600000, 0x000000008a600000, 0x000000008a700000|  0%| F|  |TAMS 0x000000008a600000, 0x000000008a600000| Untracked 
| 167|0x000000008a700000, 0x000000008a700000, 0x000000008a800000|  0%| F|  |TAMS 0x000000008a700000, 0x000000008a700000| Untracked 
| 168|0x000000008a800000, 0x000000008a800000, 0x000000008a900000|  0%| F|  |TAMS 0x000000008a800000, 0x000000008a800000| Untracked 
| 169|0x000000008a900000, 0x000000008a900000, 0x000000008aa00000|  0%| F|  |TAMS 0x000000008a900000, 0x000000008a900000| Untracked 
| 170|0x000000008aa00000, 0x000000008aa00000, 0x000000008ab00000|  0%| F|  |TAMS 0x000000008aa00000, 0x000000008aa00000| Untracked 
| 171|0x000000008ab00000, 0x000000008ab00000, 0x000000008ac00000|  0%| F|  |TAMS 0x000000008ab00000, 0x000000008ab00000| Untracked 
| 172|0x000000008ac00000, 0x000000008ac00000, 0x000000008ad00000|  0%| F|  |TAMS 0x000000008ac00000, 0x000000008ac00000| Untracked 
| 173|0x000000008ad00000, 0x000000008ad00000, 0x000000008ae00000|  0%| F|  |TAMS 0x000000008ad00000, 0x000000008ad00000| Untracked 
| 174|0x000000008ae00000, 0x000000008ae00000, 0x000000008af00000|  0%| F|  |TAMS 0x000000008ae00000, 0x000000008ae00000| Untracked 
| 175|0x000000008af00000, 0x000000008af00000, 0x000000008b000000|  0%| F|  |TAMS 0x000000008af00000, 0x000000008af00000| Untracked 
| 176|0x000000008b000000, 0x000000008b000000, 0x000000008b100000|  0%| F|  |TAMS 0x000000008b000000, 0x000000008b000000| Untracked 
| 177|0x000000008b100000, 0x000000008b100000, 0x000000008b200000|  0%| F|  |TAMS 0x000000008b100000, 0x000000008b100000| Untracked 
| 178|0x000000008b200000, 0x000000008b200000, 0x000000008b300000|  0%| F|  |TAMS 0x000000008b200000, 0x000000008b200000| Untracked 
| 179|0x000000008b300000, 0x000000008b300000, 0x000000008b400000|  0%| F|  |TAMS 0x000000008b300000, 0x000000008b300000| Untracked 
| 180|0x000000008b400000, 0x000000008b400000, 0x000000008b500000|  0%| F|  |TAMS 0x000000008b400000, 0x000000008b400000| Untracked 
| 181|0x000000008b500000, 0x000000008b500000, 0x000000008b600000|  0%| F|  |TAMS 0x000000008b500000, 0x000000008b500000| Untracked 
| 182|0x000000008b600000, 0x000000008b600000, 0x000000008b700000|  0%| F|  |TAMS 0x000000008b600000, 0x000000008b600000| Untracked 
| 183|0x000000008b700000, 0x000000008b700000, 0x000000008b800000|  0%| F|  |TAMS 0x000000008b700000, 0x000000008b700000| Untracked 
| 184|0x000000008b800000, 0x000000008b800000, 0x000000008b900000|  0%| F|  |TAMS 0x000000008b800000, 0x000000008b800000| Untracked 
| 185|0x000000008b900000, 0x000000008b900000, 0x000000008ba00000|  0%| F|  |TAMS 0x000000008b900000, 0x000000008b900000| Untracked 
| 186|0x000000008ba00000, 0x000000008ba00000, 0x000000008bb00000|  0%| F|  |TAMS 0x000000008ba00000, 0x000000008ba00000| Untracked 
| 187|0x000000008bb00000, 0x000000008bb00000, 0x000000008bc00000|  0%| F|  |TAMS 0x000000008bb00000, 0x000000008bb00000| Untracked 
| 188|0x000000008bc00000, 0x000000008bc00000, 0x000000008bd00000|  0%| F|  |TAMS 0x000000008bc00000, 0x000000008bc00000| Untracked 
| 189|0x000000008bd00000, 0x000000008bd00000, 0x000000008be00000|  0%| F|  |TAMS 0x000000008bd00000, 0x000000008bd00000| Untracked 
| 190|0x000000008be00000, 0x000000008be00000, 0x000000008bf00000|  0%| F|  |TAMS 0x000000008be00000, 0x000000008be00000| Untracked 
| 191|0x000000008bf00000, 0x000000008bf00000, 0x000000008c000000|  0%| F|  |TAMS 0x000000008bf00000, 0x000000008bf00000| Untracked 
| 192|0x000000008c000000, 0x000000008c000000, 0x000000008c100000|  0%| F|  |TAMS 0x000000008c000000, 0x000000008c000000| Untracked 
| 193|0x000000008c100000, 0x000000008c100000, 0x000000008c200000|  0%| F|  |TAMS 0x000000008c100000, 0x000000008c100000| Untracked 
| 194|0x000000008c200000, 0x000000008c200000, 0x000000008c300000|  0%| F|  |TAMS 0x000000008c200000, 0x000000008c200000| Untracked 
| 195|0x000000008c300000, 0x000000008c300000, 0x000000008c400000|  0%| F|  |TAMS 0x000000008c300000, 0x000000008c300000| Untracked 
| 196|0x000000008c400000, 0x000000008c400000, 0x000000008c500000|  0%| F|  |TAMS 0x000000008c400000, 0x000000008c400000| Untracked 
| 197|0x000000008c500000, 0x000000008c500000, 0x000000008c600000|  0%| F|  |TAMS 0x000000008c500000, 0x000000008c500000| Untracked 
| 198|0x000000008c600000, 0x000000008c600000, 0x000000008c700000|  0%| F|  |TAMS 0x000000008c600000, 0x000000008c600000| Untracked 
| 199|0x000000008c700000, 0x000000008c700000, 0x000000008c800000|  0%| F|  |TAMS 0x000000008c700000, 0x000000008c700000| Untracked 
| 200|0x000000008c800000, 0x000000008c800000, 0x000000008c900000|  0%| F|  |TAMS 0x000000008c800000, 0x000000008c800000| Untracked 
| 201|0x000000008c900000, 0x000000008c900000, 0x000000008ca00000|  0%| F|  |TAMS 0x000000008c900000, 0x000000008c900000| Untracked 
| 202|0x000000008ca00000, 0x000000008ca00000, 0x000000008cb00000|  0%| F|  |TAMS 0x000000008ca00000, 0x000000008ca00000| Untracked 
| 203|0x000000008cb00000, 0x000000008cb00000, 0x000000008cc00000|  0%| F|  |TAMS 0x000000008cb00000, 0x000000008cb00000| Untracked 
| 204|0x000000008cc00000, 0x000000008cc00000, 0x000000008cd00000|  0%| F|  |TAMS 0x000000008cc00000, 0x000000008cc00000| Untracked 
| 205|0x000000008cd00000, 0x000000008cd00000, 0x000000008ce00000|  0%| F|  |TAMS 0x000000008cd00000, 0x000000008cd00000| Untracked 
| 206|0x000000008ce00000, 0x000000008cf00000, 0x000000008cf00000|100%| S|CS|TAMS 0x000000008ce00000, 0x000000008ce00000| Complete 
| 207|0x000000008cf00000, 0x000000008d000000, 0x000000008d000000|100%| S|CS|TAMS 0x000000008cf00000, 0x000000008cf00000| Complete 
| 208|0x000000008d000000, 0x000000008d100000, 0x000000008d100000|100%| S|CS|TAMS 0x000000008d000000, 0x000000008d000000| Complete 
| 209|0x000000008d100000, 0x000000008d200000, 0x000000008d200000|100%| S|CS|TAMS 0x000000008d100000, 0x000000008d100000| Complete 
| 210|0x000000008d200000, 0x000000008d300000, 0x000000008d300000|100%| S|CS|TAMS 0x000000008d200000, 0x000000008d200000| Complete 
| 211|0x000000008d300000, 0x000000008d400000, 0x000000008d400000|100%| S|CS|TAMS 0x000000008d300000, 0x000000008d300000| Complete 
| 212|0x000000008d400000, 0x000000008d500000, 0x000000008d500000|100%| S|CS|TAMS 0x000000008d400000, 0x000000008d400000| Complete 
| 213|0x000000008d500000, 0x000000008d600000, 0x000000008d600000|100%| S|CS|TAMS 0x000000008d500000, 0x000000008d500000| Complete 
| 214|0x000000008d600000, 0x000000008d700000, 0x000000008d700000|100%| S|CS|TAMS 0x000000008d600000, 0x000000008d600000| Complete 
| 215|0x000000008d700000, 0x000000008d800000, 0x000000008d800000|100%| S|CS|TAMS 0x000000008d700000, 0x000000008d700000| Complete 
| 216|0x000000008d800000, 0x000000008d900000, 0x000000008d900000|100%| S|CS|TAMS 0x000000008d800000, 0x000000008d800000| Complete 
| 217|0x000000008d900000, 0x000000008da00000, 0x000000008da00000|100%| S|CS|TAMS 0x000000008d900000, 0x000000008d900000| Complete 
| 218|0x000000008da00000, 0x000000008db00000, 0x000000008db00000|100%| S|CS|TAMS 0x000000008da00000, 0x000000008da00000| Complete 
| 219|0x000000008db00000, 0x000000008dc00000, 0x000000008dc00000|100%| S|CS|TAMS 0x000000008db00000, 0x000000008db00000| Complete 
| 220|0x000000008dc00000, 0x000000008dd00000, 0x000000008dd00000|100%| S|CS|TAMS 0x000000008dc00000, 0x000000008dc00000| Complete 
| 221|0x000000008dd00000, 0x000000008dd00000, 0x000000008de00000|  0%| F|  |TAMS 0x000000008dd00000, 0x000000008dd00000| Untracked 
| 222|0x000000008de00000, 0x000000008de00000, 0x000000008df00000|  0%| F|  |TAMS 0x000000008de00000, 0x000000008de00000| Untracked 
| 223|0x000000008df00000, 0x000000008df00000, 0x000000008e000000|  0%| F|  |TAMS 0x000000008df00000, 0x000000008df00000| Untracked 
| 224|0x000000008e000000, 0x000000008e000000, 0x000000008e100000|  0%| F|  |TAMS 0x000000008e000000, 0x000000008e000000| Untracked 
| 225|0x000000008e100000, 0x000000008e100000, 0x000000008e200000|  0%| F|  |TAMS 0x000000008e100000, 0x000000008e100000| Untracked 
| 226|0x000000008e200000, 0x000000008e200000, 0x000000008e300000|  0%| F|  |TAMS 0x000000008e200000, 0x000000008e200000| Untracked 
| 227|0x000000008e300000, 0x000000008e300000, 0x000000008e400000|  0%| F|  |TAMS 0x000000008e300000, 0x000000008e300000| Untracked 
| 228|0x000000008e400000, 0x000000008e400000, 0x000000008e500000|  0%| F|  |TAMS 0x000000008e400000, 0x000000008e400000| Untracked 
| 229|0x000000008e500000, 0x000000008e500000, 0x000000008e600000|  0%| F|  |TAMS 0x000000008e500000, 0x000000008e500000| Untracked 
| 230|0x000000008e600000, 0x000000008e600000, 0x000000008e700000|  0%| F|  |TAMS 0x000000008e600000, 0x000000008e600000| Untracked 
| 231|0x000000008e700000, 0x000000008e700000, 0x000000008e800000|  0%| F|  |TAMS 0x000000008e700000, 0x000000008e700000| Untracked 
| 232|0x000000008e800000, 0x000000008e800000, 0x000000008e900000|  0%| F|  |TAMS 0x000000008e800000, 0x000000008e800000| Untracked 
| 233|0x000000008e900000, 0x000000008e900000, 0x000000008ea00000|  0%| F|  |TAMS 0x000000008e900000, 0x000000008e900000| Untracked 
| 234|0x000000008ea00000, 0x000000008ea00000, 0x000000008eb00000|  0%| F|  |TAMS 0x000000008ea00000, 0x000000008ea00000| Untracked 
| 235|0x000000008eb00000, 0x000000008eb00000, 0x000000008ec00000|  0%| F|  |TAMS 0x000000008eb00000, 0x000000008eb00000| Untracked 
| 236|0x000000008ec00000, 0x000000008ec00000, 0x000000008ed00000|  0%| F|  |TAMS 0x000000008ec00000, 0x000000008ec00000| Untracked 
| 237|0x000000008ed00000, 0x000000008ed00000, 0x000000008ee00000|  0%| F|  |TAMS 0x000000008ed00000, 0x000000008ed00000| Untracked 
| 238|0x000000008ee00000, 0x000000008ee00000, 0x000000008ef00000|  0%| F|  |TAMS 0x000000008ee00000, 0x000000008ee00000| Untracked 
| 239|0x000000008ef00000, 0x000000008ef00000, 0x000000008f000000|  0%| F|  |TAMS 0x000000008ef00000, 0x000000008ef00000| Untracked 
| 240|0x000000008f000000, 0x000000008f000000, 0x000000008f100000|  0%| F|  |TAMS 0x000000008f000000, 0x000000008f000000| Untracked 
| 241|0x000000008f100000, 0x000000008f100000, 0x000000008f200000|  0%| F|  |TAMS 0x000000008f100000, 0x000000008f100000| Untracked 
| 242|0x000000008f200000, 0x000000008f200000, 0x000000008f300000|  0%| F|  |TAMS 0x000000008f200000, 0x000000008f200000| Untracked 
| 243|0x000000008f300000, 0x000000008f300000, 0x000000008f400000|  0%| F|  |TAMS 0x000000008f300000, 0x000000008f300000| Untracked 
| 244|0x000000008f400000, 0x000000008f400000, 0x000000008f500000|  0%| F|  |TAMS 0x000000008f400000, 0x000000008f400000| Untracked 
| 245|0x000000008f500000, 0x000000008f500000, 0x000000008f600000|  0%| F|  |TAMS 0x000000008f500000, 0x000000008f500000| Untracked 
| 246|0x000000008f600000, 0x000000008f600000, 0x000000008f700000|  0%| F|  |TAMS 0x000000008f600000, 0x000000008f600000| Untracked 
| 247|0x000000008f700000, 0x000000008f700000, 0x000000008f800000|  0%| F|  |TAMS 0x000000008f700000, 0x000000008f700000| Untracked 
| 248|0x000000008f800000, 0x000000008f800000, 0x000000008f900000|  0%| F|  |TAMS 0x000000008f800000, 0x000000008f800000| Untracked 
| 249|0x000000008f900000, 0x000000008f900000, 0x000000008fa00000|  0%| F|  |TAMS 0x000000008f900000, 0x000000008f900000| Untracked 
| 250|0x000000008fa00000, 0x000000008fa00000, 0x000000008fb00000|  0%| F|  |TAMS 0x000000008fa00000, 0x000000008fa00000| Untracked 
| 251|0x000000008fb00000, 0x000000008fb00000, 0x000000008fc00000|  0%| F|  |TAMS 0x000000008fb00000, 0x000000008fb00000| Untracked 
| 252|0x000000008fc00000, 0x000000008fc00000, 0x000000008fd00000|  0%| F|  |TAMS 0x000000008fc00000, 0x000000008fc00000| Untracked 
| 253|0x000000008fd00000, 0x000000008fd00000, 0x000000008fe00000|  0%| F|  |TAMS 0x000000008fd00000, 0x000000008fd00000| Untracked 
| 254|0x000000008fe00000, 0x000000008fe00000, 0x000000008ff00000|  0%| F|  |TAMS 0x000000008fe00000, 0x000000008fe00000| Untracked 
| 255|0x000000008ff00000, 0x000000008ff00000, 0x0000000090000000|  0%| F|  |TAMS 0x000000008ff00000, 0x000000008ff00000| Untracked 
| 256|0x0000000090000000, 0x0000000090000000, 0x0000000090100000|  0%| F|  |TAMS 0x0000000090000000, 0x0000000090000000| Untracked 
| 257|0x0000000090100000, 0x0000000090100000, 0x0000000090200000|  0%| F|  |TAMS 0x0000000090100000, 0x0000000090100000| Untracked 
| 258|0x0000000090200000, 0x0000000090200000, 0x0000000090300000|  0%| F|  |TAMS 0x0000000090200000, 0x0000000090200000| Untracked 
| 259|0x0000000090300000, 0x0000000090300000, 0x0000000090400000|  0%| F|  |TAMS 0x0000000090300000, 0x0000000090300000| Untracked 
| 260|0x0000000090400000, 0x0000000090400000, 0x0000000090500000|  0%| F|  |TAMS 0x0000000090400000, 0x0000000090400000| Untracked 
| 261|0x0000000090500000, 0x0000000090500000, 0x0000000090600000|  0%| F|  |TAMS 0x0000000090500000, 0x0000000090500000| Untracked 
| 262|0x0000000090600000, 0x0000000090600000, 0x0000000090700000|  0%| F|  |TAMS 0x0000000090600000, 0x0000000090600000| Untracked 
| 263|0x0000000090700000, 0x0000000090700000, 0x0000000090800000|  0%| F|  |TAMS 0x0000000090700000, 0x0000000090700000| Untracked 
| 264|0x0000000090800000, 0x0000000090800000, 0x0000000090900000|  0%| F|  |TAMS 0x0000000090800000, 0x0000000090800000| Untracked 
| 265|0x0000000090900000, 0x0000000090900000, 0x0000000090a00000|  0%| F|  |TAMS 0x0000000090900000, 0x0000000090900000| Untracked 
| 266|0x0000000090a00000, 0x0000000090a00000, 0x0000000090b00000|  0%| F|  |TAMS 0x0000000090a00000, 0x0000000090a00000| Untracked 
| 267|0x0000000090b00000, 0x0000000090b00000, 0x0000000090c00000|  0%| F|  |TAMS 0x0000000090b00000, 0x0000000090b00000| Untracked 
| 268|0x0000000090c00000, 0x0000000090c00000, 0x0000000090d00000|  0%| F|  |TAMS 0x0000000090c00000, 0x0000000090c00000| Untracked 
| 269|0x0000000090d00000, 0x0000000090d00000, 0x0000000090e00000|  0%| F|  |TAMS 0x0000000090d00000, 0x0000000090d00000| Untracked 
| 270|0x0000000090e00000, 0x0000000090e00000, 0x0000000090f00000|  0%| F|  |TAMS 0x0000000090e00000, 0x0000000090e00000| Untracked 
| 271|0x0000000090f00000, 0x0000000090f00000, 0x0000000091000000|  0%| F|  |TAMS 0x0000000090f00000, 0x0000000090f00000| Untracked 
| 272|0x0000000091000000, 0x0000000091000000, 0x0000000091100000|  0%| F|  |TAMS 0x0000000091000000, 0x0000000091000000| Untracked 
| 273|0x0000000091100000, 0x0000000091100000, 0x0000000091200000|  0%| F|  |TAMS 0x0000000091100000, 0x0000000091100000| Untracked 
| 274|0x0000000091200000, 0x0000000091200000, 0x0000000091300000|  0%| F|  |TAMS 0x0000000091200000, 0x0000000091200000| Untracked 
| 275|0x0000000091300000, 0x0000000091300000, 0x0000000091400000|  0%| F|  |TAMS 0x0000000091300000, 0x0000000091300000| Untracked 
| 276|0x0000000091400000, 0x0000000091400000, 0x0000000091500000|  0%| F|  |TAMS 0x0000000091400000, 0x0000000091400000| Untracked 
| 277|0x0000000091500000, 0x0000000091500000, 0x0000000091600000|  0%| F|  |TAMS 0x0000000091500000, 0x0000000091500000| Untracked 
| 278|0x0000000091600000, 0x0000000091600000, 0x0000000091700000|  0%| F|  |TAMS 0x0000000091600000, 0x0000000091600000| Untracked 
| 279|0x0000000091700000, 0x0000000091700000, 0x0000000091800000|  0%| F|  |TAMS 0x0000000091700000, 0x0000000091700000| Untracked 
| 280|0x0000000091800000, 0x0000000091800000, 0x0000000091900000|  0%| F|  |TAMS 0x0000000091800000, 0x0000000091800000| Untracked 
| 281|0x0000000091900000, 0x0000000091900000, 0x0000000091a00000|  0%| F|  |TAMS 0x0000000091900000, 0x0000000091900000| Untracked 
| 282|0x0000000091a00000, 0x0000000091a00000, 0x0000000091b00000|  0%| F|  |TAMS 0x0000000091a00000, 0x0000000091a00000| Untracked 
| 283|0x0000000091b00000, 0x0000000091b00000, 0x0000000091c00000|  0%| F|  |TAMS 0x0000000091b00000, 0x0000000091b00000| Untracked 
| 284|0x0000000091c00000, 0x0000000091c00000, 0x0000000091d00000|  0%| F|  |TAMS 0x0000000091c00000, 0x0000000091c00000| Untracked 
| 285|0x0000000091d00000, 0x0000000091d00000, 0x0000000091e00000|  0%| F|  |TAMS 0x0000000091d00000, 0x0000000091d00000| Untracked 
| 286|0x0000000091e00000, 0x0000000091e00000, 0x0000000091f00000|  0%| F|  |TAMS 0x0000000091e00000, 0x0000000091e00000| Untracked 
| 287|0x0000000091f00000, 0x0000000091f00000, 0x0000000092000000|  0%| F|  |TAMS 0x0000000091f00000, 0x0000000091f00000| Untracked 
| 288|0x0000000092000000, 0x0000000092000000, 0x0000000092100000|  0%| F|  |TAMS 0x0000000092000000, 0x0000000092000000| Untracked 
| 289|0x0000000092100000, 0x0000000092100000, 0x0000000092200000|  0%| F|  |TAMS 0x0000000092100000, 0x0000000092100000| Untracked 
| 290|0x0000000092200000, 0x0000000092200000, 0x0000000092300000|  0%| F|  |TAMS 0x0000000092200000, 0x0000000092200000| Untracked 
| 291|0x0000000092300000, 0x0000000092300000, 0x0000000092400000|  0%| F|  |TAMS 0x0000000092300000, 0x0000000092300000| Untracked 
| 292|0x0000000092400000, 0x0000000092400000, 0x0000000092500000|  0%| F|  |TAMS 0x0000000092400000, 0x0000000092400000| Untracked 
| 293|0x0000000092500000, 0x0000000092500000, 0x0000000092600000|  0%| F|  |TAMS 0x0000000092500000, 0x0000000092500000| Untracked 
| 294|0x0000000092600000, 0x0000000092600000, 0x0000000092700000|  0%| F|  |TAMS 0x0000000092600000, 0x0000000092600000| Untracked 
| 295|0x0000000092700000, 0x0000000092700000, 0x0000000092800000|  0%| F|  |TAMS 0x0000000092700000, 0x0000000092700000| Untracked 
| 296|0x0000000092800000, 0x0000000092800000, 0x0000000092900000|  0%| F|  |TAMS 0x0000000092800000, 0x0000000092800000| Untracked 
| 297|0x0000000092900000, 0x0000000092900000, 0x0000000092a00000|  0%| F|  |TAMS 0x0000000092900000, 0x0000000092900000| Untracked 
| 298|0x0000000092a00000, 0x0000000092a00000, 0x0000000092b00000|  0%| F|  |TAMS 0x0000000092a00000, 0x0000000092a00000| Untracked 
| 299|0x0000000092b00000, 0x0000000092b00000, 0x0000000092c00000|  0%| F|  |TAMS 0x0000000092b00000, 0x0000000092b00000| Untracked 
| 300|0x0000000092c00000, 0x0000000092c00000, 0x0000000092d00000|  0%| F|  |TAMS 0x0000000092c00000, 0x0000000092c00000| Untracked 
| 301|0x0000000092d00000, 0x0000000092d00000, 0x0000000092e00000|  0%| F|  |TAMS 0x0000000092d00000, 0x0000000092d00000| Untracked 
| 302|0x0000000092e00000, 0x0000000092e00000, 0x0000000092f00000|  0%| F|  |TAMS 0x0000000092e00000, 0x0000000092e00000| Untracked 
| 303|0x0000000092f00000, 0x0000000092f00000, 0x0000000093000000|  0%| F|  |TAMS 0x0000000092f00000, 0x0000000092f00000| Untracked 
| 304|0x0000000093000000, 0x0000000093000000, 0x0000000093100000|  0%| F|  |TAMS 0x0000000093000000, 0x0000000093000000| Untracked 
| 305|0x0000000093100000, 0x0000000093100000, 0x0000000093200000|  0%| F|  |TAMS 0x0000000093100000, 0x0000000093100000| Untracked 
| 306|0x0000000093200000, 0x0000000093200000, 0x0000000093300000|  0%| F|  |TAMS 0x0000000093200000, 0x0000000093200000| Untracked 
| 307|0x0000000093300000, 0x0000000093300000, 0x0000000093400000|  0%| F|  |TAMS 0x0000000093300000, 0x0000000093300000| Untracked 
| 308|0x0000000093400000, 0x0000000093400000, 0x0000000093500000|  0%| F|  |TAMS 0x0000000093400000, 0x0000000093400000| Untracked 
| 309|0x0000000093500000, 0x0000000093500000, 0x0000000093600000|  0%| F|  |TAMS 0x0000000093500000, 0x0000000093500000| Untracked 
| 310|0x0000000093600000, 0x0000000093600000, 0x0000000093700000|  0%| F|  |TAMS 0x0000000093600000, 0x0000000093600000| Untracked 
| 311|0x0000000093700000, 0x0000000093700000, 0x0000000093800000|  0%| F|  |TAMS 0x0000000093700000, 0x0000000093700000| Untracked 
| 312|0x0000000093800000, 0x0000000093800000, 0x0000000093900000|  0%| F|  |TAMS 0x0000000093800000, 0x0000000093800000| Untracked 
| 313|0x0000000093900000, 0x0000000093900000, 0x0000000093a00000|  0%| F|  |TAMS 0x0000000093900000, 0x0000000093900000| Untracked 
| 314|0x0000000093a00000, 0x0000000093a00000, 0x0000000093b00000|  0%| F|  |TAMS 0x0000000093a00000, 0x0000000093a00000| Untracked 
| 315|0x0000000093b00000, 0x0000000093b00000, 0x0000000093c00000|  0%| F|  |TAMS 0x0000000093b00000, 0x0000000093b00000| Untracked 
| 316|0x0000000093c00000, 0x0000000093c00000, 0x0000000093d00000|  0%| F|  |TAMS 0x0000000093c00000, 0x0000000093c00000| Untracked 
| 317|0x0000000093d00000, 0x0000000093d00000, 0x0000000093e00000|  0%| F|  |TAMS 0x0000000093d00000, 0x0000000093d00000| Untracked 
| 318|0x0000000093e00000, 0x0000000093e00000, 0x0000000093f00000|  0%| F|  |TAMS 0x0000000093e00000, 0x0000000093e00000| Untracked 
| 319|0x0000000093f00000, 0x0000000093f00000, 0x0000000094000000|  0%| F|  |TAMS 0x0000000093f00000, 0x0000000093f00000| Untracked 
| 320|0x0000000094000000, 0x0000000094000000, 0x0000000094100000|  0%| F|  |TAMS 0x0000000094000000, 0x0000000094000000| Untracked 
| 321|0x0000000094100000, 0x0000000094100000, 0x0000000094200000|  0%| F|  |TAMS 0x0000000094100000, 0x0000000094100000| Untracked 
| 322|0x0000000094200000, 0x0000000094200000, 0x0000000094300000|  0%| F|  |TAMS 0x0000000094200000, 0x0000000094200000| Untracked 
| 323|0x0000000094300000, 0x0000000094300000, 0x0000000094400000|  0%| F|  |TAMS 0x0000000094300000, 0x0000000094300000| Untracked 
| 324|0x0000000094400000, 0x0000000094400000, 0x0000000094500000|  0%| F|  |TAMS 0x0000000094400000, 0x0000000094400000| Untracked 
| 325|0x0000000094500000, 0x0000000094500000, 0x0000000094600000|  0%| F|  |TAMS 0x0000000094500000, 0x0000000094500000| Untracked 
| 326|0x0000000094600000, 0x0000000094600000, 0x0000000094700000|  0%| F|  |TAMS 0x0000000094600000, 0x0000000094600000| Untracked 
| 327|0x0000000094700000, 0x0000000094700000, 0x0000000094800000|  0%| F|  |TAMS 0x0000000094700000, 0x0000000094700000| Untracked 
| 328|0x0000000094800000, 0x0000000094800000, 0x0000000094900000|  0%| F|  |TAMS 0x0000000094800000, 0x0000000094800000| Untracked 
| 329|0x0000000094900000, 0x0000000094900000, 0x0000000094a00000|  0%| F|  |TAMS 0x0000000094900000, 0x0000000094900000| Untracked 
| 330|0x0000000094a00000, 0x0000000094a00000, 0x0000000094b00000|  0%| F|  |TAMS 0x0000000094a00000, 0x0000000094a00000| Untracked 
| 331|0x0000000094b00000, 0x0000000094b00000, 0x0000000094c00000|  0%| F|  |TAMS 0x0000000094b00000, 0x0000000094b00000| Untracked 
| 332|0x0000000094c00000, 0x0000000094c00000, 0x0000000094d00000|  0%| F|  |TAMS 0x0000000094c00000, 0x0000000094c00000| Untracked 
| 333|0x0000000094d00000, 0x0000000094d00000, 0x0000000094e00000|  0%| F|  |TAMS 0x0000000094d00000, 0x0000000094d00000| Untracked 
| 334|0x0000000094e00000, 0x0000000094e00000, 0x0000000094f00000|  0%| F|  |TAMS 0x0000000094e00000, 0x0000000094e00000| Untracked 
| 335|0x0000000094f00000, 0x0000000094f00000, 0x0000000095000000|  0%| F|  |TAMS 0x0000000094f00000, 0x0000000094f00000| Untracked 
| 336|0x0000000095000000, 0x0000000095000000, 0x0000000095100000|  0%| F|  |TAMS 0x0000000095000000, 0x0000000095000000| Untracked 

Card table byte_map: [0x0000013a79fe0000,0x0000013a7a3e0000] _byte_map_base: 0x0000013a79be0000

Marking Bits (Prev, Next): (CMBitMap*) 0x0000013a6fbd1ae0, (CMBitMap*) 0x0000013a6fbd1b20
 Prev Bits: [0x0000013a7a7e0000, 0x0000013a7c7e0000)
 Next Bits: [0x0000013a7c7e0000, 0x0000013a7e7e0000)

Polling page: 0x0000013a6fc70000

Metaspace:

Usage:
  Non-class:     92.61 MB capacity,    91.72 MB (>99%) used,   758.27 KB ( <1%) free+waste,   149.06 KB ( <1%) overhead. 
      Class:     13.69 MB capacity,    13.30 MB ( 97%) used,   344.05 KB (  2%) free+waste,    56.88 KB ( <1%) overhead. 
       Both:    106.30 MB capacity,   105.02 MB ( 99%) used,     1.08 MB (  1%) free+waste,   205.94 KB ( <1%) overhead. 

Virtual space:
  Non-class space:       94.00 MB reserved,      92.67 MB ( 99%) committed 
      Class space:        1.00 GB reserved,      13.75 MB (  1%) committed 
             Both:        1.09 GB reserved,     106.42 MB ( 10%) committed 

Chunk freelists:
   Non-Class:  64.00 KB
       Class:  27.00 KB
        Both:  91.00 KB

MaxMetaspaceSize: 17179869184.00 GB
CompressedClassSpaceSize: 1.00 GB

CodeHeap 'non-profiled nmethods': size=120000Kb used=6282Kb max_used=6569Kb free=113717Kb
 bounds [0x0000013a07ad0000, 0x0000013a08150000, 0x0000013a0f000000]
CodeHeap 'profiled nmethods': size=120000Kb used=33831Kb max_used=33831Kb free=86168Kb
 bounds [0x0000013a005a0000, 0x0000013a026b0000, 0x0000013a07ad0000]
CodeHeap 'non-nmethods': size=5760Kb used=2459Kb max_used=2556Kb free=3300Kb
 bounds [0x0000013a00000000, 0x0000013a00290000, 0x0000013a005a0000]
 total_blobs=16379 nmethods=15419 adapters=870
 compilation: enabled
              stopped_count=0, restarted_count=0
 full_count=0

Compilation events (20 events):
Event: 36.609 Thread 0x0000013a7edef9f0 18410 %     3       com.android.tools.r8.internal.WR0::a @ 10 (101 bytes)
Event: 36.610 Thread 0x0000013a7edef9f0 nmethod 18410% 0x0000013a0269be90 code [0x0000013a0269c1c0, 0x0000013a0269de28]
Event: 36.610 Thread 0x0000013a7edef9f0 18406       2       com.android.tools.r8.graph.e2::a (23 bytes)
Event: 36.611 Thread 0x0000013a7edef9f0 nmethod 18406 0x0000013a0071be10 code [0x0000013a0071bfe0, 0x0000013a0071c318]
Event: 36.611 Thread 0x0000013a7edef9f0 18407       2       com.android.tools.r8.graph.e2$$Lambda$1260/0x00000008017b5758::<init> (20 bytes)
Event: 36.611 Thread 0x0000013a7edef9f0 nmethod 18407 0x0000013a0269e590 code [0x0000013a0269e720, 0x0000013a0269e938]
Event: 36.611 Thread 0x0000013a7edef9f0 18408       2       com.android.tools.r8.graph.e2$$Lambda$1260/0x00000008017b5758::accept (24 bytes)
Event: 36.611 Thread 0x0000013a7edef9f0 nmethod 18408 0x0000013a0269ea10 code [0x0000013a0269ebc0, 0x0000013a0269eda8]
Event: 36.611 Thread 0x0000013a7edef9f0 18409       2       com.android.tools.r8.graph.e2::a (27 bytes)
Event: 36.612 Thread 0x0000013a7edef9f0 nmethod 18409 0x0000013a0269ee90 code [0x0000013a0269f040, 0x0000013a0269f258]
Event: 36.612 Thread 0x0000013a7edef9f0 18412 %     3       com.android.tools.r8.internal.hI0::a @ 43 (234 bytes)
Event: 36.615 Thread 0x0000013a7edef9f0 nmethod 18412% 0x0000013a0269f390 code [0x0000013a0269f840, 0x0000013a026a2688]
Event: 36.615 Thread 0x0000013a7edef9f0 18413       3       com.android.tools.r8.internal.hI0::a (234 bytes)
Event: 36.618 Thread 0x0000013a7edef9f0 nmethod 18413 0x0000013a026a3410 code [0x0000013a026a38a0, 0x0000013a026a65e8]
Event: 36.619 Thread 0x0000013a7edef9f0 18415       3       com.android.tools.r8.graph.x1::f (293 bytes)
Event: 36.620 Thread 0x0000013a7edef9f0 nmethod 18415 0x0000013a026a7310 code [0x0000013a026a75c0, 0x0000013a026a83f8]
Event: 36.621 Thread 0x0000013a7edef9f0 18416 %     3       com.android.tools.r8.internal.AV0::e @ 12 (69 bytes)
Event: 36.621 Thread 0x0000013a7edef9f0 nmethod 18416% 0x0000013a026a8810 code [0x0000013a026a89e0, 0x0000013a026a8f08]
Event: 36.622 Thread 0x0000013a7edef9f0 18417       2       com.android.tools.r8.internal.XC0::a (172 bytes)
Event: 36.623 Thread 0x0000013a7edef9f0 nmethod 18417 0x0000013a026a9090 code [0x0000013a026a9300, 0x0000013a026a9908]

GC Heap History (20 events):
Event: 30.584 GC heap after
{Heap after GC invocations=50 (full 0):
 garbage-first heap   total 219136K, used 104554K [0x0000000080000000, 0x0000000100000000)
  region size 1024K, 6 young (6144K), 6 survivors (6144K)
 Metaspace       used 94021K, capacity 95246K, committed 95536K, reserved 1132544K
  class space    used 11785K, capacity 12121K, committed 12160K, reserved 1048576K
}
Event: 31.585 GC heap before
{Heap before GC invocations=51 (full 0):
 garbage-first heap   total 219136K, used 181354K [0x0000000080000000, 0x0000000100000000)
  region size 1024K, 80 young (81920K), 6 survivors (6144K)
 Metaspace       used 97450K, capacity 98687K, committed 98864K, reserved 1136640K
  class space    used 12238K, capacity 12596K, committed 12672K, reserved 1048576K
}
Event: 31.601 GC heap after
{Heap after GC invocations=52 (full 0):
 garbage-first heap   total 219136K, used 119203K [0x0000000080000000, 0x0000000100000000)
  region size 1024K, 10 young (10240K), 10 survivors (10240K)
 Metaspace       used 97450K, capacity 98687K, committed 98864K, reserved 1136640K
  class space    used 12238K, capacity 12596K, committed 12672K, reserved 1048576K
}
Event: 31.606 GC heap before
{Heap before GC invocations=52 (full 0):
 garbage-first heap   total 219136K, used 120227K [0x0000000080000000, 0x0000000100000000)
  region size 1024K, 11 young (11264K), 10 survivors (10240K)
 Metaspace       used 97451K, capacity 98687K, committed 98864K, reserved 1136640K
  class space    used 12238K, capacity 12596K, committed 12672K, reserved 1048576K
}
Event: 31.635 GC heap after
{Heap after GC invocations=53 (full 0):
 garbage-first heap   total 219136K, used 108512K [0x0000000080000000, 0x0000000100000000)
  region size 1024K, 1 young (1024K), 1 survivors (1024K)
 Metaspace       used 97451K, capacity 98687K, committed 98864K, reserved 1136640K
  class space    used 12238K, capacity 12596K, committed 12672K, reserved 1048576K
}
Event: 32.019 GC heap before
{Heap before GC invocations=53 (full 0):
 garbage-first heap   total 219136K, used 174048K [0x0000000080000000, 0x0000000100000000)
  region size 1024K, 65 young (66560K), 1 survivors (1024K)
 Metaspace       used 99486K, capacity 100719K, committed 100912K, reserved 1136640K
  class space    used 12519K, capacity 12889K, committed 12928K, reserved 1048576K
}
Event: 32.046 GC heap after
{Heap after GC invocations=54 (full 0):
 garbage-first heap   total 219136K, used 122880K [0x0000000080000000, 0x0000000100000000)
  region size 1024K, 9 young (9216K), 9 survivors (9216K)
 Metaspace       used 99486K, capacity 100719K, committed 100912K, reserved 1136640K
  class space    used 12519K, capacity 12889K, committed 12928K, reserved 1048576K
}
Event: 32.567 GC heap before
{Heap before GC invocations=55 (full 0):
 garbage-first heap   total 237568K, used 175104K [0x0000000080000000, 0x0000000100000000)
  region size 1024K, 60 young (61440K), 9 survivors (9216K)
 Metaspace       used 100759K, capacity 101996K, committed 102192K, reserved 1138688K
  class space    used 12724K, capacity 13080K, committed 13184K, reserved 1048576K
}
Event: 32.592 GC heap after
{Heap after GC invocations=56 (full 0):
 garbage-first heap   total 237568K, used 132096K [0x0000000080000000, 0x0000000100000000)
  region size 1024K, 8 young (8192K), 8 survivors (8192K)
 Metaspace       used 100759K, capacity 101996K, committed 102192K, reserved 1138688K
  class space    used 12724K, capacity 13080K, committed 13184K, reserved 1048576K
}
Event: 32.886 GC heap before
{Heap before GC invocations=56 (full 0):
 garbage-first heap   total 237568K, used 188416K [0x0000000080000000, 0x0000000100000000)
  region size 1024K, 63 young (64512K), 8 survivors (8192K)
 Metaspace       used 103055K, capacity 104283K, committed 104368K, reserved 1140736K
  class space    used 13140K, capacity 13501K, committed 13568K, reserved 1048576K
}
Event: 32.916 GC heap after
{Heap after GC invocations=57 (full 0):
 garbage-first heap   total 237568K, used 141775K [0x0000000080000000, 0x0000000100000000)
  region size 1024K, 8 young (8192K), 8 survivors (8192K)
 Metaspace       used 103055K, capacity 104283K, committed 104368K, reserved 1140736K
  class space    used 13140K, capacity 13501K, committed 13568K, reserved 1048576K
}
Event: 33.880 GC heap before
{Heap before GC invocations=58 (full 0):
 garbage-first heap   total 268288K, used 191951K [0x0000000080000000, 0x0000000100000000)
  region size 1024K, 57 young (58368K), 8 survivors (8192K)
 Metaspace       used 104764K, capacity 106040K, committed 106288K, reserved 1142784K
  class space    used 13309K, capacity 13660K, committed 13696K, reserved 1048576K
}
Event: 33.902 GC heap after
{Heap after GC invocations=59 (full 0):
 garbage-first heap   total 324608K, used 148693K [0x0000000080000000, 0x0000000100000000)
  region size 1024K, 6 young (6144K), 6 survivors (6144K)
 Metaspace       used 104764K, capacity 106040K, committed 106288K, reserved 1142784K
  class space    used 13309K, capacity 13660K, committed 13696K, reserved 1048576K
}
Event: 34.812 GC heap before
{Heap before GC invocations=59 (full 0):
 garbage-first heap   total 324608K, used 252117K [0x0000000080000000, 0x0000000100000000)
  region size 1024K, 108 young (110592K), 6 survivors (6144K)
 Metaspace       used 105601K, capacity 106845K, committed 106928K, reserved 1142784K
  class space    used 13387K, capacity 13757K, committed 13824K, reserved 1048576K
}
Event: 34.830 GC heap after
{Heap after GC invocations=60 (full 0):
 garbage-first heap   total 324608K, used 153610K [0x0000000080000000, 0x0000000100000000)
  region size 1024K, 11 young (11264K), 11 survivors (11264K)
 Metaspace       used 105601K, capacity 106845K, committed 106928K, reserved 1142784K
  class space    used 13387K, capacity 13757K, committed 13824K, reserved 1048576K
}
Event: 35.788 GC heap before
{Heap before GC invocations=60 (full 0):
 garbage-first heap   total 324608K, used 258058K [0x0000000080000000, 0x0000000100000000)
  region size 1024K, 113 young (115712K), 11 survivors (11264K)
 Metaspace       used 107403K, capacity 108728K, committed 108976K, reserved 1144832K
  class space    used 13618K, capacity 14022K, committed 14080K, reserved 1048576K
}
Event: 35.806 GC heap after
{Heap after GC invocations=61 (full 0):
 garbage-first heap   total 324608K, used 156567K [0x0000000080000000, 0x0000000100000000)
  region size 1024K, 8 young (8192K), 8 survivors (8192K)
 Metaspace       used 107403K, capacity 108728K, committed 108976K, reserved 1144832K
  class space    used 13618K, capacity 14022K, committed 14080K, reserved 1048576K
}
Event: 35.885 GC heap before
{Heap before GC invocations=61 (full 0):
 garbage-first heap   total 324608K, used 174999K [0x0000000080000000, 0x0000000100000000)
  region size 1024K, 27 young (27648K), 8 survivors (8192K)
 Metaspace       used 107468K, capacity 108792K, committed 108976K, reserved 1144832K
  class space    used 13618K, capacity 14022K, committed 14080K, reserved 1048576K
}
Event: 35.902 GC heap after
{Heap after GC invocations=62 (full 0):
 garbage-first heap   total 324608K, used 158615K [0x0000000080000000, 0x0000000100000000)
  region size 1024K, 10 young (10240K), 10 survivors (10240K)
 Metaspace       used 107468K, capacity 108792K, committed 108976K, reserved 1144832K
  class space    used 13618K, capacity 14022K, committed 14080K, reserved 1048576K
}
Event: 36.628 GC heap before
{Heap before GC invocations=63 (full 0):
 garbage-first heap   total 345088K, used 268183K [0x0000000080000000, 0x0000000100000000)
  region size 1024K, 116 young (118784K), 10 survivors (10240K)
 Metaspace       used 107544K, capacity 108853K, committed 108976K, reserved 1144832K
  class space    used 13620K, capacity 14021K, committed 14080K, reserved 1048576K
}

Deoptimization events (20 events):
Event: 36.604 Thread 0x0000013a13554540 DEOPT PACKING pc=0x0000013a02415dc1 sp=0x0000001d3f1f97f0
Event: 36.604 Thread 0x0000013a13554540 DEOPT UNPACKING pc=0x0000013a0004e23f sp=0x0000001d3f1f8c90 mode 0
Event: 36.610 Thread 0x0000013a1355b8c0 DEOPT PACKING pc=0x0000013a0265655f sp=0x0000001d3edfa2e0
Event: 36.610 Thread 0x0000013a1355b8c0 DEOPT UNPACKING pc=0x0000013a0004e23f sp=0x0000001d3edf9bc8 mode 0
Event: 36.612 Thread 0x0000013a13557560 DEOPT PACKING pc=0x0000013a01cc53c3 sp=0x0000001d401f9030
Event: 36.612 Thread 0x0000013a13557560 DEOPT UNPACKING pc=0x0000013a0004e23f sp=0x0000001d401f8558 mode 0
Event: 36.613 Thread 0x0000013a1355b8c0 DEOPT PACKING pc=0x0000013a01f1666c sp=0x0000001d3edfa200
Event: 36.613 Thread 0x0000013a1355b8c0 DEOPT UNPACKING pc=0x0000013a0004e23f sp=0x0000001d3edf9700 mode 0
Event: 36.617 Thread 0x0000013a13557560 DEOPT PACKING pc=0x0000013a02513587 sp=0x0000001d401f8de0
Event: 36.617 Thread 0x0000013a13557560 DEOPT UNPACKING pc=0x0000013a0004e23f sp=0x0000001d401f8598 mode 0
Event: 36.620 Thread 0x0000013a13554540 DEOPT PACKING pc=0x0000013a02190ed9 sp=0x0000001d3f1f9840
Event: 36.620 Thread 0x0000013a13554540 DEOPT UNPACKING pc=0x0000013a0004e23f sp=0x0000001d3f1f8dc0 mode 0
Event: 36.620 Thread 0x0000013a13557560 DEOPT PACKING pc=0x0000013a00a73384 sp=0x0000001d401f93a0
Event: 36.620 Thread 0x0000013a13557560 DEOPT UNPACKING pc=0x0000013a0004e23f sp=0x0000001d401f8840 mode 0
Event: 36.622 Thread 0x0000013a1355b8c0 DEOPT PACKING pc=0x0000013a026a81d0 sp=0x0000001d3edf9dc0
Event: 36.622 Thread 0x0000013a1355b8c0 DEOPT UNPACKING pc=0x0000013a0004e23f sp=0x0000001d3edf9280 mode 0
Event: 36.624 Thread 0x0000013a13557560 DEOPT PACKING pc=0x0000013a023606b1 sp=0x0000001d401f8e90
Event: 36.624 Thread 0x0000013a13557560 DEOPT UNPACKING pc=0x0000013a0004e23f sp=0x0000001d401f8338 mode 0
Event: 36.627 Thread 0x0000013a13557560 DEOPT PACKING pc=0x0000013a022524ba sp=0x0000001d401f8d20
Event: 36.627 Thread 0x0000013a13557560 DEOPT UNPACKING pc=0x0000013a0004e23f sp=0x0000001d401f8200 mode 0

Classes unloaded (11 events):
Event: 21.432 Thread 0x0000013a7edbdfa0 Unloading class 0x00000008014f5c40 'java/lang/invoke/LambdaForm$DMH+0x00000008014f5c40'
Event: 21.432 Thread 0x0000013a7edbdfa0 Unloading class 0x00000008014f5840 'java/lang/invoke/LambdaForm$DMH+0x00000008014f5840'
Event: 21.432 Thread 0x0000013a7edbdfa0 Unloading class 0x00000008014f6440 'java/lang/invoke/LambdaForm$DMH+0x00000008014f6440'
Event: 32.335 Thread 0x0000013a7edbdfa0 Unloading class 0x000000080172c440 'java/lang/invoke/LambdaForm$MH+0x000000080172c440'
Event: 32.335 Thread 0x0000013a7edbdfa0 Unloading class 0x000000080172c040 'java/lang/invoke/LambdaForm$DMH+0x000000080172c040'
Event: 32.335 Thread 0x0000013a7edbdfa0 Unloading class 0x000000080172d040 'java/lang/invoke/LambdaForm$DMH+0x000000080172d040'
Event: 32.335 Thread 0x0000013a7edbdfa0 Unloading class 0x000000080172dc40 'java/lang/invoke/LambdaForm$DMH+0x000000080172dc40'
Event: 33.268 Thread 0x0000013a7edbdfa0 Unloading class 0x000000080172b440 'java/lang/invoke/LambdaForm$DMH+0x000000080172b440'
Event: 33.268 Thread 0x0000013a7edbdfa0 Unloading class 0x000000080172b840 'java/lang/invoke/LambdaForm$DMH+0x000000080172b840'
Event: 36.312 Thread 0x0000013a7edbdfa0 Unloading class 0x000000080172a440 'java/lang/invoke/LambdaForm$DMH+0x000000080172a440'
Event: 36.312 Thread 0x0000013a7edbdfa0 Unloading class 0x000000080172dc40 'java/lang/invoke/LambdaForm$DMH+0x000000080172dc40'

Classes redefined (0 events):
No events

Internal exceptions (20 events):
Event: 31.841 Thread 0x0000013a1355b8c0 Exception <a 'java/lang/IncompatibleClassChangeError'{0x000000008b3c63e8}: Found class java.lang.Object, but interface was expected> (0x000000008b3c63e8) 
thrown [./open/src/hotspot/share/interpreter/linkResolver.cpp, line 848]
Event: 31.846 Thread 0x0000013a1355b8c0 Exception <a 'java/lang/IncompatibleClassChangeError'{0x000000008b270628}: Found class java.lang.Object, but interface was expected> (0x000000008b270628) 
thrown [./open/src/hotspot/share/interpreter/linkResolver.cpp, line 848]
Event: 31.847 Thread 0x0000013a1355b8c0 Exception <a 'java/lang/IncompatibleClassChangeError'{0x000000008b1e63c0}: Found class java.lang.Object, but interface was expected> (0x000000008b1e63c0) 
thrown [./open/src/hotspot/share/interpreter/linkResolver.cpp, line 848]
Event: 31.879 Thread 0x0000013a13554540 Exception <a 'java/lang/IncompatibleClassChangeError'{0x000000008ab16760}: Found class java.lang.Object, but interface was expected> (0x000000008ab16760) 
thrown [./open/src/hotspot/share/interpreter/linkResolver.cpp, line 848]
Event: 31.879 Thread 0x0000013a1355b8c0 Exception <a 'java/lang/IncompatibleClassChangeError'{0x000000008a9079e8}: Found class java.lang.Object, but interface was expected> (0x000000008a9079e8) 
thrown [./open/src/hotspot/share/interpreter/linkResolver.cpp, line 848]
Event: 31.882 Thread 0x0000013a13554540 Exception <a 'java/lang/NoSuchMethodError'{0x000000008a9985d8}: 'int java.lang.invoke.DirectMethodHandle$Holder.invokeVirtual(java.lang.Object, java.lang.Object, java.lang.Object)'> (0x000000008a9985d8) 
thrown [./open/src/hotspot/share/interpreter/linkResolver.cpp, line 782]
Event: 32.202 Thread 0x0000013a13554540 Implicit null exception at 0x0000013a08092cef to 0x0000013a08092fd8
Event: 32.434 Thread 0x0000013a13554540 Exception <a 'java/lang/NoSuchMethodError'{0x000000008e02ee50}: 'java.lang.Object java.lang.invoke.DirectMethodHandle$Holder.invokeStatic(java.lang.Object, int, java.lang.Object, java.lang.Object)'> (0x000000008e02ee50) 
thrown [./open/src/hotspot/share/interpreter/linkResolver.cpp, line 782]
Event: 32.693 Thread 0x0000013a1355b8c0 Exception <a 'java/lang/NoSuchMethodError'{0x000000008cef7e60}: 'java.lang.Object java.lang.invoke.DirectMethodHandle$Holder.invokeVirtual(java.lang.Object, java.lang.Object, int, java.lang.Object)'> (0x000000008cef7e60) 
thrown [./open/src/hotspot/share/interpreter/linkResolver.cpp, line 782]
Event: 32.734 Thread 0x0000013a1355b8c0 Exception <a 'java/lang/NoSuchMethodError'{0x000000008c3055a0}: 'void java.lang.invoke.DirectMethodHandle$Holder.invokeVirtual(java.lang.Object, java.lang.Object, int, java.lang.Object)'> (0x000000008c3055a0) 
thrown [./open/src/hotspot/share/interpreter/linkResolver.cpp, line 782]
Event: 32.800 Thread 0x0000013a13554540 Exception <a 'java/lang/NoSuchMethodError'{0x000000008bed7180}: 'int java.lang.invoke.DirectMethodHandle$Holder.invokeSpecial(java.lang.Object, java.lang.Object, java.lang.Object, int)'> (0x000000008bed7180) 
thrown [./open/src/hotspot/share/interpreter/linkResolver.cpp, line 782]
Event: 32.948 Thread 0x0000013a18edb1b0 Exception <a 'java/lang/NoSuchMethodError'{0x000000008e4f6be8}: 'int java.lang.invoke.DirectMethodHandle$Holder.invokeSpecialIFC(java.lang.Object, java.lang.Object, java.lang.Object)'> (0x000000008e4f6be8) 
thrown [./open/src/hotspot/share/interpreter/linkResolver.cpp, line 782]
Event: 35.240 Thread 0x0000013a1355b8c0 Exception <a 'java/lang/NoSuchMethodError'{0x000000009176d5d0}: 'java.lang.Object java.lang.invoke.Invokers$Holder.linkToTargetMethod(java.lang.Object, int, java.lang.Object, java.lang.Object, java.lang.Object, java.lang.Object)'> (0x000000009176d5d0) 
thrown [./open/src/hotspot/share/interpreter/linkResolver.cpp, line 782]
Event: 35.242 Thread 0x0000013a1355b8c0 Exception <a 'java/lang/NoSuchMethodError'{0x00000000916058a8}: 'java.lang.Object java.lang.invoke.Invokers$Holder.linkToTargetMethod(java.lang.Object, java.lang.Object, java.lang.Object, int, java.lang.Object, java.lang.Object, java.lang.Object)'> (0x00000000916058a8) 
thrown [./open/src/hotspot/share/interpreter/linkResolver.cpp, line 782]
Event: 35.245 Thread 0x0000013a1355b8c0 Exception <a 'java/lang/NoSuchMethodError'{0x000000009161ca68}: 'void java.lang.invoke.DirectMethodHandle$Holder.invokeStatic(java.lang.Object, java.lang.Object, java.lang.Object, java.lang.Object, java.lang.Object, java.lang.Object, java.lang.Object, java.lang.Object)'> (0x000000009161ca68) 
thrown [./open/src/hotspot/share/interpreter/linkResolver.cpp, line 782]
Event: 35.436 Thread 0x0000013a1355b8c0 Exception <a 'java/lang/IncompatibleClassChangeError'{0x0000000090310e88}: Found class java.lang.Object, but interface was expected> (0x0000000090310e88) 
thrown [./open/src/hotspot/share/interpreter/linkResolver.cpp, line 848]
Event: 35.538 Thread 0x0000013a1355b8c0 Exception <a 'java/lang/NoSuchMethodError'{0x000000008f8af3c8}: 'void java.lang.invoke.DirectMethodHandle$Holder.invokeVirtual(java.lang.Object, java.lang.Object, int)'> (0x000000008f8af3c8) 
thrown [./open/src/hotspot/share/interpreter/linkResolver.cpp, line 782]
Event: 35.600 Thread 0x0000013a1355b8c0 Exception <a 'sun/nio/fs/WindowsException'{0x000000008f0866e0}> (0x000000008f0866e0) 
thrown [./open/src/hotspot/share/prims/jni.cpp, line 578]
Event: 36.075 Thread 0x0000013a1355b8c0 Exception <a 'sun/nio/fs/WindowsException'{0x0000000091117ed0}> (0x0000000091117ed0) 
thrown [./open/src/hotspot/share/prims/jni.cpp, line 578]
Event: 36.217 Thread 0x0000013a13554540 Exception <a 'java/lang/NoSuchMethodError'{0x00000000909a41e0}: 'int java.lang.invoke.DirectMethodHandle$Holder.invokeInterface(java.lang.Object, java.lang.Object, int)'> (0x00000000909a41e0) 
thrown [./open/src/hotspot/share/interpreter/linkResolver.cpp, line 782]

Events (20 events):
Event: 35.595 Executing VM operation: HandshakeAllThreads done
Event: 35.622 Executing VM operation: HandshakeAllThreads
Event: 35.623 Executing VM operation: HandshakeAllThreads done
Event: 35.776 Executing VM operation: ICBufferFull
Event: 35.778 Executing VM operation: ICBufferFull done
Event: 35.788 Executing VM operation: G1CollectForAllocation
Event: 35.806 Executing VM operation: G1CollectForAllocation done
Event: 35.884 Executing VM operation: G1TryInitiateConcMark
Event: 35.903 Executing VM operation: G1TryInitiateConcMark done
Event: 36.307 Executing VM operation: G1Concurrent
Event: 36.362 Executing VM operation: G1Concurrent done
Event: 36.418 Executing VM operation: ICBufferFull
Event: 36.428 Executing VM operation: ICBufferFull done
Event: 36.466 Executing VM operation: ICBufferFull
Event: 36.468 Executing VM operation: ICBufferFull done
Event: 36.583 Executing VM operation: ICBufferFull
Event: 36.585 Executing VM operation: ICBufferFull done
Event: 36.590 Executing VM operation: G1Concurrent
Event: 36.593 Executing VM operation: G1Concurrent done
Event: 36.628 Executing VM operation: G1CollectForAllocation


Dynamic libraries:
0x00007ff6e1d10000 - 0x00007ff6e1d1f000 	C:\Program Files\Java\jdk-15.0.1\bin\java.exe
0x00007ff8b6330000 - 0x00007ff8b6525000 	C:\WINDOWS\SYSTEM32\ntdll.dll
0x00007ff8b49d0000 - 0x00007ff8b4a8e000 	C:\WINDOWS\System32\KERNEL32.DLL
0x00007ff8b3db0000 - 0x00007ff8b4078000 	C:\WINDOWS\System32\KERNELBASE.dll
0x00007ff8b3cb0000 - 0x00007ff8b3db0000 	C:\WINDOWS\System32\ucrtbase.dll
0x00007ff8a9100000 - 0x00007ff8a9118000 	C:\Program Files\Java\jdk-15.0.1\bin\jli.dll
0x00007ff8a8ee0000 - 0x00007ff8a8ef9000 	C:\Program Files\Java\jdk-15.0.1\bin\VCRUNTIME140.dll
0x00007ff8b4670000 - 0x00007ff8b471e000 	C:\WINDOWS\System32\ADVAPI32.dll
0x00007ff8b4da0000 - 0x00007ff8b4e3e000 	C:\WINDOWS\System32\msvcrt.dll
0x00007ff8b4bd0000 - 0x00007ff8b4c6c000 	C:\WINDOWS\System32\sechost.dll
0x00007ff8b4a90000 - 0x00007ff8b4bb5000 	C:\WINDOWS\System32\RPCRT4.dll
0x00007ff8b51a0000 - 0x00007ff8b5340000 	C:\WINDOWS\System32\USER32.dll
0x00007ff8993d0000 - 0x00007ff89966a000 	C:\WINDOWS\WinSxS\amd64_microsoft.windows.common-controls_6595b64144ccf1df_6.0.19041.1110_none_60b5254171f9507e\COMCTL32.dll
0x00007ff8b4200000 - 0x00007ff8b4222000 	C:\WINDOWS\System32\win32u.dll
0x00007ff8b4720000 - 0x00007ff8b474a000 	C:\WINDOWS\System32\GDI32.dll
0x00007ff8b4230000 - 0x00007ff8b433b000 	C:\WINDOWS\System32\gdi32full.dll
0x00007ff8b4130000 - 0x00007ff8b41cd000 	C:\WINDOWS\System32\msvcp_win.dll
0x00007ff8a9150000 - 0x00007ff8a915a000 	C:\WINDOWS\SYSTEM32\VERSION.dll
0x00007ff8b4390000 - 0x00007ff8b43c0000 	C:\WINDOWS\System32\IMM32.DLL
0x00007ff8aab70000 - 0x00007ff8aab7c000 	C:\Program Files\Java\jdk-15.0.1\bin\vcruntime140_1.dll
0x00007ff881d20000 - 0x00007ff881db1000 	C:\Program Files\Java\jdk-15.0.1\bin\msvcp140.dll
0x00007ff865d20000 - 0x00007ff86687e000 	C:\Program Files\Java\jdk-15.0.1\bin\server\jvm.dll
0x00007ff8b4470000 - 0x00007ff8b4478000 	C:\WINDOWS\System32\PSAPI.DLL
0x00007ff8985e0000 - 0x00007ff898607000 	C:\WINDOWS\SYSTEM32\WINMM.dll
0x00007ff8872d0000 - 0x00007ff8872d9000 	C:\WINDOWS\SYSTEM32\WSOCK32.dll
0x00007ff8b4900000 - 0x00007ff8b496b000 	C:\WINDOWS\System32\WS2_32.dll
0x00007ff8b2300000 - 0x00007ff8b2312000 	C:\WINDOWS\SYSTEM32\kernel.appcore.dll
0x00007ff8aab40000 - 0x00007ff8aab4a000 	C:\Program Files\Java\jdk-15.0.1\bin\jimage.dll
0x00007ff8b0af0000 - 0x00007ff8b0cd4000 	C:\WINDOWS\SYSTEM32\DBGHELP.DLL
0x00007ff898290000 - 0x00007ff8982bc000 	C:\WINDOWS\SYSTEM32\dbgcore.DLL
0x00007ff8b3a50000 - 0x00007ff8b3ad2000 	C:\WINDOWS\System32\bcryptPrimitives.dll
0x00007ff8a8c50000 - 0x00007ff8a8c75000 	C:\Program Files\Java\jdk-15.0.1\bin\java.dll
0x00007ff8b5a30000 - 0x00007ff8b6174000 	C:\WINDOWS\System32\SHELL32.dll
0x00007ff8b1b00000 - 0x00007ff8b2294000 	C:\WINDOWS\SYSTEM32\windows.storage.dll
0x00007ff8b4e40000 - 0x00007ff8b5194000 	C:\WINDOWS\System32\combase.dll
0x00007ff8b33f0000 - 0x00007ff8b341c000 	C:\WINDOWS\SYSTEM32\Wldp.dll
0x00007ff8b5340000 - 0x00007ff8b53ed000 	C:\WINDOWS\System32\SHCORE.dll
0x00007ff8b4610000 - 0x00007ff8b4665000 	C:\WINDOWS\System32\shlwapi.dll
0x00007ff8b3990000 - 0x00007ff8b39af000 	C:\WINDOWS\SYSTEM32\profapi.dll
0x00007ff8a8e50000 - 0x00007ff8a8e69000 	C:\Program Files\Java\jdk-15.0.1\bin\net.dll
0x00007ff8a8090000 - 0x00007ff8a819a000 	C:\WINDOWS\SYSTEM32\WINHTTP.dll
0x00007ff8b3150000 - 0x00007ff8b31ba000 	C:\WINDOWS\system32\mswsock.dll
0x00007ff8a8c30000 - 0x00007ff8a8c42000 	C:\Program Files\Java\jdk-15.0.1\bin\nio.dll
0x00007ff8a0b60000 - 0x00007ff8a0b78000 	C:\Program Files\Java\jdk-15.0.1\bin\zip.dll
0x00007ff8a90c0000 - 0x00007ff8a90d0000 	C:\Program Files\Java\jdk-15.0.1\bin\verify.dll
0x00007ff8a0aa0000 - 0x00007ff8a0ac7000 	C:\Users\aqibn\.gradle\native\e1d6ef7f7dcc3fd88c89a11ec53ec762bb8ba0a96d01ffa2cd45eb1d1d8dd5c5\windows-amd64\native-platform.dll
0x00007ff87e830000 - 0x00007ff87e974000 	C:\Users\aqibn\.gradle\native\5664cfc778a61ccfe75a443a1ab52a65af34e5dc3c78e0209fed803814484fcb\windows-amd64\native-platform-file-events.dll
0x00007ff8a8cb0000 - 0x00007ff8a8cb9000 	C:\Program Files\Java\jdk-15.0.1\bin\management.dll
0x00007ff8a0a90000 - 0x00007ff8a0a9b000 	C:\Program Files\Java\jdk-15.0.1\bin\management_ext.dll
0x00007ff8b3350000 - 0x00007ff8b3368000 	C:\WINDOWS\SYSTEM32\CRYPTSP.dll
0x00007ff8b2ad0000 - 0x00007ff8b2b04000 	C:\WINDOWS\system32\rsaenh.dll
0x00007ff8b41d0000 - 0x00007ff8b41f7000 	C:\WINDOWS\System32\bcrypt.dll
0x00007ff8b3910000 - 0x00007ff8b393e000 	C:\WINDOWS\SYSTEM32\USERENV.dll
0x00007ff8b3340000 - 0x00007ff8b334c000 	C:\WINDOWS\SYSTEM32\CRYPTBASE.dll
0x00007ff8b2e40000 - 0x00007ff8b2e7b000 	C:\WINDOWS\SYSTEM32\IPHLPAPI.DLL
0x00007ff8b4d90000 - 0x00007ff8b4d98000 	C:\WINDOWS\System32\NSI.dll
0x00007ff8a6c00000 - 0x00007ff8a6c17000 	C:\WINDOWS\SYSTEM32\dhcpcsvc6.DLL
0x00007ff8a7690000 - 0x00007ff8a76ad000 	C:\WINDOWS\SYSTEM32\dhcpcsvc.DLL
0x00007ff8b2e80000 - 0x00007ff8b2f4b000 	C:\WINDOWS\SYSTEM32\DNSAPI.dll
0x00007ff8b27a0000 - 0x00007ff8b27d3000 	C:\WINDOWS\SYSTEM32\ntmarta.dll

dbghelp: loaded successfully - version: 4.0.5 - missing functions: none
symbol engine: initialized successfully - sym options: 0x614 - pdb path: .;C:\Program Files\Java\jdk-15.0.1\bin;C:\WINDOWS\SYSTEM32;C:\WINDOWS\WinSxS\amd64_microsoft.windows.common-controls_6595b64144ccf1df_6.0.19041.1110_none_60b5254171f9507e;C:\Program Files\Java\jdk-15.0.1\bin\server;C:\Users\aqibn\.gradle\native\e1d6ef7f7dcc3fd88c89a11ec53ec762bb8ba0a96d01ffa2cd45eb1d1d8dd5c5\windows-amd64;C:\Users\aqibn\.gradle\native\5664cfc778a61ccfe75a443a1ab52a65af34e5dc3c78e0209fed803814484fcb\windows-amd64

VM Arguments:
jvm_args: --add-opens=java.base/java.util=ALL-UNNAMED --add-opens=java.base/java.lang=ALL-UNNAMED --add-opens=java.base/java.lang.invoke=ALL-UNNAMED --add-opens=java.base/java.util=ALL-UNNAMED --add-opens=java.prefs/java.util.prefs=ALL-UNNAMED --add-opens=java.prefs/java.util.prefs=ALL-UNNAMED --add-opens=java.base/java.nio.charset=ALL-UNNAMED --add-opens=java.base/java.net=ALL-UNNAMED --add-opens=java.base/java.util.concurrent.atomic=ALL-UNNAMED -Xmx2048m -Dfile.encoding=UTF-8 -Duser.country=US -Duser.language=en -Duser.variant 
java_command: org.gradle.launcher.daemon.bootstrap.GradleDaemon 7.2
java_class_path (initial): C:\Users\aqibn\.gradle\wrapper\dists\gradle-7.2-bin\2dnblmf4td7x66yl1d74lt32g\gradle-7.2\lib\gradle-launcher-7.2.jar
Launcher Type: SUN_STANDARD

[Global flags]
     intx CICompilerCount                          = 3                                         {product} {ergonomic}
     uint ConcGCThreads                            = 1                                         {product} {ergonomic}
     uint G1ConcRefinementThreads                  = 4                                         {product} {ergonomic}
   size_t G1HeapRegionSize                         = 1048576                                   {product} {ergonomic}
    uintx GCDrainStackTargetSize                   = 64                                        {product} {ergonomic}
   size_t InitialHeapSize                          = 67108864                                  {product} {ergonomic}
   size_t MarkStackSize                            = 4194304                                   {product} {ergonomic}
   size_t MaxHeapSize                              = 2147483648                                {product} {command line}
   size_t MaxNewSize                               = 1287651328                                {product} {ergonomic}
   size_t MinHeapDeltaBytes                        = 1048576                                   {product} {ergonomic}
   size_t MinHeapSize                              = 8388608                                   {product} {ergonomic}
    uintx NonNMethodCodeHeapSize                   = 5832780                                {pd product} {ergonomic}
    uintx NonProfiledCodeHeapSize                  = 122912730                              {pd product} {ergonomic}
    uintx ProfiledCodeHeapSize                     = 122912730                              {pd product} {ergonomic}
    uintx ReservedCodeCacheSize                    = 251658240                              {pd product} {ergonomic}
     bool SegmentedCodeCache                       = true                                      {product} {ergonomic}
   size_t SoftMaxHeapSize                          = 2147483648                             {manageable} {ergonomic}
     bool UseCompressedClassPointers               = true                                 {lp64_product} {ergonomic}
     bool UseCompressedOops                        = true                                 {lp64_product} {ergonomic}
     bool UseG1GC                                  = true                                      {product} {ergonomic}
     bool UseLargePagesIndividualAllocation        = false                                  {pd product} {ergonomic}

Logging:
Log output configuration:
 #0: stdout all=warning uptime,level,tags
 #1: stderr all=off uptime,level,tags

Environment Variables:
JAVA_HOME=C:\Program Files\Java\jdk-15.0.1\bin
PATH=C:\Program Files\Common Files\Oracle\Java\javapath;C:\WINDOWS\system32;C:\WINDOWS;C:\WINDOWS\System32\Wbem;C:\WINDOWS\System32\WindowsPowerShell\v1.0\;C:\WINDOWS\System32\OpenSSH\;C:\Program Files\Git\cmd;C:\Program Files (x86)\Intel\Intel(R) Management Engine Components\DAL;C:\Program Files\Intel\Intel(R) Management Engine Components\DAL;C:\Program Files\dotnet\;C:\Program Files (x86)\Windows Kits\10\Windows Performance Toolkit\;C:\Users\aqibn\AppData\Local\Microsoft\WindowsApps;C:\Users\aqibn\AppData\Local\Programs\Microsoft VS Code\bin;C:\Users\aqibn\AppData\Local\GitHubDesktop\bin;C:\Users\aqibn\.dotnet\tools
USERNAME=aqibn
OS=Windows_NT
PROCESSOR_IDENTIFIER=Intel64 Family 6 Model 78 Stepping 3, GenuineIntel



---------------  S Y S T E M  ---------------

OS:
 Windows 10 , 64 bit Build 19041 (10.0.19041.1645)
OS uptime: 1 days 13:34 hours

CPU: total 4 (initial active 4) (2 cores per cpu, 2 threads per core) family 6 model 78 stepping 3 microcode 0xcc, cmov, cx8, fxsr, mmx, sse, sse2, sse3, ssse3, sse4.1, sse4.2, popcnt, vzeroupper, avx, avx2, aes, clmul, erms, rtm, 3dnowpref, lzcnt, ht, tsc, tscinvbit, bmi1, bmi2, adx, fma, clflush, clflushopt

Memory: 4k page, system-wide physical 3976M (241M free)
TotalPageFile size 8072M (AvailPageFile size 65M)
current process WorkingSet (physical memory assigned to process): 630M, peak: 630M
current process commit charge ("private bytes"): 751M, peak: 817M

vm_info: Java HotSpot(TM) 64-Bit Server VM (15.0.1+9-18) for windows-amd64 JRE (15.0.1+9-18), built on Sep 15 2020 14:43:54 by "mach5one" with unknown MS VC++:1925

END.
